<?xml version="1.0" encoding="UTF-8"?>
<testsuites name="demo" time="882.168" tests="2" failures="1" errors="0">
   <testsuite name="demo" tests="2" failures="1" errors="0" time="882.168" skipped="0" timestamp="31-03-2025T14:25:49" hostname="**********" id="Test Suites/demo">
      <properties>
         <property name="deviceName" value="emulator-5554 (sdk_gphone64_arm64 - Android 16)"/>
         <property name="devicePlatform" value="Android"/>
         <property name="logFolder" value="/Users/gv.vignesh/Downloads/WGR-Android-Automation/Reports/20250331_142544/demo/20250331_142544"/>
         <property name="logFiles" value="/Users/gv.vignesh/Downloads/WGR-Android-Automation/Reports/20250331_142544/demo/20250331_142544/execution0.log, /Users/gv.vignesh/Downloads/WGR-Android-Automation/Reports/20250331_142544/demo/20250331_142544/appium_error.log, /Users/gv.vignesh/Downloads/WGR-Android-Automation/Reports/20250331_142544/demo/20250331_142544/appium.log"/>
         <property name="attachments" value="/Users/gv.vignesh/Downloads/WGR-Android-Automation/Reports/20250331_142544/demo/20250331_142544/1743411882704.png, /Users/gv.vignesh/Downloads/WGR-Android-Automation/Reports/20250331_142544/demo/20250331_142544/1743411883155.png, /Users/gv.vignesh/Downloads/WGR-Android-Automation/Reports/20250331_142544/demo/20250331_142544/1743411962081.png, /Users/gv.vignesh/Downloads/WGR-Android-Automation/Reports/20250331_142544/demo/20250331_142544/1743411962838.png, /Users/gv.vignesh/Downloads/WGR-Android-Automation/Reports/20250331_142544/demo/20250331_142544/1743412230631.png, /Users/gv.vignesh/Downloads/WGR-Android-Automation/Reports/20250331_142544/demo/20250331_142544/1743412231016.png"/>
         <property name="hostName" value="**********"/>
         <property name="os" value="Mac OS X 64bit"/>
         <property name="appiumServerStatus" value="{&quot;value&quot;:{&quot;ready&quot;:true,&quot;message&quot;:&quot;The server is ready to accept new connections&quot;,&quot;build&quot;:{&quot;version&quot;:&quot;2.16.0&quot;,&quot;git-sha&quot;:&quot;f1041842141f20bc701b522d4371d7843d905580&quot;,&quot;built&quot;:&quot;2025-03-24 02:42:00 +0000&quot;}}}"/>
         <property name="katalonVersion" value="10.1.1.0"/>
         <property name="deviceOS" value="Android"/>
         <property name="appiumVersion" value="2.16.0"/>
         <property name="deviceModel" value="sdk_gphone64_arm64"/>
         <property name="hostAddress" value="**********"/>
         <property name="deviceManufacturer" value="Google"/>
         <property name="deviceId" value="emulator-5554"/>
         <property name="deviceName" value="emulator-5554 (sdk_gphone64_arm64 - Android 16)"/>
         <property name="deviceOSVersion" value="16"/>
      </properties>
      <testcase name="Test Cases/Sign Up New UserPage/C699_SignUpNewUserPage - Copy" time="310.233" classname="Test Cases/Sign Up New UserPage/C699_SignUpNewUserPage - Copy" status="PASSED">
         <system-out><![CDATA[31-03-2025T14:25:49 - [TEST_CASE][PASSED] - Test Cases/Sign Up New UserPage/C699_SignUpNewUserPage - Copy: Test Cases/Sign Up New UserPage/C699_SignUpNewUserPage - Copy

31-03-2025T14:25:49 - [TEST_STEP][PASSED] - testData = findTestData("Data Files/LogiNewUser"): null

31-03-2025T14:25:49 - [TEST_STEP][PASSED] - email = testData.getValue("email", 1): null

31-03-2025T14:25:49 - [TEST_STEP][PASSED] - firstName = testData.getValue("firstname", 1): null

31-03-2025T14:25:49 - [TEST_STEP][PASSED] - lastName = testData.getValue("lastname", 1): null

31-03-2025T14:25:49 - [TEST_STEP][PASSED] - password = testData.getValue("password", 1): null

31-03-2025T14:25:49 - [TEST_STEP][PASSED] - confirmPassword = testData.getValue("confirm password", 1): null

31-03-2025T14:25:49 - [TEST_STEP][PASSED] - startApplication(appUrl, true): Started application: '/Users/gv.vignesh/Downloads/WGR-Android-Automation/App Folder/universal.apk'

31-03-2025T14:25:49 - [MESSAGE][INFO] - Starting application: '/Users/gv.vignesh/Downloads/WGR-Android-Automation/App Folder/universal.apk'

31-03-2025T14:25:49 - [MESSAGE][INFO] - User set preference: ['deviceId', '']

31-03-2025T14:25:49 - [MESSAGE][INFO] - Detected NodeJS location: "/opt/homebrew/Cellar/node/23.10.0_1/bin/node"

31-03-2025T14:25:49 - [MESSAGE][INFO] - PATH: /opt/homebrew/Cellar/node/23.10.0_1/bin:/opt/homebrew/bin:/usr/bin:/bin:/usr/sbin:/sbin:/Applications/Katalon Studio Enterprise.app/Contents/Eclipse/jre/Contents/Home/bin:/usr/local/bin/

31-03-2025T14:25:49 - [MESSAGE][INFO] - APPIUM_HOME: /Users/gv.vignesh/.appium

31-03-2025T14:25:49 - [MESSAGE][INFO] - appium outlog: /Users/gv.vignesh/Downloads/WGR-Android-Automation/Reports/20250331_142544/demo/20250331_142544/appium.log

31-03-2025T14:25:49 - [MESSAGE][INFO] - appium errlog: /Users/gv.vignesh/Downloads/WGR-Android-Automation/Reports/20250331_142544/demo/20250331_142544/appium_error.log

31-03-2025T14:25:50 - [MESSAGE][INFO] - Appium server started on port 51,780

31-03-2025T14:25:58 - [MESSAGE][PASSED] - Started application: '/Users/gv.vignesh/Downloads/WGR-Android-Automation/App Folder/universal.apk'

31-03-2025T14:25:58 - [TEST_STEP][PASSED] - delay(10): Delayed 10 second(s)

31-03-2025T14:26:08 - [MESSAGE][PASSED] - Delayed 10 second(s)

31-03-2025T14:26:08 - [TEST_STEP][PASSED] - tap(findTestObject("Object Repository/Repo/android.widget.Button - Login or Sign Up"), 0): Tapped on element 'Object Repository/Repo/android.widget.Button - Login or Sign Up'

31-03-2025T14:26:08 - [MESSAGE][WARNING] - Timeout '0' is invalid. Using default page load timeout: '30'

31-03-2025T14:26:09 - [MESSAGE][PASSED] - Tapped on element 'Object Repository/Repo/android.widget.Button - Login or Sign Up'

31-03-2025T14:26:09 - [TEST_STEP][PASSED] - delay(10): Delayed 10 second(s)

31-03-2025T14:26:19 - [MESSAGE][PASSED] - Delayed 10 second(s)

31-03-2025T14:26:19 - [TEST_STEP][PASSED] - setText(findTestObject("Object Repository/Repo/android.widget.EditText-LoginorSignUp"), email, 0): Text 'smith611@yopmail.com' has been set to element 'Object Repository/Repo/android.widget.EditText-LoginorSignUp'

31-03-2025T14:26:19 - [MESSAGE][WARNING] - Timeout '0' is invalid. Using default page load timeout: '30'

31-03-2025T14:26:19 - [MESSAGE][PASSED] - Text 'smith611@yopmail.com' has been set to element 'Object Repository/Repo/android.widget.EditText-LoginorSignUp'

31-03-2025T14:26:19 - [TEST_STEP][PASSED] - hideKeyboard(): Keyboard is hidden

31-03-2025T14:26:21 - [MESSAGE][PASSED] - Keyboard is hidden

31-03-2025T14:26:21 - [TEST_STEP][PASSED] - delay(10): Delayed 10 second(s)

31-03-2025T14:26:31 - [MESSAGE][PASSED] - Delayed 10 second(s)

31-03-2025T14:26:31 - [TEST_STEP][PASSED] - tap(findTestObject("Object Repository/Repo/android.widget.Button - Next"), 0): Tapped on element 'Object Repository/Repo/android.widget.Button - Next'

31-03-2025T14:26:31 - [MESSAGE][WARNING] - Timeout '0' is invalid. Using default page load timeout: '30'

31-03-2025T14:26:32 - [MESSAGE][PASSED] - Tapped on element 'Object Repository/Repo/android.widget.Button - Next'

31-03-2025T14:26:32 - [TEST_STEP][PASSED] - delay(10): Delayed 10 second(s)

31-03-2025T14:26:42 - [MESSAGE][PASSED] - Delayed 10 second(s)

31-03-2025T14:26:42 - [TEST_STEP][PASSED] - setText(findTestObject("Object Repository/Repo/android.widget.EditText-confirm email address"), email, 0): Text 'smith611@yopmail.com' has been set to element 'Object Repository/Repo/android.widget.EditText-confirm email address'

31-03-2025T14:26:42 - [MESSAGE][WARNING] - Timeout '0' is invalid. Using default page load timeout: '30'

31-03-2025T14:26:42 - [MESSAGE][PASSED] - Text 'smith611@yopmail.com' has been set to element 'Object Repository/Repo/android.widget.EditText-confirm email address'

31-03-2025T14:26:42 - [TEST_STEP][PASSED] - hideKeyboard(): Keyboard is hidden

31-03-2025T14:26:44 - [MESSAGE][PASSED] - Keyboard is hidden

31-03-2025T14:26:44 - [TEST_STEP][PASSED] - delay(10): Delayed 10 second(s)

31-03-2025T14:26:54 - [MESSAGE][PASSED] - Delayed 10 second(s)

31-03-2025T14:26:54 - [TEST_STEP][PASSED] - tap(findTestObject("Object Repository/Repo/android.widget.Button - Next (1)"), 0): Tapped on element 'Object Repository/Repo/android.widget.Button - Next (1)'

31-03-2025T14:26:54 - [MESSAGE][WARNING] - Timeout '0' is invalid. Using default page load timeout: '30'

31-03-2025T14:26:54 - [MESSAGE][PASSED] - Tapped on element 'Object Repository/Repo/android.widget.Button - Next (1)'

31-03-2025T14:26:54 - [TEST_STEP][PASSED] - delay(10): Delayed 10 second(s)

31-03-2025T14:27:04 - [MESSAGE][PASSED] - Delayed 10 second(s)

31-03-2025T14:27:04 - [TEST_STEP][PASSED] - setText(findTestObject("Object Repository/Repo/android.widget.EditText-FirstName"), firstName, 0): Text 'steve' has been set to element 'Object Repository/Repo/android.widget.EditText-FirstName'

31-03-2025T14:27:04 - [MESSAGE][WARNING] - Timeout '0' is invalid. Using default page load timeout: '30'

31-03-2025T14:27:04 - [MESSAGE][PASSED] - Text 'steve' has been set to element 'Object Repository/Repo/android.widget.EditText-FirstName'

31-03-2025T14:27:04 - [TEST_STEP][PASSED] - hideKeyboard(): Keyboard is hidden

31-03-2025T14:27:07 - [MESSAGE][PASSED] - Keyboard is hidden

31-03-2025T14:27:07 - [TEST_STEP][PASSED] - delay(10): Delayed 10 second(s)

31-03-2025T14:27:17 - [MESSAGE][PASSED] - Delayed 10 second(s)

31-03-2025T14:27:17 - [TEST_STEP][PASSED] - setText(findTestObject("Object Repository/Repo/android.widget.EditText-LastName"), lastName, 0): Text 'smith' has been set to element 'Object Repository/Repo/android.widget.EditText-LastName'

31-03-2025T14:27:17 - [MESSAGE][WARNING] - Timeout '0' is invalid. Using default page load timeout: '30'

31-03-2025T14:27:17 - [MESSAGE][PASSED] - Text 'smith' has been set to element 'Object Repository/Repo/android.widget.EditText-LastName'

31-03-2025T14:27:17 - [TEST_STEP][PASSED] - hideKeyboard(): Keyboard is hidden

31-03-2025T14:27:19 - [MESSAGE][PASSED] - Keyboard is hidden

31-03-2025T14:27:19 - [TEST_STEP][PASSED] - delay(10): Delayed 10 second(s)

31-03-2025T14:27:29 - [MESSAGE][PASSED] - Delayed 10 second(s)

31-03-2025T14:27:29 - [TEST_STEP][PASSED] - sendKeys(findTestObject("Object Repository/Repo/android.widget.EditText-Password"), password): Send keys 'password' on test object 'Object Repository/Repo/android.widget.EditText-Password' successfully.

31-03-2025T14:27:29 - [MESSAGE][PASSED] - Send keys 'password' on test object 'Object Repository/Repo/android.widget.EditText-Password' successfully.

31-03-2025T14:27:29 - [TEST_STEP][PASSED] - delay(10): Delayed 10 second(s)

31-03-2025T14:27:39 - [MESSAGE][PASSED] - Delayed 10 second(s)

31-03-2025T14:27:39 - [TEST_STEP][PASSED] - sendKeys(findTestObject("Object Repository/Repo/android.widget.EditText-Confirm Password"), confirmPassword): Send keys 'password' on test object 'Object Repository/Repo/android.widget.EditText-Confirm Password' successfully.

31-03-2025T14:27:39 - [MESSAGE][PASSED] - Send keys 'password' on test object 'Object Repository/Repo/android.widget.EditText-Confirm Password' successfully.

31-03-2025T14:27:39 - [TEST_STEP][PASSED] - delay(10): Delayed 10 second(s)

31-03-2025T14:27:49 - [MESSAGE][PASSED] - Delayed 10 second(s)

31-03-2025T14:27:49 - [TEST_STEP][PASSED] - tap(findTestObject("Object Repository/Repo/android.widget.Button - Next (2)"), 0): Tapped on element 'Object Repository/Repo/android.widget.Button - Next (2)'

31-03-2025T14:27:50 - [MESSAGE][WARNING] - Timeout '0' is invalid. Using default page load timeout: '30'

31-03-2025T14:27:50 - [MESSAGE][PASSED] - Tapped on element 'Object Repository/Repo/android.widget.Button - Next (2)'

31-03-2025T14:27:50 - [TEST_STEP][PASSED] - delay(20): Delayed 20 second(s)

31-03-2025T14:28:10 - [MESSAGE][PASSED] - Delayed 20 second(s)

31-03-2025T14:28:10 - [TEST_STEP][PASSED] - scrollToText("etc)."): Scrolling to text 'etc).' successfully

31-03-2025T14:28:10 - [MESSAGE][PASSED] - Scrolling to text 'etc).' successfully

31-03-2025T14:28:10 - [TEST_STEP][PASSED] - delay(5): Delayed 5 second(s)

31-03-2025T14:28:15 - [MESSAGE][PASSED] - Delayed 5 second(s)

31-03-2025T14:28:15 - [TEST_STEP][PASSED] - tap(findTestObject("Object Repository/Repo/android.widget.Button - Agree to Terms  Conditions"), 0): Tapped on element 'Object Repository/Repo/android.widget.Button - Agree to Terms  Conditions'

31-03-2025T14:28:15 - [MESSAGE][WARNING] - Timeout '0' is invalid. Using default page load timeout: '30'

31-03-2025T14:28:16 - [MESSAGE][PASSED] - Tapped on element 'Object Repository/Repo/android.widget.Button - Agree to Terms  Conditions'

31-03-2025T14:28:16 - [TEST_STEP][PASSED] - delay(30): Delayed 30 second(s)

31-03-2025T14:28:46 - [MESSAGE][PASSED] - Delayed 30 second(s)

31-03-2025T14:28:46 - [TEST_STEP][PASSED] - setText(findTestObject("Object Repository/Repo/android.widget.EditText-OAM(Login)"), email, 0): Text 'smith611@yopmail.com' has been set to element 'Object Repository/Repo/android.widget.EditText-OAM(Login)'

31-03-2025T14:28:46 - [MESSAGE][WARNING] - Timeout '0' is invalid. Using default page load timeout: '30'

31-03-2025T14:28:46 - [MESSAGE][PASSED] - Text 'smith611@yopmail.com' has been set to element 'Object Repository/Repo/android.widget.EditText-OAM(Login)'

31-03-2025T14:28:46 - [TEST_STEP][PASSED] - hideKeyboard(): Keyboard is hidden

31-03-2025T14:28:46 - [MESSAGE][PASSED] - Keyboard is hidden

31-03-2025T14:28:46 - [TEST_STEP][PASSED] - delay(30): Delayed 30 second(s)

31-03-2025T14:29:16 - [MESSAGE][PASSED] - Delayed 30 second(s)

31-03-2025T14:29:16 - [TEST_STEP][PASSED] - setText(findTestObject("Object Repository/Repo/android.widget.EditText-OAM(Password)"), password, 0): Text 'password' has been set to element 'Object Repository/Repo/android.widget.EditText-OAM(Password)'

31-03-2025T14:29:16 - [MESSAGE][WARNING] - Timeout '0' is invalid. Using default page load timeout: '30'

31-03-2025T14:29:16 - [MESSAGE][PASSED] - Text 'password' has been set to element 'Object Repository/Repo/android.widget.EditText-OAM(Password)'

31-03-2025T14:29:16 - [TEST_STEP][PASSED] - hideKeyboard(): Keyboard is hidden

31-03-2025T14:29:17 - [MESSAGE][PASSED] - Keyboard is hidden

31-03-2025T14:29:17 - [TEST_STEP][PASSED] - delay(30): Delayed 30 second(s)

31-03-2025T14:29:47 - [MESSAGE][PASSED] - Delayed 30 second(s)

31-03-2025T14:29:47 - [TEST_STEP][PASSED] - tap(findTestObject("Object Repository/Repo/android.widget.Button -OAM(Login)"), 0): Tapped on element 'Object Repository/Repo/android.widget.Button -OAM(Login)'

31-03-2025T14:29:47 - [MESSAGE][WARNING] - Timeout '0' is invalid. Using default page load timeout: '30'

31-03-2025T14:29:47 - [MESSAGE][PASSED] - Tapped on element 'Object Repository/Repo/android.widget.Button -OAM(Login)'

31-03-2025T14:29:47 - [TEST_STEP][PASSED] - delay(20): Delayed 20 second(s)

31-03-2025T14:30:07 - [MESSAGE][PASSED] - Delayed 20 second(s)

31-03-2025T14:30:07 - [TEST_STEP][PASSED] - tap(findTestObject("Object Repository/Repo/android.widget.Button - Next-(VerifyAccount)"), 0): Tapped on element 'Object Repository/Repo/android.widget.Button - Next-(VerifyAccount)'

31-03-2025T14:30:07 - [MESSAGE][WARNING] - Timeout '0' is invalid. Using default page load timeout: '30'

31-03-2025T14:30:07 - [MESSAGE][PASSED] - Tapped on element 'Object Repository/Repo/android.widget.Button - Next-(VerifyAccount)'

31-03-2025T14:30:07 - [TEST_STEP][PASSED] - delay(10): Delayed 10 second(s)

31-03-2025T14:30:17 - [MESSAGE][PASSED] - Delayed 10 second(s)

31-03-2025T14:30:17 - [TEST_STEP][PASSED] - verifyElementExist(findTestObject("Object Repository/Repo/android.widget.TextView - Youve chosen to skip the email verification process. While you can explore the app as a guest, please note that certain features and functionalities may be limited"), 0): Element 'Object Repository/Repo/android.widget.TextView - Youve chosen to skip the email verification process. While you can explore the app as a guest, please note that certain features and functionalities may be limited' is exist

31-03-2025T14:30:17 - [MESSAGE][WARNING] - Timeout '0' is invalid. Using default page load timeout: '30'

31-03-2025T14:30:17 - [MESSAGE][PASSED] - Element 'Object Repository/Repo/android.widget.TextView - Youve chosen to skip the email verification process. While you can explore the app as a guest, please note that certain features and functionalities may be limited' is exist

31-03-2025T14:30:17 - [TEST_STEP][PASSED] - delay(10): Delayed 10 second(s)

31-03-2025T14:30:27 - [MESSAGE][PASSED] - Delayed 10 second(s)

31-03-2025T14:30:27 - [TEST_STEP][PASSED] - verifyElementExist(findTestObject("Object Repository/Repo/android.widget.TextView - To fully access all features"), 0): Element 'Object Repository/Repo/android.widget.TextView - To fully access all features' is exist

31-03-2025T14:30:27 - [MESSAGE][WARNING] - Timeout '0' is invalid. Using default page load timeout: '30'

31-03-2025T14:30:27 - [MESSAGE][PASSED] - Element 'Object Repository/Repo/android.widget.TextView - To fully access all features' is exist

31-03-2025T14:30:27 - [TEST_STEP][PASSED] - delay(10): Delayed 10 second(s)

31-03-2025T14:30:37 - [MESSAGE][PASSED] - Delayed 10 second(s)

31-03-2025T14:30:37 - [TEST_STEP][PASSED] - actualText = getText(findTestObject("Object Repository/Repo/android.widget.TextView - Youve chosen to skip the email verification process. While you can explore the app as a guest, please note that certain features and functionalities may be limited"), 0): Text of element 'Object Repository/Repo/android.widget.TextView - Youve chosen to skip the email verification process. While you can explore the app as a guest, please note that certain features and functionalities may be limited' is: 'You've chosen to skip the email verification process. While you can explore the app as a guest, please note that certain features and functionalities may be limited.'

31-03-2025T14:30:37 - [MESSAGE][WARNING] - Timeout '0' is invalid. Using default page load timeout: '30'

31-03-2025T14:30:37 - [MESSAGE][PASSED] - Text of element 'Object Repository/Repo/android.widget.TextView - Youve chosen to skip the email verification process. While you can explore the app as a guest, please note that certain features and functionalities may be limited' is: 'You've chosen to skip the email verification process. While you can explore the app as a guest, please note that certain features and functionalities may be limited.'

31-03-2025T14:30:37 - [TEST_STEP][PASSED] - expectedText = "You've chosen to skip the email verification process. While you can explore the app as a guest, please note that certain features and functionalities may be limited.": null

31-03-2025T14:30:37 - [TEST_STEP][PASSED] - assert actualText == expectedText: null

31-03-2025T14:30:37 - [TEST_STEP][PASSED] - verifyElementExist(findTestObject("Object Repository/Repo/android.widget.Button - Next (2)"), 0): Element 'Object Repository/Repo/android.widget.Button - Next (2)' is exist

31-03-2025T14:30:37 - [MESSAGE][WARNING] - Timeout '0' is invalid. Using default page load timeout: '30'

31-03-2025T14:30:37 - [MESSAGE][PASSED] - Element 'Object Repository/Repo/android.widget.Button - Next (2)' is exist

31-03-2025T14:30:37 - [TEST_STEP][PASSED] - delay(10): Delayed 10 second(s)

31-03-2025T14:30:47 - [MESSAGE][PASSED] - Delayed 10 second(s)

31-03-2025T14:30:47 - [TEST_STEP][PASSED] - tap(findTestObject("Object Repository/Repo/android.widget.Button - Next (2)"), 0): Tapped on element 'Object Repository/Repo/android.widget.Button - Next (2)'

31-03-2025T14:30:47 - [MESSAGE][WARNING] - Timeout '0' is invalid. Using default page load timeout: '30'

31-03-2025T14:30:47 - [MESSAGE][PASSED] - Tapped on element 'Object Repository/Repo/android.widget.Button - Next (2)'

31-03-2025T14:30:47 - [TEST_STEP][PASSED] - delay(10): Delayed 10 second(s)

31-03-2025T14:30:57 - [MESSAGE][PASSED] - Delayed 10 second(s)

31-03-2025T14:30:57 - [TEST_STEP][PASSED] - closeApplication(): Close app successfully

31-03-2025T14:30:59 - [MESSAGE][PASSED] - Close app successfully]]></system-out>
         <system-err><![CDATA[]]></system-err>
      </testcase>
      <testcase name="Test Cases/Sign Up New UserPage/C698-C696_SignUpNewUserPage - Copy" time="218.042" classname="Test Cases/Sign Up New UserPage/C698-C696_SignUpNewUserPage - Copy" status="FAILED">
         <failure type="FAILED" message="Test Cases/Sign Up New UserPage/C698-C696_SignUpNewUserPage - Copy FAILED.&#xa;Reason:&#xa;com.kms.katalon.core.exception.StepFailedException: Failed to set text into element&#xa;	at com.kms.katalon.core.mobile.keyword.internal.MobileKeywordMain.stepFailed(MobileKeywordMain.groovy:64)&#xa;	at com.kms.katalon.core.mobile.keyword.internal.MobileKeywordMain.runKeyword(MobileKeywordMain.groovy:34)&#xa;	at com.kms.katalon.core.mobile.keyword.builtin.SetTextKeyword.setText(SetTextKeyword.groovy:62)&#xa;	at com.kms.katalon.core.mobile.keyword.builtin.SetTextKeyword.execute(SetTextKeyword.groovy:42)&#xa;	at com.kms.katalon.core.keyword.internal.KeywordExecutor.executeKeywordForPlatform(KeywordExecutor.groovy:74)&#xa;	at com.kms.katalon.core.mobile.keyword.MobileBuiltInKeywords.setText(MobileBuiltInKeywords.groovy:1278)&#xa;	at C698-C696_SignUpNewUserPage - Copy.run(C698-C696_SignUpNewUserPage - Copy:139)&#xa;	at com.kms.katalon.core.main.ScriptEngine.run(ScriptEngine.java:194)&#xa;	at com.kms.katalon.core.main.ScriptEngine.runScriptAsRawText(ScriptEngine.java:119)&#xa;	at com.kms.katalon.core.main.TestCaseExecutor.runScript(TestCaseExecutor.java:448)&#xa;	at com.kms.katalon.core.main.TestCaseExecutor.doExecute(TestCaseExecutor.java:439)&#xa;	at com.kms.katalon.core.main.TestCaseExecutor.processExecutionPhase(TestCaseExecutor.java:418)&#xa;	at com.kms.katalon.core.main.TestCaseExecutor.accessMainPhase(TestCaseExecutor.java:410)&#xa;	at com.kms.katalon.core.main.TestCaseExecutor.execute(TestCaseExecutor.java:285)&#xa;	at com.kms.katalon.core.main.TestCaseExecutor.execute(TestCaseExecutor.java:369)&#xa;	at com.kms.katalon.core.main.TestCaseExecutor.execute(TestCaseExecutor.java:369)&#xa;	at com.kms.katalon.core.main.TestCaseExecutor.execute(TestCaseExecutor.java:369)&#xa;	at com.kms.katalon.core.common.CommonExecutor.accessTestCaseMainPhase(CommonExecutor.java:71)&#xa;	at com.kms.katalon.core.main.TestSuiteExecutor.accessTestSuiteMainPhase(TestSuiteExecutor.java:160)&#xa;	at com.kms.katalon.core.main.TestSuiteExecutor.execute(TestSuiteExecutor.java:107)&#xa;	at com.kms.katalon.core.main.TestCaseMain.startTestSuite(TestCaseMain.java:180)&#xa;	at TempTestSuite1743411344429.run(TempTestSuite1743411344429.groovy:35)&#xa;	at java.base/jdk.internal.reflect.NativeMethodAccessorImpl.invoke0(Native Method)&#xa;	at java.base/jdk.internal.reflect.NativeMethodAccessorImpl.invoke(NativeMethodAccessorImpl.java:77)&#xa;	at java.base/jdk.internal.reflect.DelegatingMethodAccessorImpl.invoke(DelegatingMethodAccessorImpl.java:43)&#xa;Caused by: com.kms.katalon.core.exception.StepFailedException: Object Object Repository/Repo/android.widget.EditText-OAM(Login) not found&#xa;	at com.kms.katalon.core.mobile.keyword.internal.MobileKeywordMain.stepFailed(MobileKeywordMain.groovy:64)&#xa;	at com.kms.katalon.core.mobile.keyword.builtin.SetTextKeyword$_setText_closure1.doCall(SetTextKeyword.groovy:52)&#xa;	at com.kms.katalon.core.mobile.keyword.builtin.SetTextKeyword$_setText_closure1.call(SetTextKeyword.groovy)&#xa;	at com.kms.katalon.core.mobile.keyword.internal.MobileKeywordMain.runKeyword(MobileKeywordMain.groovy:30)&#xa;	... 23 more&#xa;"/>
         <system-out><![CDATA[31-03-2025T14:36:53 - [TEST_CASE][FAILED] - Test Cases/Sign Up New UserPage/C698-C696_SignUpNewUserPage - Copy: Test Cases/Sign Up New UserPage/C698-C696_SignUpNewUserPage - Copy FAILED.
Reason:
com.kms.katalon.core.exception.StepFailedException: Failed to set text into element
	at com.kms.katalon.core.mobile.keyword.internal.MobileKeywordMain.stepFailed(MobileKeywordMain.groovy:64)
	at com.kms.katalon.core.mobile.keyword.internal.MobileKeywordMain.runKeyword(MobileKeywordMain.groovy:34)
	at com.kms.katalon.core.mobile.keyword.builtin.SetTextKeyword.setText(SetTextKeyword.groovy:62)
	at com.kms.katalon.core.mobile.keyword.builtin.SetTextKeyword.execute(SetTextKeyword.groovy:42)
	at com.kms.katalon.core.keyword.internal.KeywordExecutor.executeKeywordForPlatform(KeywordExecutor.groovy:74)
	at com.kms.katalon.core.mobile.keyword.MobileBuiltInKeywords.setText(MobileBuiltInKeywords.groovy:1278)
	at C698-C696_SignUpNewUserPage - Copy.run(C698-C696_SignUpNewUserPage - Copy:139)
	at com.kms.katalon.core.main.ScriptEngine.run(ScriptEngine.java:194)
	at com.kms.katalon.core.main.ScriptEngine.runScriptAsRawText(ScriptEngine.java:119)
	at com.kms.katalon.core.main.TestCaseExecutor.runScript(TestCaseExecutor.java:448)
	at com.kms.katalon.core.main.TestCaseExecutor.doExecute(TestCaseExecutor.java:439)
	at com.kms.katalon.core.main.TestCaseExecutor.processExecutionPhase(TestCaseExecutor.java:418)
	at com.kms.katalon.core.main.TestCaseExecutor.accessMainPhase(TestCaseExecutor.java:410)
	at com.kms.katalon.core.main.TestCaseExecutor.execute(TestCaseExecutor.java:285)
	at com.kms.katalon.core.main.TestCaseExecutor.execute(TestCaseExecutor.java:369)
	at com.kms.katalon.core.main.TestCaseExecutor.execute(TestCaseExecutor.java:369)
	at com.kms.katalon.core.main.TestCaseExecutor.execute(TestCaseExecutor.java:369)
	at com.kms.katalon.core.common.CommonExecutor.accessTestCaseMainPhase(CommonExecutor.java:71)
	at com.kms.katalon.core.main.TestSuiteExecutor.accessTestSuiteMainPhase(TestSuiteExecutor.java:160)
	at com.kms.katalon.core.main.TestSuiteExecutor.execute(TestSuiteExecutor.java:107)
	at com.kms.katalon.core.main.TestCaseMain.startTestSuite(TestCaseMain.java:180)
	at TempTestSuite1743411344429.run(TempTestSuite1743411344429.groovy:35)
	at java.base/jdk.internal.reflect.NativeMethodAccessorImpl.invoke0(Native Method)
	at java.base/jdk.internal.reflect.NativeMethodAccessorImpl.invoke(NativeMethodAccessorImpl.java:77)
	at java.base/jdk.internal.reflect.DelegatingMethodAccessorImpl.invoke(DelegatingMethodAccessorImpl.java:43)
Caused by: com.kms.katalon.core.exception.StepFailedException: Object Object Repository/Repo/android.widget.EditText-OAM(Login) not found
	at com.kms.katalon.core.mobile.keyword.internal.MobileKeywordMain.stepFailed(MobileKeywordMain.groovy:64)
	at com.kms.katalon.core.mobile.keyword.builtin.SetTextKeyword$_setText_closure1.doCall(SetTextKeyword.groovy:52)
	at com.kms.katalon.core.mobile.keyword.builtin.SetTextKeyword$_setText_closure1.call(SetTextKeyword.groovy)
	at com.kms.katalon.core.mobile.keyword.internal.MobileKeywordMain.runKeyword(MobileKeywordMain.groovy:30)
	... 23 more


31-03-2025T14:36:53 - [TEST_STEP][PASSED] - testData = findTestData("Data Files/LogiNewUser"): null

31-03-2025T14:36:53 - [TEST_STEP][PASSED] - email = testData.getValue("email", 2): null

31-03-2025T14:36:53 - [TEST_STEP][PASSED] - firstName = testData.getValue("firstname", 2): null

31-03-2025T14:36:53 - [TEST_STEP][PASSED] - lastName = testData.getValue("lastname", 2): null

31-03-2025T14:36:53 - [TEST_STEP][PASSED] - password = testData.getValue("password", 2): null

31-03-2025T14:36:53 - [TEST_STEP][PASSED] - confirmPassword = testData.getValue("confirm password", 2): null

31-03-2025T14:36:53 - [TEST_STEP][PASSED] - startApplication(appUrl, true): Started application: '/Users/gv.vignesh/Downloads/WGR-Android-Automation/App Folder/universal.apk'

31-03-2025T14:36:53 - [MESSAGE][INFO] - Starting application: '/Users/gv.vignesh/Downloads/WGR-Android-Automation/App Folder/universal.apk'

31-03-2025T14:36:53 - [MESSAGE][INFO] - User set preference: ['deviceId', '']

31-03-2025T14:36:57 - [MESSAGE][PASSED] - Started application: '/Users/gv.vignesh/Downloads/WGR-Android-Automation/App Folder/universal.apk'

31-03-2025T14:36:57 - [TEST_STEP][PASSED] - delay(10): Delayed 10 second(s)

31-03-2025T14:37:07 - [MESSAGE][PASSED] - Delayed 10 second(s)

31-03-2025T14:37:07 - [TEST_STEP][PASSED] - tap(findTestObject("Object Repository/Repo/android.widget.Button - Login or Sign Up"), 0): Tapped on element 'Object Repository/Repo/android.widget.Button - Login or Sign Up'

31-03-2025T14:37:07 - [MESSAGE][WARNING] - Timeout '0' is invalid. Using default page load timeout: '30'

31-03-2025T14:37:07 - [MESSAGE][PASSED] - Tapped on element 'Object Repository/Repo/android.widget.Button - Login or Sign Up'

31-03-2025T14:37:07 - [TEST_STEP][PASSED] - delay(10): Delayed 10 second(s)

31-03-2025T14:37:17 - [MESSAGE][PASSED] - Delayed 10 second(s)

31-03-2025T14:37:17 - [TEST_STEP][PASSED] - setText(findTestObject("Object Repository/Repo/android.widget.EditText-LoginorSignUp"), email, 0): Text 'smith632@yopmail.com' has been set to element 'Object Repository/Repo/android.widget.EditText-LoginorSignUp'

31-03-2025T14:37:17 - [MESSAGE][WARNING] - Timeout '0' is invalid. Using default page load timeout: '30'

31-03-2025T14:37:18 - [MESSAGE][PASSED] - Text 'smith632@yopmail.com' has been set to element 'Object Repository/Repo/android.widget.EditText-LoginorSignUp'

31-03-2025T14:37:18 - [TEST_STEP][PASSED] - hideKeyboard(): Keyboard is hidden

31-03-2025T14:37:20 - [MESSAGE][PASSED] - Keyboard is hidden

31-03-2025T14:37:20 - [TEST_STEP][PASSED] - delay(10): Delayed 10 second(s)

31-03-2025T14:37:30 - [MESSAGE][PASSED] - Delayed 10 second(s)

31-03-2025T14:37:30 - [TEST_STEP][PASSED] - tap(findTestObject("Object Repository/Repo/android.widget.Button - Next"), 0): Tapped on element 'Object Repository/Repo/android.widget.Button - Next'

31-03-2025T14:37:30 - [MESSAGE][WARNING] - Timeout '0' is invalid. Using default page load timeout: '30'

31-03-2025T14:37:30 - [MESSAGE][PASSED] - Tapped on element 'Object Repository/Repo/android.widget.Button - Next'

31-03-2025T14:37:30 - [TEST_STEP][PASSED] - delay(10): Delayed 10 second(s)

31-03-2025T14:37:40 - [MESSAGE][PASSED] - Delayed 10 second(s)

31-03-2025T14:37:40 - [TEST_STEP][PASSED] - setText(findTestObject("Object Repository/Repo/android.widget.EditText-confirm email address"), email, 0): Text 'smith632@yopmail.com' has been set to element 'Object Repository/Repo/android.widget.EditText-confirm email address'

31-03-2025T14:37:40 - [MESSAGE][WARNING] - Timeout '0' is invalid. Using default page load timeout: '30'

31-03-2025T14:37:41 - [MESSAGE][PASSED] - Text 'smith632@yopmail.com' has been set to element 'Object Repository/Repo/android.widget.EditText-confirm email address'

31-03-2025T14:37:41 - [TEST_STEP][PASSED] - hideKeyboard(): Keyboard is hidden

31-03-2025T14:37:43 - [MESSAGE][PASSED] - Keyboard is hidden

31-03-2025T14:37:43 - [TEST_STEP][PASSED] - delay(10): Delayed 10 second(s)

31-03-2025T14:37:53 - [MESSAGE][PASSED] - Delayed 10 second(s)

31-03-2025T14:37:53 - [TEST_STEP][PASSED] - tap(findTestObject("Object Repository/Repo/android.widget.Button - Next (1)"), 0): Tapped on element 'Object Repository/Repo/android.widget.Button - Next (1)'

31-03-2025T14:37:53 - [MESSAGE][WARNING] - Timeout '0' is invalid. Using default page load timeout: '30'

31-03-2025T14:37:53 - [MESSAGE][PASSED] - Tapped on element 'Object Repository/Repo/android.widget.Button - Next (1)'

31-03-2025T14:37:53 - [TEST_STEP][PASSED] - delay(20): Delayed 20 second(s)

31-03-2025T14:38:13 - [MESSAGE][PASSED] - Delayed 20 second(s)

31-03-2025T14:38:13 - [TEST_STEP][PASSED] - setText(findTestObject("Object Repository/Repo/android.widget.EditText-FirstName"), firstName, 0): Text 'john' has been set to element 'Object Repository/Repo/android.widget.EditText-FirstName'

31-03-2025T14:38:13 - [MESSAGE][WARNING] - Timeout '0' is invalid. Using default page load timeout: '30'

31-03-2025T14:38:13 - [MESSAGE][PASSED] - Text 'john' has been set to element 'Object Repository/Repo/android.widget.EditText-FirstName'

31-03-2025T14:38:13 - [TEST_STEP][PASSED] - hideKeyboard(): Keyboard is hidden

31-03-2025T14:38:15 - [MESSAGE][PASSED] - Keyboard is hidden

31-03-2025T14:38:15 - [TEST_STEP][PASSED] - delay(10): Delayed 10 second(s)

31-03-2025T14:38:25 - [MESSAGE][PASSED] - Delayed 10 second(s)

31-03-2025T14:38:25 - [TEST_STEP][PASSED] - setText(findTestObject("Object Repository/Repo/android.widget.EditText-LastName"), lastName, 0): Text 'doe' has been set to element 'Object Repository/Repo/android.widget.EditText-LastName'

31-03-2025T14:38:25 - [MESSAGE][WARNING] - Timeout '0' is invalid. Using default page load timeout: '30'

31-03-2025T14:38:26 - [MESSAGE][PASSED] - Text 'doe' has been set to element 'Object Repository/Repo/android.widget.EditText-LastName'

31-03-2025T14:38:26 - [TEST_STEP][PASSED] - hideKeyboard(): Keyboard is hidden

31-03-2025T14:38:28 - [MESSAGE][PASSED] - Keyboard is hidden

31-03-2025T14:38:28 - [TEST_STEP][PASSED] - delay(10): Delayed 10 second(s)

31-03-2025T14:38:38 - [MESSAGE][PASSED] - Delayed 10 second(s)

31-03-2025T14:38:38 - [TEST_STEP][PASSED] - sendKeys(findTestObject("Object Repository/Repo/android.widget.EditText-Password"), password): Send keys 'password' on test object 'Object Repository/Repo/android.widget.EditText-Password' successfully.

31-03-2025T14:38:38 - [MESSAGE][PASSED] - Send keys 'password' on test object 'Object Repository/Repo/android.widget.EditText-Password' successfully.

31-03-2025T14:38:38 - [TEST_STEP][PASSED] - hideKeyboard(): Keyboard is hidden

31-03-2025T14:38:38 - [MESSAGE][PASSED] - Keyboard is hidden

31-03-2025T14:38:38 - [TEST_STEP][PASSED] - delay(10): Delayed 10 second(s)

31-03-2025T14:38:48 - [MESSAGE][PASSED] - Delayed 10 second(s)

31-03-2025T14:38:48 - [TEST_STEP][PASSED] - sendKeys(findTestObject("Object Repository/Repo/android.widget.EditText-Confirm Password"), confirmPassword): Send keys 'password' on test object 'Object Repository/Repo/android.widget.EditText-Confirm Password' successfully.

31-03-2025T14:38:48 - [MESSAGE][PASSED] - Send keys 'password' on test object 'Object Repository/Repo/android.widget.EditText-Confirm Password' successfully.

31-03-2025T14:38:48 - [TEST_STEP][PASSED] - hideKeyboard(): Keyboard is hidden

31-03-2025T14:38:48 - [MESSAGE][PASSED] - Keyboard is hidden

31-03-2025T14:38:48 - [TEST_STEP][PASSED] - delay(10): Delayed 10 second(s)

31-03-2025T14:38:58 - [MESSAGE][PASSED] - Delayed 10 second(s)

31-03-2025T14:38:58 - [TEST_STEP][PASSED] - tap(findTestObject("Object Repository/Repo/android.widget.Button - Next (2)"), 0): Tapped on element 'Object Repository/Repo/android.widget.Button - Next (2)'

31-03-2025T14:38:58 - [MESSAGE][WARNING] - Timeout '0' is invalid. Using default page load timeout: '30'

31-03-2025T14:38:59 - [MESSAGE][PASSED] - Tapped on element 'Object Repository/Repo/android.widget.Button - Next (2)'

31-03-2025T14:38:59 - [TEST_STEP][PASSED] - delay(10): Delayed 10 second(s)

31-03-2025T14:39:09 - [MESSAGE][PASSED] - Delayed 10 second(s)

31-03-2025T14:39:09 - [TEST_STEP][PASSED] - scrollToText("etc)."): Scrolling to text 'etc).' successfully

31-03-2025T14:39:09 - [MESSAGE][PASSED] - Scrolling to text 'etc).' successfully

31-03-2025T14:39:09 - [TEST_STEP][PASSED] - delay(10): Delayed 10 second(s)

31-03-2025T14:39:19 - [MESSAGE][PASSED] - Delayed 10 second(s)

31-03-2025T14:39:19 - [TEST_STEP][PASSED] - scrollToText("etc)."): Scrolling to text 'etc).' successfully

31-03-2025T14:39:20 - [MESSAGE][PASSED] - Scrolling to text 'etc).' successfully

31-03-2025T14:39:20 - [TEST_STEP][PASSED] - delay(10): Delayed 10 second(s)

31-03-2025T14:39:30 - [MESSAGE][PASSED] - Delayed 10 second(s)

31-03-2025T14:39:30 - [TEST_STEP][PASSED] - tap(findTestObject("Object Repository/Repo/android.widget.Button - Agree to Terms  Conditions"), 0): Tapped on element 'Object Repository/Repo/android.widget.Button - Agree to Terms  Conditions'

31-03-2025T14:39:30 - [MESSAGE][WARNING] - Timeout '0' is invalid. Using default page load timeout: '30'

31-03-2025T14:39:30 - [MESSAGE][PASSED] - Tapped on element 'Object Repository/Repo/android.widget.Button - Agree to Terms  Conditions'

31-03-2025T14:39:30 - [TEST_STEP][PASSED] - delay(30): Delayed 30 second(s)

31-03-2025T14:40:00 - [MESSAGE][PASSED] - Delayed 30 second(s)

31-03-2025T14:40:00 - [TEST_STEP][FAILED] - setText(findTestObject("Object Repository/Repo/android.widget.EditText-OAM(Login)"), email, 0): Failed to set text into element (Root cause: com.kms.katalon.core.exception.StepFailedException: Failed to set text into element
	at com.kms.katalon.core.mobile.keyword.internal.MobileKeywordMain.stepFailed(MobileKeywordMain.groovy:64)
	at com.kms.katalon.core.mobile.keyword.internal.MobileKeywordMain.runKeyword(MobileKeywordMain.groovy:34)
	at com.kms.katalon.core.mobile.keyword.builtin.SetTextKeyword.setText(SetTextKeyword.groovy:62)
	at com.kms.katalon.core.mobile.keyword.builtin.SetTextKeyword.execute(SetTextKeyword.groovy:42)
	at com.kms.katalon.core.keyword.internal.KeywordExecutor.executeKeywordForPlatform(KeywordExecutor.groovy:74)
	at com.kms.katalon.core.mobile.keyword.MobileBuiltInKeywords.setText(MobileBuiltInKeywords.groovy:1278)
	at C698-C696_SignUpNewUserPage - Copy.run(C698-C696_SignUpNewUserPage - Copy:139)
	at com.kms.katalon.core.main.ScriptEngine.run(ScriptEngine.java:194)
	at com.kms.katalon.core.main.ScriptEngine.runScriptAsRawText(ScriptEngine.java:119)
	at com.kms.katalon.core.main.TestCaseExecutor.runScript(TestCaseExecutor.java:448)
	at com.kms.katalon.core.main.TestCaseExecutor.doExecute(TestCaseExecutor.java:439)
	at com.kms.katalon.core.main.TestCaseExecutor.processExecutionPhase(TestCaseExecutor.java:418)
	at com.kms.katalon.core.main.TestCaseExecutor.accessMainPhase(TestCaseExecutor.java:410)
	at com.kms.katalon.core.main.TestCaseExecutor.execute(TestCaseExecutor.java:285)
	at com.kms.katalon.core.main.TestCaseExecutor.execute(TestCaseExecutor.java:369)
	at com.kms.katalon.core.main.TestCaseExecutor.execute(TestCaseExecutor.java:369)
	at com.kms.katalon.core.main.TestCaseExecutor.execute(TestCaseExecutor.java:369)
	at com.kms.katalon.core.common.CommonExecutor.accessTestCaseMainPhase(CommonExecutor.java:71)
	at com.kms.katalon.core.main.TestSuiteExecutor.accessTestSuiteMainPhase(TestSuiteExecutor.java:160)
	at com.kms.katalon.core.main.TestSuiteExecutor.execute(TestSuiteExecutor.java:107)
	at com.kms.katalon.core.main.TestCaseMain.startTestSuite(TestCaseMain.java:180)
	at TempTestSuite1743411344429.run(TempTestSuite1743411344429.groovy:35)
	at java.base/jdk.internal.reflect.NativeMethodAccessorImpl.invoke0(Native Method)
	at java.base/jdk.internal.reflect.NativeMethodAccessorImpl.invoke(NativeMethodAccessorImpl.java:77)
	at java.base/jdk.internal.reflect.DelegatingMethodAccessorImpl.invoke(DelegatingMethodAccessorImpl.java:43)
Caused by: com.kms.katalon.core.exception.StepFailedException: Object Object Repository/Repo/android.widget.EditText-OAM(Login) not found
	at com.kms.katalon.core.mobile.keyword.internal.MobileKeywordMain.stepFailed(MobileKeywordMain.groovy:64)
	at com.kms.katalon.core.mobile.keyword.builtin.SetTextKeyword$_setText_closure1.doCall(SetTextKeyword.groovy:52)
	at com.kms.katalon.core.mobile.keyword.builtin.SetTextKeyword$_setText_closure1.call(SetTextKeyword.groovy)
	at com.kms.katalon.core.mobile.keyword.internal.MobileKeywordMain.runKeyword(MobileKeywordMain.groovy:30)
	... 23 more
)

31-03-2025T14:40:00 - [MESSAGE][WARNING] - Timeout '0' is invalid. Using default page load timeout: '30'

31-03-2025T14:40:31 - [MESSAGE][FAILED] - Object Object Repository/Repo/android.widget.EditText-OAM(Login) not found (Root cause: com.kms.katalon.core.exception.StepFailedException: Object Object Repository/Repo/android.widget.EditText-OAM(Login) not found
	at com.kms.katalon.core.mobile.keyword.internal.MobileKeywordMain.stepFailed(MobileKeywordMain.groovy:64)
	at com.kms.katalon.core.mobile.keyword.builtin.SetTextKeyword$_setText_closure1.doCall(SetTextKeyword.groovy:52)
	at com.kms.katalon.core.mobile.keyword.builtin.SetTextKeyword$_setText_closure1.call(SetTextKeyword.groovy)
	at com.kms.katalon.core.mobile.keyword.internal.MobileKeywordMain.runKeyword(MobileKeywordMain.groovy:30)
	at com.kms.katalon.core.mobile.keyword.builtin.SetTextKeyword.setText(SetTextKeyword.groovy:62)
	at com.kms.katalon.core.mobile.keyword.builtin.SetTextKeyword.execute(SetTextKeyword.groovy:42)
	at com.kms.katalon.core.keyword.internal.KeywordExecutor.executeKeywordForPlatform(KeywordExecutor.groovy:74)
	at com.kms.katalon.core.mobile.keyword.MobileBuiltInKeywords.setText(MobileBuiltInKeywords.groovy:1278)
	at C698-C696_SignUpNewUserPage - Copy.run(C698-C696_SignUpNewUserPage - Copy:139)
	at com.kms.katalon.core.main.ScriptEngine.run(ScriptEngine.java:194)
	at com.kms.katalon.core.main.ScriptEngine.runScriptAsRawText(ScriptEngine.java:119)
	at com.kms.katalon.core.main.TestCaseExecutor.runScript(TestCaseExecutor.java:448)
	at com.kms.katalon.core.main.TestCaseExecutor.doExecute(TestCaseExecutor.java:439)
	at com.kms.katalon.core.main.TestCaseExecutor.processExecutionPhase(TestCaseExecutor.java:418)
	at com.kms.katalon.core.main.TestCaseExecutor.accessMainPhase(TestCaseExecutor.java:410)
	at com.kms.katalon.core.main.TestCaseExecutor.execute(TestCaseExecutor.java:285)
	at com.kms.katalon.core.main.TestCaseExecutor.execute(TestCaseExecutor.java:369)
	at com.kms.katalon.core.main.TestCaseExecutor.execute(TestCaseExecutor.java:369)
	at com.kms.katalon.core.main.TestCaseExecutor.execute(TestCaseExecutor.java:369)
	at com.kms.katalon.core.common.CommonExecutor.accessTestCaseMainPhase(CommonExecutor.java:71)
	at com.kms.katalon.core.main.TestSuiteExecutor.accessTestSuiteMainPhase(TestSuiteExecutor.java:160)
	at com.kms.katalon.core.main.TestSuiteExecutor.execute(TestSuiteExecutor.java:107)
	at com.kms.katalon.core.main.TestCaseMain.startTestSuite(TestCaseMain.java:180)
	at TempTestSuite1743411344429.run(TempTestSuite1743411344429.groovy:35)
	at java.base/jdk.internal.reflect.NativeMethodAccessorImpl.invoke0(Native Method)
	at java.base/jdk.internal.reflect.NativeMethodAccessorImpl.invoke(NativeMethodAccessorImpl.java:77)
	at java.base/jdk.internal.reflect.DelegatingMethodAccessorImpl.invoke(DelegatingMethodAccessorImpl.java:43)
)
[[ATTACHMENT|/Users/gv.vignesh/Downloads/WGR-Android-Automation/Reports/20250331_142544/demo/20250331_142544/1743412230631.png]]

31-03-2025T14:40:31 - [MESSAGE][FAILED] - Failed to set text into element (Root cause: com.kms.katalon.core.exception.StepFailedException: Failed to set text into element
	at com.kms.katalon.core.mobile.keyword.internal.MobileKeywordMain.stepFailed(MobileKeywordMain.groovy:64)
	at com.kms.katalon.core.mobile.keyword.internal.MobileKeywordMain.runKeyword(MobileKeywordMain.groovy:34)
	at com.kms.katalon.core.mobile.keyword.builtin.SetTextKeyword.setText(SetTextKeyword.groovy:62)
	at com.kms.katalon.core.mobile.keyword.builtin.SetTextKeyword.execute(SetTextKeyword.groovy:42)
	at com.kms.katalon.core.keyword.internal.KeywordExecutor.executeKeywordForPlatform(KeywordExecutor.groovy:74)
	at com.kms.katalon.core.mobile.keyword.MobileBuiltInKeywords.setText(MobileBuiltInKeywords.groovy:1278)
	at C698-C696_SignUpNewUserPage - Copy.run(C698-C696_SignUpNewUserPage - Copy:139)
	at com.kms.katalon.core.main.ScriptEngine.run(ScriptEngine.java:194)
	at com.kms.katalon.core.main.ScriptEngine.runScriptAsRawText(ScriptEngine.java:119)
	at com.kms.katalon.core.main.TestCaseExecutor.runScript(TestCaseExecutor.java:448)
	at com.kms.katalon.core.main.TestCaseExecutor.doExecute(TestCaseExecutor.java:439)
	at com.kms.katalon.core.main.TestCaseExecutor.processExecutionPhase(TestCaseExecutor.java:418)
	at com.kms.katalon.core.main.TestCaseExecutor.accessMainPhase(TestCaseExecutor.java:410)
	at com.kms.katalon.core.main.TestCaseExecutor.execute(TestCaseExecutor.java:285)
	at com.kms.katalon.core.main.TestCaseExecutor.execute(TestCaseExecutor.java:369)
	at com.kms.katalon.core.main.TestCaseExecutor.execute(TestCaseExecutor.java:369)
	at com.kms.katalon.core.main.TestCaseExecutor.execute(TestCaseExecutor.java:369)
	at com.kms.katalon.core.common.CommonExecutor.accessTestCaseMainPhase(CommonExecutor.java:71)
	at com.kms.katalon.core.main.TestSuiteExecutor.accessTestSuiteMainPhase(TestSuiteExecutor.java:160)
	at com.kms.katalon.core.main.TestSuiteExecutor.execute(TestSuiteExecutor.java:107)
	at com.kms.katalon.core.main.TestCaseMain.startTestSuite(TestCaseMain.java:180)
	at TempTestSuite1743411344429.run(TempTestSuite1743411344429.groovy:35)
	at java.base/jdk.internal.reflect.NativeMethodAccessorImpl.invoke0(Native Method)
	at java.base/jdk.internal.reflect.NativeMethodAccessorImpl.invoke(NativeMethodAccessorImpl.java:77)
	at java.base/jdk.internal.reflect.DelegatingMethodAccessorImpl.invoke(DelegatingMethodAccessorImpl.java:43)
Caused by: com.kms.katalon.core.exception.StepFailedException: Object Object Repository/Repo/android.widget.EditText-OAM(Login) not found
	at com.kms.katalon.core.mobile.keyword.internal.MobileKeywordMain.stepFailed(MobileKeywordMain.groovy:64)
	at com.kms.katalon.core.mobile.keyword.builtin.SetTextKeyword$_setText_closure1.doCall(SetTextKeyword.groovy:52)
	at com.kms.katalon.core.mobile.keyword.builtin.SetTextKeyword$_setText_closure1.call(SetTextKeyword.groovy)
	at com.kms.katalon.core.mobile.keyword.internal.MobileKeywordMain.runKeyword(MobileKeywordMain.groovy:30)
	... 23 more
)
[[ATTACHMENT|/Users/gv.vignesh/Downloads/WGR-Android-Automation/Reports/20250331_142544/demo/20250331_142544/1743412231016.png]]]]></system-out>
         <system-err><![CDATA[31-03-2025T14:36:53 - [TEST_CASE][FAILED] - Test Cases/Sign Up New UserPage/C698-C696_SignUpNewUserPage - Copy: Test Cases/Sign Up New UserPage/C698-C696_SignUpNewUserPage - Copy FAILED.
Reason:
com.kms.katalon.core.exception.StepFailedException: Failed to set text into element
	at com.kms.katalon.core.mobile.keyword.internal.MobileKeywordMain.stepFailed(MobileKeywordMain.groovy:64)
	at com.kms.katalon.core.mobile.keyword.internal.MobileKeywordMain.runKeyword(MobileKeywordMain.groovy:34)
	at com.kms.katalon.core.mobile.keyword.builtin.SetTextKeyword.setText(SetTextKeyword.groovy:62)
	at com.kms.katalon.core.mobile.keyword.builtin.SetTextKeyword.execute(SetTextKeyword.groovy:42)
	at com.kms.katalon.core.keyword.internal.KeywordExecutor.executeKeywordForPlatform(KeywordExecutor.groovy:74)
	at com.kms.katalon.core.mobile.keyword.MobileBuiltInKeywords.setText(MobileBuiltInKeywords.groovy:1278)
	at C698-C696_SignUpNewUserPage - Copy.run(C698-C696_SignUpNewUserPage - Copy:139)
	at com.kms.katalon.core.main.ScriptEngine.run(ScriptEngine.java:194)
	at com.kms.katalon.core.main.ScriptEngine.runScriptAsRawText(ScriptEngine.java:119)
	at com.kms.katalon.core.main.TestCaseExecutor.runScript(TestCaseExecutor.java:448)
	at com.kms.katalon.core.main.TestCaseExecutor.doExecute(TestCaseExecutor.java:439)
	at com.kms.katalon.core.main.TestCaseExecutor.processExecutionPhase(TestCaseExecutor.java:418)
	at com.kms.katalon.core.main.TestCaseExecutor.accessMainPhase(TestCaseExecutor.java:410)
	at com.kms.katalon.core.main.TestCaseExecutor.execute(TestCaseExecutor.java:285)
	at com.kms.katalon.core.main.TestCaseExecutor.execute(TestCaseExecutor.java:369)
	at com.kms.katalon.core.main.TestCaseExecutor.execute(TestCaseExecutor.java:369)
	at com.kms.katalon.core.main.TestCaseExecutor.execute(TestCaseExecutor.java:369)
	at com.kms.katalon.core.common.CommonExecutor.accessTestCaseMainPhase(CommonExecutor.java:71)
	at com.kms.katalon.core.main.TestSuiteExecutor.accessTestSuiteMainPhase(TestSuiteExecutor.java:160)
	at com.kms.katalon.core.main.TestSuiteExecutor.execute(TestSuiteExecutor.java:107)
	at com.kms.katalon.core.main.TestCaseMain.startTestSuite(TestCaseMain.java:180)
	at TempTestSuite1743411344429.run(TempTestSuite1743411344429.groovy:35)
	at java.base/jdk.internal.reflect.NativeMethodAccessorImpl.invoke0(Native Method)
	at java.base/jdk.internal.reflect.NativeMethodAccessorImpl.invoke(NativeMethodAccessorImpl.java:77)
	at java.base/jdk.internal.reflect.DelegatingMethodAccessorImpl.invoke(DelegatingMethodAccessorImpl.java:43)
Caused by: com.kms.katalon.core.exception.StepFailedException: Object Object Repository/Repo/android.widget.EditText-OAM(Login) not found
	at com.kms.katalon.core.mobile.keyword.internal.MobileKeywordMain.stepFailed(MobileKeywordMain.groovy:64)
	at com.kms.katalon.core.mobile.keyword.builtin.SetTextKeyword$_setText_closure1.doCall(SetTextKeyword.groovy:52)
	at com.kms.katalon.core.mobile.keyword.builtin.SetTextKeyword$_setText_closure1.call(SetTextKeyword.groovy)
	at com.kms.katalon.core.mobile.keyword.internal.MobileKeywordMain.runKeyword(MobileKeywordMain.groovy:30)
	... 23 more]]></system-err>
      </testcase>
      <system-out><![CDATA[31-03-2025T14:25:49 - [TEST_SUITE][FAILED] - demo: Test Cases/Sign Up New UserPage/C698-C696_SignUpNewUserPage - Copy FAILED.
Reason:
com.kms.katalon.core.exception.StepFailedException: Failed to set text into element
	at com.kms.katalon.core.mobile.keyword.internal.MobileKeywordMain.stepFailed(MobileKeywordMain.groovy:64)
	at com.kms.katalon.core.mobile.keyword.internal.MobileKeywordMain.runKeyword(MobileKeywordMain.groovy:34)
	at com.kms.katalon.core.mobile.keyword.builtin.SetTextKeyword.setText(SetTextKeyword.groovy:62)
	at com.kms.katalon.core.mobile.keyword.builtin.SetTextKeyword.execute(SetTextKeyword.groovy:42)
	at com.kms.katalon.core.keyword.internal.KeywordExecutor.executeKeywordForPlatform(KeywordExecutor.groovy:74)
	at com.kms.katalon.core.mobile.keyword.MobileBuiltInKeywords.setText(MobileBuiltInKeywords.groovy:1278)
	at C698-C696_SignUpNewUserPage - Copy.run(C698-C696_SignUpNewUserPage - Copy:139)
	at com.kms.katalon.core.main.ScriptEngine.run(ScriptEngine.java:194)
	at com.kms.katalon.core.main.ScriptEngine.runScriptAsRawText(ScriptEngine.java:119)
	at com.kms.katalon.core.main.TestCaseExecutor.runScript(TestCaseExecutor.java:448)
	at com.kms.katalon.core.main.TestCaseExecutor.doExecute(TestCaseExecutor.java:439)
	at com.kms.katalon.core.main.TestCaseExecutor.processExecutionPhase(TestCaseExecutor.java:418)
	at com.kms.katalon.core.main.TestCaseExecutor.accessMainPhase(TestCaseExecutor.java:410)
	at com.kms.katalon.core.main.TestCaseExecutor.execute(TestCaseExecutor.java:285)
	at com.kms.katalon.core.common.CommonExecutor.accessTestCaseMainPhase(CommonExecutor.java:71)
	at com.kms.katalon.core.main.TestSuiteExecutor.accessTestSuiteMainPhase(TestSuiteExecutor.java:160)
	at com.kms.katalon.core.main.TestSuiteExecutor.execute(TestSuiteExecutor.java:107)
	at com.kms.katalon.core.main.TestCaseMain.startTestSuite(TestCaseMain.java:180)
	at TempTestSuite1743411344429.run(TempTestSuite1743411344429.groovy:35)
	at java.base/jdk.internal.reflect.NativeMethodAccessorImpl.invoke0(Native Method)
	at java.base/jdk.internal.reflect.NativeMethodAccessorImpl.invoke(NativeMethodAccessorImpl.java:77)
	at java.base/jdk.internal.reflect.DelegatingMethodAccessorImpl.invoke(DelegatingMethodAccessorImpl.java:43)
Caused by: com.kms.katalon.core.exception.StepFailedException: Object Object Repository/Repo/android.widget.EditText-OAM(Login) not found
	at com.kms.katalon.core.mobile.keyword.internal.MobileKeywordMain.stepFailed(MobileKeywordMain.groovy:64)
	at com.kms.katalon.core.mobile.keyword.builtin.SetTextKeyword$_setText_closure1.doCall(SetTextKeyword.groovy:52)
	at com.kms.katalon.core.mobile.keyword.builtin.SetTextKeyword$_setText_closure1.call(SetTextKeyword.groovy)
	at com.kms.katalon.core.mobile.keyword.internal.MobileKeywordMain.runKeyword(MobileKeywordMain.groovy:30)
	... 20 more]]></system-out>
      <system-err><![CDATA[31-03-2025T14:25:49 - [TEST_SUITE][FAILED] - demo: Test Cases/Sign Up New UserPage/C698-C696_SignUpNewUserPage - Copy FAILED.
Reason:
com.kms.katalon.core.exception.StepFailedException: Failed to set text into element
	at com.kms.katalon.core.mobile.keyword.internal.MobileKeywordMain.stepFailed(MobileKeywordMain.groovy:64)
	at com.kms.katalon.core.mobile.keyword.internal.MobileKeywordMain.runKeyword(MobileKeywordMain.groovy:34)
	at com.kms.katalon.core.mobile.keyword.builtin.SetTextKeyword.setText(SetTextKeyword.groovy:62)
	at com.kms.katalon.core.mobile.keyword.builtin.SetTextKeyword.execute(SetTextKeyword.groovy:42)
	at com.kms.katalon.core.keyword.internal.KeywordExecutor.executeKeywordForPlatform(KeywordExecutor.groovy:74)
	at com.kms.katalon.core.mobile.keyword.MobileBuiltInKeywords.setText(MobileBuiltInKeywords.groovy:1278)
	at C698-C696_SignUpNewUserPage - Copy.run(C698-C696_SignUpNewUserPage - Copy:139)
	at com.kms.katalon.core.main.ScriptEngine.run(ScriptEngine.java:194)
	at com.kms.katalon.core.main.ScriptEngine.runScriptAsRawText(ScriptEngine.java:119)
	at com.kms.katalon.core.main.TestCaseExecutor.runScript(TestCaseExecutor.java:448)
	at com.kms.katalon.core.main.TestCaseExecutor.doExecute(TestCaseExecutor.java:439)
	at com.kms.katalon.core.main.TestCaseExecutor.processExecutionPhase(TestCaseExecutor.java:418)
	at com.kms.katalon.core.main.TestCaseExecutor.accessMainPhase(TestCaseExecutor.java:410)
	at com.kms.katalon.core.main.TestCaseExecutor.execute(TestCaseExecutor.java:285)
	at com.kms.katalon.core.common.CommonExecutor.accessTestCaseMainPhase(CommonExecutor.java:71)
	at com.kms.katalon.core.main.TestSuiteExecutor.accessTestSuiteMainPhase(TestSuiteExecutor.java:160)
	at com.kms.katalon.core.main.TestSuiteExecutor.execute(TestSuiteExecutor.java:107)
	at com.kms.katalon.core.main.TestCaseMain.startTestSuite(TestCaseMain.java:180)
	at TempTestSuite1743411344429.run(TempTestSuite1743411344429.groovy:35)
	at java.base/jdk.internal.reflect.NativeMethodAccessorImpl.invoke0(Native Method)
	at java.base/jdk.internal.reflect.NativeMethodAccessorImpl.invoke(NativeMethodAccessorImpl.java:77)
	at java.base/jdk.internal.reflect.DelegatingMethodAccessorImpl.invoke(DelegatingMethodAccessorImpl.java:43)
Caused by: com.kms.katalon.core.exception.StepFailedException: Object Object Repository/Repo/android.widget.EditText-OAM(Login) not found
	at com.kms.katalon.core.mobile.keyword.internal.MobileKeywordMain.stepFailed(MobileKeywordMain.groovy:64)
	at com.kms.katalon.core.mobile.keyword.builtin.SetTextKeyword$_setText_closure1.doCall(SetTextKeyword.groovy:52)
	at com.kms.katalon.core.mobile.keyword.builtin.SetTextKeyword$_setText_closure1.call(SetTextKeyword.groovy)
	at com.kms.katalon.core.mobile.keyword.internal.MobileKeywordMain.runKeyword(MobileKeywordMain.groovy:30)
	... 20 more]]></system-err>
   </testsuite>
</testsuites>
