<?xml version="1.0" encoding="UTF-8"?>
<testsuites name="Sprint-4" time="2398.124" tests="11" failures="4" errors="0">
   <testsuite name="Sprint-4" tests="11" failures="4" errors="0" time="2398.124" skipped="0" timestamp="28-04-2025T11:42:55" hostname="**********" id="Test Suites/Sprint-4">
      <properties>
         <property name="deviceName" value="Xiaomi 23076PC4BI (Android 15)"/>
         <property name="devicePlatform" value="Android"/>
         <property name="logFolder" value="/Users/gv.vignesh/Downloads/WGR-Android-Automation/Reports/20250428_114252/Sprint-4/20250428_114252"/>
         <property name="logFiles" value="/Users/gv.vignesh/Downloads/WGR-Android-Automation/Reports/20250428_114252/Sprint-4/20250428_114252/execution0.log, /Users/gv.vignesh/Downloads/WGR-Android-Automation/Reports/20250428_114252/Sprint-4/20250428_114252/appium_error.log, /Users/gv.vignesh/Downloads/WGR-Android-Automation/Reports/20250428_114252/Sprint-4/20250428_114252/appium.log"/>
         <property name="attachments" value="/Users/gv.vignesh/Downloads/WGR-Android-Automation/Reports/20250428_114252/Sprint-4/20250428_114252/1745821807898.png, /Users/gv.vignesh/Downloads/WGR-Android-Automation/Reports/20250428_114252/Sprint-4/20250428_114252/1745821809497.png, /Users/gv.vignesh/Downloads/WGR-Android-Automation/Reports/20250428_114252/Sprint-4/20250428_114252/1745822022602.png, /Users/gv.vignesh/Downloads/WGR-Android-Automation/Reports/20250428_114252/Sprint-4/20250428_114252/1745822024108.png, /Users/gv.vignesh/Downloads/WGR-Android-Automation/Reports/20250428_114252/Sprint-4/20250428_114252/1745822226439.png, /Users/gv.vignesh/Downloads/WGR-Android-Automation/Reports/20250428_114252/Sprint-4/20250428_114252/1745822227875.png, /Users/gv.vignesh/Downloads/WGR-Android-Automation/Reports/20250428_114252/Sprint-4/20250428_114252/1745822429247.png, /Users/gv.vignesh/Downloads/WGR-Android-Automation/Reports/20250428_114252/Sprint-4/20250428_114252/1745822430879.png, /Users/gv.vignesh/Downloads/WGR-Android-Automation/Reports/20250428_114252/Sprint-4/20250428_114252/1745822568323.png, /Users/gv.vignesh/Downloads/WGR-Android-Automation/Reports/20250428_114252/Sprint-4/20250428_114252/1745822570360.png, /Users/gv.vignesh/Downloads/WGR-Android-Automation/Reports/20250428_114252/Sprint-4/20250428_114252/1745822646455.png, /Users/gv.vignesh/Downloads/WGR-Android-Automation/Reports/20250428_114252/Sprint-4/20250428_114252/1745822649105.png, /Users/gv.vignesh/Downloads/WGR-Android-Automation/Reports/20250428_114252/Sprint-4/20250428_114252/1745822726959.png, /Users/gv.vignesh/Downloads/WGR-Android-Automation/Reports/20250428_114252/Sprint-4/20250428_114252/1745822730251.png, /tmp/reservation_error_20250428_122248.png"/>
         <property name="hostName" value="**********"/>
         <property name="os" value="Mac OS X 64bit"/>
         <property name="appiumServerStatus" value="{&quot;value&quot;:{&quot;ready&quot;:true,&quot;message&quot;:&quot;The server is ready to accept new connections&quot;,&quot;build&quot;:{&quot;version&quot;:&quot;2.17.1&quot;,&quot;git-sha&quot;:&quot;12a3d4a6f1eedf483855716b989d828443438f79&quot;,&quot;built&quot;:&quot;2025-04-22 15:18:47 +0000&quot;}}}"/>
         <property name="katalonVersion" value="10.1.1.0"/>
         <property name="deviceOS" value="Android"/>
         <property name="appiumVersion" value="2.17.1"/>
         <property name="deviceModel" value="23076PC4BI"/>
         <property name="hostAddress" value="**********"/>
         <property name="deviceManufacturer" value="Xiaomi"/>
         <property name="deviceId" value="a6e538dc5180"/>
         <property name="deviceName" value="Xiaomi 23076PC4BI (Android 15)"/>
         <property name="deviceOSVersion" value="15"/>
      </properties>
      <testcase name="Test Cases/Home Page/C753_LoggeOutState_Verification" time="82.229" classname="Test Cases/Home Page/C753_LoggeOutState_Verification" status="PASSED">
         <system-out><![CDATA[28-04-2025T11:42:55 - [TEST_CASE][PASSED] - Test Cases/Home Page/C753_LoggeOutState_Verification: Test Cases/Home Page/C753_LoggeOutState_Verification

28-04-2025T11:42:55 - [TEST_STEP][PASSED] - startApplication("/Users/gv.vignesh/Downloads/app-debug (2.99.69).apk", true): Started application: '/Users/gv.vignesh/Downloads/app-debug (2.99.69).apk'

28-04-2025T11:42:56 - [MESSAGE][INFO] - Starting application: '/Users/gv.vignesh/Downloads/app-debug (2.99.69).apk'

28-04-2025T11:42:56 - [MESSAGE][INFO] - User set preference: ['uiautomator2ServerInstallTimeout', '0']

28-04-2025T11:42:56 - [MESSAGE][INFO] - User set preference: ['deviceId', '']

28-04-2025T11:42:56 - [MESSAGE][INFO] - Detected NodeJS location: "/opt/homebrew/Cellar/node/23.10.0_1/bin/node"

28-04-2025T11:42:56 - [MESSAGE][INFO] - PATH: /opt/homebrew/Cellar/node/23.10.0_1/bin:/opt/homebrew/bin:/usr/bin:/bin:/usr/sbin:/sbin:/Applications/Katalon Studio Enterprise.app/Contents/Eclipse/jre/Contents/Home/bin:/usr/local/bin/

28-04-2025T11:42:56 - [MESSAGE][INFO] - APPIUM_HOME: /Users/gv.vignesh/.appium

28-04-2025T11:42:56 - [MESSAGE][INFO] - appium outlog: /Users/gv.vignesh/Downloads/WGR-Android-Automation/Reports/20250428_114252/Sprint-4/20250428_114252/appium.log

28-04-2025T11:42:56 - [MESSAGE][INFO] - appium errlog: /Users/gv.vignesh/Downloads/WGR-Android-Automation/Reports/20250428_114252/Sprint-4/20250428_114252/appium_error.log

28-04-2025T11:42:56 - [MESSAGE][INFO] - Appium server started on port 61,821

28-04-2025T11:43:17 - [MESSAGE][PASSED] - Started application: '/Users/gv.vignesh/Downloads/app-debug (2.99.69).apk'

28-04-2025T11:43:17 - [TEST_STEP][PASSED] - delay(10): Delayed 10 second(s)

28-04-2025T11:43:27 - [MESSAGE][PASSED] - Delayed 10 second(s)

28-04-2025T11:43:27 - [TEST_STEP][PASSED] - tap(findTestObject("Object Repository/Carousel/android.widget.TextView - Home"), 0): Tapped on element 'Object Repository/Carousel/android.widget.TextView - Home'

28-04-2025T11:43:27 - [MESSAGE][WARNING] - Timeout '0' is invalid. Using default page load timeout: '30'

28-04-2025T11:43:28 - [MESSAGE][PASSED] - Tapped on element 'Object Repository/Carousel/android.widget.TextView - Home'

28-04-2025T11:43:28 - [TEST_STEP][PASSED] - delay(15): Delayed 15 second(s)

28-04-2025T11:43:43 - [MESSAGE][PASSED] - Delayed 15 second(s)

28-04-2025T11:43:43 - [TEST_STEP][PASSED] - assert verifyElementExist(findTestObject("Object Repository/Carousel/android.widget.TextView"), 0): Element 'Object Repository/Carousel/android.widget.TextView' is exist

28-04-2025T11:43:43 - [MESSAGE][WARNING] - Timeout '0' is invalid. Using default page load timeout: '30'

28-04-2025T11:43:43 - [MESSAGE][PASSED] - Element 'Object Repository/Carousel/android.widget.TextView' is exist

28-04-2025T11:43:43 - [TEST_STEP][PASSED] - swipe(800, 500, 100, 500): Swiped from 800,500 to 100,500

28-04-2025T11:43:44 - [MESSAGE][PASSED] - Swiped from 800,500 to 100,500

28-04-2025T11:43:44 - [TEST_STEP][PASSED] - delay(10): Delayed 10 second(s)

28-04-2025T11:43:55 - [MESSAGE][PASSED] - Delayed 10 second(s)

28-04-2025T11:43:55 - [TEST_STEP][PASSED] - scrollToText("recommended"): Scrolling to text 'recommended' successfully

28-04-2025T11:44:01 - [MESSAGE][PASSED] - Scrolling to text 'recommended' successfully

28-04-2025T11:44:01 - [TEST_STEP][PASSED] - delay(10): Delayed 10 second(s)

28-04-2025T11:44:11 - [MESSAGE][PASSED] - Delayed 10 second(s)

28-04-2025T11:44:11 - [TEST_STEP][PASSED] - assert verifyElementExist(findTestObject("Object Repository/Carousel/android.widget.TextView - Login Now"), 0): Element 'Object Repository/Carousel/android.widget.TextView - Login Now' is exist

28-04-2025T11:44:11 - [MESSAGE][WARNING] - Timeout '0' is invalid. Using default page load timeout: '30'

28-04-2025T11:44:12 - [MESSAGE][PASSED] - Element 'Object Repository/Carousel/android.widget.TextView - Login Now' is exist

28-04-2025T11:44:12 - [TEST_STEP][PASSED] - assert verifyElementExist(findTestObject("Object Repository/Carousel/android.widget.TextView - Book a Rental"), 0): Element 'Object Repository/Carousel/android.widget.TextView - Book a Rental' is exist

28-04-2025T11:44:12 - [MESSAGE][WARNING] - Timeout '0' is invalid. Using default page load timeout: '30'

28-04-2025T11:44:12 - [MESSAGE][PASSED] - Element 'Object Repository/Carousel/android.widget.TextView - Book a Rental' is exist

28-04-2025T11:44:12 - [TEST_STEP][PASSED] - assert verifyElementExist(findTestObject("Object Repository/Carousel/android.widget.TextView - RECOMMENDED FOR YOU"), 0): Element 'Object Repository/Carousel/android.widget.TextView - RECOMMENDED FOR YOU' is exist

28-04-2025T11:44:12 - [MESSAGE][WARNING] - Timeout '0' is invalid. Using default page load timeout: '30'

28-04-2025T11:44:13 - [MESSAGE][PASSED] - Element 'Object Repository/Carousel/android.widget.TextView - RECOMMENDED FOR YOU' is exist

28-04-2025T11:44:13 - [TEST_STEP][PASSED] - assert verifyElementExist(findTestObject("Object Repository/Carousel/android.widget.TextView - Home"), 0): Element 'Object Repository/Carousel/android.widget.TextView - Home' is exist

28-04-2025T11:44:13 - [MESSAGE][WARNING] - Timeout '0' is invalid. Using default page load timeout: '30'

28-04-2025T11:44:14 - [MESSAGE][PASSED] - Element 'Object Repository/Carousel/android.widget.TextView - Home' is exist

28-04-2025T11:44:14 - [TEST_STEP][PASSED] - assert verifyElementExist(findTestObject("Object Repository/Carousel/android.widget.TextView - My Account"), 0): Element 'Object Repository/Carousel/android.widget.TextView - My Account' is exist

28-04-2025T11:44:14 - [MESSAGE][WARNING] - Timeout '0' is invalid. Using default page load timeout: '30'

28-04-2025T11:44:14 - [MESSAGE][PASSED] - Element 'Object Repository/Carousel/android.widget.TextView - My Account' is exist

28-04-2025T11:44:14 - [TEST_STEP][PASSED] - closeApplication(): Close app successfully

28-04-2025T11:44:18 - [MESSAGE][PASSED] - Close app successfully]]></system-out>
         <system-err><![CDATA[]]></system-err>
      </testcase>
      <testcase name="Test Cases/Home Page/C765_WRMA-342_Homepage_Verification_logged in" time="209.091" classname="Test Cases/Home Page/C765_WRMA-342_Homepage_Verification_logged in" status="PASSED">
         <system-out><![CDATA[28-04-2025T11:44:18 - [TEST_CASE][PASSED] - Test Cases/Home Page/C765_WRMA-342_Homepage_Verification_logged in: Test Cases/Home Page/C765_WRMA-342_Homepage_Verification_logged in

28-04-2025T11:44:18 - [TEST_STEP][PASSED] - startApplication("/Users/gv.vignesh/Downloads/app-debug (2.99.69).apk", true): Started application: '/Users/gv.vignesh/Downloads/app-debug (2.99.69).apk'

28-04-2025T11:44:18 - [MESSAGE][INFO] - Starting application: '/Users/gv.vignesh/Downloads/app-debug (2.99.69).apk'

28-04-2025T11:44:18 - [MESSAGE][INFO] - User set preference: ['uiautomator2ServerInstallTimeout', '0']

28-04-2025T11:44:18 - [MESSAGE][INFO] - User set preference: ['deviceId', '']

28-04-2025T11:44:18 - [MESSAGE][INFO] - Detected NodeJS location: "/opt/homebrew/Cellar/node/23.10.0_1/bin/node"

28-04-2025T11:44:18 - [MESSAGE][INFO] - PATH: /opt/homebrew/Cellar/node/23.10.0_1/bin:/opt/homebrew/bin:/usr/bin:/bin:/usr/sbin:/sbin:/Applications/Katalon Studio Enterprise.app/Contents/Eclipse/jre/Contents/Home/bin:/usr/local/bin/

28-04-2025T11:44:18 - [MESSAGE][INFO] - APPIUM_HOME: /Users/gv.vignesh/.appium

28-04-2025T11:44:18 - [MESSAGE][INFO] - appium outlog: /Users/gv.vignesh/Downloads/WGR-Android-Automation/Reports/20250428_114252/Sprint-4/20250428_114252/appium.log

28-04-2025T11:44:18 - [MESSAGE][INFO] - appium errlog: /Users/gv.vignesh/Downloads/WGR-Android-Automation/Reports/20250428_114252/Sprint-4/20250428_114252/appium_error.log

28-04-2025T11:44:18 - [MESSAGE][INFO] - Appium server started on port 62,100

28-04-2025T11:44:35 - [MESSAGE][PASSED] - Started application: '/Users/gv.vignesh/Downloads/app-debug (2.99.69).apk'

28-04-2025T11:44:35 - [TEST_STEP][PASSED] - delay(10): Delayed 10 second(s)

28-04-2025T11:44:45 - [MESSAGE][PASSED] - Delayed 10 second(s)

28-04-2025T11:44:45 - [TEST_STEP][PASSED] - tap(findTestObject("Object Repository/Repo/MyStay/android.widget.Button - Login or Sign Up (1)"), 0): Tapped on element 'Object Repository/Repo/MyStay/android.widget.Button - Login or Sign Up (1)'

28-04-2025T11:44:45 - [MESSAGE][WARNING] - Timeout '0' is invalid. Using default page load timeout: '30'

28-04-2025T11:44:47 - [MESSAGE][PASSED] - Tapped on element 'Object Repository/Repo/MyStay/android.widget.Button - Login or Sign Up (1)'

28-04-2025T11:44:47 - [TEST_STEP][PASSED] - delay(10): Delayed 10 second(s)

28-04-2025T11:44:57 - [MESSAGE][PASSED] - Delayed 10 second(s)

28-04-2025T11:44:57 - [TEST_STEP][PASSED] - setText(findTestObject("Object Repository/Repo/MyStay/android.widget.EditText (3)"), "0425201TM@WG.COM", 0): Text '0425201TM@WG.COM' has been set to element 'Object Repository/Repo/MyStay/android.widget.EditText (3)'

28-04-2025T11:44:57 - [MESSAGE][WARNING] - Timeout '0' is invalid. Using default page load timeout: '30'

28-04-2025T11:44:58 - [MESSAGE][PASSED] - Text '0425201TM@WG.COM' has been set to element 'Object Repository/Repo/MyStay/android.widget.EditText (3)'

28-04-2025T11:44:58 - [TEST_STEP][PASSED] - hideKeyboard(): Keyboard is hidden

28-04-2025T11:45:01 - [MESSAGE][PASSED] - Keyboard is hidden

28-04-2025T11:45:01 - [TEST_STEP][PASSED] - delay(10): Delayed 10 second(s)

28-04-2025T11:45:11 - [MESSAGE][PASSED] - Delayed 10 second(s)

28-04-2025T11:45:11 - [TEST_STEP][PASSED] - tap(findTestObject("Object Repository/Repo/MyStay/android.widget.Button - Next (1)"), 0): Tapped on element 'Object Repository/Repo/MyStay/android.widget.Button - Next (1)'

28-04-2025T11:45:11 - [MESSAGE][WARNING] - Timeout '0' is invalid. Using default page load timeout: '30'

28-04-2025T11:45:11 - [MESSAGE][PASSED] - Tapped on element 'Object Repository/Repo/MyStay/android.widget.Button - Next (1)'

28-04-2025T11:45:11 - [TEST_STEP][PASSED] - delay(10): Delayed 10 second(s)

28-04-2025T11:45:21 - [MESSAGE][PASSED] - Delayed 10 second(s)

28-04-2025T11:45:21 - [TEST_STEP][PASSED] - delay(30): Delayed 30 second(s)

28-04-2025T11:45:51 - [MESSAGE][PASSED] - Delayed 30 second(s)

28-04-2025T11:45:51 - [TEST_STEP][PASSED] - setText(findTestObject("Object Repository/Repo/SignUpNewUser/android.widget.EditText (24)"), "0425201TM@WG.COM", 0): Text '0425201TM@WG.COM' has been set to element 'Object Repository/Repo/SignUpNewUser/android.widget.EditText (24)'

28-04-2025T11:45:51 - [MESSAGE][WARNING] - Timeout '0' is invalid. Using default page load timeout: '30'

28-04-2025T11:45:52 - [MESSAGE][PASSED] - Text '0425201TM@WG.COM' has been set to element 'Object Repository/Repo/SignUpNewUser/android.widget.EditText (24)'

28-04-2025T11:45:52 - [TEST_STEP][PASSED] - hideKeyboard(): Keyboard is hidden

28-04-2025T11:45:54 - [MESSAGE][PASSED] - Keyboard is hidden

28-04-2025T11:45:54 - [TEST_STEP][PASSED] - delay(20): Delayed 20 second(s)

28-04-2025T11:46:14 - [MESSAGE][PASSED] - Delayed 20 second(s)

28-04-2025T11:46:14 - [TEST_STEP][PASSED] - setText(findTestObject("Object Repository/Repo/SignUpNewUser/android.widget.EditText (25)"), "password", 0): Text 'password' has been set to element 'Object Repository/Repo/SignUpNewUser/android.widget.EditText (25)'

28-04-2025T11:46:14 - [MESSAGE][WARNING] - Timeout '0' is invalid. Using default page load timeout: '30'

28-04-2025T11:46:15 - [MESSAGE][PASSED] - Text 'password' has been set to element 'Object Repository/Repo/SignUpNewUser/android.widget.EditText (25)'

28-04-2025T11:46:15 - [TEST_STEP][PASSED] - hideKeyboard(): Keyboard is hidden

28-04-2025T11:46:17 - [MESSAGE][PASSED] - Keyboard is hidden

28-04-2025T11:46:17 - [TEST_STEP][PASSED] - delay(20): Delayed 20 second(s)

28-04-2025T11:46:37 - [MESSAGE][PASSED] - Delayed 20 second(s)

28-04-2025T11:46:37 - [TEST_STEP][PASSED] - tap(findTestObject("Object Repository/Repo/SignUpNewUser/android.widget.Button - LOGIN"), 0): Tapped on element 'Object Repository/Repo/SignUpNewUser/android.widget.Button - LOGIN'

28-04-2025T11:46:37 - [MESSAGE][WARNING] - Timeout '0' is invalid. Using default page load timeout: '30'

28-04-2025T11:46:38 - [MESSAGE][PASSED] - Tapped on element 'Object Repository/Repo/SignUpNewUser/android.widget.Button - LOGIN'

28-04-2025T11:46:38 - [TEST_STEP][PASSED] - delay(20): Delayed 20 second(s)

28-04-2025T11:46:58 - [MESSAGE][PASSED] - Delayed 20 second(s)

28-04-2025T11:46:58 - [TEST_STEP][PASSED] - tap(findTestObject("Object Repository/Carousel/android.widget.TextView - Home"), 0): Tapped on element 'Object Repository/Carousel/android.widget.TextView - Home'

28-04-2025T11:46:58 - [MESSAGE][WARNING] - Timeout '0' is invalid. Using default page load timeout: '30'

28-04-2025T11:46:59 - [MESSAGE][PASSED] - Tapped on element 'Object Repository/Carousel/android.widget.TextView - Home'

28-04-2025T11:46:59 - [TEST_STEP][PASSED] - delay(15): Delayed 15 second(s)

28-04-2025T11:47:14 - [MESSAGE][PASSED] - Delayed 15 second(s)

28-04-2025T11:47:14 - [TEST_STEP][PASSED] - assert verifyElementExist(findTestObject("Object Repository/Carousel/android.widget.TextView"), 0): Element 'Object Repository/Carousel/android.widget.TextView' is exist

28-04-2025T11:47:14 - [MESSAGE][WARNING] - Timeout '0' is invalid. Using default page load timeout: '30'

28-04-2025T11:47:15 - [MESSAGE][PASSED] - Element 'Object Repository/Carousel/android.widget.TextView' is exist

28-04-2025T11:47:15 - [TEST_STEP][PASSED] - swipe(800, 500, 100, 500): Swiped from 800,500 to 100,500

28-04-2025T11:47:16 - [MESSAGE][PASSED] - Swiped from 800,500 to 100,500

28-04-2025T11:47:16 - [TEST_STEP][PASSED] - delay(10): Delayed 10 second(s)

28-04-2025T11:47:26 - [MESSAGE][PASSED] - Delayed 10 second(s)

28-04-2025T11:47:26 - [TEST_STEP][PASSED] - scrollToText("recommended"): Scrolling to text 'recommended' successfully

28-04-2025T11:47:31 - [MESSAGE][PASSED] - Scrolling to text 'recommended' successfully

28-04-2025T11:47:31 - [TEST_STEP][PASSED] - delay(10): Delayed 10 second(s)

28-04-2025T11:47:41 - [MESSAGE][PASSED] - Delayed 10 second(s)

28-04-2025T11:47:41 - [TEST_STEP][PASSED] - assert verifyElementExist(findTestObject("Object Repository/Carousel/android.widget.TextView - Book a Rental"), 0): Element 'Object Repository/Carousel/android.widget.TextView - Book a Rental' is exist

28-04-2025T11:47:41 - [MESSAGE][WARNING] - Timeout '0' is invalid. Using default page load timeout: '30'

28-04-2025T11:47:42 - [MESSAGE][PASSED] - Element 'Object Repository/Carousel/android.widget.TextView - Book a Rental' is exist

28-04-2025T11:47:42 - [TEST_STEP][PASSED] - assert verifyElementExist(findTestObject("Object Repository/Carousel/android.widget.TextView - RECOMMENDED FOR YOU"), 0): Element 'Object Repository/Carousel/android.widget.TextView - RECOMMENDED FOR YOU' is exist

28-04-2025T11:47:42 - [MESSAGE][WARNING] - Timeout '0' is invalid. Using default page load timeout: '30'

28-04-2025T11:47:42 - [MESSAGE][PASSED] - Element 'Object Repository/Carousel/android.widget.TextView - RECOMMENDED FOR YOU' is exist

28-04-2025T11:47:42 - [TEST_STEP][PASSED] - assert verifyElementExist(findTestObject("Object Repository/Carousel/android.widget.TextView - Home"), 0): Element 'Object Repository/Carousel/android.widget.TextView - Home' is exist

28-04-2025T11:47:42 - [MESSAGE][WARNING] - Timeout '0' is invalid. Using default page load timeout: '30'

28-04-2025T11:47:43 - [MESSAGE][PASSED] - Element 'Object Repository/Carousel/android.widget.TextView - Home' is exist

28-04-2025T11:47:43 - [TEST_STEP][PASSED] - assert verifyElementExist(findTestObject("Object Repository/Carousel/android.widget.TextView - My Account"), 0): Element 'Object Repository/Carousel/android.widget.TextView - My Account' is exist

28-04-2025T11:47:43 - [MESSAGE][WARNING] - Timeout '0' is invalid. Using default page load timeout: '30'

28-04-2025T11:47:43 - [MESSAGE][PASSED] - Element 'Object Repository/Carousel/android.widget.TextView - My Account' is exist

28-04-2025T11:47:43 - [TEST_STEP][PASSED] - closeApplication(): Close app successfully

28-04-2025T11:47:47 - [MESSAGE][PASSED] - Close app successfully]]></system-out>
         <system-err><![CDATA[]]></system-err>
      </testcase>
      <testcase name="Test Cases/Home Page/C754_HomepageFunctionality" time="58.597" classname="Test Cases/Home Page/C754_HomepageFunctionality" status="PASSED">
         <system-out><![CDATA[28-04-2025T11:47:47 - [TEST_CASE][PASSED] - Test Cases/Home Page/C754_HomepageFunctionality: Test Cases/Home Page/C754_HomepageFunctionality

28-04-2025T11:47:47 - [TEST_STEP][PASSED] - startApplication("/Users/gv.vignesh/Downloads/app-debug (2.99.69).apk", true): Started application: '/Users/gv.vignesh/Downloads/app-debug (2.99.69).apk'

28-04-2025T11:47:47 - [MESSAGE][INFO] - Starting application: '/Users/gv.vignesh/Downloads/app-debug (2.99.69).apk'

28-04-2025T11:47:47 - [MESSAGE][INFO] - User set preference: ['uiautomator2ServerInstallTimeout', '0']

28-04-2025T11:47:47 - [MESSAGE][INFO] - User set preference: ['deviceId', '']

28-04-2025T11:47:47 - [MESSAGE][INFO] - Detected NodeJS location: "/opt/homebrew/Cellar/node/23.10.0_1/bin/node"

28-04-2025T11:47:47 - [MESSAGE][INFO] - PATH: /opt/homebrew/Cellar/node/23.10.0_1/bin:/opt/homebrew/bin:/usr/bin:/bin:/usr/sbin:/sbin:/Applications/Katalon Studio Enterprise.app/Contents/Eclipse/jre/Contents/Home/bin:/usr/local/bin/

28-04-2025T11:47:47 - [MESSAGE][INFO] - APPIUM_HOME: /Users/gv.vignesh/.appium

28-04-2025T11:47:47 - [MESSAGE][INFO] - appium outlog: /Users/gv.vignesh/Downloads/WGR-Android-Automation/Reports/20250428_114252/Sprint-4/20250428_114252/appium.log

28-04-2025T11:47:47 - [MESSAGE][INFO] - appium errlog: /Users/gv.vignesh/Downloads/WGR-Android-Automation/Reports/20250428_114252/Sprint-4/20250428_114252/appium_error.log

28-04-2025T11:47:47 - [MESSAGE][INFO] - Appium server started on port 62,451

28-04-2025T11:48:05 - [MESSAGE][PASSED] - Started application: '/Users/gv.vignesh/Downloads/app-debug (2.99.69).apk'

28-04-2025T11:48:05 - [TEST_STEP][PASSED] - delay(10): Delayed 10 second(s)

28-04-2025T11:48:15 - [MESSAGE][PASSED] - Delayed 10 second(s)

28-04-2025T11:48:15 - [TEST_STEP][PASSED] - tap(findTestObject("Object Repository/Carousel/android.widget.TextView - Home"), 0): Tapped on element 'Object Repository/Carousel/android.widget.TextView - Home'

28-04-2025T11:48:15 - [MESSAGE][WARNING] - Timeout '0' is invalid. Using default page load timeout: '30'

28-04-2025T11:48:16 - [MESSAGE][PASSED] - Tapped on element 'Object Repository/Carousel/android.widget.TextView - Home'

28-04-2025T11:48:16 - [TEST_STEP][PASSED] - delay(15): Delayed 15 second(s)

28-04-2025T11:48:31 - [MESSAGE][PASSED] - Delayed 15 second(s)

28-04-2025T11:48:31 - [TEST_STEP][PASSED] - tap(findTestObject("Object Repository/Carousel/android.widget.TextView (1)"), 0): Tapped on element 'Object Repository/Carousel/android.widget.TextView (1)'

28-04-2025T11:48:31 - [MESSAGE][WARNING] - Timeout '0' is invalid. Using default page load timeout: '30'

28-04-2025T11:48:31 - [MESSAGE][PASSED] - Tapped on element 'Object Repository/Carousel/android.widget.TextView (1)'

28-04-2025T11:48:31 - [TEST_STEP][PASSED] - delay(10): Delayed 10 second(s)

28-04-2025T11:48:41 - [MESSAGE][PASSED] - Delayed 10 second(s)

28-04-2025T11:48:41 - [TEST_STEP][PASSED] - assert verifyElementExist(findTestObject("Object Repository/Carousel/android.widget.TextView - App Test Image Article"), 0): Element 'Object Repository/Carousel/android.widget.TextView - App Test Image Article' is exist

28-04-2025T11:48:41 - [MESSAGE][WARNING] - Timeout '0' is invalid. Using default page load timeout: '30'

28-04-2025T11:48:42 - [MESSAGE][PASSED] - Element 'Object Repository/Carousel/android.widget.TextView - App Test Image Article' is exist

28-04-2025T11:48:42 - [TEST_STEP][PASSED] - assert verifyElementExist(findTestObject("Object Repository/Carousel/android.widget.TextView - App Test Image Article (1)"), 0): Element 'Object Repository/Carousel/android.widget.TextView - App Test Image Article (1)' is exist

28-04-2025T11:48:42 - [MESSAGE][WARNING] - Timeout '0' is invalid. Using default page load timeout: '30'

28-04-2025T11:48:42 - [MESSAGE][PASSED] - Element 'Object Repository/Carousel/android.widget.TextView - App Test Image Article (1)' is exist

28-04-2025T11:48:42 - [TEST_STEP][PASSED] - closeApplication(): Close app successfully

28-04-2025T11:48:45 - [MESSAGE][PASSED] - Close app successfully]]></system-out>
         <system-err><![CDATA[]]></system-err>
      </testcase>
      <testcase name="Test Cases/Add Account Number/C701_C702_AddAccountNumber_Verify_Incorrect_Account_Number" time="242.883" classname="Test Cases/Add Account Number/C701_C702_AddAccountNumber_Verify_Incorrect_Account_Number" status="PASSED">
         <system-out><![CDATA[28-04-2025T11:48:45 - [TEST_CASE][PASSED] - Test Cases/Add Account Number/C701_C702_AddAccountNumber_Verify_Incorrect_Account_Number: Test Cases/Add Account Number/C701_C702_AddAccountNumber_Verify_Incorrect_Account_Number

28-04-2025T11:48:45 - [TEST_STEP][PASSED] - startApplication("/Users/gv.vignesh/Downloads/app-debug-Version 2.99.68.apk", true): Started application: '/Users/gv.vignesh/Downloads/app-debug-Version 2.99.68.apk'

28-04-2025T11:48:45 - [MESSAGE][INFO] - Starting application: '/Users/gv.vignesh/Downloads/app-debug-Version 2.99.68.apk'

28-04-2025T11:48:45 - [MESSAGE][INFO] - User set preference: ['uiautomator2ServerInstallTimeout', '0']

28-04-2025T11:48:45 - [MESSAGE][INFO] - User set preference: ['deviceId', '']

28-04-2025T11:48:45 - [MESSAGE][INFO] - Detected NodeJS location: "/opt/homebrew/Cellar/node/23.10.0_1/bin/node"

28-04-2025T11:48:45 - [MESSAGE][INFO] - PATH: /opt/homebrew/Cellar/node/23.10.0_1/bin:/opt/homebrew/bin:/usr/bin:/bin:/usr/sbin:/sbin:/Applications/Katalon Studio Enterprise.app/Contents/Eclipse/jre/Contents/Home/bin:/usr/local/bin/

28-04-2025T11:48:45 - [MESSAGE][INFO] - APPIUM_HOME: /Users/gv.vignesh/.appium

28-04-2025T11:48:45 - [MESSAGE][INFO] - appium outlog: /Users/gv.vignesh/Downloads/WGR-Android-Automation/Reports/20250428_114252/Sprint-4/20250428_114252/appium.log

28-04-2025T11:48:45 - [MESSAGE][INFO] - appium errlog: /Users/gv.vignesh/Downloads/WGR-Android-Automation/Reports/20250428_114252/Sprint-4/20250428_114252/appium_error.log

28-04-2025T11:48:46 - [MESSAGE][INFO] - Appium server started on port 62,638

28-04-2025T11:49:03 - [MESSAGE][PASSED] - Started application: '/Users/gv.vignesh/Downloads/app-debug-Version 2.99.68.apk'

28-04-2025T11:49:03 - [TEST_STEP][PASSED] - delay(10): Delayed 10 second(s)

28-04-2025T11:49:13 - [MESSAGE][PASSED] - Delayed 10 second(s)

28-04-2025T11:49:13 - [TEST_STEP][PASSED] - tap(findTestObject("Object Repository/C701-C702/android.widget.Button - Login or Sign Up"), 0): Tapped on element 'Object Repository/C701-C702/android.widget.Button - Login or Sign Up'

28-04-2025T11:49:13 - [MESSAGE][WARNING] - Timeout '0' is invalid. Using default page load timeout: '30'

28-04-2025T11:49:14 - [MESSAGE][PASSED] - Tapped on element 'Object Repository/C701-C702/android.widget.Button - Login or Sign Up'

28-04-2025T11:49:14 - [TEST_STEP][PASSED] - delay(10): Delayed 10 second(s)

28-04-2025T11:49:24 - [MESSAGE][PASSED] - Delayed 10 second(s)

28-04-2025T11:49:24 - [TEST_STEP][PASSED] - setText(findTestObject("Object Repository/C701-C702/android.widget.EditText"), "0425201TM@WG.COM", 0): Text '0425201TM@WG.COM' has been set to element 'Object Repository/C701-C702/android.widget.EditText'

28-04-2025T11:49:24 - [MESSAGE][WARNING] - Timeout '0' is invalid. Using default page load timeout: '30'

28-04-2025T11:49:24 - [MESSAGE][PASSED] - Text '0425201TM@WG.COM' has been set to element 'Object Repository/C701-C702/android.widget.EditText'

28-04-2025T11:49:24 - [TEST_STEP][PASSED] - hideKeyboard(): Keyboard is hidden

28-04-2025T11:49:27 - [MESSAGE][PASSED] - Keyboard is hidden

28-04-2025T11:49:27 - [TEST_STEP][PASSED] - delay(10): Delayed 10 second(s)

28-04-2025T11:49:37 - [MESSAGE][PASSED] - Delayed 10 second(s)

28-04-2025T11:49:37 - [TEST_STEP][PASSED] - tap(findTestObject("Object Repository/C701-C702/android.widget.Button - Next"), 0): Tapped on element 'Object Repository/C701-C702/android.widget.Button - Next'

28-04-2025T11:49:37 - [MESSAGE][WARNING] - Timeout '0' is invalid. Using default page load timeout: '30'

28-04-2025T11:49:38 - [MESSAGE][PASSED] - Tapped on element 'Object Repository/C701-C702/android.widget.Button - Next'

28-04-2025T11:49:38 - [TEST_STEP][PASSED] - delay(40): Delayed 40 second(s)

28-04-2025T11:50:18 - [MESSAGE][PASSED] - Delayed 40 second(s)

28-04-2025T11:50:18 - [TEST_STEP][PASSED] - setText(findTestObject("Object Repository/C701-C702/android.widget.EditText (1)"), "0425201TM@WG.COM", 0): Text '0425201TM@WG.COM' has been set to element 'Object Repository/C701-C702/android.widget.EditText (1)'

28-04-2025T11:50:18 - [MESSAGE][WARNING] - Timeout '0' is invalid. Using default page load timeout: '30'

28-04-2025T11:50:18 - [MESSAGE][PASSED] - Text '0425201TM@WG.COM' has been set to element 'Object Repository/C701-C702/android.widget.EditText (1)'

28-04-2025T11:50:18 - [TEST_STEP][PASSED] - hideKeyboard(): Keyboard is hidden

28-04-2025T11:50:21 - [MESSAGE][PASSED] - Keyboard is hidden

28-04-2025T11:50:21 - [TEST_STEP][PASSED] - delay(10): Delayed 10 second(s)

28-04-2025T11:50:31 - [MESSAGE][PASSED] - Delayed 10 second(s)

28-04-2025T11:50:31 - [TEST_STEP][PASSED] - setText(findTestObject("Object Repository/C701-C702/android.widget.EditText (2)"), "password", 0): Text 'password' has been set to element 'Object Repository/C701-C702/android.widget.EditText (2)'

28-04-2025T11:50:31 - [MESSAGE][WARNING] - Timeout '0' is invalid. Using default page load timeout: '30'

28-04-2025T11:50:32 - [MESSAGE][PASSED] - Text 'password' has been set to element 'Object Repository/C701-C702/android.widget.EditText (2)'

28-04-2025T11:50:32 - [TEST_STEP][PASSED] - hideKeyboard(): Keyboard is hidden

28-04-2025T11:50:34 - [MESSAGE][PASSED] - Keyboard is hidden

28-04-2025T11:50:34 - [TEST_STEP][PASSED] - delay(10): Delayed 10 second(s)

28-04-2025T11:50:44 - [MESSAGE][PASSED] - Delayed 10 second(s)

28-04-2025T11:50:44 - [TEST_STEP][PASSED] - tap(findTestObject("Object Repository/C701-C702/android.widget.Button - LOGIN"), 0): Tapped on element 'Object Repository/C701-C702/android.widget.Button - LOGIN'

28-04-2025T11:50:44 - [MESSAGE][WARNING] - Timeout '0' is invalid. Using default page load timeout: '30'

28-04-2025T11:50:45 - [MESSAGE][PASSED] - Tapped on element 'Object Repository/C701-C702/android.widget.Button - LOGIN'

28-04-2025T11:50:45 - [TEST_STEP][PASSED] - delay(10): Delayed 10 second(s)

28-04-2025T11:50:55 - [MESSAGE][PASSED] - Delayed 10 second(s)

28-04-2025T11:50:55 - [TEST_STEP][PASSED] - tap(findTestObject("Object Repository/C701-C702/android.widget.TextView - My Account"), 0): Tapped on element 'Object Repository/C701-C702/android.widget.TextView - My Account'

28-04-2025T11:50:55 - [MESSAGE][WARNING] - Timeout '0' is invalid. Using default page load timeout: '30'

28-04-2025T11:50:56 - [MESSAGE][PASSED] - Tapped on element 'Object Repository/C701-C702/android.widget.TextView - My Account'

28-04-2025T11:50:56 - [TEST_STEP][PASSED] - delay(10): Delayed 10 second(s)

28-04-2025T11:51:06 - [MESSAGE][PASSED] - Delayed 10 second(s)

28-04-2025T11:51:06 - [TEST_STEP][PASSED] - tap(findTestObject("Object Repository/C701-C702/android.widget.TextView - Add An Account Number"), 0): Tapped on element 'Object Repository/C701-C702/android.widget.TextView - Add An Account Number'

28-04-2025T11:51:06 - [MESSAGE][WARNING] - Timeout '0' is invalid. Using default page load timeout: '30'

28-04-2025T11:51:07 - [MESSAGE][PASSED] - Tapped on element 'Object Repository/C701-C702/android.widget.TextView - Add An Account Number'

28-04-2025T11:51:07 - [TEST_STEP][PASSED] - delay(10): Delayed 10 second(s)

28-04-2025T11:51:17 - [MESSAGE][PASSED] - Delayed 10 second(s)

28-04-2025T11:51:17 - [TEST_STEP][PASSED] - setText(findTestObject("Object Repository/C701-C702/android.widget.EditText (3)"), "123", 0): Text '123' has been set to element 'Object Repository/C701-C702/android.widget.EditText (3)'

28-04-2025T11:51:17 - [MESSAGE][WARNING] - Timeout '0' is invalid. Using default page load timeout: '30'

28-04-2025T11:51:17 - [MESSAGE][PASSED] - Text '123' has been set to element 'Object Repository/C701-C702/android.widget.EditText (3)'

28-04-2025T11:51:17 - [TEST_STEP][PASSED] - delay(10): Delayed 10 second(s)

28-04-2025T11:51:27 - [MESSAGE][PASSED] - Delayed 10 second(s)

28-04-2025T11:51:27 - [TEST_STEP][PASSED] - assert verifyElementExist(findTestObject("Object Repository/C701-C702/android.widget.TextView -  Account number should be 7-11 digits"), 0): Element 'Object Repository/C701-C702/android.widget.TextView -  Account number should be 7-11 digits' is exist

28-04-2025T11:51:27 - [MESSAGE][WARNING] - Timeout '0' is invalid. Using default page load timeout: '30'

28-04-2025T11:51:28 - [MESSAGE][PASSED] - Element 'Object Repository/C701-C702/android.widget.TextView -  Account number should be 7-11 digits' is exist

28-04-2025T11:51:28 - [TEST_STEP][PASSED] - tap(findTestObject("Object Repository/C701-C702/android.widget.Button - reset"), 0): Tapped on element 'Object Repository/C701-C702/android.widget.Button - reset'

28-04-2025T11:51:28 - [MESSAGE][WARNING] - Timeout '0' is invalid. Using default page load timeout: '30'

28-04-2025T11:51:28 - [MESSAGE][PASSED] - Tapped on element 'Object Repository/C701-C702/android.widget.Button - reset'

28-04-2025T11:51:28 - [TEST_STEP][PASSED] - delay(10): Delayed 10 second(s)

28-04-2025T11:51:38 - [MESSAGE][PASSED] - Delayed 10 second(s)

28-04-2025T11:51:38 - [TEST_STEP][PASSED] - setText(findTestObject("Object Repository/C701-C702/android.widget.EditText (4)"), "123456789012", 0): Text '123456789012' has been set to element 'Object Repository/C701-C702/android.widget.EditText (4)'

28-04-2025T11:51:38 - [MESSAGE][WARNING] - Timeout '0' is invalid. Using default page load timeout: '30'

28-04-2025T11:51:39 - [MESSAGE][PASSED] - Text '123456789012' has been set to element 'Object Repository/C701-C702/android.widget.EditText (4)'

28-04-2025T11:51:39 - [TEST_STEP][PASSED] - delay(10): Delayed 10 second(s)

28-04-2025T11:51:49 - [MESSAGE][PASSED] - Delayed 10 second(s)

28-04-2025T11:51:49 - [TEST_STEP][PASSED] - assert verifyElementExist(findTestObject("Object Repository/C701-C702/android.widget.TextView -  Account number should be 7-11 digits"), 0): Element 'Object Repository/C701-C702/android.widget.TextView -  Account number should be 7-11 digits' is exist

28-04-2025T11:51:49 - [MESSAGE][WARNING] - Timeout '0' is invalid. Using default page load timeout: '30'

28-04-2025T11:51:49 - [MESSAGE][PASSED] - Element 'Object Repository/C701-C702/android.widget.TextView -  Account number should be 7-11 digits' is exist

28-04-2025T11:51:49 - [TEST_STEP][PASSED] - delay(10): Delayed 10 second(s)

28-04-2025T11:51:59 - [MESSAGE][PASSED] - Delayed 10 second(s)

28-04-2025T11:51:59 - [TEST_STEP][PASSED] - tap(findTestObject("Object Repository/C701-C702/android.widget.Button - back"), 0): Tapped on element 'Object Repository/C701-C702/android.widget.Button - back'

28-04-2025T11:51:59 - [MESSAGE][WARNING] - Timeout '0' is invalid. Using default page load timeout: '30'

28-04-2025T11:52:02 - [MESSAGE][PASSED] - Tapped on element 'Object Repository/C701-C702/android.widget.Button - back'

28-04-2025T11:52:02 - [TEST_STEP][PASSED] - delay(10): Delayed 10 second(s)

28-04-2025T11:52:12 - [MESSAGE][PASSED] - Delayed 10 second(s)

28-04-2025T11:52:12 - [TEST_STEP][PASSED] - tap(findTestObject("Object Repository/C701-C702/android.widget.TextView - Add An Account Number"), 0): Tapped on element 'Object Repository/C701-C702/android.widget.TextView - Add An Account Number'

28-04-2025T11:52:12 - [MESSAGE][WARNING] - Timeout '0' is invalid. Using default page load timeout: '30'

28-04-2025T11:52:12 - [MESSAGE][PASSED] - Tapped on element 'Object Repository/C701-C702/android.widget.TextView - Add An Account Number'

28-04-2025T11:52:12 - [TEST_STEP][PASSED] - delay(10): Delayed 10 second(s)

28-04-2025T11:52:22 - [MESSAGE][PASSED] - Delayed 10 second(s)

28-04-2025T11:52:22 - [TEST_STEP][PASSED] - setText(findTestObject("Object Repository/C701-C702/android.widget.EditText (5)"), "45634725", 0): Text '45634725' has been set to element 'Object Repository/C701-C702/android.widget.EditText (5)'

28-04-2025T11:52:22 - [MESSAGE][WARNING] - Timeout '0' is invalid. Using default page load timeout: '30'

28-04-2025T11:52:23 - [MESSAGE][PASSED] - Text '45634725' has been set to element 'Object Repository/C701-C702/android.widget.EditText (5)'

28-04-2025T11:52:23 - [TEST_STEP][PASSED] - delay(10): Delayed 10 second(s)

28-04-2025T11:52:33 - [MESSAGE][PASSED] - Delayed 10 second(s)

28-04-2025T11:52:33 - [TEST_STEP][PASSED] - tap(findTestObject("Object Repository/C701-C702/android.widget.Button - Next (1)"), 0): Tapped on element 'Object Repository/C701-C702/android.widget.Button - Next (1)'

28-04-2025T11:52:33 - [MESSAGE][WARNING] - Timeout '0' is invalid. Using default page load timeout: '30'

28-04-2025T11:52:33 - [MESSAGE][PASSED] - Tapped on element 'Object Repository/C701-C702/android.widget.Button - Next (1)'

28-04-2025T11:52:33 - [TEST_STEP][PASSED] - delay(10): Delayed 10 second(s)

28-04-2025T11:52:43 - [MESSAGE][PASSED] - Delayed 10 second(s)

28-04-2025T11:52:43 - [TEST_STEP][PASSED] - assert verifyElementExist(findTestObject("Object Repository/C701-C702/android.widget.TextView - Error"), 0): Element 'Object Repository/C701-C702/android.widget.TextView - Error' is exist

28-04-2025T11:52:43 - [MESSAGE][WARNING] - Timeout '0' is invalid. Using default page load timeout: '30'

28-04-2025T11:52:44 - [MESSAGE][PASSED] - Element 'Object Repository/C701-C702/android.widget.TextView - Error' is exist

28-04-2025T11:52:44 - [TEST_STEP][PASSED] - assert verifyElementExist(findTestObject("Object Repository/C701-C702/android.widget.TextView - Your account number could not be found. Please try again"), 0): Element 'Object Repository/C701-C702/android.widget.TextView - Your account number could not be found. Please try again' is exist

28-04-2025T11:52:44 - [MESSAGE][WARNING] - Timeout '0' is invalid. Using default page load timeout: '30'

28-04-2025T11:52:44 - [MESSAGE][PASSED] - Element 'Object Repository/C701-C702/android.widget.TextView - Your account number could not be found. Please try again' is exist

28-04-2025T11:52:44 - [TEST_STEP][PASSED] - assert verifyElementExist(findTestObject("Object Repository/C701-C702/android.widget.Button - Try Again"), 0): Element 'Object Repository/C701-C702/android.widget.Button - Try Again' is exist

28-04-2025T11:52:44 - [MESSAGE][WARNING] - Timeout '0' is invalid. Using default page load timeout: '30'

28-04-2025T11:52:45 - [MESSAGE][PASSED] - Element 'Object Repository/C701-C702/android.widget.Button - Try Again' is exist

28-04-2025T11:52:45 - [TEST_STEP][PASSED] - closeApplication(): Close app successfully

28-04-2025T11:52:48 - [MESSAGE][PASSED] - Close app successfully]]></system-out>
         <system-err><![CDATA[]]></system-err>
      </testcase>
      <testcase name="Test Cases/Add Account Number/C703_AddedAccountNumber_ErrorMessage" time="229.472" classname="Test Cases/Add Account Number/C703_AddedAccountNumber_ErrorMessage" status="PASSED">
         <system-out><![CDATA[28-04-2025T11:52:48 - [TEST_CASE][PASSED] - Test Cases/Add Account Number/C703_AddedAccountNumber_ErrorMessage: Test Cases/Add Account Number/C703_AddedAccountNumber_ErrorMessage

28-04-2025T11:52:48 - [TEST_STEP][PASSED] - startApplication("/Users/gv.vignesh/Downloads/app-debug-Version 2.99.68.apk", true): Started application: '/Users/gv.vignesh/Downloads/app-debug-Version 2.99.68.apk'

28-04-2025T11:52:48 - [MESSAGE][INFO] - Starting application: '/Users/gv.vignesh/Downloads/app-debug-Version 2.99.68.apk'

28-04-2025T11:52:48 - [MESSAGE][INFO] - User set preference: ['uiautomator2ServerInstallTimeout', '0']

28-04-2025T11:52:48 - [MESSAGE][INFO] - User set preference: ['deviceId', '']

28-04-2025T11:52:48 - [MESSAGE][INFO] - Detected NodeJS location: "/opt/homebrew/Cellar/node/23.10.0_1/bin/node"

28-04-2025T11:52:48 - [MESSAGE][INFO] - PATH: /opt/homebrew/Cellar/node/23.10.0_1/bin:/opt/homebrew/bin:/usr/bin:/bin:/usr/sbin:/sbin:/Applications/Katalon Studio Enterprise.app/Contents/Eclipse/jre/Contents/Home/bin:/usr/local/bin/

28-04-2025T11:52:48 - [MESSAGE][INFO] - APPIUM_HOME: /Users/gv.vignesh/.appium

28-04-2025T11:52:48 - [MESSAGE][INFO] - appium outlog: /Users/gv.vignesh/Downloads/WGR-Android-Automation/Reports/20250428_114252/Sprint-4/20250428_114252/appium.log

28-04-2025T11:52:48 - [MESSAGE][INFO] - appium errlog: /Users/gv.vignesh/Downloads/WGR-Android-Automation/Reports/20250428_114252/Sprint-4/20250428_114252/appium_error.log

28-04-2025T11:52:49 - [MESSAGE][INFO] - Appium server started on port 62,956

28-04-2025T11:53:10 - [MESSAGE][PASSED] - Started application: '/Users/gv.vignesh/Downloads/app-debug-Version 2.99.68.apk'

28-04-2025T11:53:10 - [TEST_STEP][PASSED] - delay(10): Delayed 10 second(s)

28-04-2025T11:53:20 - [MESSAGE][PASSED] - Delayed 10 second(s)

28-04-2025T11:53:20 - [TEST_STEP][PASSED] - tap(findTestObject("Object Repository/C701-C702/android.widget.Button - Login or Sign Up"), 0): Tapped on element 'Object Repository/C701-C702/android.widget.Button - Login or Sign Up'

28-04-2025T11:53:20 - [MESSAGE][WARNING] - Timeout '0' is invalid. Using default page load timeout: '30'

28-04-2025T11:53:21 - [MESSAGE][PASSED] - Tapped on element 'Object Repository/C701-C702/android.widget.Button - Login or Sign Up'

28-04-2025T11:53:21 - [TEST_STEP][PASSED] - delay(10): Delayed 10 second(s)

28-04-2025T11:53:31 - [MESSAGE][PASSED] - Delayed 10 second(s)

28-04-2025T11:53:31 - [TEST_STEP][PASSED] - setText(findTestObject("Object Repository/C701-C702/android.widget.EditText"), "0425201TM@WG.COM", 0): Text '0425201TM@WG.COM' has been set to element 'Object Repository/C701-C702/android.widget.EditText'

28-04-2025T11:53:31 - [MESSAGE][WARNING] - Timeout '0' is invalid. Using default page load timeout: '30'

28-04-2025T11:53:33 - [MESSAGE][PASSED] - Text '0425201TM@WG.COM' has been set to element 'Object Repository/C701-C702/android.widget.EditText'

28-04-2025T11:53:33 - [TEST_STEP][PASSED] - hideKeyboard(): Keyboard is hidden

28-04-2025T11:53:35 - [MESSAGE][PASSED] - Keyboard is hidden

28-04-2025T11:53:35 - [TEST_STEP][PASSED] - delay(10): Delayed 10 second(s)

28-04-2025T11:53:45 - [MESSAGE][PASSED] - Delayed 10 second(s)

28-04-2025T11:53:45 - [TEST_STEP][PASSED] - tap(findTestObject("Object Repository/C701-C702/android.widget.Button - Next"), 0): Tapped on element 'Object Repository/C701-C702/android.widget.Button - Next'

28-04-2025T11:53:45 - [MESSAGE][WARNING] - Timeout '0' is invalid. Using default page load timeout: '30'

28-04-2025T11:53:46 - [MESSAGE][PASSED] - Tapped on element 'Object Repository/C701-C702/android.widget.Button - Next'

28-04-2025T11:53:46 - [TEST_STEP][PASSED] - delay(40): Delayed 40 second(s)

28-04-2025T11:54:26 - [MESSAGE][PASSED] - Delayed 40 second(s)

28-04-2025T11:54:26 - [TEST_STEP][PASSED] - setText(findTestObject("Object Repository/C701-C702/android.widget.EditText (1)"), "0425201TM@WG.COM", 0): Text '0425201TM@WG.COM' has been set to element 'Object Repository/C701-C702/android.widget.EditText (1)'

28-04-2025T11:54:26 - [MESSAGE][WARNING] - Timeout '0' is invalid. Using default page load timeout: '30'

28-04-2025T11:54:28 - [MESSAGE][PASSED] - Text '0425201TM@WG.COM' has been set to element 'Object Repository/C701-C702/android.widget.EditText (1)'

28-04-2025T11:54:28 - [TEST_STEP][PASSED] - hideKeyboard(): Keyboard is hidden

28-04-2025T11:54:30 - [MESSAGE][PASSED] - Keyboard is hidden

28-04-2025T11:54:30 - [TEST_STEP][PASSED] - delay(10): Delayed 10 second(s)

28-04-2025T11:54:40 - [MESSAGE][PASSED] - Delayed 10 second(s)

28-04-2025T11:54:40 - [TEST_STEP][PASSED] - setText(findTestObject("Object Repository/C701-C702/android.widget.EditText (2)"), "password", 0): Text 'password' has been set to element 'Object Repository/C701-C702/android.widget.EditText (2)'

28-04-2025T11:54:40 - [MESSAGE][WARNING] - Timeout '0' is invalid. Using default page load timeout: '30'

28-04-2025T11:54:42 - [MESSAGE][PASSED] - Text 'password' has been set to element 'Object Repository/C701-C702/android.widget.EditText (2)'

28-04-2025T11:54:42 - [TEST_STEP][PASSED] - hideKeyboard(): Keyboard is hidden

28-04-2025T11:54:44 - [MESSAGE][PASSED] - Keyboard is hidden

28-04-2025T11:54:44 - [TEST_STEP][PASSED] - delay(10): Delayed 10 second(s)

28-04-2025T11:54:54 - [MESSAGE][PASSED] - Delayed 10 second(s)

28-04-2025T11:54:54 - [TEST_STEP][PASSED] - tap(findTestObject("Object Repository/C701-C702/android.widget.Button - LOGIN"), 0): Tapped on element 'Object Repository/C701-C702/android.widget.Button - LOGIN'

28-04-2025T11:54:54 - [MESSAGE][WARNING] - Timeout '0' is invalid. Using default page load timeout: '30'

28-04-2025T11:54:55 - [MESSAGE][PASSED] - Tapped on element 'Object Repository/C701-C702/android.widget.Button - LOGIN'

28-04-2025T11:54:55 - [TEST_STEP][PASSED] - delay(10): Delayed 10 second(s)

28-04-2025T11:55:05 - [MESSAGE][PASSED] - Delayed 10 second(s)

28-04-2025T11:55:05 - [TEST_STEP][PASSED] - tap(findTestObject("Object Repository/C701-C702/android.widget.TextView - My Account"), 0): Tapped on element 'Object Repository/C701-C702/android.widget.TextView - My Account'

28-04-2025T11:55:05 - [MESSAGE][WARNING] - Timeout '0' is invalid. Using default page load timeout: '30'

28-04-2025T11:55:06 - [MESSAGE][PASSED] - Tapped on element 'Object Repository/C701-C702/android.widget.TextView - My Account'

28-04-2025T11:55:06 - [TEST_STEP][PASSED] - delay(10): Delayed 10 second(s)

28-04-2025T11:55:16 - [MESSAGE][PASSED] - Delayed 10 second(s)

28-04-2025T11:55:16 - [TEST_STEP][PASSED] - tap(findTestObject("Object Repository/C701-C702/android.widget.TextView - Add An Account Number"), 0): Tapped on element 'Object Repository/C701-C702/android.widget.TextView - Add An Account Number'

28-04-2025T11:55:16 - [MESSAGE][WARNING] - Timeout '0' is invalid. Using default page load timeout: '30'

28-04-2025T11:55:16 - [MESSAGE][PASSED] - Tapped on element 'Object Repository/C701-C702/android.widget.TextView - Add An Account Number'

28-04-2025T11:55:16 - [TEST_STEP][PASSED] - delay(10): Delayed 10 second(s)

28-04-2025T11:55:26 - [MESSAGE][PASSED] - Delayed 10 second(s)

28-04-2025T11:55:26 - [TEST_STEP][PASSED] - setText(findTestObject("Object Repository/C701-C702/android.widget.EditText (5)"), "99868581242", 0): Text '99868581242' has been set to element 'Object Repository/C701-C702/android.widget.EditText (5)'

28-04-2025T11:55:26 - [MESSAGE][WARNING] - Timeout '0' is invalid. Using default page load timeout: '30'

28-04-2025T11:55:46 - [MESSAGE][PASSED] - Text '99868581242' has been set to element 'Object Repository/C701-C702/android.widget.EditText (5)'

28-04-2025T11:55:46 - [TEST_STEP][PASSED] - delay(10): Delayed 10 second(s)

28-04-2025T11:55:56 - [MESSAGE][PASSED] - Delayed 10 second(s)

28-04-2025T11:55:56 - [TEST_STEP][PASSED] - tap(findTestObject("Object Repository/C701-C702/android.widget.Button - Next (1)"), 0): Tapped on element 'Object Repository/C701-C702/android.widget.Button - Next (1)'

28-04-2025T11:55:56 - [MESSAGE][WARNING] - Timeout '0' is invalid. Using default page load timeout: '30'

28-04-2025T11:55:56 - [MESSAGE][PASSED] - Tapped on element 'Object Repository/C701-C702/android.widget.Button - Next (1)'

28-04-2025T11:55:56 - [TEST_STEP][PASSED] - delay(10): Delayed 10 second(s)

28-04-2025T11:56:06 - [MESSAGE][PASSED] - Delayed 10 second(s)

28-04-2025T11:56:06 - [TEST_STEP][PASSED] - assert verifyElementExist(findTestObject("Object Repository/C701-C702/android.widget.TextView - Error"), 0): Element 'Object Repository/C701-C702/android.widget.TextView - Error' is exist

28-04-2025T11:56:06 - [MESSAGE][WARNING] - Timeout '0' is invalid. Using default page load timeout: '30'

28-04-2025T11:56:34 - [MESSAGE][PASSED] - Element 'Object Repository/C701-C702/android.widget.TextView - Error' is exist

28-04-2025T11:56:34 - [TEST_STEP][PASSED] - assert verifyElementExist(findTestObject("Object Repository/C701-C702/android.widget.TextView - Your account number could not be found. Please try again"), 0): Element 'Object Repository/C701-C702/android.widget.TextView - Your account number could not be found. Please try again' is exist

28-04-2025T11:56:34 - [MESSAGE][WARNING] - Timeout '0' is invalid. Using default page load timeout: '30'

28-04-2025T11:56:34 - [MESSAGE][PASSED] - Element 'Object Repository/C701-C702/android.widget.TextView - Your account number could not be found. Please try again' is exist

28-04-2025T11:56:34 - [TEST_STEP][PASSED] - assert verifyElementExist(findTestObject("Object Repository/C701-C702/android.widget.Button - Try Again"), 0): Element 'Object Repository/C701-C702/android.widget.Button - Try Again' is exist

28-04-2025T11:56:34 - [MESSAGE][WARNING] - Timeout '0' is invalid. Using default page load timeout: '30'

28-04-2025T11:56:34 - [MESSAGE][PASSED] - Element 'Object Repository/C701-C702/android.widget.Button - Try Again' is exist

28-04-2025T11:56:34 - [TEST_STEP][PASSED] - closeApplication(): Close app successfully

28-04-2025T11:56:38 - [MESSAGE][PASSED] - Close app successfully]]></system-out>
         <system-err><![CDATA[]]></system-err>
      </testcase>
      <testcase name="Test Cases/Verify Account/C707_VerifyAccount_Error_InternetAccessCode_Owner_Users" time="214.706" classname="Test Cases/Verify Account/C707_VerifyAccount_Error_InternetAccessCode_Owner_Users" status="FAILED">
         <failure type="FAILED" message="Test Cases/Verify Account/C707_VerifyAccount_Error_InternetAccessCode_Owner_Users FAILED.&#xa;Reason:&#xa;com.kms.katalon.core.exception.StepFailedException: Failed to set text into element&#xa;	at com.kms.katalon.core.mobile.keyword.internal.MobileKeywordMain.stepFailed(MobileKeywordMain.groovy:64)&#xa;	at com.kms.katalon.core.mobile.keyword.internal.MobileKeywordMain.runKeyword(MobileKeywordMain.groovy:34)&#xa;	at com.kms.katalon.core.mobile.keyword.builtin.SetTextKeyword.setText(SetTextKeyword.groovy:62)&#xa;	at com.kms.katalon.core.mobile.keyword.builtin.SetTextKeyword.execute(SetTextKeyword.groovy:42)&#xa;	at com.kms.katalon.core.keyword.internal.KeywordExecutor.executeKeywordForPlatform(KeywordExecutor.groovy:74)&#xa;	at com.kms.katalon.core.mobile.keyword.MobileBuiltInKeywords.setText(MobileBuiltInKeywords.groovy:1278)&#xa;	at C707_VerifyAccount_Error_InternetAccessCode_Owner_Users.run(C707_VerifyAccount_Error_InternetAccessCode_Owner_Users:96)&#xa;	at com.kms.katalon.core.main.ScriptEngine.run(ScriptEngine.java:194)&#xa;	at com.kms.katalon.core.main.ScriptEngine.runScriptAsRawText(ScriptEngine.java:119)&#xa;	at com.kms.katalon.core.main.TestCaseExecutor.runScript(TestCaseExecutor.java:448)&#xa;	at com.kms.katalon.core.main.TestCaseExecutor.doExecute(TestCaseExecutor.java:439)&#xa;	at com.kms.katalon.core.main.TestCaseExecutor.processExecutionPhase(TestCaseExecutor.java:418)&#xa;	at com.kms.katalon.core.main.TestCaseExecutor.accessMainPhase(TestCaseExecutor.java:410)&#xa;	at com.kms.katalon.core.main.TestCaseExecutor.execute(TestCaseExecutor.java:285)&#xa;	at com.kms.katalon.core.main.TestCaseExecutor.execute(TestCaseExecutor.java:369)&#xa;	at com.kms.katalon.core.common.CommonExecutor.accessTestCaseMainPhase(CommonExecutor.java:71)&#xa;	at com.kms.katalon.core.main.TestSuiteExecutor.accessTestSuiteMainPhase(TestSuiteExecutor.java:160)&#xa;	at com.kms.katalon.core.main.TestSuiteExecutor.execute(TestSuiteExecutor.java:107)&#xa;	at com.kms.katalon.core.main.TestCaseMain.startTestSuite(TestCaseMain.java:180)&#xa;	at TempTestSuite1745820772166.run(TempTestSuite1745820772166.groovy:35)&#xa;	at java.base/jdk.internal.reflect.NativeMethodAccessorImpl.invoke0(Native Method)&#xa;	at java.base/jdk.internal.reflect.NativeMethodAccessorImpl.invoke(NativeMethodAccessorImpl.java:77)&#xa;	at java.base/jdk.internal.reflect.DelegatingMethodAccessorImpl.invoke(DelegatingMethodAccessorImpl.java:43)&#xa;Caused by: com.kms.katalon.core.exception.StepFailedException: Object Object Repository/SSN/android.widget.EditText (4) not found&#xa;	at com.kms.katalon.core.mobile.keyword.internal.MobileKeywordMain.stepFailed(MobileKeywordMain.groovy:64)&#xa;	at com.kms.katalon.core.mobile.keyword.builtin.SetTextKeyword$_setText_closure1.doCall(SetTextKeyword.groovy:52)&#xa;	at com.kms.katalon.core.mobile.keyword.builtin.SetTextKeyword$_setText_closure1.call(SetTextKeyword.groovy)&#xa;	at com.kms.katalon.core.mobile.keyword.internal.MobileKeywordMain.runKeyword(MobileKeywordMain.groovy:30)&#xa;	... 21 more&#xa;"/>
         <system-out><![CDATA[28-04-2025T12:00:10 - [TEST_CASE][FAILED] - Test Cases/Verify Account/C707_VerifyAccount_Error_InternetAccessCode_Owner_Users: Test Cases/Verify Account/C707_VerifyAccount_Error_InternetAccessCode_Owner_Users FAILED.
Reason:
com.kms.katalon.core.exception.StepFailedException: Failed to set text into element
	at com.kms.katalon.core.mobile.keyword.internal.MobileKeywordMain.stepFailed(MobileKeywordMain.groovy:64)
	at com.kms.katalon.core.mobile.keyword.internal.MobileKeywordMain.runKeyword(MobileKeywordMain.groovy:34)
	at com.kms.katalon.core.mobile.keyword.builtin.SetTextKeyword.setText(SetTextKeyword.groovy:62)
	at com.kms.katalon.core.mobile.keyword.builtin.SetTextKeyword.execute(SetTextKeyword.groovy:42)
	at com.kms.katalon.core.keyword.internal.KeywordExecutor.executeKeywordForPlatform(KeywordExecutor.groovy:74)
	at com.kms.katalon.core.mobile.keyword.MobileBuiltInKeywords.setText(MobileBuiltInKeywords.groovy:1278)
	at C707_VerifyAccount_Error_InternetAccessCode_Owner_Users.run(C707_VerifyAccount_Error_InternetAccessCode_Owner_Users:96)
	at com.kms.katalon.core.main.ScriptEngine.run(ScriptEngine.java:194)
	at com.kms.katalon.core.main.ScriptEngine.runScriptAsRawText(ScriptEngine.java:119)
	at com.kms.katalon.core.main.TestCaseExecutor.runScript(TestCaseExecutor.java:448)
	at com.kms.katalon.core.main.TestCaseExecutor.doExecute(TestCaseExecutor.java:439)
	at com.kms.katalon.core.main.TestCaseExecutor.processExecutionPhase(TestCaseExecutor.java:418)
	at com.kms.katalon.core.main.TestCaseExecutor.accessMainPhase(TestCaseExecutor.java:410)
	at com.kms.katalon.core.main.TestCaseExecutor.execute(TestCaseExecutor.java:285)
	at com.kms.katalon.core.main.TestCaseExecutor.execute(TestCaseExecutor.java:369)
	at com.kms.katalon.core.common.CommonExecutor.accessTestCaseMainPhase(CommonExecutor.java:71)
	at com.kms.katalon.core.main.TestSuiteExecutor.accessTestSuiteMainPhase(TestSuiteExecutor.java:160)
	at com.kms.katalon.core.main.TestSuiteExecutor.execute(TestSuiteExecutor.java:107)
	at com.kms.katalon.core.main.TestCaseMain.startTestSuite(TestCaseMain.java:180)
	at TempTestSuite1745820772166.run(TempTestSuite1745820772166.groovy:35)
	at java.base/jdk.internal.reflect.NativeMethodAccessorImpl.invoke0(Native Method)
	at java.base/jdk.internal.reflect.NativeMethodAccessorImpl.invoke(NativeMethodAccessorImpl.java:77)
	at java.base/jdk.internal.reflect.DelegatingMethodAccessorImpl.invoke(DelegatingMethodAccessorImpl.java:43)
Caused by: com.kms.katalon.core.exception.StepFailedException: Object Object Repository/SSN/android.widget.EditText (4) not found
	at com.kms.katalon.core.mobile.keyword.internal.MobileKeywordMain.stepFailed(MobileKeywordMain.groovy:64)
	at com.kms.katalon.core.mobile.keyword.builtin.SetTextKeyword$_setText_closure1.doCall(SetTextKeyword.groovy:52)
	at com.kms.katalon.core.mobile.keyword.builtin.SetTextKeyword$_setText_closure1.call(SetTextKeyword.groovy)
	at com.kms.katalon.core.mobile.keyword.internal.MobileKeywordMain.runKeyword(MobileKeywordMain.groovy:30)
	... 21 more


28-04-2025T12:00:10 - [TEST_STEP][PASSED] - startApplication("/Users/gv.vignesh/Downloads/app-debug-Version 2.99.68.apk", true): Started application: '/Users/gv.vignesh/Downloads/app-debug-Version 2.99.68.apk'

28-04-2025T12:00:10 - [MESSAGE][INFO] - Starting application: '/Users/gv.vignesh/Downloads/app-debug-Version 2.99.68.apk'

28-04-2025T12:00:10 - [MESSAGE][INFO] - User set preference: ['uiautomator2ServerInstallTimeout', '0']

28-04-2025T12:00:10 - [MESSAGE][INFO] - User set preference: ['deviceId', '']

28-04-2025T12:00:33 - [MESSAGE][PASSED] - Started application: '/Users/gv.vignesh/Downloads/app-debug-Version 2.99.68.apk'

28-04-2025T12:00:33 - [TEST_STEP][PASSED] - delay(10): Delayed 10 second(s)

28-04-2025T12:00:43 - [MESSAGE][PASSED] - Delayed 10 second(s)

28-04-2025T12:00:43 - [TEST_STEP][PASSED] - tap(findTestObject("Object Repository/SSN/android.widget.Button - Login or Sign Up"), 0): Tapped on element 'Object Repository/SSN/android.widget.Button - Login or Sign Up'

28-04-2025T12:00:43 - [MESSAGE][WARNING] - Timeout '0' is invalid. Using default page load timeout: '30'

28-04-2025T12:00:44 - [MESSAGE][PASSED] - Tapped on element 'Object Repository/SSN/android.widget.Button - Login or Sign Up'

28-04-2025T12:00:44 - [TEST_STEP][PASSED] - delay(10): Delayed 10 second(s)

28-04-2025T12:00:54 - [MESSAGE][PASSED] - Delayed 10 second(s)

28-04-2025T12:00:54 - [TEST_STEP][PASSED] - setText(findTestObject("Object Repository/SSN/android.widget.EditText"), "0425201TM@WG.COM", 0): Text '0425201TM@WG.COM' has been set to element 'Object Repository/SSN/android.widget.EditText'

28-04-2025T12:00:54 - [MESSAGE][WARNING] - Timeout '0' is invalid. Using default page load timeout: '30'

28-04-2025T12:00:55 - [MESSAGE][PASSED] - Text '0425201TM@WG.COM' has been set to element 'Object Repository/SSN/android.widget.EditText'

28-04-2025T12:00:55 - [TEST_STEP][PASSED] - hideKeyboard(): Keyboard is hidden

28-04-2025T12:00:58 - [MESSAGE][PASSED] - Keyboard is hidden

28-04-2025T12:00:58 - [TEST_STEP][PASSED] - delay(10): Delayed 10 second(s)

28-04-2025T12:01:08 - [MESSAGE][PASSED] - Delayed 10 second(s)

28-04-2025T12:01:08 - [TEST_STEP][PASSED] - tap(findTestObject("Object Repository/SSN/android.widget.Button - Next"), 0): Tapped on element 'Object Repository/SSN/android.widget.Button - Next'

28-04-2025T12:01:08 - [MESSAGE][WARNING] - Timeout '0' is invalid. Using default page load timeout: '30'

28-04-2025T12:01:08 - [MESSAGE][PASSED] - Tapped on element 'Object Repository/SSN/android.widget.Button - Next'

28-04-2025T12:01:08 - [TEST_STEP][PASSED] - delay(40): Delayed 40 second(s)

28-04-2025T12:01:48 - [MESSAGE][PASSED] - Delayed 40 second(s)

28-04-2025T12:01:48 - [TEST_STEP][PASSED] - setText(findTestObject("Object Repository/SSN/android.widget.EditText (1)"), "0425201TM@WG.COM", 0): Text '0425201TM@WG.COM' has been set to element 'Object Repository/SSN/android.widget.EditText (1)'

28-04-2025T12:01:49 - [MESSAGE][WARNING] - Timeout '0' is invalid. Using default page load timeout: '30'

28-04-2025T12:01:52 - [MESSAGE][PASSED] - Text '0425201TM@WG.COM' has been set to element 'Object Repository/SSN/android.widget.EditText (1)'

28-04-2025T12:01:52 - [TEST_STEP][PASSED] - hideKeyboard(): Keyboard is hidden

28-04-2025T12:01:54 - [MESSAGE][PASSED] - Keyboard is hidden

28-04-2025T12:01:54 - [TEST_STEP][PASSED] - delay(10): Delayed 10 second(s)

28-04-2025T12:02:04 - [MESSAGE][PASSED] - Delayed 10 second(s)

28-04-2025T12:02:04 - [TEST_STEP][PASSED] - setText(findTestObject("Object Repository/SSN/android.widget.EditText (2)"), "password", 0): Text 'password' has been set to element 'Object Repository/SSN/android.widget.EditText (2)'

28-04-2025T12:02:04 - [MESSAGE][WARNING] - Timeout '0' is invalid. Using default page load timeout: '30'

28-04-2025T12:02:04 - [MESSAGE][PASSED] - Text 'password' has been set to element 'Object Repository/SSN/android.widget.EditText (2)'

28-04-2025T12:02:04 - [TEST_STEP][PASSED] - hideKeyboard(): Keyboard is hidden

28-04-2025T12:02:07 - [MESSAGE][PASSED] - Keyboard is hidden

28-04-2025T12:02:07 - [TEST_STEP][PASSED] - delay(10): Delayed 10 second(s)

28-04-2025T12:02:17 - [MESSAGE][PASSED] - Delayed 10 second(s)

28-04-2025T12:02:17 - [TEST_STEP][PASSED] - tap(findTestObject("Object Repository/SSN/android.widget.Button - LOGIN"), 0): Tapped on element 'Object Repository/SSN/android.widget.Button - LOGIN'

28-04-2025T12:02:17 - [MESSAGE][WARNING] - Timeout '0' is invalid. Using default page load timeout: '30'

28-04-2025T12:02:17 - [MESSAGE][PASSED] - Tapped on element 'Object Repository/SSN/android.widget.Button - LOGIN'

28-04-2025T12:02:17 - [TEST_STEP][PASSED] - delay(20): Delayed 20 second(s)

28-04-2025T12:02:37 - [MESSAGE][PASSED] - Delayed 20 second(s)

28-04-2025T12:02:37 - [TEST_STEP][PASSED] - tap(findTestObject("Object Repository/SSN/android.widget.TextView - My Account"), 0): Tapped on element 'Object Repository/SSN/android.widget.TextView - My Account'

28-04-2025T12:02:37 - [MESSAGE][WARNING] - Timeout '0' is invalid. Using default page load timeout: '30'

28-04-2025T12:02:38 - [MESSAGE][PASSED] - Tapped on element 'Object Repository/SSN/android.widget.TextView - My Account'

28-04-2025T12:02:38 - [TEST_STEP][PASSED] - delay(10): Delayed 10 second(s)

28-04-2025T12:02:48 - [MESSAGE][PASSED] - Delayed 10 second(s)

28-04-2025T12:02:48 - [TEST_STEP][PASSED] - tap(findTestObject("Object Repository/SSN/android.widget.TextView - Add An Account Number"), 0): Tapped on element 'Object Repository/SSN/android.widget.TextView - Add An Account Number'

28-04-2025T12:02:48 - [MESSAGE][WARNING] - Timeout '0' is invalid. Using default page load timeout: '30'

28-04-2025T12:02:48 - [MESSAGE][PASSED] - Tapped on element 'Object Repository/SSN/android.widget.TextView - Add An Account Number'

28-04-2025T12:02:48 - [TEST_STEP][PASSED] - delay(10): Delayed 10 second(s)

28-04-2025T12:02:58 - [MESSAGE][PASSED] - Delayed 10 second(s)

28-04-2025T12:02:58 - [TEST_STEP][PASSED] - setText(findTestObject("Object Repository/SSN/android.widget.EditText (3)"), "99929032862", 0): Text '99929032862' has been set to element 'Object Repository/SSN/android.widget.EditText (3)'

28-04-2025T12:02:58 - [MESSAGE][WARNING] - Timeout '0' is invalid. Using default page load timeout: '30'

28-04-2025T12:02:59 - [MESSAGE][PASSED] - Text '99929032862' has been set to element 'Object Repository/SSN/android.widget.EditText (3)'

28-04-2025T12:02:59 - [TEST_STEP][PASSED] - hideKeyboard(): Keyboard is hidden

28-04-2025T12:03:01 - [MESSAGE][PASSED] - Keyboard is hidden

28-04-2025T12:03:01 - [TEST_STEP][PASSED] - delay(10): Delayed 10 second(s)

28-04-2025T12:03:11 - [MESSAGE][PASSED] - Delayed 10 second(s)

28-04-2025T12:03:11 - [TEST_STEP][PASSED] - tap(findTestObject("Object Repository/SSN/android.widget.Button - Next (1)"), 0): Tapped on element 'Object Repository/SSN/android.widget.Button - Next (1)'

28-04-2025T12:03:11 - [MESSAGE][WARNING] - Timeout '0' is invalid. Using default page load timeout: '30'

28-04-2025T12:03:12 - [MESSAGE][PASSED] - Tapped on element 'Object Repository/SSN/android.widget.Button - Next (1)'

28-04-2025T12:03:12 - [TEST_STEP][FAILED] - setText(findTestObject("Object Repository/SSN/android.widget.EditText (4)"), "1234567", 0): Failed to set text into element (Root cause: com.kms.katalon.core.exception.StepFailedException: Failed to set text into element
	at com.kms.katalon.core.mobile.keyword.internal.MobileKeywordMain.stepFailed(MobileKeywordMain.groovy:64)
	at com.kms.katalon.core.mobile.keyword.internal.MobileKeywordMain.runKeyword(MobileKeywordMain.groovy:34)
	at com.kms.katalon.core.mobile.keyword.builtin.SetTextKeyword.setText(SetTextKeyword.groovy:62)
	at com.kms.katalon.core.mobile.keyword.builtin.SetTextKeyword.execute(SetTextKeyword.groovy:42)
	at com.kms.katalon.core.keyword.internal.KeywordExecutor.executeKeywordForPlatform(KeywordExecutor.groovy:74)
	at com.kms.katalon.core.mobile.keyword.MobileBuiltInKeywords.setText(MobileBuiltInKeywords.groovy:1278)
	at C707_VerifyAccount_Error_InternetAccessCode_Owner_Users.run(C707_VerifyAccount_Error_InternetAccessCode_Owner_Users:96)
	at com.kms.katalon.core.main.ScriptEngine.run(ScriptEngine.java:194)
	at com.kms.katalon.core.main.ScriptEngine.runScriptAsRawText(ScriptEngine.java:119)
	at com.kms.katalon.core.main.TestCaseExecutor.runScript(TestCaseExecutor.java:448)
	at com.kms.katalon.core.main.TestCaseExecutor.doExecute(TestCaseExecutor.java:439)
	at com.kms.katalon.core.main.TestCaseExecutor.processExecutionPhase(TestCaseExecutor.java:418)
	at com.kms.katalon.core.main.TestCaseExecutor.accessMainPhase(TestCaseExecutor.java:410)
	at com.kms.katalon.core.main.TestCaseExecutor.execute(TestCaseExecutor.java:285)
	at com.kms.katalon.core.main.TestCaseExecutor.execute(TestCaseExecutor.java:369)
	at com.kms.katalon.core.common.CommonExecutor.accessTestCaseMainPhase(CommonExecutor.java:71)
	at com.kms.katalon.core.main.TestSuiteExecutor.accessTestSuiteMainPhase(TestSuiteExecutor.java:160)
	at com.kms.katalon.core.main.TestSuiteExecutor.execute(TestSuiteExecutor.java:107)
	at com.kms.katalon.core.main.TestCaseMain.startTestSuite(TestCaseMain.java:180)
	at TempTestSuite1745820772166.run(TempTestSuite1745820772166.groovy:35)
	at java.base/jdk.internal.reflect.NativeMethodAccessorImpl.invoke0(Native Method)
	at java.base/jdk.internal.reflect.NativeMethodAccessorImpl.invoke(NativeMethodAccessorImpl.java:77)
	at java.base/jdk.internal.reflect.DelegatingMethodAccessorImpl.invoke(DelegatingMethodAccessorImpl.java:43)
Caused by: com.kms.katalon.core.exception.StepFailedException: Object Object Repository/SSN/android.widget.EditText (4) not found
	at com.kms.katalon.core.mobile.keyword.internal.MobileKeywordMain.stepFailed(MobileKeywordMain.groovy:64)
	at com.kms.katalon.core.mobile.keyword.builtin.SetTextKeyword$_setText_closure1.doCall(SetTextKeyword.groovy:52)
	at com.kms.katalon.core.mobile.keyword.builtin.SetTextKeyword$_setText_closure1.call(SetTextKeyword.groovy)
	at com.kms.katalon.core.mobile.keyword.internal.MobileKeywordMain.runKeyword(MobileKeywordMain.groovy:30)
	... 21 more
)

28-04-2025T12:03:12 - [MESSAGE][WARNING] - Timeout '0' is invalid. Using default page load timeout: '30'

28-04-2025T12:03:44 - [MESSAGE][FAILED] - Object Object Repository/SSN/android.widget.EditText (4) not found (Root cause: com.kms.katalon.core.exception.StepFailedException: Object Object Repository/SSN/android.widget.EditText (4) not found
	at com.kms.katalon.core.mobile.keyword.internal.MobileKeywordMain.stepFailed(MobileKeywordMain.groovy:64)
	at com.kms.katalon.core.mobile.keyword.builtin.SetTextKeyword$_setText_closure1.doCall(SetTextKeyword.groovy:52)
	at com.kms.katalon.core.mobile.keyword.builtin.SetTextKeyword$_setText_closure1.call(SetTextKeyword.groovy)
	at com.kms.katalon.core.mobile.keyword.internal.MobileKeywordMain.runKeyword(MobileKeywordMain.groovy:30)
	at com.kms.katalon.core.mobile.keyword.builtin.SetTextKeyword.setText(SetTextKeyword.groovy:62)
	at com.kms.katalon.core.mobile.keyword.builtin.SetTextKeyword.execute(SetTextKeyword.groovy:42)
	at com.kms.katalon.core.keyword.internal.KeywordExecutor.executeKeywordForPlatform(KeywordExecutor.groovy:74)
	at com.kms.katalon.core.mobile.keyword.MobileBuiltInKeywords.setText(MobileBuiltInKeywords.groovy:1278)
	at C707_VerifyAccount_Error_InternetAccessCode_Owner_Users.run(C707_VerifyAccount_Error_InternetAccessCode_Owner_Users:96)
	at com.kms.katalon.core.main.ScriptEngine.run(ScriptEngine.java:194)
	at com.kms.katalon.core.main.ScriptEngine.runScriptAsRawText(ScriptEngine.java:119)
	at com.kms.katalon.core.main.TestCaseExecutor.runScript(TestCaseExecutor.java:448)
	at com.kms.katalon.core.main.TestCaseExecutor.doExecute(TestCaseExecutor.java:439)
	at com.kms.katalon.core.main.TestCaseExecutor.processExecutionPhase(TestCaseExecutor.java:418)
	at com.kms.katalon.core.main.TestCaseExecutor.accessMainPhase(TestCaseExecutor.java:410)
	at com.kms.katalon.core.main.TestCaseExecutor.execute(TestCaseExecutor.java:285)
	at com.kms.katalon.core.main.TestCaseExecutor.execute(TestCaseExecutor.java:369)
	at com.kms.katalon.core.common.CommonExecutor.accessTestCaseMainPhase(CommonExecutor.java:71)
	at com.kms.katalon.core.main.TestSuiteExecutor.accessTestSuiteMainPhase(TestSuiteExecutor.java:160)
	at com.kms.katalon.core.main.TestSuiteExecutor.execute(TestSuiteExecutor.java:107)
	at com.kms.katalon.core.main.TestCaseMain.startTestSuite(TestCaseMain.java:180)
	at TempTestSuite1745820772166.run(TempTestSuite1745820772166.groovy:35)
	at java.base/jdk.internal.reflect.NativeMethodAccessorImpl.invoke0(Native Method)
	at java.base/jdk.internal.reflect.NativeMethodAccessorImpl.invoke(NativeMethodAccessorImpl.java:77)
	at java.base/jdk.internal.reflect.DelegatingMethodAccessorImpl.invoke(DelegatingMethodAccessorImpl.java:43)
)
[[ATTACHMENT|/Users/gv.vignesh/Downloads/WGR-Android-Automation/Reports/20250428_114252/Sprint-4/20250428_114252/1745822022602.png]]

28-04-2025T12:03:45 - [MESSAGE][FAILED] - Failed to set text into element (Root cause: com.kms.katalon.core.exception.StepFailedException: Failed to set text into element
	at com.kms.katalon.core.mobile.keyword.internal.MobileKeywordMain.stepFailed(MobileKeywordMain.groovy:64)
	at com.kms.katalon.core.mobile.keyword.internal.MobileKeywordMain.runKeyword(MobileKeywordMain.groovy:34)
	at com.kms.katalon.core.mobile.keyword.builtin.SetTextKeyword.setText(SetTextKeyword.groovy:62)
	at com.kms.katalon.core.mobile.keyword.builtin.SetTextKeyword.execute(SetTextKeyword.groovy:42)
	at com.kms.katalon.core.keyword.internal.KeywordExecutor.executeKeywordForPlatform(KeywordExecutor.groovy:74)
	at com.kms.katalon.core.mobile.keyword.MobileBuiltInKeywords.setText(MobileBuiltInKeywords.groovy:1278)
	at C707_VerifyAccount_Error_InternetAccessCode_Owner_Users.run(C707_VerifyAccount_Error_InternetAccessCode_Owner_Users:96)
	at com.kms.katalon.core.main.ScriptEngine.run(ScriptEngine.java:194)
	at com.kms.katalon.core.main.ScriptEngine.runScriptAsRawText(ScriptEngine.java:119)
	at com.kms.katalon.core.main.TestCaseExecutor.runScript(TestCaseExecutor.java:448)
	at com.kms.katalon.core.main.TestCaseExecutor.doExecute(TestCaseExecutor.java:439)
	at com.kms.katalon.core.main.TestCaseExecutor.processExecutionPhase(TestCaseExecutor.java:418)
	at com.kms.katalon.core.main.TestCaseExecutor.accessMainPhase(TestCaseExecutor.java:410)
	at com.kms.katalon.core.main.TestCaseExecutor.execute(TestCaseExecutor.java:285)
	at com.kms.katalon.core.main.TestCaseExecutor.execute(TestCaseExecutor.java:369)
	at com.kms.katalon.core.common.CommonExecutor.accessTestCaseMainPhase(CommonExecutor.java:71)
	at com.kms.katalon.core.main.TestSuiteExecutor.accessTestSuiteMainPhase(TestSuiteExecutor.java:160)
	at com.kms.katalon.core.main.TestSuiteExecutor.execute(TestSuiteExecutor.java:107)
	at com.kms.katalon.core.main.TestCaseMain.startTestSuite(TestCaseMain.java:180)
	at TempTestSuite1745820772166.run(TempTestSuite1745820772166.groovy:35)
	at java.base/jdk.internal.reflect.NativeMethodAccessorImpl.invoke0(Native Method)
	at java.base/jdk.internal.reflect.NativeMethodAccessorImpl.invoke(NativeMethodAccessorImpl.java:77)
	at java.base/jdk.internal.reflect.DelegatingMethodAccessorImpl.invoke(DelegatingMethodAccessorImpl.java:43)
Caused by: com.kms.katalon.core.exception.StepFailedException: Object Object Repository/SSN/android.widget.EditText (4) not found
	at com.kms.katalon.core.mobile.keyword.internal.MobileKeywordMain.stepFailed(MobileKeywordMain.groovy:64)
	at com.kms.katalon.core.mobile.keyword.builtin.SetTextKeyword$_setText_closure1.doCall(SetTextKeyword.groovy:52)
	at com.kms.katalon.core.mobile.keyword.builtin.SetTextKeyword$_setText_closure1.call(SetTextKeyword.groovy)
	at com.kms.katalon.core.mobile.keyword.internal.MobileKeywordMain.runKeyword(MobileKeywordMain.groovy:30)
	... 21 more
)
[[ATTACHMENT|/Users/gv.vignesh/Downloads/WGR-Android-Automation/Reports/20250428_114252/Sprint-4/20250428_114252/1745822024108.png]]]]></system-out>
         <system-err><![CDATA[28-04-2025T12:00:10 - [TEST_CASE][FAILED] - Test Cases/Verify Account/C707_VerifyAccount_Error_InternetAccessCode_Owner_Users: Test Cases/Verify Account/C707_VerifyAccount_Error_InternetAccessCode_Owner_Users FAILED.
Reason:
com.kms.katalon.core.exception.StepFailedException: Failed to set text into element
	at com.kms.katalon.core.mobile.keyword.internal.MobileKeywordMain.stepFailed(MobileKeywordMain.groovy:64)
	at com.kms.katalon.core.mobile.keyword.internal.MobileKeywordMain.runKeyword(MobileKeywordMain.groovy:34)
	at com.kms.katalon.core.mobile.keyword.builtin.SetTextKeyword.setText(SetTextKeyword.groovy:62)
	at com.kms.katalon.core.mobile.keyword.builtin.SetTextKeyword.execute(SetTextKeyword.groovy:42)
	at com.kms.katalon.core.keyword.internal.KeywordExecutor.executeKeywordForPlatform(KeywordExecutor.groovy:74)
	at com.kms.katalon.core.mobile.keyword.MobileBuiltInKeywords.setText(MobileBuiltInKeywords.groovy:1278)
	at C707_VerifyAccount_Error_InternetAccessCode_Owner_Users.run(C707_VerifyAccount_Error_InternetAccessCode_Owner_Users:96)
	at com.kms.katalon.core.main.ScriptEngine.run(ScriptEngine.java:194)
	at com.kms.katalon.core.main.ScriptEngine.runScriptAsRawText(ScriptEngine.java:119)
	at com.kms.katalon.core.main.TestCaseExecutor.runScript(TestCaseExecutor.java:448)
	at com.kms.katalon.core.main.TestCaseExecutor.doExecute(TestCaseExecutor.java:439)
	at com.kms.katalon.core.main.TestCaseExecutor.processExecutionPhase(TestCaseExecutor.java:418)
	at com.kms.katalon.core.main.TestCaseExecutor.accessMainPhase(TestCaseExecutor.java:410)
	at com.kms.katalon.core.main.TestCaseExecutor.execute(TestCaseExecutor.java:285)
	at com.kms.katalon.core.main.TestCaseExecutor.execute(TestCaseExecutor.java:369)
	at com.kms.katalon.core.common.CommonExecutor.accessTestCaseMainPhase(CommonExecutor.java:71)
	at com.kms.katalon.core.main.TestSuiteExecutor.accessTestSuiteMainPhase(TestSuiteExecutor.java:160)
	at com.kms.katalon.core.main.TestSuiteExecutor.execute(TestSuiteExecutor.java:107)
	at com.kms.katalon.core.main.TestCaseMain.startTestSuite(TestCaseMain.java:180)
	at TempTestSuite1745820772166.run(TempTestSuite1745820772166.groovy:35)
	at java.base/jdk.internal.reflect.NativeMethodAccessorImpl.invoke0(Native Method)
	at java.base/jdk.internal.reflect.NativeMethodAccessorImpl.invoke(NativeMethodAccessorImpl.java:77)
	at java.base/jdk.internal.reflect.DelegatingMethodAccessorImpl.invoke(DelegatingMethodAccessorImpl.java:43)
Caused by: com.kms.katalon.core.exception.StepFailedException: Object Object Repository/SSN/android.widget.EditText (4) not found
	at com.kms.katalon.core.mobile.keyword.internal.MobileKeywordMain.stepFailed(MobileKeywordMain.groovy:64)
	at com.kms.katalon.core.mobile.keyword.builtin.SetTextKeyword$_setText_closure1.doCall(SetTextKeyword.groovy:52)
	at com.kms.katalon.core.mobile.keyword.builtin.SetTextKeyword$_setText_closure1.call(SetTextKeyword.groovy)
	at com.kms.katalon.core.mobile.keyword.internal.MobileKeywordMain.runKeyword(MobileKeywordMain.groovy:30)
	... 21 more]]></system-err>
      </testcase>
      <testcase name="Test Cases/Verify Account/C708_VerifyAccount_Error_SSN_Owner_Users" time="202.992" classname="Test Cases/Verify Account/C708_VerifyAccount_Error_SSN_Owner_Users" status="FAILED">
         <failure type="FAILED" message="Test Cases/Verify Account/C708_VerifyAccount_Error_SSN_Owner_Users FAILED.&#xa;Reason:&#xa;com.kms.katalon.core.exception.StepFailedException: Failed to tap on element 'Object Repository/C708/android.widget.TextView - Social Security Number'&#xa;	at com.kms.katalon.core.mobile.keyword.internal.MobileKeywordMain.stepFailed(MobileKeywordMain.groovy:64)&#xa;	at com.kms.katalon.core.mobile.keyword.internal.MobileKeywordMain.runKeyword(MobileKeywordMain.groovy:34)&#xa;	at com.kms.katalon.core.mobile.keyword.builtin.TapKeyword.tap(TapKeyword.groovy:51)&#xa;	at com.kms.katalon.core.mobile.keyword.builtin.TapKeyword.execute(TapKeyword.groovy:35)&#xa;	at com.kms.katalon.core.keyword.internal.KeywordExecutor.executeKeywordForPlatform(KeywordExecutor.groovy:74)&#xa;	at com.kms.katalon.core.mobile.keyword.MobileBuiltInKeywords.tap(MobileBuiltInKeywords.groovy:1461)&#xa;	at C708_VerifyAccount_Error_SSN_Owner_Users.run(C708_VerifyAccount_Error_SSN_Owner_Users:93)&#xa;	at com.kms.katalon.core.main.ScriptEngine.run(ScriptEngine.java:194)&#xa;	at com.kms.katalon.core.main.ScriptEngine.runScriptAsRawText(ScriptEngine.java:119)&#xa;	at com.kms.katalon.core.main.TestCaseExecutor.runScript(TestCaseExecutor.java:448)&#xa;	at com.kms.katalon.core.main.TestCaseExecutor.doExecute(TestCaseExecutor.java:439)&#xa;	at com.kms.katalon.core.main.TestCaseExecutor.processExecutionPhase(TestCaseExecutor.java:418)&#xa;	at com.kms.katalon.core.main.TestCaseExecutor.accessMainPhase(TestCaseExecutor.java:410)&#xa;	at com.kms.katalon.core.main.TestCaseExecutor.execute(TestCaseExecutor.java:285)&#xa;	at com.kms.katalon.core.main.TestCaseExecutor.execute(TestCaseExecutor.java:369)&#xa;	at com.kms.katalon.core.common.CommonExecutor.accessTestCaseMainPhase(CommonExecutor.java:71)&#xa;	at com.kms.katalon.core.main.TestSuiteExecutor.accessTestSuiteMainPhase(TestSuiteExecutor.java:160)&#xa;	at com.kms.katalon.core.main.TestSuiteExecutor.execute(TestSuiteExecutor.java:107)&#xa;	at com.kms.katalon.core.main.TestCaseMain.startTestSuite(TestCaseMain.java:180)&#xa;	at TempTestSuite1745820772166.run(TempTestSuite1745820772166.groovy:35)&#xa;	at java.base/jdk.internal.reflect.NativeMethodAccessorImpl.invoke0(Native Method)&#xa;	at java.base/jdk.internal.reflect.NativeMethodAccessorImpl.invoke(NativeMethodAccessorImpl.java:77)&#xa;	at java.base/jdk.internal.reflect.DelegatingMethodAccessorImpl.invoke(DelegatingMethodAccessorImpl.java:43)&#xa;Caused by: com.kms.katalon.core.exception.StepFailedException: Object Object Repository/C708/android.widget.TextView - Social Security Number not found&#xa;	at com.kms.katalon.core.mobile.keyword.internal.MobileKeywordMain.stepFailed(MobileKeywordMain.groovy:64)&#xa;	at com.kms.katalon.core.mobile.keyword.builtin.TapKeyword$_tap_closure1.doCall(TapKeyword.groovy:46)&#xa;	at com.kms.katalon.core.mobile.keyword.builtin.TapKeyword$_tap_closure1.call(TapKeyword.groovy)&#xa;	at com.kms.katalon.core.mobile.keyword.internal.MobileKeywordMain.runKeyword(MobileKeywordMain.groovy:30)&#xa;	... 21 more&#xa;"/>
         <system-out><![CDATA[28-04-2025T12:07:08 - [TEST_CASE][FAILED] - Test Cases/Verify Account/C708_VerifyAccount_Error_SSN_Owner_Users: Test Cases/Verify Account/C708_VerifyAccount_Error_SSN_Owner_Users FAILED.
Reason:
com.kms.katalon.core.exception.StepFailedException: Failed to tap on element 'Object Repository/C708/android.widget.TextView - Social Security Number'
	at com.kms.katalon.core.mobile.keyword.internal.MobileKeywordMain.stepFailed(MobileKeywordMain.groovy:64)
	at com.kms.katalon.core.mobile.keyword.internal.MobileKeywordMain.runKeyword(MobileKeywordMain.groovy:34)
	at com.kms.katalon.core.mobile.keyword.builtin.TapKeyword.tap(TapKeyword.groovy:51)
	at com.kms.katalon.core.mobile.keyword.builtin.TapKeyword.execute(TapKeyword.groovy:35)
	at com.kms.katalon.core.keyword.internal.KeywordExecutor.executeKeywordForPlatform(KeywordExecutor.groovy:74)
	at com.kms.katalon.core.mobile.keyword.MobileBuiltInKeywords.tap(MobileBuiltInKeywords.groovy:1461)
	at C708_VerifyAccount_Error_SSN_Owner_Users.run(C708_VerifyAccount_Error_SSN_Owner_Users:93)
	at com.kms.katalon.core.main.ScriptEngine.run(ScriptEngine.java:194)
	at com.kms.katalon.core.main.ScriptEngine.runScriptAsRawText(ScriptEngine.java:119)
	at com.kms.katalon.core.main.TestCaseExecutor.runScript(TestCaseExecutor.java:448)
	at com.kms.katalon.core.main.TestCaseExecutor.doExecute(TestCaseExecutor.java:439)
	at com.kms.katalon.core.main.TestCaseExecutor.processExecutionPhase(TestCaseExecutor.java:418)
	at com.kms.katalon.core.main.TestCaseExecutor.accessMainPhase(TestCaseExecutor.java:410)
	at com.kms.katalon.core.main.TestCaseExecutor.execute(TestCaseExecutor.java:285)
	at com.kms.katalon.core.main.TestCaseExecutor.execute(TestCaseExecutor.java:369)
	at com.kms.katalon.core.common.CommonExecutor.accessTestCaseMainPhase(CommonExecutor.java:71)
	at com.kms.katalon.core.main.TestSuiteExecutor.accessTestSuiteMainPhase(TestSuiteExecutor.java:160)
	at com.kms.katalon.core.main.TestSuiteExecutor.execute(TestSuiteExecutor.java:107)
	at com.kms.katalon.core.main.TestCaseMain.startTestSuite(TestCaseMain.java:180)
	at TempTestSuite1745820772166.run(TempTestSuite1745820772166.groovy:35)
	at java.base/jdk.internal.reflect.NativeMethodAccessorImpl.invoke0(Native Method)
	at java.base/jdk.internal.reflect.NativeMethodAccessorImpl.invoke(NativeMethodAccessorImpl.java:77)
	at java.base/jdk.internal.reflect.DelegatingMethodAccessorImpl.invoke(DelegatingMethodAccessorImpl.java:43)
Caused by: com.kms.katalon.core.exception.StepFailedException: Object Object Repository/C708/android.widget.TextView - Social Security Number not found
	at com.kms.katalon.core.mobile.keyword.internal.MobileKeywordMain.stepFailed(MobileKeywordMain.groovy:64)
	at com.kms.katalon.core.mobile.keyword.builtin.TapKeyword$_tap_closure1.doCall(TapKeyword.groovy:46)
	at com.kms.katalon.core.mobile.keyword.builtin.TapKeyword$_tap_closure1.call(TapKeyword.groovy)
	at com.kms.katalon.core.mobile.keyword.internal.MobileKeywordMain.runKeyword(MobileKeywordMain.groovy:30)
	... 21 more


28-04-2025T12:07:08 - [TEST_STEP][PASSED] - startApplication("/Users/gv.vignesh/Downloads/app-debug-Version 2.99.68.apk", true): Started application: '/Users/gv.vignesh/Downloads/app-debug-Version 2.99.68.apk'

28-04-2025T12:07:08 - [MESSAGE][INFO] - Starting application: '/Users/gv.vignesh/Downloads/app-debug-Version 2.99.68.apk'

28-04-2025T12:07:08 - [MESSAGE][INFO] - User set preference: ['uiautomator2ServerInstallTimeout', '0']

28-04-2025T12:07:08 - [MESSAGE][INFO] - User set preference: ['deviceId', '']

28-04-2025T12:07:29 - [MESSAGE][PASSED] - Started application: '/Users/gv.vignesh/Downloads/app-debug-Version 2.99.68.apk'

28-04-2025T12:07:29 - [TEST_STEP][PASSED] - delay(10): Delayed 10 second(s)

28-04-2025T12:07:39 - [MESSAGE][PASSED] - Delayed 10 second(s)

28-04-2025T12:07:39 - [TEST_STEP][PASSED] - tap(findTestObject("Object Repository/C708/android.widget.Button - Login or Sign Up"), 0): Tapped on element 'Object Repository/C708/android.widget.Button - Login or Sign Up'

28-04-2025T12:07:39 - [MESSAGE][WARNING] - Timeout '0' is invalid. Using default page load timeout: '30'

28-04-2025T12:07:40 - [MESSAGE][PASSED] - Tapped on element 'Object Repository/C708/android.widget.Button - Login or Sign Up'

28-04-2025T12:07:40 - [TEST_STEP][PASSED] - delay(10): Delayed 10 second(s)

28-04-2025T12:07:50 - [MESSAGE][PASSED] - Delayed 10 second(s)

28-04-2025T12:07:50 - [TEST_STEP][PASSED] - setText(findTestObject("Object Repository/C708/android.widget.EditText"), "0425201TM@WG.COM", 0): Text '0425201TM@WG.COM' has been set to element 'Object Repository/C708/android.widget.EditText'

28-04-2025T12:07:50 - [MESSAGE][WARNING] - Timeout '0' is invalid. Using default page load timeout: '30'

28-04-2025T12:07:51 - [MESSAGE][PASSED] - Text '0425201TM@WG.COM' has been set to element 'Object Repository/C708/android.widget.EditText'

28-04-2025T12:07:51 - [TEST_STEP][PASSED] - hideKeyboard(): Keyboard is hidden

28-04-2025T12:07:53 - [MESSAGE][PASSED] - Keyboard is hidden

28-04-2025T12:07:53 - [TEST_STEP][PASSED] - delay(10): Delayed 10 second(s)

28-04-2025T12:08:03 - [MESSAGE][PASSED] - Delayed 10 second(s)

28-04-2025T12:08:03 - [TEST_STEP][PASSED] - tap(findTestObject("Object Repository/C708/android.widget.Button - Next"), 0): Tapped on element 'Object Repository/C708/android.widget.Button - Next'

28-04-2025T12:08:03 - [MESSAGE][WARNING] - Timeout '0' is invalid. Using default page load timeout: '30'

28-04-2025T12:08:04 - [MESSAGE][PASSED] - Tapped on element 'Object Repository/C708/android.widget.Button - Next'

28-04-2025T12:08:04 - [TEST_STEP][PASSED] - delay(40): Delayed 40 second(s)

28-04-2025T12:08:44 - [MESSAGE][PASSED] - Delayed 40 second(s)

28-04-2025T12:08:44 - [TEST_STEP][PASSED] - setText(findTestObject("Object Repository/C708/android.widget.EditText (1)"), "0425201TM@WG.COM", 0): Text '0425201TM@WG.COM' has been set to element 'Object Repository/C708/android.widget.EditText (1)'

28-04-2025T12:08:44 - [MESSAGE][WARNING] - Timeout '0' is invalid. Using default page load timeout: '30'

28-04-2025T12:08:45 - [MESSAGE][PASSED] - Text '0425201TM@WG.COM' has been set to element 'Object Repository/C708/android.widget.EditText (1)'

28-04-2025T12:08:45 - [TEST_STEP][PASSED] - hideKeyboard(): Keyboard is hidden

28-04-2025T12:08:47 - [MESSAGE][PASSED] - Keyboard is hidden

28-04-2025T12:08:47 - [TEST_STEP][PASSED] - delay(10): Delayed 10 second(s)

28-04-2025T12:08:57 - [MESSAGE][PASSED] - Delayed 10 second(s)

28-04-2025T12:08:57 - [TEST_STEP][PASSED] - setText(findTestObject("Object Repository/C708/android.widget.EditText (2)"), "password", 0): Text 'password' has been set to element 'Object Repository/C708/android.widget.EditText (2)'

28-04-2025T12:08:57 - [MESSAGE][WARNING] - Timeout '0' is invalid. Using default page load timeout: '30'

28-04-2025T12:08:58 - [MESSAGE][PASSED] - Text 'password' has been set to element 'Object Repository/C708/android.widget.EditText (2)'

28-04-2025T12:08:58 - [TEST_STEP][PASSED] - hideKeyboard(): Keyboard is hidden

28-04-2025T12:09:00 - [MESSAGE][PASSED] - Keyboard is hidden

28-04-2025T12:09:00 - [TEST_STEP][PASSED] - delay(10): Delayed 10 second(s)

28-04-2025T12:09:10 - [MESSAGE][PASSED] - Delayed 10 second(s)

28-04-2025T12:09:10 - [TEST_STEP][PASSED] - tap(findTestObject("Object Repository/C708/android.widget.Button - LOGIN"), 0): Tapped on element 'Object Repository/C708/android.widget.Button - LOGIN'

28-04-2025T12:09:10 - [MESSAGE][WARNING] - Timeout '0' is invalid. Using default page load timeout: '30'

28-04-2025T12:09:11 - [MESSAGE][PASSED] - Tapped on element 'Object Repository/C708/android.widget.Button - LOGIN'

28-04-2025T12:09:11 - [TEST_STEP][PASSED] - delay(15): Delayed 15 second(s)

28-04-2025T12:09:26 - [MESSAGE][PASSED] - Delayed 15 second(s)

28-04-2025T12:09:26 - [TEST_STEP][PASSED] - tap(findTestObject("Object Repository/C708/android.widget.TextView - My Account"), 0): Tapped on element 'Object Repository/C708/android.widget.TextView - My Account'

28-04-2025T12:09:26 - [MESSAGE][WARNING] - Timeout '0' is invalid. Using default page load timeout: '30'

28-04-2025T12:09:27 - [MESSAGE][PASSED] - Tapped on element 'Object Repository/C708/android.widget.TextView - My Account'

28-04-2025T12:09:27 - [TEST_STEP][PASSED] - delay(10): Delayed 10 second(s)

28-04-2025T12:09:37 - [MESSAGE][PASSED] - Delayed 10 second(s)

28-04-2025T12:09:37 - [TEST_STEP][PASSED] - tap(findTestObject("Object Repository/C708/android.widget.TextView - Add An Account Number"), 0): Tapped on element 'Object Repository/C708/android.widget.TextView - Add An Account Number'

28-04-2025T12:09:37 - [MESSAGE][WARNING] - Timeout '0' is invalid. Using default page load timeout: '30'

28-04-2025T12:09:37 - [MESSAGE][PASSED] - Tapped on element 'Object Repository/C708/android.widget.TextView - Add An Account Number'

28-04-2025T12:09:37 - [TEST_STEP][PASSED] - delay(10): Delayed 10 second(s)

28-04-2025T12:09:47 - [MESSAGE][PASSED] - Delayed 10 second(s)

28-04-2025T12:09:47 - [TEST_STEP][PASSED] - setText(findTestObject("Object Repository/C708/android.widget.EditText (3)"), "99929032862", 0): Text '99929032862' has been set to element 'Object Repository/C708/android.widget.EditText (3)'

28-04-2025T12:09:47 - [MESSAGE][WARNING] - Timeout '0' is invalid. Using default page load timeout: '30'

28-04-2025T12:09:48 - [MESSAGE][PASSED] - Text '99929032862' has been set to element 'Object Repository/C708/android.widget.EditText (3)'

28-04-2025T12:09:48 - [TEST_STEP][PASSED] - delay(10): Delayed 10 second(s)

28-04-2025T12:09:58 - [MESSAGE][PASSED] - Delayed 10 second(s)

28-04-2025T12:09:58 - [TEST_STEP][PASSED] - tap(findTestObject("Object Repository/C708/android.widget.Button - Next (1)"), 0): Tapped on element 'Object Repository/C708/android.widget.Button - Next (1)'

28-04-2025T12:09:58 - [MESSAGE][WARNING] - Timeout '0' is invalid. Using default page load timeout: '30'

28-04-2025T12:09:59 - [MESSAGE][PASSED] - Tapped on element 'Object Repository/C708/android.widget.Button - Next (1)'

28-04-2025T12:09:59 - [TEST_STEP][FAILED] - tap(findTestObject("Object Repository/C708/android.widget.TextView - Social Security Number"), 0): Failed to tap on element 'Object Repository/C708/android.widget.TextView - Social Security Number' (Root cause: com.kms.katalon.core.exception.StepFailedException: Failed to tap on element 'Object Repository/C708/android.widget.TextView - Social Security Number'
	at com.kms.katalon.core.mobile.keyword.internal.MobileKeywordMain.stepFailed(MobileKeywordMain.groovy:64)
	at com.kms.katalon.core.mobile.keyword.internal.MobileKeywordMain.runKeyword(MobileKeywordMain.groovy:34)
	at com.kms.katalon.core.mobile.keyword.builtin.TapKeyword.tap(TapKeyword.groovy:51)
	at com.kms.katalon.core.mobile.keyword.builtin.TapKeyword.execute(TapKeyword.groovy:35)
	at com.kms.katalon.core.keyword.internal.KeywordExecutor.executeKeywordForPlatform(KeywordExecutor.groovy:74)
	at com.kms.katalon.core.mobile.keyword.MobileBuiltInKeywords.tap(MobileBuiltInKeywords.groovy:1461)
	at C708_VerifyAccount_Error_SSN_Owner_Users.run(C708_VerifyAccount_Error_SSN_Owner_Users:93)
	at com.kms.katalon.core.main.ScriptEngine.run(ScriptEngine.java:194)
	at com.kms.katalon.core.main.ScriptEngine.runScriptAsRawText(ScriptEngine.java:119)
	at com.kms.katalon.core.main.TestCaseExecutor.runScript(TestCaseExecutor.java:448)
	at com.kms.katalon.core.main.TestCaseExecutor.doExecute(TestCaseExecutor.java:439)
	at com.kms.katalon.core.main.TestCaseExecutor.processExecutionPhase(TestCaseExecutor.java:418)
	at com.kms.katalon.core.main.TestCaseExecutor.accessMainPhase(TestCaseExecutor.java:410)
	at com.kms.katalon.core.main.TestCaseExecutor.execute(TestCaseExecutor.java:285)
	at com.kms.katalon.core.main.TestCaseExecutor.execute(TestCaseExecutor.java:369)
	at com.kms.katalon.core.common.CommonExecutor.accessTestCaseMainPhase(CommonExecutor.java:71)
	at com.kms.katalon.core.main.TestSuiteExecutor.accessTestSuiteMainPhase(TestSuiteExecutor.java:160)
	at com.kms.katalon.core.main.TestSuiteExecutor.execute(TestSuiteExecutor.java:107)
	at com.kms.katalon.core.main.TestCaseMain.startTestSuite(TestCaseMain.java:180)
	at TempTestSuite1745820772166.run(TempTestSuite1745820772166.groovy:35)
	at java.base/jdk.internal.reflect.NativeMethodAccessorImpl.invoke0(Native Method)
	at java.base/jdk.internal.reflect.NativeMethodAccessorImpl.invoke(NativeMethodAccessorImpl.java:77)
	at java.base/jdk.internal.reflect.DelegatingMethodAccessorImpl.invoke(DelegatingMethodAccessorImpl.java:43)
Caused by: com.kms.katalon.core.exception.StepFailedException: Object Object Repository/C708/android.widget.TextView - Social Security Number not found
	at com.kms.katalon.core.mobile.keyword.internal.MobileKeywordMain.stepFailed(MobileKeywordMain.groovy:64)
	at com.kms.katalon.core.mobile.keyword.builtin.TapKeyword$_tap_closure1.doCall(TapKeyword.groovy:46)
	at com.kms.katalon.core.mobile.keyword.builtin.TapKeyword$_tap_closure1.call(TapKeyword.groovy)
	at com.kms.katalon.core.mobile.keyword.internal.MobileKeywordMain.runKeyword(MobileKeywordMain.groovy:30)
	... 21 more
)

28-04-2025T12:09:59 - [MESSAGE][WARNING] - Timeout '0' is invalid. Using default page load timeout: '30'

28-04-2025T12:10:30 - [MESSAGE][FAILED] - Object Object Repository/C708/android.widget.TextView - Social Security Number not found (Root cause: com.kms.katalon.core.exception.StepFailedException: Object Object Repository/C708/android.widget.TextView - Social Security Number not found
	at com.kms.katalon.core.mobile.keyword.internal.MobileKeywordMain.stepFailed(MobileKeywordMain.groovy:64)
	at com.kms.katalon.core.mobile.keyword.builtin.TapKeyword$_tap_closure1.doCall(TapKeyword.groovy:46)
	at com.kms.katalon.core.mobile.keyword.builtin.TapKeyword$_tap_closure1.call(TapKeyword.groovy)
	at com.kms.katalon.core.mobile.keyword.internal.MobileKeywordMain.runKeyword(MobileKeywordMain.groovy:30)
	at com.kms.katalon.core.mobile.keyword.builtin.TapKeyword.tap(TapKeyword.groovy:51)
	at com.kms.katalon.core.mobile.keyword.builtin.TapKeyword.execute(TapKeyword.groovy:35)
	at com.kms.katalon.core.keyword.internal.KeywordExecutor.executeKeywordForPlatform(KeywordExecutor.groovy:74)
	at com.kms.katalon.core.mobile.keyword.MobileBuiltInKeywords.tap(MobileBuiltInKeywords.groovy:1461)
	at C708_VerifyAccount_Error_SSN_Owner_Users.run(C708_VerifyAccount_Error_SSN_Owner_Users:93)
	at com.kms.katalon.core.main.ScriptEngine.run(ScriptEngine.java:194)
	at com.kms.katalon.core.main.ScriptEngine.runScriptAsRawText(ScriptEngine.java:119)
	at com.kms.katalon.core.main.TestCaseExecutor.runScript(TestCaseExecutor.java:448)
	at com.kms.katalon.core.main.TestCaseExecutor.doExecute(TestCaseExecutor.java:439)
	at com.kms.katalon.core.main.TestCaseExecutor.processExecutionPhase(TestCaseExecutor.java:418)
	at com.kms.katalon.core.main.TestCaseExecutor.accessMainPhase(TestCaseExecutor.java:410)
	at com.kms.katalon.core.main.TestCaseExecutor.execute(TestCaseExecutor.java:285)
	at com.kms.katalon.core.main.TestCaseExecutor.execute(TestCaseExecutor.java:369)
	at com.kms.katalon.core.common.CommonExecutor.accessTestCaseMainPhase(CommonExecutor.java:71)
	at com.kms.katalon.core.main.TestSuiteExecutor.accessTestSuiteMainPhase(TestSuiteExecutor.java:160)
	at com.kms.katalon.core.main.TestSuiteExecutor.execute(TestSuiteExecutor.java:107)
	at com.kms.katalon.core.main.TestCaseMain.startTestSuite(TestCaseMain.java:180)
	at TempTestSuite1745820772166.run(TempTestSuite1745820772166.groovy:35)
	at java.base/jdk.internal.reflect.NativeMethodAccessorImpl.invoke0(Native Method)
	at java.base/jdk.internal.reflect.NativeMethodAccessorImpl.invoke(NativeMethodAccessorImpl.java:77)
	at java.base/jdk.internal.reflect.DelegatingMethodAccessorImpl.invoke(DelegatingMethodAccessorImpl.java:43)
)
[[ATTACHMENT|/Users/gv.vignesh/Downloads/WGR-Android-Automation/Reports/20250428_114252/Sprint-4/20250428_114252/1745822429247.png]]

28-04-2025T12:10:31 - [MESSAGE][FAILED] - Failed to tap on element 'Object Repository/C708/android.widget.TextView - Social Security Number' (Root cause: com.kms.katalon.core.exception.StepFailedException: Failed to tap on element 'Object Repository/C708/android.widget.TextView - Social Security Number'
	at com.kms.katalon.core.mobile.keyword.internal.MobileKeywordMain.stepFailed(MobileKeywordMain.groovy:64)
	at com.kms.katalon.core.mobile.keyword.internal.MobileKeywordMain.runKeyword(MobileKeywordMain.groovy:34)
	at com.kms.katalon.core.mobile.keyword.builtin.TapKeyword.tap(TapKeyword.groovy:51)
	at com.kms.katalon.core.mobile.keyword.builtin.TapKeyword.execute(TapKeyword.groovy:35)
	at com.kms.katalon.core.keyword.internal.KeywordExecutor.executeKeywordForPlatform(KeywordExecutor.groovy:74)
	at com.kms.katalon.core.mobile.keyword.MobileBuiltInKeywords.tap(MobileBuiltInKeywords.groovy:1461)
	at C708_VerifyAccount_Error_SSN_Owner_Users.run(C708_VerifyAccount_Error_SSN_Owner_Users:93)
	at com.kms.katalon.core.main.ScriptEngine.run(ScriptEngine.java:194)
	at com.kms.katalon.core.main.ScriptEngine.runScriptAsRawText(ScriptEngine.java:119)
	at com.kms.katalon.core.main.TestCaseExecutor.runScript(TestCaseExecutor.java:448)
	at com.kms.katalon.core.main.TestCaseExecutor.doExecute(TestCaseExecutor.java:439)
	at com.kms.katalon.core.main.TestCaseExecutor.processExecutionPhase(TestCaseExecutor.java:418)
	at com.kms.katalon.core.main.TestCaseExecutor.accessMainPhase(TestCaseExecutor.java:410)
	at com.kms.katalon.core.main.TestCaseExecutor.execute(TestCaseExecutor.java:285)
	at com.kms.katalon.core.main.TestCaseExecutor.execute(TestCaseExecutor.java:369)
	at com.kms.katalon.core.common.CommonExecutor.accessTestCaseMainPhase(CommonExecutor.java:71)
	at com.kms.katalon.core.main.TestSuiteExecutor.accessTestSuiteMainPhase(TestSuiteExecutor.java:160)
	at com.kms.katalon.core.main.TestSuiteExecutor.execute(TestSuiteExecutor.java:107)
	at com.kms.katalon.core.main.TestCaseMain.startTestSuite(TestCaseMain.java:180)
	at TempTestSuite1745820772166.run(TempTestSuite1745820772166.groovy:35)
	at java.base/jdk.internal.reflect.NativeMethodAccessorImpl.invoke0(Native Method)
	at java.base/jdk.internal.reflect.NativeMethodAccessorImpl.invoke(NativeMethodAccessorImpl.java:77)
	at java.base/jdk.internal.reflect.DelegatingMethodAccessorImpl.invoke(DelegatingMethodAccessorImpl.java:43)
Caused by: com.kms.katalon.core.exception.StepFailedException: Object Object Repository/C708/android.widget.TextView - Social Security Number not found
	at com.kms.katalon.core.mobile.keyword.internal.MobileKeywordMain.stepFailed(MobileKeywordMain.groovy:64)
	at com.kms.katalon.core.mobile.keyword.builtin.TapKeyword$_tap_closure1.doCall(TapKeyword.groovy:46)
	at com.kms.katalon.core.mobile.keyword.builtin.TapKeyword$_tap_closure1.call(TapKeyword.groovy)
	at com.kms.katalon.core.mobile.keyword.internal.MobileKeywordMain.runKeyword(MobileKeywordMain.groovy:30)
	... 21 more
)
[[ATTACHMENT|/Users/gv.vignesh/Downloads/WGR-Android-Automation/Reports/20250428_114252/Sprint-4/20250428_114252/1745822430879.png]]]]></system-out>
         <system-err><![CDATA[28-04-2025T12:07:08 - [TEST_CASE][FAILED] - Test Cases/Verify Account/C708_VerifyAccount_Error_SSN_Owner_Users: Test Cases/Verify Account/C708_VerifyAccount_Error_SSN_Owner_Users FAILED.
Reason:
com.kms.katalon.core.exception.StepFailedException: Failed to tap on element 'Object Repository/C708/android.widget.TextView - Social Security Number'
	at com.kms.katalon.core.mobile.keyword.internal.MobileKeywordMain.stepFailed(MobileKeywordMain.groovy:64)
	at com.kms.katalon.core.mobile.keyword.internal.MobileKeywordMain.runKeyword(MobileKeywordMain.groovy:34)
	at com.kms.katalon.core.mobile.keyword.builtin.TapKeyword.tap(TapKeyword.groovy:51)
	at com.kms.katalon.core.mobile.keyword.builtin.TapKeyword.execute(TapKeyword.groovy:35)
	at com.kms.katalon.core.keyword.internal.KeywordExecutor.executeKeywordForPlatform(KeywordExecutor.groovy:74)
	at com.kms.katalon.core.mobile.keyword.MobileBuiltInKeywords.tap(MobileBuiltInKeywords.groovy:1461)
	at C708_VerifyAccount_Error_SSN_Owner_Users.run(C708_VerifyAccount_Error_SSN_Owner_Users:93)
	at com.kms.katalon.core.main.ScriptEngine.run(ScriptEngine.java:194)
	at com.kms.katalon.core.main.ScriptEngine.runScriptAsRawText(ScriptEngine.java:119)
	at com.kms.katalon.core.main.TestCaseExecutor.runScript(TestCaseExecutor.java:448)
	at com.kms.katalon.core.main.TestCaseExecutor.doExecute(TestCaseExecutor.java:439)
	at com.kms.katalon.core.main.TestCaseExecutor.processExecutionPhase(TestCaseExecutor.java:418)
	at com.kms.katalon.core.main.TestCaseExecutor.accessMainPhase(TestCaseExecutor.java:410)
	at com.kms.katalon.core.main.TestCaseExecutor.execute(TestCaseExecutor.java:285)
	at com.kms.katalon.core.main.TestCaseExecutor.execute(TestCaseExecutor.java:369)
	at com.kms.katalon.core.common.CommonExecutor.accessTestCaseMainPhase(CommonExecutor.java:71)
	at com.kms.katalon.core.main.TestSuiteExecutor.accessTestSuiteMainPhase(TestSuiteExecutor.java:160)
	at com.kms.katalon.core.main.TestSuiteExecutor.execute(TestSuiteExecutor.java:107)
	at com.kms.katalon.core.main.TestCaseMain.startTestSuite(TestCaseMain.java:180)
	at TempTestSuite1745820772166.run(TempTestSuite1745820772166.groovy:35)
	at java.base/jdk.internal.reflect.NativeMethodAccessorImpl.invoke0(Native Method)
	at java.base/jdk.internal.reflect.NativeMethodAccessorImpl.invoke(NativeMethodAccessorImpl.java:77)
	at java.base/jdk.internal.reflect.DelegatingMethodAccessorImpl.invoke(DelegatingMethodAccessorImpl.java:43)
Caused by: com.kms.katalon.core.exception.StepFailedException: Object Object Repository/C708/android.widget.TextView - Social Security Number not found
	at com.kms.katalon.core.mobile.keyword.internal.MobileKeywordMain.stepFailed(MobileKeywordMain.groovy:64)
	at com.kms.katalon.core.mobile.keyword.builtin.TapKeyword$_tap_closure1.doCall(TapKeyword.groovy:46)
	at com.kms.katalon.core.mobile.keyword.builtin.TapKeyword$_tap_closure1.call(TapKeyword.groovy)
	at com.kms.katalon.core.mobile.keyword.internal.MobileKeywordMain.runKeyword(MobileKeywordMain.groovy:30)
	... 21 more]]></system-err>
      </testcase>
      <testcase name="Test Cases/Verify Reservations/WRMA-282_Verify_Reservations_ErrorVerification" time="79.273" classname="Test Cases/Verify Reservations/WRMA-282_Verify_Reservations_ErrorVerification" status="FAILED">
         <failure type="FAILED" message="Test Cases/Verify Reservations/WRMA-282_Verify_Reservations_ErrorVerification FAILED.&#xa;Reason:&#xa;com.kms.katalon.core.exception.StepFailedException: Failed to set text into element&#xa;	at com.kms.katalon.core.mobile.keyword.internal.MobileKeywordMain.stepFailed(MobileKeywordMain.groovy:64)&#xa;	at com.kms.katalon.core.mobile.keyword.internal.MobileKeywordMain.runKeyword(MobileKeywordMain.groovy:34)&#xa;	at com.kms.katalon.core.mobile.keyword.builtin.SetTextKeyword.setText(SetTextKeyword.groovy:62)&#xa;	at com.kms.katalon.core.mobile.keyword.builtin.SetTextKeyword.execute(SetTextKeyword.groovy:42)&#xa;	at com.kms.katalon.core.keyword.internal.KeywordExecutor.executeKeywordForPlatform(KeywordExecutor.groovy:74)&#xa;	at com.kms.katalon.core.mobile.keyword.MobileBuiltInKeywords.setText(MobileBuiltInKeywords.groovy:1278)&#xa;	at WRMA-282_Verify_Reservations_ErrorVerification.run(WRMA-282_Verify_Reservations_ErrorVerification:35)&#xa;	at com.kms.katalon.core.main.ScriptEngine.run(ScriptEngine.java:194)&#xa;	at com.kms.katalon.core.main.ScriptEngine.runScriptAsRawText(ScriptEngine.java:119)&#xa;	at com.kms.katalon.core.main.TestCaseExecutor.runScript(TestCaseExecutor.java:448)&#xa;	at com.kms.katalon.core.main.TestCaseExecutor.doExecute(TestCaseExecutor.java:439)&#xa;	at com.kms.katalon.core.main.TestCaseExecutor.processExecutionPhase(TestCaseExecutor.java:418)&#xa;	at com.kms.katalon.core.main.TestCaseExecutor.accessMainPhase(TestCaseExecutor.java:410)&#xa;	at com.kms.katalon.core.main.TestCaseExecutor.execute(TestCaseExecutor.java:285)&#xa;	at com.kms.katalon.core.main.TestCaseExecutor.execute(TestCaseExecutor.java:369)&#xa;	at com.kms.katalon.core.common.CommonExecutor.accessTestCaseMainPhase(CommonExecutor.java:71)&#xa;	at com.kms.katalon.core.main.TestSuiteExecutor.accessTestSuiteMainPhase(TestSuiteExecutor.java:160)&#xa;	at com.kms.katalon.core.main.TestSuiteExecutor.execute(TestSuiteExecutor.java:107)&#xa;	at com.kms.katalon.core.main.TestCaseMain.startTestSuite(TestCaseMain.java:180)&#xa;	at TempTestSuite1745820772166.run(TempTestSuite1745820772166.groovy:35)&#xa;	at java.base/jdk.internal.reflect.NativeMethodAccessorImpl.invoke0(Native Method)&#xa;	at java.base/jdk.internal.reflect.NativeMethodAccessorImpl.invoke(NativeMethodAccessorImpl.java:77)&#xa;	at java.base/jdk.internal.reflect.DelegatingMethodAccessorImpl.invoke(DelegatingMethodAccessorImpl.java:43)&#xa;Caused by: com.kms.katalon.core.exception.StepFailedException: Object Object Repository/VOAusers/android.widget.EditText not found&#xa;	at com.kms.katalon.core.mobile.keyword.internal.MobileKeywordMain.stepFailed(MobileKeywordMain.groovy:64)&#xa;	at com.kms.katalon.core.mobile.keyword.builtin.SetTextKeyword$_setText_closure1.doCall(SetTextKeyword.groovy:52)&#xa;	at com.kms.katalon.core.mobile.keyword.builtin.SetTextKeyword$_setText_closure1.call(SetTextKeyword.groovy)&#xa;	at com.kms.katalon.core.mobile.keyword.internal.MobileKeywordMain.runKeyword(MobileKeywordMain.groovy:30)&#xa;	... 21 more&#xa;"/>
         <system-out><![CDATA[28-04-2025T12:12:51 - [TEST_CASE][FAILED] - Test Cases/Verify Reservations/WRMA-282_Verify_Reservations_ErrorVerification: Test Cases/Verify Reservations/WRMA-282_Verify_Reservations_ErrorVerification FAILED.
Reason:
com.kms.katalon.core.exception.StepFailedException: Failed to set text into element
	at com.kms.katalon.core.mobile.keyword.internal.MobileKeywordMain.stepFailed(MobileKeywordMain.groovy:64)
	at com.kms.katalon.core.mobile.keyword.internal.MobileKeywordMain.runKeyword(MobileKeywordMain.groovy:34)
	at com.kms.katalon.core.mobile.keyword.builtin.SetTextKeyword.setText(SetTextKeyword.groovy:62)
	at com.kms.katalon.core.mobile.keyword.builtin.SetTextKeyword.execute(SetTextKeyword.groovy:42)
	at com.kms.katalon.core.keyword.internal.KeywordExecutor.executeKeywordForPlatform(KeywordExecutor.groovy:74)
	at com.kms.katalon.core.mobile.keyword.MobileBuiltInKeywords.setText(MobileBuiltInKeywords.groovy:1278)
	at WRMA-282_Verify_Reservations_ErrorVerification.run(WRMA-282_Verify_Reservations_ErrorVerification:35)
	at com.kms.katalon.core.main.ScriptEngine.run(ScriptEngine.java:194)
	at com.kms.katalon.core.main.ScriptEngine.runScriptAsRawText(ScriptEngine.java:119)
	at com.kms.katalon.core.main.TestCaseExecutor.runScript(TestCaseExecutor.java:448)
	at com.kms.katalon.core.main.TestCaseExecutor.doExecute(TestCaseExecutor.java:439)
	at com.kms.katalon.core.main.TestCaseExecutor.processExecutionPhase(TestCaseExecutor.java:418)
	at com.kms.katalon.core.main.TestCaseExecutor.accessMainPhase(TestCaseExecutor.java:410)
	at com.kms.katalon.core.main.TestCaseExecutor.execute(TestCaseExecutor.java:285)
	at com.kms.katalon.core.main.TestCaseExecutor.execute(TestCaseExecutor.java:369)
	at com.kms.katalon.core.common.CommonExecutor.accessTestCaseMainPhase(CommonExecutor.java:71)
	at com.kms.katalon.core.main.TestSuiteExecutor.accessTestSuiteMainPhase(TestSuiteExecutor.java:160)
	at com.kms.katalon.core.main.TestSuiteExecutor.execute(TestSuiteExecutor.java:107)
	at com.kms.katalon.core.main.TestCaseMain.startTestSuite(TestCaseMain.java:180)
	at TempTestSuite1745820772166.run(TempTestSuite1745820772166.groovy:35)
	at java.base/jdk.internal.reflect.NativeMethodAccessorImpl.invoke0(Native Method)
	at java.base/jdk.internal.reflect.NativeMethodAccessorImpl.invoke(NativeMethodAccessorImpl.java:77)
	at java.base/jdk.internal.reflect.DelegatingMethodAccessorImpl.invoke(DelegatingMethodAccessorImpl.java:43)
Caused by: com.kms.katalon.core.exception.StepFailedException: Object Object Repository/VOAusers/android.widget.EditText not found
	at com.kms.katalon.core.mobile.keyword.internal.MobileKeywordMain.stepFailed(MobileKeywordMain.groovy:64)
	at com.kms.katalon.core.mobile.keyword.builtin.SetTextKeyword$_setText_closure1.doCall(SetTextKeyword.groovy:52)
	at com.kms.katalon.core.mobile.keyword.builtin.SetTextKeyword$_setText_closure1.call(SetTextKeyword.groovy)
	at com.kms.katalon.core.mobile.keyword.internal.MobileKeywordMain.runKeyword(MobileKeywordMain.groovy:30)
	... 21 more


28-04-2025T12:12:51 - [TEST_STEP][PASSED] - startApplication("/Users/gv.vignesh/Downloads/app-debug (1).apk", true): Started application: '/Users/gv.vignesh/Downloads/app-debug (1).apk'

28-04-2025T12:12:51 - [MESSAGE][INFO] - Starting application: '/Users/gv.vignesh/Downloads/app-debug (1).apk'

28-04-2025T12:12:51 - [MESSAGE][INFO] - User set preference: ['uiautomator2ServerInstallTimeout', '0']

28-04-2025T12:12:51 - [MESSAGE][INFO] - User set preference: ['deviceId', '']

28-04-2025T12:13:15 - [MESSAGE][PASSED] - Started application: '/Users/gv.vignesh/Downloads/app-debug (1).apk'

28-04-2025T12:13:15 - [TEST_STEP][PASSED] - delay(10): Delayed 10 second(s)

28-04-2025T12:13:25 - [MESSAGE][PASSED] - Delayed 10 second(s)

28-04-2025T12:13:25 - [TEST_STEP][PASSED] - tap(findTestObject("Object Repository/VOAusers/android.widget.Button - Login or Sign Up"), 0): Tapped on element 'Object Repository/VOAusers/android.widget.Button - Login or Sign Up'

28-04-2025T12:13:25 - [MESSAGE][WARNING] - Timeout '0' is invalid. Using default page load timeout: '30'

28-04-2025T12:13:26 - [MESSAGE][PASSED] - Tapped on element 'Object Repository/VOAusers/android.widget.Button - Login or Sign Up'

28-04-2025T12:13:26 - [TEST_STEP][PASSED] - delay(10): Delayed 10 second(s)

28-04-2025T12:13:36 - [MESSAGE][PASSED] - Delayed 10 second(s)

28-04-2025T12:13:36 - [TEST_STEP][FAILED] - setText(findTestObject("Object Repository/VOAusers/android.widget.EditText"), "SELENAWB@GMAIL.COM", 0): Failed to set text into element (Root cause: com.kms.katalon.core.exception.StepFailedException: Failed to set text into element
	at com.kms.katalon.core.mobile.keyword.internal.MobileKeywordMain.stepFailed(MobileKeywordMain.groovy:64)
	at com.kms.katalon.core.mobile.keyword.internal.MobileKeywordMain.runKeyword(MobileKeywordMain.groovy:34)
	at com.kms.katalon.core.mobile.keyword.builtin.SetTextKeyword.setText(SetTextKeyword.groovy:62)
	at com.kms.katalon.core.mobile.keyword.builtin.SetTextKeyword.execute(SetTextKeyword.groovy:42)
	at com.kms.katalon.core.keyword.internal.KeywordExecutor.executeKeywordForPlatform(KeywordExecutor.groovy:74)
	at com.kms.katalon.core.mobile.keyword.MobileBuiltInKeywords.setText(MobileBuiltInKeywords.groovy:1278)
	at WRMA-282_Verify_Reservations_ErrorVerification.run(WRMA-282_Verify_Reservations_ErrorVerification:35)
	at com.kms.katalon.core.main.ScriptEngine.run(ScriptEngine.java:194)
	at com.kms.katalon.core.main.ScriptEngine.runScriptAsRawText(ScriptEngine.java:119)
	at com.kms.katalon.core.main.TestCaseExecutor.runScript(TestCaseExecutor.java:448)
	at com.kms.katalon.core.main.TestCaseExecutor.doExecute(TestCaseExecutor.java:439)
	at com.kms.katalon.core.main.TestCaseExecutor.processExecutionPhase(TestCaseExecutor.java:418)
	at com.kms.katalon.core.main.TestCaseExecutor.accessMainPhase(TestCaseExecutor.java:410)
	at com.kms.katalon.core.main.TestCaseExecutor.execute(TestCaseExecutor.java:285)
	at com.kms.katalon.core.main.TestCaseExecutor.execute(TestCaseExecutor.java:369)
	at com.kms.katalon.core.common.CommonExecutor.accessTestCaseMainPhase(CommonExecutor.java:71)
	at com.kms.katalon.core.main.TestSuiteExecutor.accessTestSuiteMainPhase(TestSuiteExecutor.java:160)
	at com.kms.katalon.core.main.TestSuiteExecutor.execute(TestSuiteExecutor.java:107)
	at com.kms.katalon.core.main.TestCaseMain.startTestSuite(TestCaseMain.java:180)
	at TempTestSuite1745820772166.run(TempTestSuite1745820772166.groovy:35)
	at java.base/jdk.internal.reflect.NativeMethodAccessorImpl.invoke0(Native Method)
	at java.base/jdk.internal.reflect.NativeMethodAccessorImpl.invoke(NativeMethodAccessorImpl.java:77)
	at java.base/jdk.internal.reflect.DelegatingMethodAccessorImpl.invoke(DelegatingMethodAccessorImpl.java:43)
Caused by: com.kms.katalon.core.exception.StepFailedException: Object Object Repository/VOAusers/android.widget.EditText not found
	at com.kms.katalon.core.mobile.keyword.internal.MobileKeywordMain.stepFailed(MobileKeywordMain.groovy:64)
	at com.kms.katalon.core.mobile.keyword.builtin.SetTextKeyword$_setText_closure1.doCall(SetTextKeyword.groovy:52)
	at com.kms.katalon.core.mobile.keyword.builtin.SetTextKeyword$_setText_closure1.call(SetTextKeyword.groovy)
	at com.kms.katalon.core.mobile.keyword.internal.MobileKeywordMain.runKeyword(MobileKeywordMain.groovy:30)
	... 21 more
)

28-04-2025T12:13:36 - [MESSAGE][WARNING] - Timeout '0' is invalid. Using default page load timeout: '30'

28-04-2025T12:14:09 - [MESSAGE][FAILED] - Object Object Repository/VOAusers/android.widget.EditText not found (Root cause: com.kms.katalon.core.exception.StepFailedException: Object Object Repository/VOAusers/android.widget.EditText not found
	at com.kms.katalon.core.mobile.keyword.internal.MobileKeywordMain.stepFailed(MobileKeywordMain.groovy:64)
	at com.kms.katalon.core.mobile.keyword.builtin.SetTextKeyword$_setText_closure1.doCall(SetTextKeyword.groovy:52)
	at com.kms.katalon.core.mobile.keyword.builtin.SetTextKeyword$_setText_closure1.call(SetTextKeyword.groovy)
	at com.kms.katalon.core.mobile.keyword.internal.MobileKeywordMain.runKeyword(MobileKeywordMain.groovy:30)
	at com.kms.katalon.core.mobile.keyword.builtin.SetTextKeyword.setText(SetTextKeyword.groovy:62)
	at com.kms.katalon.core.mobile.keyword.builtin.SetTextKeyword.execute(SetTextKeyword.groovy:42)
	at com.kms.katalon.core.keyword.internal.KeywordExecutor.executeKeywordForPlatform(KeywordExecutor.groovy:74)
	at com.kms.katalon.core.mobile.keyword.MobileBuiltInKeywords.setText(MobileBuiltInKeywords.groovy:1278)
	at WRMA-282_Verify_Reservations_ErrorVerification.run(WRMA-282_Verify_Reservations_ErrorVerification:35)
	at com.kms.katalon.core.main.ScriptEngine.run(ScriptEngine.java:194)
	at com.kms.katalon.core.main.ScriptEngine.runScriptAsRawText(ScriptEngine.java:119)
	at com.kms.katalon.core.main.TestCaseExecutor.runScript(TestCaseExecutor.java:448)
	at com.kms.katalon.core.main.TestCaseExecutor.doExecute(TestCaseExecutor.java:439)
	at com.kms.katalon.core.main.TestCaseExecutor.processExecutionPhase(TestCaseExecutor.java:418)
	at com.kms.katalon.core.main.TestCaseExecutor.accessMainPhase(TestCaseExecutor.java:410)
	at com.kms.katalon.core.main.TestCaseExecutor.execute(TestCaseExecutor.java:285)
	at com.kms.katalon.core.main.TestCaseExecutor.execute(TestCaseExecutor.java:369)
	at com.kms.katalon.core.common.CommonExecutor.accessTestCaseMainPhase(CommonExecutor.java:71)
	at com.kms.katalon.core.main.TestSuiteExecutor.accessTestSuiteMainPhase(TestSuiteExecutor.java:160)
	at com.kms.katalon.core.main.TestSuiteExecutor.execute(TestSuiteExecutor.java:107)
	at com.kms.katalon.core.main.TestCaseMain.startTestSuite(TestCaseMain.java:180)
	at TempTestSuite1745820772166.run(TempTestSuite1745820772166.groovy:35)
	at java.base/jdk.internal.reflect.NativeMethodAccessorImpl.invoke0(Native Method)
	at java.base/jdk.internal.reflect.NativeMethodAccessorImpl.invoke(NativeMethodAccessorImpl.java:77)
	at java.base/jdk.internal.reflect.DelegatingMethodAccessorImpl.invoke(DelegatingMethodAccessorImpl.java:43)
)
[[ATTACHMENT|/Users/gv.vignesh/Downloads/WGR-Android-Automation/Reports/20250428_114252/Sprint-4/20250428_114252/1745822646455.png]]

28-04-2025T12:14:11 - [MESSAGE][FAILED] - Failed to set text into element (Root cause: com.kms.katalon.core.exception.StepFailedException: Failed to set text into element
	at com.kms.katalon.core.mobile.keyword.internal.MobileKeywordMain.stepFailed(MobileKeywordMain.groovy:64)
	at com.kms.katalon.core.mobile.keyword.internal.MobileKeywordMain.runKeyword(MobileKeywordMain.groovy:34)
	at com.kms.katalon.core.mobile.keyword.builtin.SetTextKeyword.setText(SetTextKeyword.groovy:62)
	at com.kms.katalon.core.mobile.keyword.builtin.SetTextKeyword.execute(SetTextKeyword.groovy:42)
	at com.kms.katalon.core.keyword.internal.KeywordExecutor.executeKeywordForPlatform(KeywordExecutor.groovy:74)
	at com.kms.katalon.core.mobile.keyword.MobileBuiltInKeywords.setText(MobileBuiltInKeywords.groovy:1278)
	at WRMA-282_Verify_Reservations_ErrorVerification.run(WRMA-282_Verify_Reservations_ErrorVerification:35)
	at com.kms.katalon.core.main.ScriptEngine.run(ScriptEngine.java:194)
	at com.kms.katalon.core.main.ScriptEngine.runScriptAsRawText(ScriptEngine.java:119)
	at com.kms.katalon.core.main.TestCaseExecutor.runScript(TestCaseExecutor.java:448)
	at com.kms.katalon.core.main.TestCaseExecutor.doExecute(TestCaseExecutor.java:439)
	at com.kms.katalon.core.main.TestCaseExecutor.processExecutionPhase(TestCaseExecutor.java:418)
	at com.kms.katalon.core.main.TestCaseExecutor.accessMainPhase(TestCaseExecutor.java:410)
	at com.kms.katalon.core.main.TestCaseExecutor.execute(TestCaseExecutor.java:285)
	at com.kms.katalon.core.main.TestCaseExecutor.execute(TestCaseExecutor.java:369)
	at com.kms.katalon.core.common.CommonExecutor.accessTestCaseMainPhase(CommonExecutor.java:71)
	at com.kms.katalon.core.main.TestSuiteExecutor.accessTestSuiteMainPhase(TestSuiteExecutor.java:160)
	at com.kms.katalon.core.main.TestSuiteExecutor.execute(TestSuiteExecutor.java:107)
	at com.kms.katalon.core.main.TestCaseMain.startTestSuite(TestCaseMain.java:180)
	at TempTestSuite1745820772166.run(TempTestSuite1745820772166.groovy:35)
	at java.base/jdk.internal.reflect.NativeMethodAccessorImpl.invoke0(Native Method)
	at java.base/jdk.internal.reflect.NativeMethodAccessorImpl.invoke(NativeMethodAccessorImpl.java:77)
	at java.base/jdk.internal.reflect.DelegatingMethodAccessorImpl.invoke(DelegatingMethodAccessorImpl.java:43)
Caused by: com.kms.katalon.core.exception.StepFailedException: Object Object Repository/VOAusers/android.widget.EditText not found
	at com.kms.katalon.core.mobile.keyword.internal.MobileKeywordMain.stepFailed(MobileKeywordMain.groovy:64)
	at com.kms.katalon.core.mobile.keyword.builtin.SetTextKeyword$_setText_closure1.doCall(SetTextKeyword.groovy:52)
	at com.kms.katalon.core.mobile.keyword.builtin.SetTextKeyword$_setText_closure1.call(SetTextKeyword.groovy)
	at com.kms.katalon.core.mobile.keyword.internal.MobileKeywordMain.runKeyword(MobileKeywordMain.groovy:30)
	... 21 more
)
[[ATTACHMENT|/Users/gv.vignesh/Downloads/WGR-Android-Automation/Reports/20250428_114252/Sprint-4/20250428_114252/1745822649105.png]]]]></system-out>
         <system-err><![CDATA[28-04-2025T12:12:51 - [TEST_CASE][FAILED] - Test Cases/Verify Reservations/WRMA-282_Verify_Reservations_ErrorVerification: Test Cases/Verify Reservations/WRMA-282_Verify_Reservations_ErrorVerification FAILED.
Reason:
com.kms.katalon.core.exception.StepFailedException: Failed to set text into element
	at com.kms.katalon.core.mobile.keyword.internal.MobileKeywordMain.stepFailed(MobileKeywordMain.groovy:64)
	at com.kms.katalon.core.mobile.keyword.internal.MobileKeywordMain.runKeyword(MobileKeywordMain.groovy:34)
	at com.kms.katalon.core.mobile.keyword.builtin.SetTextKeyword.setText(SetTextKeyword.groovy:62)
	at com.kms.katalon.core.mobile.keyword.builtin.SetTextKeyword.execute(SetTextKeyword.groovy:42)
	at com.kms.katalon.core.keyword.internal.KeywordExecutor.executeKeywordForPlatform(KeywordExecutor.groovy:74)
	at com.kms.katalon.core.mobile.keyword.MobileBuiltInKeywords.setText(MobileBuiltInKeywords.groovy:1278)
	at WRMA-282_Verify_Reservations_ErrorVerification.run(WRMA-282_Verify_Reservations_ErrorVerification:35)
	at com.kms.katalon.core.main.ScriptEngine.run(ScriptEngine.java:194)
	at com.kms.katalon.core.main.ScriptEngine.runScriptAsRawText(ScriptEngine.java:119)
	at com.kms.katalon.core.main.TestCaseExecutor.runScript(TestCaseExecutor.java:448)
	at com.kms.katalon.core.main.TestCaseExecutor.doExecute(TestCaseExecutor.java:439)
	at com.kms.katalon.core.main.TestCaseExecutor.processExecutionPhase(TestCaseExecutor.java:418)
	at com.kms.katalon.core.main.TestCaseExecutor.accessMainPhase(TestCaseExecutor.java:410)
	at com.kms.katalon.core.main.TestCaseExecutor.execute(TestCaseExecutor.java:285)
	at com.kms.katalon.core.main.TestCaseExecutor.execute(TestCaseExecutor.java:369)
	at com.kms.katalon.core.common.CommonExecutor.accessTestCaseMainPhase(CommonExecutor.java:71)
	at com.kms.katalon.core.main.TestSuiteExecutor.accessTestSuiteMainPhase(TestSuiteExecutor.java:160)
	at com.kms.katalon.core.main.TestSuiteExecutor.execute(TestSuiteExecutor.java:107)
	at com.kms.katalon.core.main.TestCaseMain.startTestSuite(TestCaseMain.java:180)
	at TempTestSuite1745820772166.run(TempTestSuite1745820772166.groovy:35)
	at java.base/jdk.internal.reflect.NativeMethodAccessorImpl.invoke0(Native Method)
	at java.base/jdk.internal.reflect.NativeMethodAccessorImpl.invoke(NativeMethodAccessorImpl.java:77)
	at java.base/jdk.internal.reflect.DelegatingMethodAccessorImpl.invoke(DelegatingMethodAccessorImpl.java:43)
Caused by: com.kms.katalon.core.exception.StepFailedException: Object Object Repository/VOAusers/android.widget.EditText not found
	at com.kms.katalon.core.mobile.keyword.internal.MobileKeywordMain.stepFailed(MobileKeywordMain.groovy:64)
	at com.kms.katalon.core.mobile.keyword.builtin.SetTextKeyword$_setText_closure1.doCall(SetTextKeyword.groovy:52)
	at com.kms.katalon.core.mobile.keyword.builtin.SetTextKeyword$_setText_closure1.call(SetTextKeyword.groovy)
	at com.kms.katalon.core.mobile.keyword.internal.MobileKeywordMain.runKeyword(MobileKeywordMain.groovy:30)
	... 21 more]]></system-err>
      </testcase>
      <testcase name="Test Cases/My Stay And Reservations/WRMA-297_MyStayAndReservations__LatePayment" time="28.536" classname="Test Cases/My Stay And Reservations/WRMA-297_MyStayAndReservations__LatePayment" status="FAILED">
         <failure type="FAILED" message="Test Cases/My Stay And Reservations/WRMA-297_MyStayAndReservations__LatePayment FAILED.&#xa;Reason:&#xa;com.kms.katalon.core.exception.StepFailedException: Unable to start application: '/Users/gv.vignesh/Downloads/app-debug-Version-2.99.70.apk'&#xa;	at com.kms.katalon.core.mobile.keyword.internal.MobileKeywordMain.stepFailed(MobileKeywordMain.groovy:64)&#xa;	at com.kms.katalon.core.mobile.keyword.internal.MobileKeywordMain.runKeyword(MobileKeywordMain.groovy:34)&#xa;	at com.kms.katalon.core.mobile.keyword.builtin.StartApplicationKeyword.startApplication(StartApplicationKeyword.groovy:91)&#xa;	at com.kms.katalon.core.mobile.keyword.builtin.StartApplicationKeyword.execute(StartApplicationKeyword.groovy:48)&#xa;	at com.kms.katalon.core.keyword.internal.KeywordExecutor.executeKeywordForPlatform(KeywordExecutor.groovy:74)&#xa;	at com.kms.katalon.core.mobile.keyword.MobileBuiltInKeywords.startApplication(MobileBuiltInKeywords.groovy:49)&#xa;	at WRMA-297_MyStayAndReservations__LatePayment.run(WRMA-297_MyStayAndReservations__LatePayment:21)&#xa;	at com.kms.katalon.core.main.ScriptEngine.run(ScriptEngine.java:194)&#xa;	at com.kms.katalon.core.main.ScriptEngine.runScriptAsRawText(ScriptEngine.java:119)&#xa;	at com.kms.katalon.core.main.TestCaseExecutor.runScript(TestCaseExecutor.java:448)&#xa;	at com.kms.katalon.core.main.TestCaseExecutor.doExecute(TestCaseExecutor.java:439)&#xa;	at com.kms.katalon.core.main.TestCaseExecutor.processExecutionPhase(TestCaseExecutor.java:418)&#xa;	at com.kms.katalon.core.main.TestCaseExecutor.accessMainPhase(TestCaseExecutor.java:410)&#xa;	at com.kms.katalon.core.main.TestCaseExecutor.execute(TestCaseExecutor.java:285)&#xa;	at com.kms.katalon.core.main.TestCaseExecutor.execute(TestCaseExecutor.java:369)&#xa;	at com.kms.katalon.core.common.CommonExecutor.accessTestCaseMainPhase(CommonExecutor.java:71)&#xa;	at com.kms.katalon.core.main.TestSuiteExecutor.accessTestSuiteMainPhase(TestSuiteExecutor.java:160)&#xa;	at com.kms.katalon.core.main.TestSuiteExecutor.execute(TestSuiteExecutor.java:107)&#xa;	at com.kms.katalon.core.main.TestCaseMain.startTestSuite(TestCaseMain.java:180)&#xa;	at TempTestSuite1745820772166.run(TempTestSuite1745820772166.groovy:35)&#xa;	at java.base/jdk.internal.reflect.NativeMethodAccessorImpl.invoke0(Native Method)&#xa;	at java.base/jdk.internal.reflect.NativeMethodAccessorImpl.invoke(NativeMethodAccessorImpl.java:77)&#xa;	at java.base/jdk.internal.reflect.DelegatingMethodAccessorImpl.invoke(DelegatingMethodAccessorImpl.java:43)&#xa;Caused by: org.openqa.selenium.SessionNotCreatedException: Could not start a new session. Response code 500. Message: An unknown server-side error occurred while processing the command. Original error: Error executing adbExec. Original error: 'Command '/Users/gv.vignesh/.katalon/tools/android_sdk/platform-tools/adb -P 5037 -s a6e538dc5180 install -r -g /Users/gv.vignesh/Downloads/app-debug-Version-2.99.70.apk' exited with code 1'; Command output: adb: failed to install /Users/gv.vignesh/Downloads/app-debug-Version-2.99.70.apk: Failure [INSTALL_FAILED_USER_RESTRICTED: Install canceled by user]&#xa; &#xa;Host info: host: '**********', ip: '**********'&#xa;Build info: version: '4.22.0', revision: 'c5f3146703'&#xa;System info: os.name: 'Mac OS X', os.arch: 'aarch64', os.version: '15.4.1', java.version: '17.0.14'&#xa;Driver info: io.appium.java_client.android.AndroidDriver&#xa;Command: [null, newSession {capabilities=[Capabilities {appium:app: /Users/gv.vignesh/Downloads..., appium:autoGrantPermissions: true, appium:automationName: uiautomator2, appium:deviceId: , appium:deviceName: Xiaomi 23076PC4BI (Android 15), appium:fullReset: true, appium:newCommandTimeout: 1800, appium:noReset: false, appium:platformName: ANDROID, appium:platformVersion: 15, appium:systemPort: 65230, appium:udid: a6e538dc5180, appium:uiautomator2ServerInstallTimeout: 0.0, platformName: ANDROID}]}]&#xa;Capabilities {appium:app: /Users/gv.vignesh/Downloads..., appium:autoGrantPermissions: true, appium:automationName: uiautomator2, appium:deviceId: , appium:deviceName: Xiaomi 23076PC4BI (Android 15), appium:fullReset: true, appium:newCommandTimeout: 1800, appium:noReset: false, appium:platformName: ANDROID, appium:platformVersion: 15, appium:systemPort: 65230, appium:udid: a6e538dc5180, appium:uiautomator2ServerInstallTimeout: 0.0, platformName: ANDROID}&#xa;	at org.openqa.selenium.remote.ProtocolHandshake.createSession(ProtocolHandshake.java:114)&#xa;	at org.openqa.selenium.remote.ProtocolHandshake.createSession(ProtocolHandshake.java:75)&#xa;	at org.openqa.selenium.remote.ProtocolHandshake.createSession(ProtocolHandshake.java:61)&#xa;	at io.appium.java_client.remote.AppiumCommandExecutor.createSession(AppiumCommandExecutor.java:176)&#xa;	at io.appium.java_client.remote.AppiumCommandExecutor.execute(AppiumCommandExecutor.java:237)&#xa;	at org.openqa.selenium.remote.RemoteWebDriver.execute(RemoteWebDriver.java:518)&#xa;	at io.appium.java_client.AppiumDriver.startSession(AppiumDriver.java:270)&#xa;	at org.openqa.selenium.remote.RemoteWebDriver.&lt;init>(RemoteWebDriver.java:161)&#xa;	at io.appium.java_client.AppiumDriver.&lt;init>(AppiumDriver.java:91)&#xa;	at io.appium.java_client.android.AndroidDriver.&lt;init>(AndroidDriver.java:99)&#xa;	at com.kms.katalon.core.appium.driver.AppiumDriverManager.createMobileDriver(AppiumDriverManager.java:574)&#xa;	at com.kms.katalon.core.appium.driver.AppiumDriverManager.createMobileDriver(AppiumDriverManager.java:551)&#xa;	at com.kms.katalon.core.mobile.keyword.internal.MobileDriverFactory.startLocalMobileDriver(MobileDriverFactory.java:597)&#xa;	at com.kms.katalon.core.mobile.keyword.internal.MobileDriverFactory.startMobileDriver(MobileDriverFactory.java:510)&#xa;	at com.kms.katalon.core.mobile.keyword.builtin.StartApplicationKeyword$_startApplication_closure1.doCall(StartApplicationKeyword.groovy:89)&#xa;	at com.kms.katalon.core.mobile.keyword.builtin.StartApplicationKeyword$_startApplication_closure1.call(StartApplicationKeyword.groovy)&#xa;	at com.kms.katalon.core.mobile.keyword.internal.MobileKeywordMain.runKeyword(MobileKeywordMain.groovy:30)&#xa;	... 21 more&#xa;"/>
         <system-out><![CDATA[28-04-2025T12:15:32 - [TEST_CASE][FAILED] - Test Cases/My Stay And Reservations/WRMA-297_MyStayAndReservations__LatePayment: Test Cases/My Stay And Reservations/WRMA-297_MyStayAndReservations__LatePayment FAILED.
Reason:
com.kms.katalon.core.exception.StepFailedException: Unable to start application: '/Users/gv.vignesh/Downloads/app-debug-Version-2.99.70.apk'
	at com.kms.katalon.core.mobile.keyword.internal.MobileKeywordMain.stepFailed(MobileKeywordMain.groovy:64)
	at com.kms.katalon.core.mobile.keyword.internal.MobileKeywordMain.runKeyword(MobileKeywordMain.groovy:34)
	at com.kms.katalon.core.mobile.keyword.builtin.StartApplicationKeyword.startApplication(StartApplicationKeyword.groovy:91)
	at com.kms.katalon.core.mobile.keyword.builtin.StartApplicationKeyword.execute(StartApplicationKeyword.groovy:48)
	at com.kms.katalon.core.keyword.internal.KeywordExecutor.executeKeywordForPlatform(KeywordExecutor.groovy:74)
	at com.kms.katalon.core.mobile.keyword.MobileBuiltInKeywords.startApplication(MobileBuiltInKeywords.groovy:49)
	at WRMA-297_MyStayAndReservations__LatePayment.run(WRMA-297_MyStayAndReservations__LatePayment:21)
	at com.kms.katalon.core.main.ScriptEngine.run(ScriptEngine.java:194)
	at com.kms.katalon.core.main.ScriptEngine.runScriptAsRawText(ScriptEngine.java:119)
	at com.kms.katalon.core.main.TestCaseExecutor.runScript(TestCaseExecutor.java:448)
	at com.kms.katalon.core.main.TestCaseExecutor.doExecute(TestCaseExecutor.java:439)
	at com.kms.katalon.core.main.TestCaseExecutor.processExecutionPhase(TestCaseExecutor.java:418)
	at com.kms.katalon.core.main.TestCaseExecutor.accessMainPhase(TestCaseExecutor.java:410)
	at com.kms.katalon.core.main.TestCaseExecutor.execute(TestCaseExecutor.java:285)
	at com.kms.katalon.core.main.TestCaseExecutor.execute(TestCaseExecutor.java:369)
	at com.kms.katalon.core.common.CommonExecutor.accessTestCaseMainPhase(CommonExecutor.java:71)
	at com.kms.katalon.core.main.TestSuiteExecutor.accessTestSuiteMainPhase(TestSuiteExecutor.java:160)
	at com.kms.katalon.core.main.TestSuiteExecutor.execute(TestSuiteExecutor.java:107)
	at com.kms.katalon.core.main.TestCaseMain.startTestSuite(TestCaseMain.java:180)
	at TempTestSuite1745820772166.run(TempTestSuite1745820772166.groovy:35)
	at java.base/jdk.internal.reflect.NativeMethodAccessorImpl.invoke0(Native Method)
	at java.base/jdk.internal.reflect.NativeMethodAccessorImpl.invoke(NativeMethodAccessorImpl.java:77)
	at java.base/jdk.internal.reflect.DelegatingMethodAccessorImpl.invoke(DelegatingMethodAccessorImpl.java:43)
Caused by: org.openqa.selenium.SessionNotCreatedException: Could not start a new session. Response code 500. Message: An unknown server-side error occurred while processing the command. Original error: Error executing adbExec. Original error: 'Command '/Users/gv.vignesh/.katalon/tools/android_sdk/platform-tools/adb -P 5037 -s a6e538dc5180 install -r -g /Users/gv.vignesh/Downloads/app-debug-Version-2.99.70.apk' exited with code 1'; Command output: adb: failed to install /Users/gv.vignesh/Downloads/app-debug-Version-2.99.70.apk: Failure [INSTALL_FAILED_USER_RESTRICTED: Install canceled by user]
 
Host info: host: '**********', ip: '**********'
Build info: version: '4.22.0', revision: 'c5f3146703'
System info: os.name: 'Mac OS X', os.arch: 'aarch64', os.version: '15.4.1', java.version: '17.0.14'
Driver info: io.appium.java_client.android.AndroidDriver
Command: [null, newSession {capabilities=[Capabilities {appium:app: /Users/gv.vignesh/Downloads..., appium:autoGrantPermissions: true, appium:automationName: uiautomator2, appium:deviceId: , appium:deviceName: Xiaomi 23076PC4BI (Android 15), appium:fullReset: true, appium:newCommandTimeout: 1800, appium:noReset: false, appium:platformName: ANDROID, appium:platformVersion: 15, appium:systemPort: 65230, appium:udid: a6e538dc5180, appium:uiautomator2ServerInstallTimeout: 0.0, platformName: ANDROID}]}]
Capabilities {appium:app: /Users/gv.vignesh/Downloads..., appium:autoGrantPermissions: true, appium:automationName: uiautomator2, appium:deviceId: , appium:deviceName: Xiaomi 23076PC4BI (Android 15), appium:fullReset: true, appium:newCommandTimeout: 1800, appium:noReset: false, appium:platformName: ANDROID, appium:platformVersion: 15, appium:systemPort: 65230, appium:udid: a6e538dc5180, appium:uiautomator2ServerInstallTimeout: 0.0, platformName: ANDROID}
	at org.openqa.selenium.remote.ProtocolHandshake.createSession(ProtocolHandshake.java:114)
	at org.openqa.selenium.remote.ProtocolHandshake.createSession(ProtocolHandshake.java:75)
	at org.openqa.selenium.remote.ProtocolHandshake.createSession(ProtocolHandshake.java:61)
	at io.appium.java_client.remote.AppiumCommandExecutor.createSession(AppiumCommandExecutor.java:176)
	at io.appium.java_client.remote.AppiumCommandExecutor.execute(AppiumCommandExecutor.java:237)
	at org.openqa.selenium.remote.RemoteWebDriver.execute(RemoteWebDriver.java:518)
	at io.appium.java_client.AppiumDriver.startSession(AppiumDriver.java:270)
	at org.openqa.selenium.remote.RemoteWebDriver.<init>(RemoteWebDriver.java:161)
	at io.appium.java_client.AppiumDriver.<init>(AppiumDriver.java:91)
	at io.appium.java_client.android.AndroidDriver.<init>(AndroidDriver.java:99)
	at com.kms.katalon.core.appium.driver.AppiumDriverManager.createMobileDriver(AppiumDriverManager.java:574)
	at com.kms.katalon.core.appium.driver.AppiumDriverManager.createMobileDriver(AppiumDriverManager.java:551)
	at com.kms.katalon.core.mobile.keyword.internal.MobileDriverFactory.startLocalMobileDriver(MobileDriverFactory.java:597)
	at com.kms.katalon.core.mobile.keyword.internal.MobileDriverFactory.startMobileDriver(MobileDriverFactory.java:510)
	at com.kms.katalon.core.mobile.keyword.builtin.StartApplicationKeyword$_startApplication_closure1.doCall(StartApplicationKeyword.groovy:89)
	at com.kms.katalon.core.mobile.keyword.builtin.StartApplicationKeyword$_startApplication_closure1.call(StartApplicationKeyword.groovy)
	at com.kms.katalon.core.mobile.keyword.internal.MobileKeywordMain.runKeyword(MobileKeywordMain.groovy:30)
	... 21 more


28-04-2025T12:15:32 - [TEST_STEP][FAILED] - startApplication("/Users/gv.vignesh/Downloads/app-debug-Version-2.99.70.apk", true): Unable to start application: '/Users/gv.vignesh/Downloads/app-debug-Version-2.99.70.apk' (Root cause: com.kms.katalon.core.exception.StepFailedException: Unable to start application: '/Users/gv.vignesh/Downloads/app-debug-Version-2.99.70.apk'
	at com.kms.katalon.core.mobile.keyword.internal.MobileKeywordMain.stepFailed(MobileKeywordMain.groovy:64)
	at com.kms.katalon.core.mobile.keyword.internal.MobileKeywordMain.runKeyword(MobileKeywordMain.groovy:34)
	at com.kms.katalon.core.mobile.keyword.builtin.StartApplicationKeyword.startApplication(StartApplicationKeyword.groovy:91)
	at com.kms.katalon.core.mobile.keyword.builtin.StartApplicationKeyword.execute(StartApplicationKeyword.groovy:48)
	at com.kms.katalon.core.keyword.internal.KeywordExecutor.executeKeywordForPlatform(KeywordExecutor.groovy:74)
	at com.kms.katalon.core.mobile.keyword.MobileBuiltInKeywords.startApplication(MobileBuiltInKeywords.groovy:49)
	at WRMA-297_MyStayAndReservations__LatePayment.run(WRMA-297_MyStayAndReservations__LatePayment:21)
	at com.kms.katalon.core.main.ScriptEngine.run(ScriptEngine.java:194)
	at com.kms.katalon.core.main.ScriptEngine.runScriptAsRawText(ScriptEngine.java:119)
	at com.kms.katalon.core.main.TestCaseExecutor.runScript(TestCaseExecutor.java:448)
	at com.kms.katalon.core.main.TestCaseExecutor.doExecute(TestCaseExecutor.java:439)
	at com.kms.katalon.core.main.TestCaseExecutor.processExecutionPhase(TestCaseExecutor.java:418)
	at com.kms.katalon.core.main.TestCaseExecutor.accessMainPhase(TestCaseExecutor.java:410)
	at com.kms.katalon.core.main.TestCaseExecutor.execute(TestCaseExecutor.java:285)
	at com.kms.katalon.core.main.TestCaseExecutor.execute(TestCaseExecutor.java:369)
	at com.kms.katalon.core.common.CommonExecutor.accessTestCaseMainPhase(CommonExecutor.java:71)
	at com.kms.katalon.core.main.TestSuiteExecutor.accessTestSuiteMainPhase(TestSuiteExecutor.java:160)
	at com.kms.katalon.core.main.TestSuiteExecutor.execute(TestSuiteExecutor.java:107)
	at com.kms.katalon.core.main.TestCaseMain.startTestSuite(TestCaseMain.java:180)
	at TempTestSuite1745820772166.run(TempTestSuite1745820772166.groovy:35)
	at java.base/jdk.internal.reflect.NativeMethodAccessorImpl.invoke0(Native Method)
	at java.base/jdk.internal.reflect.NativeMethodAccessorImpl.invoke(NativeMethodAccessorImpl.java:77)
	at java.base/jdk.internal.reflect.DelegatingMethodAccessorImpl.invoke(DelegatingMethodAccessorImpl.java:43)
Caused by: org.openqa.selenium.SessionNotCreatedException: Could not start a new session. Response code 500. Message: An unknown server-side error occurred while processing the command. Original error: Error executing adbExec. Original error: 'Command '/Users/gv.vignesh/.katalon/tools/android_sdk/platform-tools/adb -P 5037 -s a6e538dc5180 install -r -g /Users/gv.vignesh/Downloads/app-debug-Version-2.99.70.apk' exited with code 1'; Command output: adb: failed to install /Users/gv.vignesh/Downloads/app-debug-Version-2.99.70.apk: Failure [INSTALL_FAILED_USER_RESTRICTED: Install canceled by user]
 
Host info: host: '**********', ip: '**********'
Build info: version: '4.22.0', revision: 'c5f3146703'
System info: os.name: 'Mac OS X', os.arch: 'aarch64', os.version: '15.4.1', java.version: '17.0.14'
Driver info: io.appium.java_client.android.AndroidDriver
Command: [null, newSession {capabilities=[Capabilities {appium:app: /Users/gv.vignesh/Downloads..., appium:autoGrantPermissions: true, appium:automationName: uiautomator2, appium:deviceId: , appium:deviceName: Xiaomi 23076PC4BI (Android 15), appium:fullReset: true, appium:newCommandTimeout: 1800, appium:noReset: false, appium:platformName: ANDROID, appium:platformVersion: 15, appium:systemPort: 65230, appium:udid: a6e538dc5180, appium:uiautomator2ServerInstallTimeout: 0.0, platformName: ANDROID}]}]
Capabilities {appium:app: /Users/gv.vignesh/Downloads..., appium:autoGrantPermissions: true, appium:automationName: uiautomator2, appium:deviceId: , appium:deviceName: Xiaomi 23076PC4BI (Android 15), appium:fullReset: true, appium:newCommandTimeout: 1800, appium:noReset: false, appium:platformName: ANDROID, appium:platformVersion: 15, appium:systemPort: 65230, appium:udid: a6e538dc5180, appium:uiautomator2ServerInstallTimeout: 0.0, platformName: ANDROID}
	at org.openqa.selenium.remote.ProtocolHandshake.createSession(ProtocolHandshake.java:114)
	at org.openqa.selenium.remote.ProtocolHandshake.createSession(ProtocolHandshake.java:75)
	at org.openqa.selenium.remote.ProtocolHandshake.createSession(ProtocolHandshake.java:61)
	at io.appium.java_client.remote.AppiumCommandExecutor.createSession(AppiumCommandExecutor.java:176)
	at io.appium.java_client.remote.AppiumCommandExecutor.execute(AppiumCommandExecutor.java:237)
	at org.openqa.selenium.remote.RemoteWebDriver.execute(RemoteWebDriver.java:518)
	at io.appium.java_client.AppiumDriver.startSession(AppiumDriver.java:270)
	at org.openqa.selenium.remote.RemoteWebDriver.<init>(RemoteWebDriver.java:161)
	at io.appium.java_client.AppiumDriver.<init>(AppiumDriver.java:91)
	at io.appium.java_client.android.AndroidDriver.<init>(AndroidDriver.java:99)
	at com.kms.katalon.core.appium.driver.AppiumDriverManager.createMobileDriver(AppiumDriverManager.java:574)
	at com.kms.katalon.core.appium.driver.AppiumDriverManager.createMobileDriver(AppiumDriverManager.java:551)
	at com.kms.katalon.core.mobile.keyword.internal.MobileDriverFactory.startLocalMobileDriver(MobileDriverFactory.java:597)
	at com.kms.katalon.core.mobile.keyword.internal.MobileDriverFactory.startMobileDriver(MobileDriverFactory.java:510)
	at com.kms.katalon.core.mobile.keyword.builtin.StartApplicationKeyword$_startApplication_closure1.doCall(StartApplicationKeyword.groovy:89)
	at com.kms.katalon.core.mobile.keyword.builtin.StartApplicationKeyword$_startApplication_closure1.call(StartApplicationKeyword.groovy)
	at com.kms.katalon.core.mobile.keyword.internal.MobileKeywordMain.runKeyword(MobileKeywordMain.groovy:30)
	at com.kms.katalon.core.mobile.keyword.builtin.StartApplicationKeyword.startApplication(StartApplicationKeyword.groovy:91)
	at com.kms.katalon.core.mobile.keyword.builtin.StartApplicationKeyword.execute(StartApplicationKeyword.groovy:48)
	at com.kms.katalon.core.keyword.internal.KeywordExecutor.executeKeywordForPlatform(KeywordExecutor.groovy:74)
	at com.kms.katalon.core.mobile.keyword.MobileBuiltInKeywords.startApplication(MobileBuiltInKeywords.groovy:49)
	at Script1745576106478.run(Script1745576106478.groovy:21)
	... 16 more
)

28-04-2025T12:15:32 - [MESSAGE][INFO] - Starting application: '/Users/gv.vignesh/Downloads/app-debug-Version-2.99.70.apk'

28-04-2025T12:15:32 - [MESSAGE][INFO] - User set preference: ['uiautomator2ServerInstallTimeout', '0']

28-04-2025T12:15:32 - [MESSAGE][INFO] - User set preference: ['deviceId', '']

28-04-2025T12:16:01 - [MESSAGE][FAILED] - Unable to start application: '/Users/gv.vignesh/Downloads/app-debug-Version-2.99.70.apk' (Root cause: com.kms.katalon.core.exception.StepFailedException: Unable to start application: '/Users/gv.vignesh/Downloads/app-debug-Version-2.99.70.apk'
	at com.kms.katalon.core.mobile.keyword.internal.MobileKeywordMain.stepFailed(MobileKeywordMain.groovy:64)
	at com.kms.katalon.core.mobile.keyword.internal.MobileKeywordMain.runKeyword(MobileKeywordMain.groovy:34)
	at com.kms.katalon.core.mobile.keyword.builtin.StartApplicationKeyword.startApplication(StartApplicationKeyword.groovy:91)
	at com.kms.katalon.core.mobile.keyword.builtin.StartApplicationKeyword.execute(StartApplicationKeyword.groovy:48)
	at com.kms.katalon.core.keyword.internal.KeywordExecutor.executeKeywordForPlatform(KeywordExecutor.groovy:74)
	at com.kms.katalon.core.mobile.keyword.MobileBuiltInKeywords.startApplication(MobileBuiltInKeywords.groovy:49)
	at WRMA-297_MyStayAndReservations__LatePayment.run(WRMA-297_MyStayAndReservations__LatePayment:21)
	at com.kms.katalon.core.main.ScriptEngine.run(ScriptEngine.java:194)
	at com.kms.katalon.core.main.ScriptEngine.runScriptAsRawText(ScriptEngine.java:119)
	at com.kms.katalon.core.main.TestCaseExecutor.runScript(TestCaseExecutor.java:448)
	at com.kms.katalon.core.main.TestCaseExecutor.doExecute(TestCaseExecutor.java:439)
	at com.kms.katalon.core.main.TestCaseExecutor.processExecutionPhase(TestCaseExecutor.java:418)
	at com.kms.katalon.core.main.TestCaseExecutor.accessMainPhase(TestCaseExecutor.java:410)
	at com.kms.katalon.core.main.TestCaseExecutor.execute(TestCaseExecutor.java:285)
	at com.kms.katalon.core.main.TestCaseExecutor.execute(TestCaseExecutor.java:369)
	at com.kms.katalon.core.common.CommonExecutor.accessTestCaseMainPhase(CommonExecutor.java:71)
	at com.kms.katalon.core.main.TestSuiteExecutor.accessTestSuiteMainPhase(TestSuiteExecutor.java:160)
	at com.kms.katalon.core.main.TestSuiteExecutor.execute(TestSuiteExecutor.java:107)
	at com.kms.katalon.core.main.TestCaseMain.startTestSuite(TestCaseMain.java:180)
	at TempTestSuite1745820772166.run(TempTestSuite1745820772166.groovy:35)
	at java.base/jdk.internal.reflect.NativeMethodAccessorImpl.invoke0(Native Method)
	at java.base/jdk.internal.reflect.NativeMethodAccessorImpl.invoke(NativeMethodAccessorImpl.java:77)
	at java.base/jdk.internal.reflect.DelegatingMethodAccessorImpl.invoke(DelegatingMethodAccessorImpl.java:43)
Caused by: org.openqa.selenium.SessionNotCreatedException: Could not start a new session. Response code 500. Message: An unknown server-side error occurred while processing the command. Original error: Error executing adbExec. Original error: 'Command '/Users/gv.vignesh/.katalon/tools/android_sdk/platform-tools/adb -P 5037 -s a6e538dc5180 install -r -g /Users/gv.vignesh/Downloads/app-debug-Version-2.99.70.apk' exited with code 1'; Command output: adb: failed to install /Users/gv.vignesh/Downloads/app-debug-Version-2.99.70.apk: Failure [INSTALL_FAILED_USER_RESTRICTED: Install canceled by user]
 
Host info: host: '**********', ip: '**********'
Build info: version: '4.22.0', revision: 'c5f3146703'
System info: os.name: 'Mac OS X', os.arch: 'aarch64', os.version: '15.4.1', java.version: '17.0.14'
Driver info: io.appium.java_client.android.AndroidDriver
Command: [null, newSession {capabilities=[Capabilities {appium:app: /Users/gv.vignesh/Downloads..., appium:autoGrantPermissions: true, appium:automationName: uiautomator2, appium:deviceId: , appium:deviceName: Xiaomi 23076PC4BI (Android 15), appium:fullReset: true, appium:newCommandTimeout: 1800, appium:noReset: false, appium:platformName: ANDROID, appium:platformVersion: 15, appium:systemPort: 65230, appium:udid: a6e538dc5180, appium:uiautomator2ServerInstallTimeout: 0.0, platformName: ANDROID}]}]
Capabilities {appium:app: /Users/gv.vignesh/Downloads..., appium:autoGrantPermissions: true, appium:automationName: uiautomator2, appium:deviceId: , appium:deviceName: Xiaomi 23076PC4BI (Android 15), appium:fullReset: true, appium:newCommandTimeout: 1800, appium:noReset: false, appium:platformName: ANDROID, appium:platformVersion: 15, appium:systemPort: 65230, appium:udid: a6e538dc5180, appium:uiautomator2ServerInstallTimeout: 0.0, platformName: ANDROID}
	at org.openqa.selenium.remote.ProtocolHandshake.createSession(ProtocolHandshake.java:114)
	at org.openqa.selenium.remote.ProtocolHandshake.createSession(ProtocolHandshake.java:75)
	at org.openqa.selenium.remote.ProtocolHandshake.createSession(ProtocolHandshake.java:61)
	at io.appium.java_client.remote.AppiumCommandExecutor.createSession(AppiumCommandExecutor.java:176)
	at io.appium.java_client.remote.AppiumCommandExecutor.execute(AppiumCommandExecutor.java:237)
	at org.openqa.selenium.remote.RemoteWebDriver.execute(RemoteWebDriver.java:518)
	at io.appium.java_client.AppiumDriver.startSession(AppiumDriver.java:270)
	at org.openqa.selenium.remote.RemoteWebDriver.<init>(RemoteWebDriver.java:161)
	at io.appium.java_client.AppiumDriver.<init>(AppiumDriver.java:91)
	at io.appium.java_client.android.AndroidDriver.<init>(AndroidDriver.java:99)
	at com.kms.katalon.core.appium.driver.AppiumDriverManager.createMobileDriver(AppiumDriverManager.java:574)
	at com.kms.katalon.core.appium.driver.AppiumDriverManager.createMobileDriver(AppiumDriverManager.java:551)
	at com.kms.katalon.core.mobile.keyword.internal.MobileDriverFactory.startLocalMobileDriver(MobileDriverFactory.java:597)
	at com.kms.katalon.core.mobile.keyword.internal.MobileDriverFactory.startMobileDriver(MobileDriverFactory.java:510)
	at com.kms.katalon.core.mobile.keyword.builtin.StartApplicationKeyword$_startApplication_closure1.doCall(StartApplicationKeyword.groovy:89)
	at com.kms.katalon.core.mobile.keyword.builtin.StartApplicationKeyword$_startApplication_closure1.call(StartApplicationKeyword.groovy)
	at com.kms.katalon.core.mobile.keyword.internal.MobileKeywordMain.runKeyword(MobileKeywordMain.groovy:30)
	at com.kms.katalon.core.mobile.keyword.builtin.StartApplicationKeyword.startApplication(StartApplicationKeyword.groovy:91)
	at com.kms.katalon.core.mobile.keyword.builtin.StartApplicationKeyword.execute(StartApplicationKeyword.groovy:48)
	at com.kms.katalon.core.keyword.internal.KeywordExecutor.executeKeywordForPlatform(KeywordExecutor.groovy:74)
	at com.kms.katalon.core.mobile.keyword.MobileBuiltInKeywords.startApplication(MobileBuiltInKeywords.groovy:49)
	at Script1745576106478.run(Script1745576106478.groovy:21)
	... 16 more
)]]></system-out>
         <system-err><![CDATA[28-04-2025T12:15:32 - [TEST_CASE][FAILED] - Test Cases/My Stay And Reservations/WRMA-297_MyStayAndReservations__LatePayment: Test Cases/My Stay And Reservations/WRMA-297_MyStayAndReservations__LatePayment FAILED.
Reason:
com.kms.katalon.core.exception.StepFailedException: Unable to start application: '/Users/gv.vignesh/Downloads/app-debug-Version-2.99.70.apk'
	at com.kms.katalon.core.mobile.keyword.internal.MobileKeywordMain.stepFailed(MobileKeywordMain.groovy:64)
	at com.kms.katalon.core.mobile.keyword.internal.MobileKeywordMain.runKeyword(MobileKeywordMain.groovy:34)
	at com.kms.katalon.core.mobile.keyword.builtin.StartApplicationKeyword.startApplication(StartApplicationKeyword.groovy:91)
	at com.kms.katalon.core.mobile.keyword.builtin.StartApplicationKeyword.execute(StartApplicationKeyword.groovy:48)
	at com.kms.katalon.core.keyword.internal.KeywordExecutor.executeKeywordForPlatform(KeywordExecutor.groovy:74)
	at com.kms.katalon.core.mobile.keyword.MobileBuiltInKeywords.startApplication(MobileBuiltInKeywords.groovy:49)
	at WRMA-297_MyStayAndReservations__LatePayment.run(WRMA-297_MyStayAndReservations__LatePayment:21)
	at com.kms.katalon.core.main.ScriptEngine.run(ScriptEngine.java:194)
	at com.kms.katalon.core.main.ScriptEngine.runScriptAsRawText(ScriptEngine.java:119)
	at com.kms.katalon.core.main.TestCaseExecutor.runScript(TestCaseExecutor.java:448)
	at com.kms.katalon.core.main.TestCaseExecutor.doExecute(TestCaseExecutor.java:439)
	at com.kms.katalon.core.main.TestCaseExecutor.processExecutionPhase(TestCaseExecutor.java:418)
	at com.kms.katalon.core.main.TestCaseExecutor.accessMainPhase(TestCaseExecutor.java:410)
	at com.kms.katalon.core.main.TestCaseExecutor.execute(TestCaseExecutor.java:285)
	at com.kms.katalon.core.main.TestCaseExecutor.execute(TestCaseExecutor.java:369)
	at com.kms.katalon.core.common.CommonExecutor.accessTestCaseMainPhase(CommonExecutor.java:71)
	at com.kms.katalon.core.main.TestSuiteExecutor.accessTestSuiteMainPhase(TestSuiteExecutor.java:160)
	at com.kms.katalon.core.main.TestSuiteExecutor.execute(TestSuiteExecutor.java:107)
	at com.kms.katalon.core.main.TestCaseMain.startTestSuite(TestCaseMain.java:180)
	at TempTestSuite1745820772166.run(TempTestSuite1745820772166.groovy:35)
	at java.base/jdk.internal.reflect.NativeMethodAccessorImpl.invoke0(Native Method)
	at java.base/jdk.internal.reflect.NativeMethodAccessorImpl.invoke(NativeMethodAccessorImpl.java:77)
	at java.base/jdk.internal.reflect.DelegatingMethodAccessorImpl.invoke(DelegatingMethodAccessorImpl.java:43)
Caused by: org.openqa.selenium.SessionNotCreatedException: Could not start a new session. Response code 500. Message: An unknown server-side error occurred while processing the command. Original error: Error executing adbExec. Original error: 'Command '/Users/gv.vignesh/.katalon/tools/android_sdk/platform-tools/adb -P 5037 -s a6e538dc5180 install -r -g /Users/gv.vignesh/Downloads/app-debug-Version-2.99.70.apk' exited with code 1'; Command output: adb: failed to install /Users/gv.vignesh/Downloads/app-debug-Version-2.99.70.apk: Failure [INSTALL_FAILED_USER_RESTRICTED: Install canceled by user]
 
Host info: host: '**********', ip: '**********'
Build info: version: '4.22.0', revision: 'c5f3146703'
System info: os.name: 'Mac OS X', os.arch: 'aarch64', os.version: '15.4.1', java.version: '17.0.14'
Driver info: io.appium.java_client.android.AndroidDriver
Command: [null, newSession {capabilities=[Capabilities {appium:app: /Users/gv.vignesh/Downloads..., appium:autoGrantPermissions: true, appium:automationName: uiautomator2, appium:deviceId: , appium:deviceName: Xiaomi 23076PC4BI (Android 15), appium:fullReset: true, appium:newCommandTimeout: 1800, appium:noReset: false, appium:platformName: ANDROID, appium:platformVersion: 15, appium:systemPort: 65230, appium:udid: a6e538dc5180, appium:uiautomator2ServerInstallTimeout: 0.0, platformName: ANDROID}]}]
Capabilities {appium:app: /Users/gv.vignesh/Downloads..., appium:autoGrantPermissions: true, appium:automationName: uiautomator2, appium:deviceId: , appium:deviceName: Xiaomi 23076PC4BI (Android 15), appium:fullReset: true, appium:newCommandTimeout: 1800, appium:noReset: false, appium:platformName: ANDROID, appium:platformVersion: 15, appium:systemPort: 65230, appium:udid: a6e538dc5180, appium:uiautomator2ServerInstallTimeout: 0.0, platformName: ANDROID}
	at org.openqa.selenium.remote.ProtocolHandshake.createSession(ProtocolHandshake.java:114)
	at org.openqa.selenium.remote.ProtocolHandshake.createSession(ProtocolHandshake.java:75)
	at org.openqa.selenium.remote.ProtocolHandshake.createSession(ProtocolHandshake.java:61)
	at io.appium.java_client.remote.AppiumCommandExecutor.createSession(AppiumCommandExecutor.java:176)
	at io.appium.java_client.remote.AppiumCommandExecutor.execute(AppiumCommandExecutor.java:237)
	at org.openqa.selenium.remote.RemoteWebDriver.execute(RemoteWebDriver.java:518)
	at io.appium.java_client.AppiumDriver.startSession(AppiumDriver.java:270)
	at org.openqa.selenium.remote.RemoteWebDriver.<init>(RemoteWebDriver.java:161)
	at io.appium.java_client.AppiumDriver.<init>(AppiumDriver.java:91)
	at io.appium.java_client.android.AndroidDriver.<init>(AndroidDriver.java:99)
	at com.kms.katalon.core.appium.driver.AppiumDriverManager.createMobileDriver(AppiumDriverManager.java:574)
	at com.kms.katalon.core.appium.driver.AppiumDriverManager.createMobileDriver(AppiumDriverManager.java:551)
	at com.kms.katalon.core.mobile.keyword.internal.MobileDriverFactory.startLocalMobileDriver(MobileDriverFactory.java:597)
	at com.kms.katalon.core.mobile.keyword.internal.MobileDriverFactory.startMobileDriver(MobileDriverFactory.java:510)
	at com.kms.katalon.core.mobile.keyword.builtin.StartApplicationKeyword$_startApplication_closure1.doCall(StartApplicationKeyword.groovy:89)
	at com.kms.katalon.core.mobile.keyword.builtin.StartApplicationKeyword$_startApplication_closure1.call(StartApplicationKeyword.groovy)
	at com.kms.katalon.core.mobile.keyword.internal.MobileKeywordMain.runKeyword(MobileKeywordMain.groovy:30)
	... 21 more]]></system-err>
      </testcase>
      <testcase name="Test Cases/My Stay And Reservations/C730_MyStayAndReservations_AddVerification" time="209.286" classname="Test Cases/My Stay And Reservations/C730_MyStayAndReservations_AddVerification" status="PASSED">
         <system-out><![CDATA[28-04-2025T12:16:01 - [TEST_CASE][PASSED] - Test Cases/My Stay And Reservations/C730_MyStayAndReservations_AddVerification: Test Cases/My Stay And Reservations/C730_MyStayAndReservations_AddVerification

28-04-2025T12:16:01 - [TEST_STEP][PASSED] - startApplication("/Users/gv.vignesh/Downloads/app-debug-Version-2.99.70.apk", true): Started application: '/Users/gv.vignesh/Downloads/app-debug-Version-2.99.70.apk'

28-04-2025T12:16:01 - [MESSAGE][INFO] - Starting application: '/Users/gv.vignesh/Downloads/app-debug-Version-2.99.70.apk'

28-04-2025T12:16:01 - [MESSAGE][INFO] - User set preference: ['uiautomator2ServerInstallTimeout', '0']

28-04-2025T12:16:01 - [MESSAGE][INFO] - User set preference: ['deviceId', '']

28-04-2025T12:16:21 - [MESSAGE][PASSED] - Started application: '/Users/gv.vignesh/Downloads/app-debug-Version-2.99.70.apk'

28-04-2025T12:16:21 - [TEST_STEP][PASSED] - delay(10): Delayed 10 second(s)

28-04-2025T12:16:31 - [MESSAGE][PASSED] - Delayed 10 second(s)

28-04-2025T12:16:31 - [TEST_STEP][PASSED] - tap(findTestObject("Object Repository/MystayReservation/android.widget.Button - Login or Sign Up"), 0): Tapped on element 'Object Repository/MystayReservation/android.widget.Button - Login or Sign Up'

28-04-2025T12:16:31 - [MESSAGE][WARNING] - Timeout '0' is invalid. Using default page load timeout: '30'

28-04-2025T12:16:32 - [MESSAGE][PASSED] - Tapped on element 'Object Repository/MystayReservation/android.widget.Button - Login or Sign Up'

28-04-2025T12:16:32 - [TEST_STEP][PASSED] - delay(10): Delayed 10 second(s)

28-04-2025T12:16:42 - [MESSAGE][PASSED] - Delayed 10 second(s)

28-04-2025T12:16:42 - [TEST_STEP][PASSED] - setText(findTestObject("Object Repository/MystayReservation/android.widget.EditText"), "PEPOKLE@HOTMAIL.COM", 0): Text 'PEPOKLE@HOTMAIL.COM' has been set to element 'Object Repository/MystayReservation/android.widget.EditText'

28-04-2025T12:16:42 - [MESSAGE][WARNING] - Timeout '0' is invalid. Using default page load timeout: '30'

28-04-2025T12:16:43 - [MESSAGE][PASSED] - Text 'PEPOKLE@HOTMAIL.COM' has been set to element 'Object Repository/MystayReservation/android.widget.EditText'

28-04-2025T12:16:43 - [TEST_STEP][PASSED] - hideKeyboard(): Keyboard is hidden

28-04-2025T12:16:46 - [MESSAGE][PASSED] - Keyboard is hidden

28-04-2025T12:16:46 - [TEST_STEP][PASSED] - delay(10): Delayed 10 second(s)

28-04-2025T12:16:56 - [MESSAGE][PASSED] - Delayed 10 second(s)

28-04-2025T12:16:56 - [TEST_STEP][PASSED] - tap(findTestObject("Object Repository/MystayReservation/android.widget.Button - Next"), 0): Tapped on element 'Object Repository/MystayReservation/android.widget.Button - Next'

28-04-2025T12:16:56 - [MESSAGE][WARNING] - Timeout '0' is invalid. Using default page load timeout: '30'

28-04-2025T12:16:56 - [MESSAGE][PASSED] - Tapped on element 'Object Repository/MystayReservation/android.widget.Button - Next'

28-04-2025T12:16:56 - [TEST_STEP][PASSED] - delay(40): Delayed 40 second(s)

28-04-2025T12:17:36 - [MESSAGE][PASSED] - Delayed 40 second(s)

28-04-2025T12:17:36 - [TEST_STEP][PASSED] - setText(findTestObject("Object Repository/MystayReservation/android.widget.EditText (1)"), "PEPOKLE@HOTMAIL.COM", 0): Text 'PEPOKLE@HOTMAIL.COM' has been set to element 'Object Repository/MystayReservation/android.widget.EditText (1)'

28-04-2025T12:17:36 - [MESSAGE][WARNING] - Timeout '0' is invalid. Using default page load timeout: '30'

28-04-2025T12:17:37 - [MESSAGE][PASSED] - Text 'PEPOKLE@HOTMAIL.COM' has been set to element 'Object Repository/MystayReservation/android.widget.EditText (1)'

28-04-2025T12:17:37 - [TEST_STEP][PASSED] - hideKeyboard(): Keyboard is hidden

28-04-2025T12:17:40 - [MESSAGE][PASSED] - Keyboard is hidden

28-04-2025T12:17:40 - [TEST_STEP][PASSED] - delay(10): Delayed 10 second(s)

28-04-2025T12:17:50 - [MESSAGE][PASSED] - Delayed 10 second(s)

28-04-2025T12:17:50 - [TEST_STEP][PASSED] - setText(findTestObject("Object Repository/MystayReservation/android.widget.EditText (2)"), "password", 0): Text 'password' has been set to element 'Object Repository/MystayReservation/android.widget.EditText (2)'

28-04-2025T12:17:50 - [MESSAGE][WARNING] - Timeout '0' is invalid. Using default page load timeout: '30'

28-04-2025T12:17:51 - [MESSAGE][PASSED] - Text 'password' has been set to element 'Object Repository/MystayReservation/android.widget.EditText (2)'

28-04-2025T12:17:51 - [TEST_STEP][PASSED] - hideKeyboard(): Keyboard is hidden

28-04-2025T12:17:54 - [MESSAGE][PASSED] - Keyboard is hidden

28-04-2025T12:17:54 - [TEST_STEP][PASSED] - delay(5): Delayed 5 second(s)

28-04-2025T12:17:59 - [MESSAGE][PASSED] - Delayed 5 second(s)

28-04-2025T12:17:59 - [TEST_STEP][PASSED] - tap(findTestObject("Object Repository/MystayReservation/android.widget.Button - LOGIN"), 0): Tapped on element 'Object Repository/MystayReservation/android.widget.Button - LOGIN'

28-04-2025T12:17:59 - [MESSAGE][WARNING] - Timeout '0' is invalid. Using default page load timeout: '30'

28-04-2025T12:17:59 - [MESSAGE][PASSED] - Tapped on element 'Object Repository/MystayReservation/android.widget.Button - LOGIN'

28-04-2025T12:17:59 - [TEST_STEP][PASSED] - delay(15): Delayed 15 second(s)

28-04-2025T12:18:14 - [MESSAGE][PASSED] - Delayed 15 second(s)

28-04-2025T12:18:14 - [TEST_STEP][PASSED] - tap(findTestObject("Object Repository/MystayReservation/android.view.View - My Stay"), 0): Tapped on element 'Object Repository/MystayReservation/android.view.View - My Stay'

28-04-2025T12:18:14 - [MESSAGE][WARNING] - Timeout '0' is invalid. Using default page load timeout: '30'

28-04-2025T12:18:15 - [MESSAGE][PASSED] - Tapped on element 'Object Repository/MystayReservation/android.view.View - My Stay'

28-04-2025T12:18:15 - [TEST_STEP][PASSED] - delay(10): Delayed 10 second(s)

28-04-2025T12:18:25 - [MESSAGE][PASSED] - Delayed 10 second(s)

28-04-2025T12:18:25 - [TEST_STEP][PASSED] - tap(findTestObject("Object Repository/MystayReservation/android.widget.Button - ADD A RESERVATION"), 0): Tapped on element 'Object Repository/MystayReservation/android.widget.Button - ADD A RESERVATION'

28-04-2025T12:18:25 - [MESSAGE][WARNING] - Timeout '0' is invalid. Using default page load timeout: '30'

28-04-2025T12:18:25 - [MESSAGE][PASSED] - Tapped on element 'Object Repository/MystayReservation/android.widget.Button - ADD A RESERVATION'

28-04-2025T12:18:25 - [TEST_STEP][PASSED] - delay(10): Delayed 10 second(s)

28-04-2025T12:18:35 - [MESSAGE][PASSED] - Delayed 10 second(s)

28-04-2025T12:18:35 - [TEST_STEP][PASSED] - setText(findTestObject("Object Repository/MystayReservation/android.widget.EditText (3)"), "18578102", 0): Text '18578102' has been set to element 'Object Repository/MystayReservation/android.widget.EditText (3)'

28-04-2025T12:18:35 - [MESSAGE][WARNING] - Timeout '0' is invalid. Using default page load timeout: '30'

28-04-2025T12:18:36 - [MESSAGE][PASSED] - Text '18578102' has been set to element 'Object Repository/MystayReservation/android.widget.EditText (3)'

28-04-2025T12:18:36 - [TEST_STEP][PASSED] - hideKeyboard(): Keyboard is hidden

28-04-2025T12:18:38 - [MESSAGE][PASSED] - Keyboard is hidden

28-04-2025T12:18:38 - [TEST_STEP][PASSED] - delay(10): Delayed 10 second(s)

28-04-2025T12:18:48 - [MESSAGE][PASSED] - Delayed 10 second(s)

28-04-2025T12:18:48 - [TEST_STEP][PASSED] - tap(findTestObject("Object Repository/MystayReservation/android.widget.Button - Next (1)"), 0): Tapped on element 'Object Repository/MystayReservation/android.widget.Button - Next (1)'

28-04-2025T12:18:48 - [MESSAGE][WARNING] - Timeout '0' is invalid. Using default page load timeout: '30'

28-04-2025T12:18:49 - [MESSAGE][PASSED] - Tapped on element 'Object Repository/MystayReservation/android.widget.Button - Next (1)'

28-04-2025T12:18:49 - [TEST_STEP][PASSED] - delay(10): Delayed 10 second(s)

28-04-2025T12:18:59 - [MESSAGE][PASSED] - Delayed 10 second(s)

28-04-2025T12:18:59 - [TEST_STEP][PASSED] - setText(findTestObject("Object Repository/MystayReservation/android.widget.EditText (4)"), "ALAI", 0): Text 'ALAI' has been set to element 'Object Repository/MystayReservation/android.widget.EditText (4)'

28-04-2025T12:18:59 - [MESSAGE][WARNING] - Timeout '0' is invalid. Using default page load timeout: '30'

28-04-2025T12:18:59 - [MESSAGE][PASSED] - Text 'ALAI' has been set to element 'Object Repository/MystayReservation/android.widget.EditText (4)'

28-04-2025T12:18:59 - [TEST_STEP][PASSED] - hideKeyboard(): Keyboard is hidden

28-04-2025T12:19:02 - [MESSAGE][PASSED] - Keyboard is hidden

28-04-2025T12:19:02 - [TEST_STEP][PASSED] - delay(10): Delayed 10 second(s)

28-04-2025T12:19:12 - [MESSAGE][PASSED] - Delayed 10 second(s)

28-04-2025T12:19:12 - [TEST_STEP][PASSED] - tap(findTestObject("Object Repository/MystayReservation/android.widget.Button - Add Reservation"), 0): Tapped on element 'Object Repository/MystayReservation/android.widget.Button - Add Reservation'

28-04-2025T12:19:12 - [MESSAGE][WARNING] - Timeout '0' is invalid. Using default page load timeout: '30'

28-04-2025T12:19:12 - [MESSAGE][PASSED] - Tapped on element 'Object Repository/MystayReservation/android.widget.Button - Add Reservation'

28-04-2025T12:19:12 - [TEST_STEP][PASSED] - delay(10): Delayed 10 second(s)

28-04-2025T12:19:22 - [MESSAGE][PASSED] - Delayed 10 second(s)

28-04-2025T12:19:22 - [TEST_STEP][PASSED] - assert verifyElementExist(findTestObject("Object Repository/MystayReservation/android.widget.TextView - Success"), 0): Element 'Object Repository/MystayReservation/android.widget.TextView - Success' is exist

28-04-2025T12:19:22 - [MESSAGE][WARNING] - Timeout '0' is invalid. Using default page load timeout: '30'

28-04-2025T12:19:23 - [MESSAGE][PASSED] - Element 'Object Repository/MystayReservation/android.widget.TextView - Success' is exist

28-04-2025T12:19:23 - [TEST_STEP][PASSED] - assert verifyElementExist(findTestObject("Object Repository/MystayReservation/android.widget.TextView - Add Another Reservation"), 0): Element 'Object Repository/MystayReservation/android.widget.TextView - Add Another Reservation' is exist

28-04-2025T12:19:23 - [MESSAGE][WARNING] - Timeout '0' is invalid. Using default page load timeout: '30'

28-04-2025T12:19:23 - [MESSAGE][PASSED] - Element 'Object Repository/MystayReservation/android.widget.TextView - Add Another Reservation' is exist

28-04-2025T12:19:23 - [TEST_STEP][PASSED] - assert verifyElementExist(findTestObject("Object Repository/MystayReservation/android.widget.TextView - Thank you for adding your Westgate Resorts reservations"), 0): Element 'Object Repository/MystayReservation/android.widget.TextView - Thank you for adding your Westgate Resorts reservations' is exist

28-04-2025T12:19:23 - [MESSAGE][WARNING] - Timeout '0' is invalid. Using default page load timeout: '30'

28-04-2025T12:19:23 - [MESSAGE][PASSED] - Element 'Object Repository/MystayReservation/android.widget.TextView - Thank you for adding your Westgate Resorts reservations' is exist

28-04-2025T12:19:23 - [TEST_STEP][PASSED] - assert verifyElementExist(findTestObject("Object Repository/MystayReservation/android.widget.TextView - Thank You"), 0): Element 'Object Repository/MystayReservation/android.widget.TextView - Thank You' is exist

28-04-2025T12:19:23 - [MESSAGE][WARNING] - Timeout '0' is invalid. Using default page load timeout: '30'

28-04-2025T12:19:24 - [MESSAGE][PASSED] - Element 'Object Repository/MystayReservation/android.widget.TextView - Thank You' is exist

28-04-2025T12:19:24 - [TEST_STEP][PASSED] - tap(findTestObject("Object Repository/MystayReservation/android.widget.Button - Next (1)"), 0): Tapped on element 'Object Repository/MystayReservation/android.widget.Button - Next (1)'

28-04-2025T12:19:24 - [MESSAGE][WARNING] - Timeout '0' is invalid. Using default page load timeout: '30'

28-04-2025T12:19:24 - [MESSAGE][PASSED] - Tapped on element 'Object Repository/MystayReservation/android.widget.Button - Next (1)'

28-04-2025T12:19:24 - [TEST_STEP][PASSED] - closeApplication(): Close app successfully

28-04-2025T12:19:30 - [MESSAGE][INFO] - The process with PID 7,214 wasnt terminated, error: {1}

28-04-2025T12:19:30 - [MESSAGE][PASSED] - Close app successfully]]></system-out>
         <system-err><![CDATA[]]></system-err>
      </testcase>
      <testcase name="Test Cases/My Stay And Reservations/C741_MyStayAndReservations_ErrorVerification" time="203.225" classname="Test Cases/My Stay And Reservations/C741_MyStayAndReservations_ErrorVerification" status="PASSED">
         <system-out><![CDATA[28-04-2025T12:19:30 - [TEST_CASE][PASSED] - Test Cases/My Stay And Reservations/C741_MyStayAndReservations_ErrorVerification: Test Cases/My Stay And Reservations/C741_MyStayAndReservations_ErrorVerification

28-04-2025T12:19:30 - [TEST_STEP][PASSED] - startApplication("/Users/gv.vignesh/Downloads/app-debug-Version-2.99.70.apk", true): Started application: '/Users/gv.vignesh/Downloads/app-debug-Version-2.99.70.apk'

28-04-2025T12:19:30 - [MESSAGE][INFO] - Starting application: '/Users/gv.vignesh/Downloads/app-debug-Version-2.99.70.apk'

28-04-2025T12:19:30 - [MESSAGE][INFO] - User set preference: ['uiautomator2ServerInstallTimeout', '0']

28-04-2025T12:19:30 - [MESSAGE][INFO] - User set preference: ['deviceId', '']

28-04-2025T12:19:30 - [MESSAGE][INFO] - Detected NodeJS location: "/opt/homebrew/Cellar/node/23.10.0_1/bin/node"

28-04-2025T12:19:30 - [MESSAGE][INFO] - PATH: /opt/homebrew/Cellar/node/23.10.0_1/bin:/opt/homebrew/bin:/usr/bin:/bin:/usr/sbin:/sbin:/Applications/Katalon Studio Enterprise.app/Contents/Eclipse/jre/Contents/Home/bin:/usr/local/bin/

28-04-2025T12:19:30 - [MESSAGE][INFO] - APPIUM_HOME: /Users/gv.vignesh/.appium

28-04-2025T12:19:30 - [MESSAGE][INFO] - appium outlog: /Users/gv.vignesh/Downloads/WGR-Android-Automation/Reports/20250428_114252/Sprint-4/20250428_114252/appium.log

28-04-2025T12:19:30 - [MESSAGE][INFO] - appium errlog: /Users/gv.vignesh/Downloads/WGR-Android-Automation/Reports/20250428_114252/Sprint-4/20250428_114252/appium_error.log

28-04-2025T12:19:32 - [MESSAGE][INFO] - Appium server started on port 49,566

28-04-2025T12:19:53 - [MESSAGE][PASSED] - Started application: '/Users/gv.vignesh/Downloads/app-debug-Version-2.99.70.apk'

28-04-2025T12:19:53 - [TEST_STEP][PASSED] - delay(10): Delayed 10 second(s)

28-04-2025T12:20:03 - [MESSAGE][PASSED] - Delayed 10 second(s)

28-04-2025T12:20:03 - [TEST_STEP][PASSED] - "--- AUTHENTICATION FLOW ---": null

28-04-2025T12:20:03 - [TEST_STEP][PASSED] - tap(findTestObject("Object Repository/MystayReservation/android.widget.Button - Login or Sign Up"), 0): Tapped on element 'Object Repository/MystayReservation/android.widget.Button - Login or Sign Up'

28-04-2025T12:20:03 - [MESSAGE][WARNING] - Timeout '0' is invalid. Using default page load timeout: '30'

28-04-2025T12:20:04 - [MESSAGE][PASSED] - Tapped on element 'Object Repository/MystayReservation/android.widget.Button - Login or Sign Up'

28-04-2025T12:20:04 - [TEST_STEP][PASSED] - delay(10): Delayed 10 second(s)

28-04-2025T12:20:14 - [MESSAGE][PASSED] - Delayed 10 second(s)

28-04-2025T12:20:14 - [TEST_STEP][PASSED] - setText(findTestObject("Object Repository/MystayReservation/android.widget.EditText"), "PEPOKLE@HOTMAIL.COM", 0): Text 'PEPOKLE@HOTMAIL.COM' has been set to element 'Object Repository/MystayReservation/android.widget.EditText'

28-04-2025T12:20:14 - [MESSAGE][WARNING] - Timeout '0' is invalid. Using default page load timeout: '30'

28-04-2025T12:20:15 - [MESSAGE][PASSED] - Text 'PEPOKLE@HOTMAIL.COM' has been set to element 'Object Repository/MystayReservation/android.widget.EditText'

28-04-2025T12:20:15 - [TEST_STEP][PASSED] - hideKeyboard(): Keyboard is hidden

28-04-2025T12:20:18 - [MESSAGE][PASSED] - Keyboard is hidden

28-04-2025T12:20:18 - [TEST_STEP][PASSED] - delay(10): Delayed 10 second(s)

28-04-2025T12:20:28 - [MESSAGE][PASSED] - Delayed 10 second(s)

28-04-2025T12:20:28 - [TEST_STEP][PASSED] - tap(findTestObject("Object Repository/MystayReservation/android.widget.Button - Next"), 0): Tapped on element 'Object Repository/MystayReservation/android.widget.Button - Next'

28-04-2025T12:20:28 - [MESSAGE][WARNING] - Timeout '0' is invalid. Using default page load timeout: '30'

28-04-2025T12:20:28 - [MESSAGE][PASSED] - Tapped on element 'Object Repository/MystayReservation/android.widget.Button - Next'

28-04-2025T12:20:28 - [TEST_STEP][PASSED] - delay(40): Delayed 40 second(s)

28-04-2025T12:21:08 - [MESSAGE][PASSED] - Delayed 40 second(s)

28-04-2025T12:21:08 - [TEST_STEP][PASSED] - setText(findTestObject("Object Repository/MystayReservation/android.widget.EditText (1)"), "PEPOKLE@HOTMAIL.COM", 0): Text 'PEPOKLE@HOTMAIL.COM' has been set to element 'Object Repository/MystayReservation/android.widget.EditText (1)'

28-04-2025T12:21:08 - [MESSAGE][WARNING] - Timeout '0' is invalid. Using default page load timeout: '30'

28-04-2025T12:21:11 - [MESSAGE][PASSED] - Text 'PEPOKLE@HOTMAIL.COM' has been set to element 'Object Repository/MystayReservation/android.widget.EditText (1)'

28-04-2025T12:21:11 - [TEST_STEP][PASSED] - hideKeyboard(): Keyboard is hidden

28-04-2025T12:21:14 - [MESSAGE][PASSED] - Keyboard is hidden

28-04-2025T12:21:14 - [TEST_STEP][PASSED] - delay(10): Delayed 10 second(s)

28-04-2025T12:21:24 - [MESSAGE][PASSED] - Delayed 10 second(s)

28-04-2025T12:21:24 - [TEST_STEP][PASSED] - setText(findTestObject("Object Repository/MystayReservation/android.widget.EditText (2)"), "password", 0): Text 'password' has been set to element 'Object Repository/MystayReservation/android.widget.EditText (2)'

28-04-2025T12:21:24 - [MESSAGE][WARNING] - Timeout '0' is invalid. Using default page load timeout: '30'

28-04-2025T12:21:24 - [MESSAGE][PASSED] - Text 'password' has been set to element 'Object Repository/MystayReservation/android.widget.EditText (2)'

28-04-2025T12:21:24 - [TEST_STEP][PASSED] - hideKeyboard(): Keyboard is hidden

28-04-2025T12:21:27 - [MESSAGE][PASSED] - Keyboard is hidden

28-04-2025T12:21:27 - [TEST_STEP][PASSED] - delay(5): Delayed 5 second(s)

28-04-2025T12:21:32 - [MESSAGE][PASSED] - Delayed 5 second(s)

28-04-2025T12:21:32 - [TEST_STEP][PASSED] - tap(findTestObject("Object Repository/MystayReservation/android.widget.Button - LOGIN"), 0): Tapped on element 'Object Repository/MystayReservation/android.widget.Button - LOGIN'

28-04-2025T12:21:32 - [MESSAGE][WARNING] - Timeout '0' is invalid. Using default page load timeout: '30'

28-04-2025T12:21:32 - [MESSAGE][PASSED] - Tapped on element 'Object Repository/MystayReservation/android.widget.Button - LOGIN'

28-04-2025T12:21:32 - [TEST_STEP][PASSED] - delay(15): Delayed 15 second(s)

28-04-2025T12:21:47 - [MESSAGE][PASSED] - Delayed 15 second(s)

28-04-2025T12:21:47 - [TEST_STEP][PASSED] - "--- RESERVATION FLOW ---": null

28-04-2025T12:21:47 - [TEST_STEP][PASSED] - tap(findTestObject("Object Repository/MystayReservation/android.view.View - My Stay"), 0): Tapped on element 'Object Repository/MystayReservation/android.view.View - My Stay'

28-04-2025T12:21:47 - [MESSAGE][WARNING] - Timeout '0' is invalid. Using default page load timeout: '30'

28-04-2025T12:21:48 - [MESSAGE][PASSED] - Tapped on element 'Object Repository/MystayReservation/android.view.View - My Stay'

28-04-2025T12:21:48 - [TEST_STEP][PASSED] - delay(10): Delayed 10 second(s)

28-04-2025T12:21:58 - [MESSAGE][PASSED] - Delayed 10 second(s)

28-04-2025T12:21:58 - [TEST_STEP][PASSED] - tap(findTestObject("Object Repository/MystayReservation/android.widget.Button - ADD A RESERVATION"), 0): Tapped on element 'Object Repository/MystayReservation/android.widget.Button - ADD A RESERVATION'

28-04-2025T12:21:58 - [MESSAGE][WARNING] - Timeout '0' is invalid. Using default page load timeout: '30'

28-04-2025T12:21:59 - [MESSAGE][PASSED] - Tapped on element 'Object Repository/MystayReservation/android.widget.Button - ADD A RESERVATION'

28-04-2025T12:21:59 - [TEST_STEP][PASSED] - delay(10): Delayed 10 second(s)

28-04-2025T12:22:09 - [MESSAGE][PASSED] - Delayed 10 second(s)

28-04-2025T12:22:09 - [TEST_STEP][PASSED] - setText(findTestObject("Object Repository/MystayReservation/android.widget.EditText (3)"), "18578102", 0): Text '18578102' has been set to element 'Object Repository/MystayReservation/android.widget.EditText (3)'

28-04-2025T12:22:09 - [MESSAGE][WARNING] - Timeout '0' is invalid. Using default page load timeout: '30'

28-04-2025T12:22:10 - [MESSAGE][PASSED] - Text '18578102' has been set to element 'Object Repository/MystayReservation/android.widget.EditText (3)'

28-04-2025T12:22:10 - [TEST_STEP][PASSED] - hideKeyboard(): Keyboard is hidden

28-04-2025T12:22:12 - [MESSAGE][PASSED] - Keyboard is hidden

28-04-2025T12:22:12 - [TEST_STEP][PASSED] - delay(10): Delayed 10 second(s)

28-04-2025T12:22:22 - [MESSAGE][PASSED] - Delayed 10 second(s)

28-04-2025T12:22:22 - [TEST_STEP][PASSED] - tap(findTestObject("Object Repository/MystayReservation/android.widget.Button - Next (1)"), 0): Tapped on element 'Object Repository/MystayReservation/android.widget.Button - Next (1)'

28-04-2025T12:22:22 - [MESSAGE][WARNING] - Timeout '0' is invalid. Using default page load timeout: '30'

28-04-2025T12:22:23 - [MESSAGE][PASSED] - Tapped on element 'Object Repository/MystayReservation/android.widget.Button - Next (1)'

28-04-2025T12:22:23 - [TEST_STEP][PASSED] - delay(10): Delayed 10 second(s)

28-04-2025T12:22:33 - [MESSAGE][PASSED] - Delayed 10 second(s)

28-04-2025T12:22:33 - [TEST_STEP][PASSED] - setText(findTestObject("Object Repository/MystayReservation/android.widget.EditText (4)"), "ALAI", 0): Text 'ALAI' has been set to element 'Object Repository/MystayReservation/android.widget.EditText (4)'

28-04-2025T12:22:33 - [MESSAGE][WARNING] - Timeout '0' is invalid. Using default page load timeout: '30'

28-04-2025T12:22:33 - [MESSAGE][PASSED] - Text 'ALAI' has been set to element 'Object Repository/MystayReservation/android.widget.EditText (4)'

28-04-2025T12:22:33 - [TEST_STEP][PASSED] - hideKeyboard(): Keyboard is hidden

28-04-2025T12:22:36 - [MESSAGE][PASSED] - Keyboard is hidden

28-04-2025T12:22:36 - [TEST_STEP][PASSED] - delay(10): Delayed 10 second(s)

28-04-2025T12:22:46 - [MESSAGE][PASSED] - Delayed 10 second(s)

28-04-2025T12:22:46 - [TEST_STEP][PASSED] - tap(findTestObject("Object Repository/MystayReservation/android.widget.Button - Add Reservation"), 0): Tapped on element 'Object Repository/MystayReservation/android.widget.Button - Add Reservation'

28-04-2025T12:22:46 - [MESSAGE][WARNING] - Timeout '0' is invalid. Using default page load timeout: '30'

28-04-2025T12:22:46 - [MESSAGE][PASSED] - Tapped on element 'Object Repository/MystayReservation/android.widget.Button - Add Reservation'

28-04-2025T12:22:46 - [TEST_STEP][PASSED] - "--- ERROR VERIFICATION ---": null

28-04-2025T12:22:46 - [TEST_STEP][PASSED] - assert verifyElementExist(findTestObject("Object Repository/MystayReservation/android.widget.TextView - Error"), 0): Element 'Object Repository/MystayReservation/android.widget.TextView - Error' is exist

28-04-2025T12:22:46 - [MESSAGE][WARNING] - Timeout '0' is invalid. Using default page load timeout: '30'

28-04-2025T12:22:48 - [MESSAGE][PASSED] - Element 'Object Repository/MystayReservation/android.widget.TextView - Error' is exist

28-04-2025T12:22:48 - [TEST_STEP][PASSED] - assert verifyElementExist(findTestObject("Object Repository/MystayReservation/android.widget.TextView - Sorry. Your reservation could not be added. Please try again"), 0): Element 'Object Repository/MystayReservation/android.widget.TextView - Sorry. Your reservation could not be added. Please try again' is exist

28-04-2025T12:22:48 - [MESSAGE][WARNING] - Timeout '0' is invalid. Using default page load timeout: '30'

28-04-2025T12:22:48 - [MESSAGE][PASSED] - Element 'Object Repository/MystayReservation/android.widget.TextView - Sorry. Your reservation could not be added. Please try again' is exist

28-04-2025T12:22:48 - [TEST_STEP][PASSED] - timestamp = Date().format("yyyyMMdd_HHmmss"): null

28-04-2025T12:22:48 - [TEST_STEP][PASSED] - takeScreenshot("/tmp/reservation_error_" + timestamp + ".png"): Screenshot is taken

28-04-2025T12:22:50 - [MESSAGE][PASSED] - Screenshot is taken
[[ATTACHMENT|/tmp/reservation_error_20250428_122248.png]]

28-04-2025T12:22:50 - [TEST_STEP][PASSED] - closeApplication(): Close app successfully

28-04-2025T12:22:53 - [MESSAGE][PASSED] - Close app successfully]]></system-out>
         <system-err><![CDATA[]]></system-err>
      </testcase>
      <system-out><![CDATA[28-04-2025T11:42:55 - [TEST_SUITE][FAILED] - Sprint-4: Test Cases/Verify Account/C707_VerifyAccount_Error_InternetAccessCode_Owner_Users FAILED.
Reason:
com.kms.katalon.core.exception.StepFailedException: Failed to set text into element
	at com.kms.katalon.core.mobile.keyword.internal.MobileKeywordMain.stepFailed(MobileKeywordMain.groovy:64)
	at com.kms.katalon.core.mobile.keyword.internal.MobileKeywordMain.runKeyword(MobileKeywordMain.groovy:34)
	at com.kms.katalon.core.mobile.keyword.builtin.SetTextKeyword.setText(SetTextKeyword.groovy:62)
	at com.kms.katalon.core.mobile.keyword.builtin.SetTextKeyword.execute(SetTextKeyword.groovy:42)
	at com.kms.katalon.core.keyword.internal.KeywordExecutor.executeKeywordForPlatform(KeywordExecutor.groovy:74)
	at com.kms.katalon.core.mobile.keyword.MobileBuiltInKeywords.setText(MobileBuiltInKeywords.groovy:1278)
	at C707_VerifyAccount_Error_InternetAccessCode_Owner_Users.run(C707_VerifyAccount_Error_InternetAccessCode_Owner_Users:96)
	at com.kms.katalon.core.main.ScriptEngine.run(ScriptEngine.java:194)
	at com.kms.katalon.core.main.ScriptEngine.runScriptAsRawText(ScriptEngine.java:119)
	at com.kms.katalon.core.main.TestCaseExecutor.runScript(TestCaseExecutor.java:448)
	at com.kms.katalon.core.main.TestCaseExecutor.doExecute(TestCaseExecutor.java:439)
	at com.kms.katalon.core.main.TestCaseExecutor.processExecutionPhase(TestCaseExecutor.java:418)
	at com.kms.katalon.core.main.TestCaseExecutor.accessMainPhase(TestCaseExecutor.java:410)
	at com.kms.katalon.core.main.TestCaseExecutor.execute(TestCaseExecutor.java:285)
	at com.kms.katalon.core.common.CommonExecutor.accessTestCaseMainPhase(CommonExecutor.java:71)
	at com.kms.katalon.core.main.TestSuiteExecutor.accessTestSuiteMainPhase(TestSuiteExecutor.java:160)
	at com.kms.katalon.core.main.TestSuiteExecutor.execute(TestSuiteExecutor.java:107)
	at com.kms.katalon.core.main.TestCaseMain.startTestSuite(TestCaseMain.java:180)
	at TempTestSuite1745820772166.run(TempTestSuite1745820772166.groovy:35)
	at java.base/jdk.internal.reflect.NativeMethodAccessorImpl.invoke0(Native Method)
	at java.base/jdk.internal.reflect.NativeMethodAccessorImpl.invoke(NativeMethodAccessorImpl.java:77)
	at java.base/jdk.internal.reflect.DelegatingMethodAccessorImpl.invoke(DelegatingMethodAccessorImpl.java:43)
Caused by: com.kms.katalon.core.exception.StepFailedException: Object Object Repository/SSN/android.widget.EditText (4) not found
	at com.kms.katalon.core.mobile.keyword.internal.MobileKeywordMain.stepFailed(MobileKeywordMain.groovy:64)
	at com.kms.katalon.core.mobile.keyword.builtin.SetTextKeyword$_setText_closure1.doCall(SetTextKeyword.groovy:52)
	at com.kms.katalon.core.mobile.keyword.builtin.SetTextKeyword$_setText_closure1.call(SetTextKeyword.groovy)
	at com.kms.katalon.core.mobile.keyword.internal.MobileKeywordMain.runKeyword(MobileKeywordMain.groovy:30)
	... 20 more]]></system-out>
      <system-err><![CDATA[28-04-2025T11:42:55 - [TEST_SUITE][FAILED] - Sprint-4: Test Cases/Verify Account/C707_VerifyAccount_Error_InternetAccessCode_Owner_Users FAILED.
Reason:
com.kms.katalon.core.exception.StepFailedException: Failed to set text into element
	at com.kms.katalon.core.mobile.keyword.internal.MobileKeywordMain.stepFailed(MobileKeywordMain.groovy:64)
	at com.kms.katalon.core.mobile.keyword.internal.MobileKeywordMain.runKeyword(MobileKeywordMain.groovy:34)
	at com.kms.katalon.core.mobile.keyword.builtin.SetTextKeyword.setText(SetTextKeyword.groovy:62)
	at com.kms.katalon.core.mobile.keyword.builtin.SetTextKeyword.execute(SetTextKeyword.groovy:42)
	at com.kms.katalon.core.keyword.internal.KeywordExecutor.executeKeywordForPlatform(KeywordExecutor.groovy:74)
	at com.kms.katalon.core.mobile.keyword.MobileBuiltInKeywords.setText(MobileBuiltInKeywords.groovy:1278)
	at C707_VerifyAccount_Error_InternetAccessCode_Owner_Users.run(C707_VerifyAccount_Error_InternetAccessCode_Owner_Users:96)
	at com.kms.katalon.core.main.ScriptEngine.run(ScriptEngine.java:194)
	at com.kms.katalon.core.main.ScriptEngine.runScriptAsRawText(ScriptEngine.java:119)
	at com.kms.katalon.core.main.TestCaseExecutor.runScript(TestCaseExecutor.java:448)
	at com.kms.katalon.core.main.TestCaseExecutor.doExecute(TestCaseExecutor.java:439)
	at com.kms.katalon.core.main.TestCaseExecutor.processExecutionPhase(TestCaseExecutor.java:418)
	at com.kms.katalon.core.main.TestCaseExecutor.accessMainPhase(TestCaseExecutor.java:410)
	at com.kms.katalon.core.main.TestCaseExecutor.execute(TestCaseExecutor.java:285)
	at com.kms.katalon.core.common.CommonExecutor.accessTestCaseMainPhase(CommonExecutor.java:71)
	at com.kms.katalon.core.main.TestSuiteExecutor.accessTestSuiteMainPhase(TestSuiteExecutor.java:160)
	at com.kms.katalon.core.main.TestSuiteExecutor.execute(TestSuiteExecutor.java:107)
	at com.kms.katalon.core.main.TestCaseMain.startTestSuite(TestCaseMain.java:180)
	at TempTestSuite1745820772166.run(TempTestSuite1745820772166.groovy:35)
	at java.base/jdk.internal.reflect.NativeMethodAccessorImpl.invoke0(Native Method)
	at java.base/jdk.internal.reflect.NativeMethodAccessorImpl.invoke(NativeMethodAccessorImpl.java:77)
	at java.base/jdk.internal.reflect.DelegatingMethodAccessorImpl.invoke(DelegatingMethodAccessorImpl.java:43)
Caused by: com.kms.katalon.core.exception.StepFailedException: Object Object Repository/SSN/android.widget.EditText (4) not found
	at com.kms.katalon.core.mobile.keyword.internal.MobileKeywordMain.stepFailed(MobileKeywordMain.groovy:64)
	at com.kms.katalon.core.mobile.keyword.builtin.SetTextKeyword$_setText_closure1.doCall(SetTextKeyword.groovy:52)
	at com.kms.katalon.core.mobile.keyword.builtin.SetTextKeyword$_setText_closure1.call(SetTextKeyword.groovy)
	at com.kms.katalon.core.mobile.keyword.internal.MobileKeywordMain.runKeyword(MobileKeywordMain.groovy:30)
	... 20 more]]></system-err>
   </testsuite>
</testsuites>
