<?xml version="1.0" encoding="UTF-8"?>
<testsuites name="Sprint-1" time="562.406" tests="3" failures="0" errors="0">
   <testsuite name="Sprint-1" tests="3" failures="0" errors="0" time="562.406" skipped="0" timestamp="22-05-2025T16:20:51" hostname="**********" id="Test Suites/Sprint-1">
      <properties>
         <property name="deviceName" value="emulator-5554 (sdk_gphone16k_arm64 - Android 15)"/>
         <property name="devicePlatform" value="Android"/>
         <property name="logFolder" value="/Users/gv.vignesh/Downloads/WGR-Android-Automation/Reports/20250522_162045/Sprint-1/20250522_162045"/>
         <property name="logFiles" value="/Users/gv.vignesh/Downloads/WGR-Android-Automation/Reports/20250522_162045/Sprint-1/20250522_162045/execution0.log, /Users/gv.vignesh/Downloads/WGR-Android-Automation/Reports/20250522_162045/Sprint-1/20250522_162045/appium_error.log, /Users/gv.vignesh/Downloads/WGR-Android-Automation/Reports/20250522_162045/Sprint-1/20250522_162045/appium.log"/>
         <property name="attachments" value="/Users/gv.vignesh/Downloads/WGR-Android-Automation/Reports/20250522_162045/Sprint-1/20250522_162045/1747911366252.png, /Users/gv.vignesh/Downloads/WGR-Android-Automation/Reports/20250522_162045/Sprint-1/20250522_162045/1747911366887.png"/>
         <property name="hostName" value="**********"/>
         <property name="os" value="Mac OS X 64bit"/>
         <property name="appiumServerStatus" value="{&quot;value&quot;:{&quot;ready&quot;:true,&quot;message&quot;:&quot;The server is ready to accept new connections&quot;,&quot;build&quot;:{&quot;version&quot;:&quot;2.17.1&quot;,&quot;git-sha&quot;:&quot;12a3d4a6f1eedf483855716b989d828443438f79&quot;,&quot;built&quot;:&quot;2025-04-22 15:18:47 +0000&quot;}}}"/>
         <property name="katalonVersion" value="10.1.1.0"/>
         <property name="deviceOS" value="Android"/>
         <property name="appiumVersion" value="2.17.1"/>
         <property name="deviceModel" value="sdk_gphone16k_arm64"/>
         <property name="hostAddress" value="**********"/>
         <property name="deviceManufacturer" value="Google"/>
         <property name="deviceId" value="emulator-5554"/>
         <property name="deviceName" value="emulator-5554 (sdk_gphone16k_arm64 - Android 15)"/>
         <property name="deviceOSVersion" value="15"/>
      </properties>
      <testcase name="Test Cases/App Installation And Launching/C657_C658_AppInstallationAndLaunching" time="43.025" classname="Test Cases/App Installation And Launching/C657_C658_AppInstallationAndLaunching" status="PASSED">
         <system-out><![CDATA[22-05-2025T16:20:51 - [TEST_CASE][PASSED] - Test Cases/App Installation And Launching/C657_C658_AppInstallationAndLaunching: Test Cases/App Installation And Launching/C657_C658_AppInstallationAndLaunching

22-05-2025T16:20:51 - [TEST_STEP][PASSED] - startApplication(appUrl, true): Started application: '/Users/gv.vignesh/Downloads/WGR-Android-Automation/App Folder/app-debug-2.99.102.apk'

22-05-2025T16:20:51 - [MESSAGE][INFO] - Starting application: '/Users/gv.vignesh/Downloads/WGR-Android-Automation/App Folder/app-debug-2.99.102.apk'

22-05-2025T16:20:51 - [MESSAGE][INFO] - User set preference: ['uiautomator2ServerInstallTimeout', '0']

22-05-2025T16:20:51 - [MESSAGE][INFO] - User set preference: ['deviceId', '']

22-05-2025T16:20:51 - [MESSAGE][INFO] - Detected NodeJS location: "/opt/homebrew/Cellar/node/23.10.0_1/bin/node"

22-05-2025T16:20:51 - [MESSAGE][INFO] - PATH: /opt/homebrew/Cellar/node/23.10.0_1/bin:/opt/homebrew/bin:/usr/bin:/bin:/usr/sbin:/sbin:/Applications/Katalon Studio Enterprise.app/Contents/Eclipse/jre/Contents/Home/bin:/usr/local/bin/

22-05-2025T16:20:51 - [MESSAGE][INFO] - APPIUM_HOME: /Users/gv.vignesh/.appium

22-05-2025T16:20:51 - [MESSAGE][INFO] - appium outlog: /Users/gv.vignesh/Downloads/WGR-Android-Automation/Reports/20250522_162045/Sprint-1/20250522_162045/appium.log

22-05-2025T16:20:51 - [MESSAGE][INFO] - appium errlog: /Users/gv.vignesh/Downloads/WGR-Android-Automation/Reports/20250522_162045/Sprint-1/20250522_162045/appium_error.log

22-05-2025T16:20:53 - [MESSAGE][INFO] - Appium server started on port 59,785

22-05-2025T16:21:00 - [MESSAGE][PASSED] - Started application: '/Users/gv.vignesh/Downloads/WGR-Android-Automation/App Folder/app-debug-2.99.102.apk'

22-05-2025T16:21:00 - [TEST_STEP][PASSED] - delay(10): Delayed 10 second(s)

22-05-2025T16:21:10 - [MESSAGE][PASSED] - Delayed 10 second(s)

22-05-2025T16:21:10 - [TEST_STEP][PASSED] - assert verifyElementExist(findTestObject("Object Repository/Repo/android.widget.TextView - Youre Moments Away FromCustomized Vacation Experiences"), 0): Element 'Object Repository/Repo/android.widget.TextView - Youre Moments Away FromCustomized Vacation Experiences' is exist

22-05-2025T16:21:10 - [MESSAGE][WARNING] - Timeout '0' is invalid. Using default page load timeout: '30'

22-05-2025T16:21:10 - [MESSAGE][PASSED] - Element 'Object Repository/Repo/android.widget.TextView - Youre Moments Away FromCustomized Vacation Experiences' is exist

22-05-2025T16:21:10 - [TEST_STEP][PASSED] - delay(3): Delayed 3 second(s)

22-05-2025T16:21:13 - [MESSAGE][PASSED] - Delayed 3 second(s)

22-05-2025T16:21:13 - [TEST_STEP][PASSED] - text = getText(findTestObject("Object Repository/Repo/android.widget.TextView - Youre Moments Away FromCustomized Vacation Experiences"), 0): Text of element 'Object Repository/Repo/android.widget.TextView - Youre Moments Away FromCustomized Vacation Experiences' is: 'You’re Moments Away From
Customized Vacation Experiences.'

22-05-2025T16:21:13 - [MESSAGE][WARNING] - Timeout '0' is invalid. Using default page load timeout: '30'

22-05-2025T16:21:13 - [MESSAGE][PASSED] - Text of element 'Object Repository/Repo/android.widget.TextView - Youre Moments Away FromCustomized Vacation Experiences' is: 'You’re Moments Away From
Customized Vacation Experiences.'

22-05-2025T16:21:13 - [TEST_STEP][PASSED] - println("Text: " + text): null

22-05-2025T16:21:13 - [TEST_STEP][PASSED] - delay(3): Delayed 3 second(s)

22-05-2025T16:21:16 - [MESSAGE][PASSED] - Delayed 3 second(s)

22-05-2025T16:21:16 - [TEST_STEP][PASSED] - assert verifyElementExist(findTestObject("Object Repository/Repo/android.widget.Button - Login or Sign Up"), 0): Element 'Object Repository/Repo/android.widget.Button - Login or Sign Up' is exist

22-05-2025T16:21:16 - [MESSAGE][WARNING] - Timeout '0' is invalid. Using default page load timeout: '30'

22-05-2025T16:21:16 - [MESSAGE][PASSED] - Element 'Object Repository/Repo/android.widget.Button - Login or Sign Up' is exist

22-05-2025T16:21:16 - [TEST_STEP][PASSED] - delay(3): Delayed 3 second(s)

22-05-2025T16:21:19 - [MESSAGE][PASSED] - Delayed 3 second(s)

22-05-2025T16:21:19 - [TEST_STEP][PASSED] - assert verifyElementExist(findTestObject("Object Repository/Repo/android.view.View - Home"), 0): Element 'Object Repository/Repo/android.view.View - Home' is exist

22-05-2025T16:21:19 - [MESSAGE][WARNING] - Timeout '0' is invalid. Using default page load timeout: '30'

22-05-2025T16:21:19 - [MESSAGE][PASSED] - Element 'Object Repository/Repo/android.view.View - Home' is exist

22-05-2025T16:21:19 - [TEST_STEP][PASSED] - delay(3): Delayed 3 second(s)

22-05-2025T16:21:22 - [MESSAGE][PASSED] - Delayed 3 second(s)

22-05-2025T16:21:22 - [TEST_STEP][PASSED] - assert verifyElementExist(findTestObject("Object Repository/Repo/android.view.View - My Account"), 0): Element 'Object Repository/Repo/android.view.View - My Account' is exist

22-05-2025T16:21:23 - [MESSAGE][WARNING] - Timeout '0' is invalid. Using default page load timeout: '30'

22-05-2025T16:21:23 - [MESSAGE][PASSED] - Element 'Object Repository/Repo/android.view.View - My Account' is exist

22-05-2025T16:21:23 - [TEST_STEP][PASSED] - delay(3): Delayed 3 second(s)

22-05-2025T16:21:26 - [MESSAGE][PASSED] - Delayed 3 second(s)

22-05-2025T16:21:26 - [TEST_STEP][PASSED] - tap(findTestObject("Object Repository/Repo/android.widget.TextView - Vacation More. Get More"), 0): Tapped on element 'Object Repository/Repo/android.widget.TextView - Vacation More. Get More'

22-05-2025T16:21:26 - [MESSAGE][WARNING] - Timeout '0' is invalid. Using default page load timeout: '30'

22-05-2025T16:21:26 - [MESSAGE][PASSED] - Tapped on element 'Object Repository/Repo/android.widget.TextView - Vacation More. Get More'

22-05-2025T16:21:26 - [TEST_STEP][PASSED] - delay(3): Delayed 3 second(s)

22-05-2025T16:21:29 - [MESSAGE][PASSED] - Delayed 3 second(s)

22-05-2025T16:21:29 - [TEST_STEP][PASSED] - assert verifyElementVisible(findTestObject("Object Repository/Repo/android.widget.TextView - Vacation More. Get More"), 0): Element 'Object Repository/Repo/android.widget.TextView - Vacation More. Get More' is visible

22-05-2025T16:21:29 - [MESSAGE][WARNING] - Timeout '0' is invalid. Using default page load timeout: '30'

22-05-2025T16:21:29 - [MESSAGE][PASSED] - Element 'Object Repository/Repo/android.widget.TextView - Vacation More. Get More' is visible

22-05-2025T16:21:29 - [TEST_STEP][PASSED] - delay(3): Delayed 3 second(s)

22-05-2025T16:21:32 - [MESSAGE][PASSED] - Delayed 3 second(s)

22-05-2025T16:21:32 - [TEST_STEP][PASSED] - assert verifyElementVisible(findTestObject("Object Repository/Repo/android.widget.TextView - Explore Westgate Loyalty"), 0): Element 'Object Repository/Repo/android.widget.TextView - Explore Westgate Loyalty' is visible

22-05-2025T16:21:32 - [MESSAGE][WARNING] - Timeout '0' is invalid. Using default page load timeout: '30'

22-05-2025T16:21:32 - [MESSAGE][PASSED] - Element 'Object Repository/Repo/android.widget.TextView - Explore Westgate Loyalty' is visible

22-05-2025T16:21:32 - [TEST_STEP][PASSED] - closeApplication(): Close app successfully

22-05-2025T16:21:34 - [MESSAGE][PASSED] - Close app successfully]]></system-out>
         <system-err><![CDATA[]]></system-err>
      </testcase>
      <testcase name="Test Cases/Guest User Mode/C667_C668_GuestUserMode_TermsAndConditions_PrivacyPolicy" time="118.006" classname="Test Cases/Guest User Mode/C667_C668_GuestUserMode_TermsAndConditions_PrivacyPolicy" status="PASSED">
         <system-out><![CDATA[22-05-2025T16:21:34 - [TEST_CASE][PASSED] - Test Cases/Guest User Mode/C667_C668_GuestUserMode_TermsAndConditions_PrivacyPolicy: Test Cases/Guest User Mode/C667_C668_GuestUserMode_TermsAndConditions_PrivacyPolicy

22-05-2025T16:21:34 - [TEST_STEP][PASSED] - startApplication(appUrl, true): Started application: '/Users/gv.vignesh/Downloads/WGR-Android-Automation/App Folder/app-debug-2.99.102.apk'

22-05-2025T16:21:34 - [MESSAGE][INFO] - Starting application: '/Users/gv.vignesh/Downloads/WGR-Android-Automation/App Folder/app-debug-2.99.102.apk'

22-05-2025T16:21:34 - [MESSAGE][INFO] - User set preference: ['uiautomator2ServerInstallTimeout', '0']

22-05-2025T16:21:34 - [MESSAGE][INFO] - User set preference: ['deviceId', '']

22-05-2025T16:21:34 - [MESSAGE][INFO] - Detected NodeJS location: "/opt/homebrew/Cellar/node/23.10.0_1/bin/node"

22-05-2025T16:21:34 - [MESSAGE][INFO] - PATH: /opt/homebrew/Cellar/node/23.10.0_1/bin:/opt/homebrew/bin:/usr/bin:/bin:/usr/sbin:/sbin:/Applications/Katalon Studio Enterprise.app/Contents/Eclipse/jre/Contents/Home/bin:/usr/local/bin/

22-05-2025T16:21:34 - [MESSAGE][INFO] - APPIUM_HOME: /Users/gv.vignesh/.appium

22-05-2025T16:21:34 - [MESSAGE][INFO] - appium outlog: /Users/gv.vignesh/Downloads/WGR-Android-Automation/Reports/20250522_162045/Sprint-1/20250522_162045/appium.log

22-05-2025T16:21:34 - [MESSAGE][INFO] - appium errlog: /Users/gv.vignesh/Downloads/WGR-Android-Automation/Reports/20250522_162045/Sprint-1/20250522_162045/appium_error.log

22-05-2025T16:21:35 - [MESSAGE][INFO] - Appium server started on port 60,019

22-05-2025T16:21:40 - [MESSAGE][PASSED] - Started application: '/Users/gv.vignesh/Downloads/WGR-Android-Automation/App Folder/app-debug-2.99.102.apk'

22-05-2025T16:21:40 - [TEST_STEP][PASSED] - delay(10): Delayed 10 second(s)

22-05-2025T16:21:50 - [MESSAGE][PASSED] - Delayed 10 second(s)

22-05-2025T16:21:50 - [TEST_STEP][PASSED] - tap(findTestObject("Object Repository/Repo/android.widget.TextView - Continue as a Guest"), 0): Tapped on element 'Object Repository/Repo/android.widget.TextView - Continue as a Guest'

22-05-2025T16:21:50 - [MESSAGE][WARNING] - Timeout '0' is invalid. Using default page load timeout: '30'

22-05-2025T16:21:50 - [MESSAGE][PASSED] - Tapped on element 'Object Repository/Repo/android.widget.TextView - Continue as a Guest'

22-05-2025T16:21:50 - [TEST_STEP][PASSED] - delay(10): Delayed 10 second(s)

22-05-2025T16:22:00 - [MESSAGE][PASSED] - Delayed 10 second(s)

22-05-2025T16:22:00 - [TEST_STEP][PASSED] - tap(findTestObject("Object Repository/Repo/android.widget.Button - menu"), 0): Tapped on element 'Object Repository/Repo/android.widget.Button - menu'

22-05-2025T16:22:00 - [MESSAGE][WARNING] - Timeout '0' is invalid. Using default page load timeout: '30'

22-05-2025T16:22:01 - [MESSAGE][PASSED] - Tapped on element 'Object Repository/Repo/android.widget.Button - menu'

22-05-2025T16:22:01 - [TEST_STEP][PASSED] - delay(30): Delayed 30 second(s)

22-05-2025T16:22:31 - [MESSAGE][PASSED] - Delayed 30 second(s)

22-05-2025T16:22:31 - [TEST_STEP][PASSED] - tap(findTestObject("Object Repository/Repo/android.widget.TextView - Terms and Conditions-Menu"), 0): Tapped on element 'Object Repository/Repo/android.widget.TextView - Terms and Conditions-Menu'

22-05-2025T16:22:31 - [MESSAGE][WARNING] - Timeout '0' is invalid. Using default page load timeout: '30'

22-05-2025T16:22:31 - [MESSAGE][PASSED] - Tapped on element 'Object Repository/Repo/android.widget.TextView - Terms and Conditions-Menu'

22-05-2025T16:22:31 - [TEST_STEP][PASSED] - delay(10): Delayed 10 second(s)

22-05-2025T16:22:41 - [MESSAGE][PASSED] - Delayed 10 second(s)

22-05-2025T16:22:41 - [TEST_STEP][PASSED] - if (waitForElementPresent(findTestObject("Object Repository/Repo/android.view.View-Terms and conditions web"), 30, STOP_ON_FAILURE)): null

22-05-2025T16:22:41 - [MESSAGE][PASSED] - Element 'Object Repository/Repo/android.view.View-Terms and conditions web' is present

22-05-2025T16:22:41 - [TEST_STEP][PASSED] - println("Element 'android.view.View - Terms & Conditions-Webview' exists."): null

22-05-2025T16:22:41 - [TEST_STEP][PASSED] - delay(10): Delayed 10 second(s)

22-05-2025T16:22:51 - [MESSAGE][PASSED] - Delayed 10 second(s)

22-05-2025T16:22:51 - [TEST_STEP][PASSED] - tap(findTestObject("Object Repository/Repo/android.widget.ImageButton-Cancel web"), 0): Tapped on element 'Object Repository/Repo/android.widget.ImageButton-Cancel web'

22-05-2025T16:22:51 - [MESSAGE][WARNING] - Timeout '0' is invalid. Using default page load timeout: '30'

22-05-2025T16:22:52 - [MESSAGE][PASSED] - Tapped on element 'Object Repository/Repo/android.widget.ImageButton-Cancel web'

22-05-2025T16:22:52 - [TEST_STEP][PASSED] - delay(15): Delayed 15 second(s)

22-05-2025T16:23:07 - [MESSAGE][PASSED] - Delayed 15 second(s)

22-05-2025T16:23:07 - [TEST_STEP][PASSED] - tap(findTestObject("Object Repository/Repo/android.widget.Button - menu"), 0): Tapped on element 'Object Repository/Repo/android.widget.Button - menu'

22-05-2025T16:23:07 - [MESSAGE][WARNING] - Timeout '0' is invalid. Using default page load timeout: '30'

22-05-2025T16:23:08 - [MESSAGE][PASSED] - Tapped on element 'Object Repository/Repo/android.widget.Button - menu'

22-05-2025T16:23:08 - [TEST_STEP][PASSED] - delay(15): Delayed 15 second(s)

22-05-2025T16:23:23 - [MESSAGE][PASSED] - Delayed 15 second(s)

22-05-2025T16:23:23 - [TEST_STEP][PASSED] - tap(findTestObject("Object Repository/Repo/android.widget.TextView - Privacy Policy-Menu"), 0): Tapped on element 'Object Repository/Repo/android.widget.TextView - Privacy Policy-Menu'

22-05-2025T16:23:23 - [MESSAGE][WARNING] - Timeout '0' is invalid. Using default page load timeout: '30'

22-05-2025T16:23:23 - [MESSAGE][PASSED] - Tapped on element 'Object Repository/Repo/android.widget.TextView - Privacy Policy-Menu'

22-05-2025T16:23:23 - [TEST_STEP][PASSED] - if (waitForElementPresent(findTestObject("Object Repository/Repo/android.widget.TextView - Privacy Policy-web"), 30, STOP_ON_FAILURE)): null

22-05-2025T16:23:30 - [MESSAGE][PASSED] - Element 'Object Repository/Repo/android.widget.TextView - Privacy Policy-web' is present

22-05-2025T16:23:30 - [TEST_STEP][PASSED] - println("Element 'android.widget.TextView - Privacy Policy-web' exists."): null

22-05-2025T16:23:30 - [TEST_STEP][PASSED] - closeApplication(): Close app successfully

22-05-2025T16:23:32 - [MESSAGE][PASSED] - Close app successfully

22-05-2025T16:23:32 - [TEST_STEP][PASSED] - closeBrowser(): Browser is closed

22-05-2025T16:23:32 - [MESSAGE][PASSED] - Browser is closed]]></system-out>
         <system-err><![CDATA[]]></system-err>
      </testcase>
      <testcase name="Test Cases/Login Owner OR Renter/C735_C736_LoginOwnerOrRenter_TermsAndConditions_PrivacyPolicy" time="246.134" classname="Test Cases/Login Owner OR Renter/C735_C736_LoginOwnerOrRenter_TermsAndConditions_PrivacyPolicy" status="PASSED">
         <system-out><![CDATA[22-05-2025T16:26:07 - [TEST_CASE][PASSED] - Test Cases/Login Owner OR Renter/C735_C736_LoginOwnerOrRenter_TermsAndConditions_PrivacyPolicy: Test Cases/Login Owner OR Renter/C735_C736_LoginOwnerOrRenter_TermsAndConditions_PrivacyPolicy

22-05-2025T16:26:07 - [TEST_STEP][PASSED] - testData = findTestData("Data Files/LogiNewUser"): null

22-05-2025T16:26:07 - [TEST_STEP][PASSED] - email = testData.getValue("email", 1): null

22-05-2025T16:26:07 - [TEST_STEP][PASSED] - password = testData.getValue("password", 1): null

22-05-2025T16:26:07 - [TEST_STEP][PASSED] - startApplication(appUrl, true): Started application: '/Users/gv.vignesh/Downloads/WGR-Android-Automation/App Folder/app-debug-2.99.102.apk'

22-05-2025T16:26:07 - [MESSAGE][INFO] - Starting application: '/Users/gv.vignesh/Downloads/WGR-Android-Automation/App Folder/app-debug-2.99.102.apk'

22-05-2025T16:26:07 - [MESSAGE][INFO] - User set preference: ['uiautomator2ServerInstallTimeout', '0']

22-05-2025T16:26:07 - [MESSAGE][INFO] - User set preference: ['deviceId', '']

22-05-2025T16:26:12 - [MESSAGE][PASSED] - Started application: '/Users/gv.vignesh/Downloads/WGR-Android-Automation/App Folder/app-debug-2.99.102.apk'

22-05-2025T16:26:12 - [TEST_STEP][PASSED] - delay(10): Delayed 10 second(s)

22-05-2025T16:26:22 - [MESSAGE][PASSED] - Delayed 10 second(s)

22-05-2025T16:26:22 - [TEST_STEP][PASSED] - tap(findTestObject("Object Repository/Repo/android.widget.Button - Login or Sign Up"), 0): Tapped on element 'Object Repository/Repo/android.widget.Button - Login or Sign Up'

22-05-2025T16:26:22 - [MESSAGE][WARNING] - Timeout '0' is invalid. Using default page load timeout: '30'

22-05-2025T16:26:22 - [MESSAGE][PASSED] - Tapped on element 'Object Repository/Repo/android.widget.Button - Login or Sign Up'

22-05-2025T16:26:22 - [TEST_STEP][PASSED] - delay(10): Delayed 10 second(s)

22-05-2025T16:26:32 - [MESSAGE][PASSED] - Delayed 10 second(s)

22-05-2025T16:26:32 - [TEST_STEP][PASSED] - sendKeys(findTestObject("Object Repository/Repo/android.widget.EditText-LoginorSignUp"), email): Send keys '0525079TM@WG.COM' on test object 'Object Repository/Repo/android.widget.EditText-LoginorSignUp' successfully.

22-05-2025T16:26:32 - [MESSAGE][PASSED] - Send keys '0525079TM@WG.COM' on test object 'Object Repository/Repo/android.widget.EditText-LoginorSignUp' successfully.

22-05-2025T16:26:32 - [TEST_STEP][PASSED] - delay(10): Delayed 10 second(s)

22-05-2025T16:26:42 - [MESSAGE][PASSED] - Delayed 10 second(s)

22-05-2025T16:26:42 - [TEST_STEP][PASSED] - tap(findTestObject("Object Repository/Repo/android.widget.Button - Next"), 0): Tapped on element 'Object Repository/Repo/android.widget.Button - Next'

22-05-2025T16:26:42 - [MESSAGE][WARNING] - Timeout '0' is invalid. Using default page load timeout: '30'

22-05-2025T16:26:43 - [MESSAGE][PASSED] - Tapped on element 'Object Repository/Repo/android.widget.Button - Next'

22-05-2025T16:26:43 - [TEST_STEP][PASSED] - delay(45): Delayed 45 second(s)

22-05-2025T16:27:28 - [MESSAGE][PASSED] - Delayed 45 second(s)

22-05-2025T16:27:28 - [TEST_STEP][PASSED] - setText(findTestObject("Object Repository/Repo/android.widget.EditText-OAM(Login)"), email, 0): Text '0525079TM@WG.COM' has been set to element 'Object Repository/Repo/android.widget.EditText-OAM(Login)'

22-05-2025T16:27:28 - [MESSAGE][WARNING] - Timeout '0' is invalid. Using default page load timeout: '30'

22-05-2025T16:27:28 - [MESSAGE][PASSED] - Text '0525079TM@WG.COM' has been set to element 'Object Repository/Repo/android.widget.EditText-OAM(Login)'

22-05-2025T16:27:28 - [TEST_STEP][PASSED] - hideKeyboard(): Keyboard is hidden

22-05-2025T16:27:29 - [MESSAGE][PASSED] - Keyboard is hidden

22-05-2025T16:27:29 - [TEST_STEP][PASSED] - delay(10): Delayed 10 second(s)

22-05-2025T16:27:39 - [MESSAGE][PASSED] - Delayed 10 second(s)

22-05-2025T16:27:39 - [TEST_STEP][PASSED] - setText(findTestObject("Object Repository/Repo/android.widget.EditText-OAM(Password)"), password, 0): Text 'password' has been set to element 'Object Repository/Repo/android.widget.EditText-OAM(Password)'

22-05-2025T16:27:39 - [MESSAGE][WARNING] - Timeout '0' is invalid. Using default page load timeout: '30'

22-05-2025T16:27:39 - [MESSAGE][PASSED] - Text 'password' has been set to element 'Object Repository/Repo/android.widget.EditText-OAM(Password)'

22-05-2025T16:27:39 - [TEST_STEP][PASSED] - hideKeyboard(): Keyboard is hidden

22-05-2025T16:27:39 - [MESSAGE][PASSED] - Keyboard is hidden

22-05-2025T16:27:39 - [TEST_STEP][PASSED] - delay(10): Delayed 10 second(s)

22-05-2025T16:27:49 - [MESSAGE][PASSED] - Delayed 10 second(s)

22-05-2025T16:27:49 - [TEST_STEP][PASSED] - tap(findTestObject("Object Repository/Repo/android.widget.Button -OAM(Login)"), 0): Tapped on element 'Object Repository/Repo/android.widget.Button -OAM(Login)'

22-05-2025T16:27:49 - [MESSAGE][WARNING] - Timeout '0' is invalid. Using default page load timeout: '30'

22-05-2025T16:27:50 - [MESSAGE][PASSED] - Tapped on element 'Object Repository/Repo/android.widget.Button -OAM(Login)'

22-05-2025T16:27:50 - [TEST_STEP][PASSED] - delay(20): Delayed 20 second(s)

22-05-2025T16:28:10 - [MESSAGE][PASSED] - Delayed 20 second(s)

22-05-2025T16:28:10 - [TEST_STEP][PASSED] - tap(findTestObject("Object Repository/Repo/android.view.View - Home"), 0, STOP_ON_FAILURE): Tapped on element 'Object Repository/Repo/android.view.View - Home'

22-05-2025T16:28:10 - [MESSAGE][WARNING] - Timeout '0' is invalid. Using default page load timeout: '30'

22-05-2025T16:28:10 - [MESSAGE][PASSED] - Tapped on element 'Object Repository/Repo/android.view.View - Home'

22-05-2025T16:28:10 - [TEST_STEP][PASSED] - delay(5): Delayed 5 second(s)

22-05-2025T16:28:15 - [MESSAGE][PASSED] - Delayed 5 second(s)

22-05-2025T16:28:15 - [TEST_STEP][PASSED] - tap(findTestObject("Object Repository/Repo/android.widget.Button - menu"), 0, STOP_ON_FAILURE): Tapped on element 'Object Repository/Repo/android.widget.Button - menu'

22-05-2025T16:28:15 - [MESSAGE][WARNING] - Timeout '0' is invalid. Using default page load timeout: '30'

22-05-2025T16:28:15 - [MESSAGE][PASSED] - Tapped on element 'Object Repository/Repo/android.widget.Button - menu'

22-05-2025T16:28:15 - [TEST_STEP][PASSED] - delay(20): Delayed 20 second(s)

22-05-2025T16:28:35 - [MESSAGE][PASSED] - Delayed 20 second(s)

22-05-2025T16:28:35 - [TEST_STEP][PASSED] - if (waitForElementPresent(findTestObject("Object Repository/Repo/android.widget.TextView - Terms and Conditions-Menu"), 10, CONTINUE_ON_FAILURE)): null

22-05-2025T16:28:35 - [MESSAGE][PASSED] - Element 'Object Repository/Repo/android.widget.TextView - Terms and Conditions-Menu' is present

22-05-2025T16:28:35 - [TEST_STEP][PASSED] - tap(findTestObject("Object Repository/Repo/android.widget.TextView - Terms and Conditions-Menu"), 0, STOP_ON_FAILURE): Tapped on element 'Object Repository/Repo/android.widget.TextView - Terms and Conditions-Menu'

22-05-2025T16:28:35 - [MESSAGE][WARNING] - Timeout '0' is invalid. Using default page load timeout: '30'

22-05-2025T16:28:35 - [MESSAGE][PASSED] - Tapped on element 'Object Repository/Repo/android.widget.TextView - Terms and Conditions-Menu'

22-05-2025T16:28:35 - [TEST_STEP][PASSED] - delay(20): Delayed 20 second(s)

22-05-2025T16:28:55 - [MESSAGE][PASSED] - Delayed 20 second(s)

22-05-2025T16:28:55 - [TEST_STEP][PASSED] - if (waitForElementPresent(findTestObject("Object Repository/Repo/android.view.View-Terms and conditions web"), 10, CONTINUE_ON_FAILURE)): null

22-05-2025T16:28:55 - [MESSAGE][PASSED] - Element 'Object Repository/Repo/android.view.View-Terms and conditions web' is present

22-05-2025T16:28:55 - [TEST_STEP][PASSED] - println("Element 'android.view.View - Terms & Conditions-Webview' exists."): null

22-05-2025T16:28:55 - [TEST_STEP][PASSED] - delay(20): Delayed 20 second(s)

22-05-2025T16:29:15 - [MESSAGE][PASSED] - Delayed 20 second(s)

22-05-2025T16:29:15 - [TEST_STEP][PASSED] - tap(findTestObject("Object Repository/Repo/android.widget.ImageButton-Cancel web"), 0, STOP_ON_FAILURE): Tapped on element 'Object Repository/Repo/android.widget.ImageButton-Cancel web'

22-05-2025T16:29:15 - [MESSAGE][WARNING] - Timeout '0' is invalid. Using default page load timeout: '30'

22-05-2025T16:29:15 - [MESSAGE][PASSED] - Tapped on element 'Object Repository/Repo/android.widget.ImageButton-Cancel web'

22-05-2025T16:29:15 - [TEST_STEP][PASSED] - delay(15): Delayed 15 second(s)

22-05-2025T16:29:30 - [MESSAGE][PASSED] - Delayed 15 second(s)

22-05-2025T16:29:30 - [TEST_STEP][PASSED] - tap(findTestObject("Object Repository/Repo/android.widget.Button - menu"), 0, STOP_ON_FAILURE): Tapped on element 'Object Repository/Repo/android.widget.Button - menu'

22-05-2025T16:29:30 - [MESSAGE][WARNING] - Timeout '0' is invalid. Using default page load timeout: '30'

22-05-2025T16:29:31 - [MESSAGE][PASSED] - Tapped on element 'Object Repository/Repo/android.widget.Button - menu'

22-05-2025T16:29:31 - [TEST_STEP][PASSED] - delay(20): Delayed 20 second(s)

22-05-2025T16:29:51 - [MESSAGE][PASSED] - Delayed 20 second(s)

22-05-2025T16:29:51 - [TEST_STEP][PASSED] - tap(findTestObject("Object Repository/Repo/android.widget.TextView - Privacy Policy-Menu"), 0, STOP_ON_FAILURE): Tapped on element 'Object Repository/Repo/android.widget.TextView - Privacy Policy-Menu'

22-05-2025T16:29:51 - [MESSAGE][WARNING] - Timeout '0' is invalid. Using default page load timeout: '30'

22-05-2025T16:29:51 - [MESSAGE][PASSED] - Tapped on element 'Object Repository/Repo/android.widget.TextView - Privacy Policy-Menu'

22-05-2025T16:29:51 - [TEST_STEP][PASSED] - delay(20): Delayed 20 second(s)

22-05-2025T16:30:11 - [MESSAGE][PASSED] - Delayed 20 second(s)

22-05-2025T16:30:11 - [TEST_STEP][PASSED] - if (waitForElementPresent(findTestObject("Object Repository/Repo/android.widget.TextView - Privacy Policy-web"), 20, STOP_ON_FAILURE)): null

22-05-2025T16:30:11 - [MESSAGE][PASSED] - Element 'Object Repository/Repo/android.widget.TextView - Privacy Policy-web' is present

22-05-2025T16:30:11 - [TEST_STEP][PASSED] - println("Element 'android.widget.TextView - Privacy Policy-web' exists."): null

22-05-2025T16:30:11 - [TEST_STEP][PASSED] - closeApplication(): Close app successfully

22-05-2025T16:30:13 - [MESSAGE][PASSED] - Close app successfully]]></system-out>
         <system-err><![CDATA[]]></system-err>
      </testcase>
      <system-out><![CDATA[22-05-2025T16:20:51 - [TEST_SUITE][FAILED] - Sprint-1: Test Cases/Login Owner OR Renter/C735_C736_LoginOwnerOrRenter_TermsAndConditions_PrivacyPolicy FAILED.
Reason:
com.kms.katalon.core.exception.StepFailedException: Failed to tap on element 'Object Repository/Repo/android.view.View - Home'
	at com.kms.katalon.core.mobile.keyword.internal.MobileKeywordMain.stepFailed(MobileKeywordMain.groovy:64)
	at com.kms.katalon.core.mobile.keyword.internal.MobileKeywordMain.runKeyword(MobileKeywordMain.groovy:34)
	at com.kms.katalon.core.mobile.keyword.builtin.TapKeyword.tap(TapKeyword.groovy:51)
	at com.kms.katalon.core.mobile.keyword.builtin.TapKeyword.execute(TapKeyword.groovy:35)
	at com.kms.katalon.core.keyword.internal.KeywordExecutor.executeKeywordForPlatform(KeywordExecutor.groovy:74)
	at com.kms.katalon.core.mobile.keyword.MobileBuiltInKeywords.tap(MobileBuiltInKeywords.groovy:1447)
	at C735_C736_LoginOwnerOrRenter_TermsAndConditions_PrivacyPolicy.run(C735_C736_LoginOwnerOrRenter_TermsAndConditions_PrivacyPolicy:84)
	at com.kms.katalon.core.main.ScriptEngine.run(ScriptEngine.java:194)
	at com.kms.katalon.core.main.ScriptEngine.runScriptAsRawText(ScriptEngine.java:119)
	at com.kms.katalon.core.main.TestCaseExecutor.runScript(TestCaseExecutor.java:448)
	at com.kms.katalon.core.main.TestCaseExecutor.doExecute(TestCaseExecutor.java:439)
	at com.kms.katalon.core.main.TestCaseExecutor.processExecutionPhase(TestCaseExecutor.java:418)
	at com.kms.katalon.core.main.TestCaseExecutor.accessMainPhase(TestCaseExecutor.java:410)
	at com.kms.katalon.core.main.TestCaseExecutor.execute(TestCaseExecutor.java:285)
	at com.kms.katalon.core.common.CommonExecutor.accessTestCaseMainPhase(CommonExecutor.java:71)
	at com.kms.katalon.core.main.TestSuiteExecutor.accessTestSuiteMainPhase(TestSuiteExecutor.java:160)
	at com.kms.katalon.core.main.TestSuiteExecutor.execute(TestSuiteExecutor.java:107)
	at com.kms.katalon.core.main.TestCaseMain.startTestSuite(TestCaseMain.java:180)
	at TempTestSuite1747911045546.run(TempTestSuite1747911045546.groovy:35)
	at java.base/jdk.internal.reflect.NativeMethodAccessorImpl.invoke0(Native Method)
	at java.base/jdk.internal.reflect.NativeMethodAccessorImpl.invoke(NativeMethodAccessorImpl.java:77)
	at java.base/jdk.internal.reflect.DelegatingMethodAccessorImpl.invoke(DelegatingMethodAccessorImpl.java:43)
Caused by: com.kms.katalon.core.exception.StepFailedException: Object Object Repository/Repo/android.view.View - Home not found
	at com.kms.katalon.core.mobile.keyword.internal.MobileKeywordMain.stepFailed(MobileKeywordMain.groovy:64)
	at com.kms.katalon.core.mobile.keyword.builtin.TapKeyword$_tap_closure1.doCall(TapKeyword.groovy:46)
	at com.kms.katalon.core.mobile.keyword.builtin.TapKeyword$_tap_closure1.call(TapKeyword.groovy)
	at com.kms.katalon.core.mobile.keyword.internal.MobileKeywordMain.runKeyword(MobileKeywordMain.groovy:30)
	... 20 more]]></system-out>
      <system-err><![CDATA[22-05-2025T16:20:51 - [TEST_SUITE][FAILED] - Sprint-1: Test Cases/Login Owner OR Renter/C735_C736_LoginOwnerOrRenter_TermsAndConditions_PrivacyPolicy FAILED.
Reason:
com.kms.katalon.core.exception.StepFailedException: Failed to tap on element 'Object Repository/Repo/android.view.View - Home'
	at com.kms.katalon.core.mobile.keyword.internal.MobileKeywordMain.stepFailed(MobileKeywordMain.groovy:64)
	at com.kms.katalon.core.mobile.keyword.internal.MobileKeywordMain.runKeyword(MobileKeywordMain.groovy:34)
	at com.kms.katalon.core.mobile.keyword.builtin.TapKeyword.tap(TapKeyword.groovy:51)
	at com.kms.katalon.core.mobile.keyword.builtin.TapKeyword.execute(TapKeyword.groovy:35)
	at com.kms.katalon.core.keyword.internal.KeywordExecutor.executeKeywordForPlatform(KeywordExecutor.groovy:74)
	at com.kms.katalon.core.mobile.keyword.MobileBuiltInKeywords.tap(MobileBuiltInKeywords.groovy:1447)
	at C735_C736_LoginOwnerOrRenter_TermsAndConditions_PrivacyPolicy.run(C735_C736_LoginOwnerOrRenter_TermsAndConditions_PrivacyPolicy:84)
	at com.kms.katalon.core.main.ScriptEngine.run(ScriptEngine.java:194)
	at com.kms.katalon.core.main.ScriptEngine.runScriptAsRawText(ScriptEngine.java:119)
	at com.kms.katalon.core.main.TestCaseExecutor.runScript(TestCaseExecutor.java:448)
	at com.kms.katalon.core.main.TestCaseExecutor.doExecute(TestCaseExecutor.java:439)
	at com.kms.katalon.core.main.TestCaseExecutor.processExecutionPhase(TestCaseExecutor.java:418)
	at com.kms.katalon.core.main.TestCaseExecutor.accessMainPhase(TestCaseExecutor.java:410)
	at com.kms.katalon.core.main.TestCaseExecutor.execute(TestCaseExecutor.java:285)
	at com.kms.katalon.core.common.CommonExecutor.accessTestCaseMainPhase(CommonExecutor.java:71)
	at com.kms.katalon.core.main.TestSuiteExecutor.accessTestSuiteMainPhase(TestSuiteExecutor.java:160)
	at com.kms.katalon.core.main.TestSuiteExecutor.execute(TestSuiteExecutor.java:107)
	at com.kms.katalon.core.main.TestCaseMain.startTestSuite(TestCaseMain.java:180)
	at TempTestSuite1747911045546.run(TempTestSuite1747911045546.groovy:35)
	at java.base/jdk.internal.reflect.NativeMethodAccessorImpl.invoke0(Native Method)
	at java.base/jdk.internal.reflect.NativeMethodAccessorImpl.invoke(NativeMethodAccessorImpl.java:77)
	at java.base/jdk.internal.reflect.DelegatingMethodAccessorImpl.invoke(DelegatingMethodAccessorImpl.java:43)
Caused by: com.kms.katalon.core.exception.StepFailedException: Object Object Repository/Repo/android.view.View - Home not found
	at com.kms.katalon.core.mobile.keyword.internal.MobileKeywordMain.stepFailed(MobileKeywordMain.groovy:64)
	at com.kms.katalon.core.mobile.keyword.builtin.TapKeyword$_tap_closure1.doCall(TapKeyword.groovy:46)
	at com.kms.katalon.core.mobile.keyword.builtin.TapKeyword$_tap_closure1.call(TapKeyword.groovy)
	at com.kms.katalon.core.mobile.keyword.internal.MobileKeywordMain.runKeyword(MobileKeywordMain.groovy:30)
	... 20 more]]></system-err>
   </testsuite>
</testsuites>
