<?xml version="1.0" encoding="UTF-8"?>
<testsuites name="WRMA Android Regression" time="4545.489" tests="8" failures="0" errors="0">
   <testsuite name="WRMA Android Regression" tests="8" failures="0" errors="0" time="4545.489" skipped="0" timestamp="02-04-2025T12:37:39" hostname="**********" id="Test Suites/WRMA Android Regression">
      <properties>
         <property name="deviceName" value="Xiaomi 23028RNCAI (Android 13)"/>
         <property name="devicePlatform" value="Android"/>
         <property name="logFolder" value="/Users/gv.vignesh/Downloads/WGR-Android-Automation/Reports/20250402_123735/WRMA Android Regression/20250402_123735"/>
         <property name="logFiles" value="/Users/gv.vignesh/Downloads/WGR-Android-Automation/Reports/20250402_123735/WRMA Android Regression/20250402_123735/execution0.log, /Users/gv.vignesh/Downloads/WGR-Android-Automation/Reports/20250402_123735/WRMA Android Regression/20250402_123735/appium_error.log, /Users/gv.vignesh/Downloads/WGR-Android-Automation/Reports/20250402_123735/WRMA Android Regression/20250402_123735/appium.log"/>
         <property name="attachments" value="/Users/gv.vignesh/Downloads/WGR-Android-Automation/Reports/20250402_123735/WRMA Android Regression/20250402_123735/1743578151623.png, /Users/gv.vignesh/Downloads/WGR-Android-Automation/Reports/20250402_123735/WRMA Android Regression/20250402_123735/1743578704088.png, /Users/gv.vignesh/Downloads/WGR-Android-Automation/Reports/20250402_123735/WRMA Android Regression/20250402_123735/1743578824221.png, /Users/gv.vignesh/Downloads/WGR-Android-Automation/Reports/20250402_123735/WRMA Android Regression/20250402_123735/1743578825865.png, /Users/gv.vignesh/Downloads/WGR-Android-Automation/Reports/20250402_123735/WRMA Android Regression/20250402_123735/1743579038736.png, /Users/gv.vignesh/Downloads/WGR-Android-Automation/Reports/20250402_123735/WRMA Android Regression/20250402_123735/1743579158402.png, /Users/gv.vignesh/Downloads/WGR-Android-Automation/Reports/20250402_123735/WRMA Android Regression/20250402_123735/1743579160132.png, /Users/gv.vignesh/Downloads/WGR-Android-Automation/Reports/20250402_123735/WRMA Android Regression/20250402_123735/1743579358767.png, /Users/gv.vignesh/Downloads/WGR-Android-Automation/Reports/20250402_123735/WRMA Android Regression/20250402_123735/1743579496118.png, /Users/gv.vignesh/Downloads/WGR-Android-Automation/Reports/20250402_123735/WRMA Android Regression/20250402_123735/1743579503947.png, /Users/gv.vignesh/Downloads/WGR-Android-Automation/Reports/20250402_123735/WRMA Android Regression/20250402_123735/1743579548033.png, /Users/gv.vignesh/Downloads/WGR-Android-Automation/Reports/20250402_123735/WRMA Android Regression/20250402_123735/1743579550474.png, /Users/gv.vignesh/Downloads/WGR-Android-Automation/Reports/20250402_123735/WRMA Android Regression/20250402_123735/1743579761747.png, /Users/gv.vignesh/Downloads/WGR-Android-Automation/Reports/20250402_123735/WRMA Android Regression/20250402_123735/1743579930005.png, /Users/gv.vignesh/Downloads/WGR-Android-Automation/Reports/20250402_123735/WRMA Android Regression/20250402_123735/1743579938556.png, /Users/gv.vignesh/Downloads/WGR-Android-Automation/Reports/20250402_123735/WRMA Android Regression/20250402_123735/1743580256202.png"/>
         <property name="hostName" value="**********"/>
         <property name="os" value="Mac OS X 64bit"/>
         <property name="appiumServerStatus" value="{&quot;value&quot;:{&quot;ready&quot;:true,&quot;message&quot;:&quot;The server is ready to accept new connections&quot;,&quot;build&quot;:{&quot;version&quot;:&quot;2.17.1&quot;,&quot;git-sha&quot;:&quot;f1041842141f20bc701b522d4371d7843d905580&quot;,&quot;built&quot;:&quot;2025-03-24 02:42:00 +0000&quot;}}}"/>
         <property name="katalonVersion" value="10.1.1.0"/>
         <property name="deviceOS" value="Android"/>
         <property name="appiumVersion" value="2.17.1"/>
         <property name="deviceModel" value="23028RNCAI"/>
         <property name="hostAddress" value="**********"/>
         <property name="deviceManufacturer" value="Xiaomi"/>
         <property name="deviceId" value="adb-SSONG6OZCQQ8R49T-aGsPn3._adb-tls-connect._tcp"/>
         <property name="deviceName" value="Xiaomi 23028RNCAI (Android 13)"/>
         <property name="deviceOSVersion" value="13"/>
      </properties>
      <testcase name="Test Cases/App Installation And Launching/C658-C667-C668_AppInstallationAndLaunching" time="242.085" classname="Test Cases/App Installation And Launching/C658-C667-C668_AppInstallationAndLaunching" status="PASSED">
         <system-out><![CDATA[02-04-2025T12:37:39 - [TEST_CASE][PASSED] - Test Cases/App Installation And Launching/C658-C667-C668_AppInstallationAndLaunching: Test Cases/App Installation And Launching/C658-C667-C668_AppInstallationAndLaunching

02-04-2025T12:37:39 - [TEST_STEP][PASSED] - startApplication(appUrl, true): Started application: '/Users/gv.vignesh/Downloads/WGR-Android-Automation/App Folder/universal.apk'

02-04-2025T12:37:39 - [MESSAGE][INFO] - Starting application: '/Users/gv.vignesh/Downloads/WGR-Android-Automation/App Folder/universal.apk'

02-04-2025T12:37:39 - [MESSAGE][INFO] - User set preference: ['deviceId', '']

02-04-2025T12:37:39 - [MESSAGE][INFO] - Detected NodeJS location: "/opt/homebrew/Cellar/node/23.10.0_1/bin/node"

02-04-2025T12:37:39 - [MESSAGE][INFO] - PATH: /opt/homebrew/Cellar/node/23.10.0_1/bin:/opt/homebrew/bin:/usr/bin:/bin:/usr/sbin:/sbin:/Applications/Katalon Studio Enterprise.app/Contents/Eclipse/jre/Contents/Home/bin:/usr/local/bin/

02-04-2025T12:37:39 - [MESSAGE][INFO] - APPIUM_HOME: /Users/gv.vignesh/.appium

02-04-2025T12:37:39 - [MESSAGE][INFO] - appium outlog: /Users/gv.vignesh/Downloads/WGR-Android-Automation/Reports/20250402_123735/WRMA Android Regression/20250402_123735/appium.log

02-04-2025T12:37:39 - [MESSAGE][INFO] - appium errlog: /Users/gv.vignesh/Downloads/WGR-Android-Automation/Reports/20250402_123735/WRMA Android Regression/20250402_123735/appium_error.log

02-04-2025T12:37:40 - [MESSAGE][INFO] - Appium server started on port 59,178

02-04-2025T12:39:07 - [MESSAGE][PASSED] - Started application: '/Users/gv.vignesh/Downloads/WGR-Android-Automation/App Folder/universal.apk'

02-04-2025T12:39:07 - [TEST_STEP][PASSED] - delay(3): Delayed 3 second(s)

02-04-2025T12:39:10 - [MESSAGE][PASSED] - Delayed 3 second(s)

02-04-2025T12:39:10 - [TEST_STEP][PASSED] - verifyElementExist(findTestObject("Object Repository/Repo/android.widget.TextView - Youre Moments Away FromCustomized Vacation Experiences"), 0): Element 'Object Repository/Repo/android.widget.TextView - Youre Moments Away FromCustomized Vacation Experiences' is exist

02-04-2025T12:39:10 - [MESSAGE][WARNING] - Timeout '0' is invalid. Using default page load timeout: '30'

02-04-2025T12:39:19 - [MESSAGE][PASSED] - Element 'Object Repository/Repo/android.widget.TextView - Youre Moments Away FromCustomized Vacation Experiences' is exist

02-04-2025T12:39:19 - [TEST_STEP][PASSED] - delay(3): Delayed 3 second(s)

02-04-2025T12:39:22 - [MESSAGE][PASSED] - Delayed 3 second(s)

02-04-2025T12:39:22 - [TEST_STEP][PASSED] - text = getText(findTestObject("Object Repository/Repo/android.widget.TextView - Youre Moments Away FromCustomized Vacation Experiences"), 0): Text of element 'Object Repository/Repo/android.widget.TextView - Youre Moments Away FromCustomized Vacation Experiences' is: 'You’re Moments Away From
Customized Vacation Experiences.'

02-04-2025T12:39:22 - [MESSAGE][WARNING] - Timeout '0' is invalid. Using default page load timeout: '30'

02-04-2025T12:39:23 - [MESSAGE][PASSED] - Text of element 'Object Repository/Repo/android.widget.TextView - Youre Moments Away FromCustomized Vacation Experiences' is: 'You’re Moments Away From
Customized Vacation Experiences.'

02-04-2025T12:39:23 - [TEST_STEP][PASSED] - println("Text: " + text): null

02-04-2025T12:39:23 - [TEST_STEP][PASSED] - delay(3): Delayed 3 second(s)

02-04-2025T12:39:26 - [MESSAGE][PASSED] - Delayed 3 second(s)

02-04-2025T12:39:26 - [TEST_STEP][PASSED] - verifyElementExist(findTestObject("Object Repository/Repo/android.widget.Button - Login or Sign Up"), 0): Element 'Object Repository/Repo/android.widget.Button - Login or Sign Up' is exist

02-04-2025T12:39:26 - [MESSAGE][WARNING] - Timeout '0' is invalid. Using default page load timeout: '30'

02-04-2025T12:39:27 - [MESSAGE][PASSED] - Element 'Object Repository/Repo/android.widget.Button - Login or Sign Up' is exist

02-04-2025T12:39:27 - [TEST_STEP][PASSED] - delay(3): Delayed 3 second(s)

02-04-2025T12:39:30 - [MESSAGE][PASSED] - Delayed 3 second(s)

02-04-2025T12:39:30 - [TEST_STEP][PASSED] - verifyElementExist(findTestObject("Object Repository/Repo/android.view.View - Home"), 0): Element 'Object Repository/Repo/android.view.View - Home' is exist

02-04-2025T12:39:30 - [MESSAGE][WARNING] - Timeout '0' is invalid. Using default page load timeout: '30'

02-04-2025T12:39:30 - [MESSAGE][PASSED] - Element 'Object Repository/Repo/android.view.View - Home' is exist

02-04-2025T12:39:30 - [TEST_STEP][PASSED] - delay(3): Delayed 3 second(s)

02-04-2025T12:39:33 - [MESSAGE][PASSED] - Delayed 3 second(s)

02-04-2025T12:39:33 - [TEST_STEP][PASSED] - verifyElementExist(findTestObject("Object Repository/Repo/android.view.View - My Account"), 0): Element 'Object Repository/Repo/android.view.View - My Account' is exist

02-04-2025T12:39:33 - [MESSAGE][WARNING] - Timeout '0' is invalid. Using default page load timeout: '30'

02-04-2025T12:39:34 - [MESSAGE][PASSED] - Element 'Object Repository/Repo/android.view.View - My Account' is exist

02-04-2025T12:39:34 - [TEST_STEP][PASSED] - delay(3): Delayed 3 second(s)

02-04-2025T12:39:37 - [MESSAGE][PASSED] - Delayed 3 second(s)

02-04-2025T12:39:37 - [TEST_STEP][PASSED] - tap(findTestObject("Object Repository/Repo/android.widget.TextView - Vacation More. Get More"), 0): Tapped on element 'Object Repository/Repo/android.widget.TextView - Vacation More. Get More'

02-04-2025T12:39:37 - [MESSAGE][WARNING] - Timeout '0' is invalid. Using default page load timeout: '30'

02-04-2025T12:39:38 - [MESSAGE][PASSED] - Tapped on element 'Object Repository/Repo/android.widget.TextView - Vacation More. Get More'

02-04-2025T12:39:38 - [TEST_STEP][PASSED] - delay(3): Delayed 3 second(s)

02-04-2025T12:39:41 - [MESSAGE][PASSED] - Delayed 3 second(s)

02-04-2025T12:39:41 - [TEST_STEP][PASSED] - verifyElementVisible(findTestObject("Object Repository/Repo/android.widget.TextView - Vacation More. Get More"), 0): Element 'Object Repository/Repo/android.widget.TextView - Vacation More. Get More' is visible

02-04-2025T12:39:41 - [MESSAGE][WARNING] - Timeout '0' is invalid. Using default page load timeout: '30'

02-04-2025T12:39:42 - [MESSAGE][PASSED] - Element 'Object Repository/Repo/android.widget.TextView - Vacation More. Get More' is visible

02-04-2025T12:39:42 - [TEST_STEP][PASSED] - delay(3): Delayed 3 second(s)

02-04-2025T12:39:45 - [MESSAGE][PASSED] - Delayed 3 second(s)

02-04-2025T12:39:45 - [TEST_STEP][PASSED] - verifyElementVisible(findTestObject("Object Repository/Repo/android.widget.TextView - Explore Westgate Loyalty"), 0): Element 'Object Repository/Repo/android.widget.TextView - Explore Westgate Loyalty' is visible

02-04-2025T12:39:45 - [MESSAGE][WARNING] - Timeout '0' is invalid. Using default page load timeout: '30'

02-04-2025T12:39:45 - [MESSAGE][PASSED] - Element 'Object Repository/Repo/android.widget.TextView - Explore Westgate Loyalty' is visible

02-04-2025T12:39:45 - [TEST_STEP][PASSED] - delay(3): Delayed 3 second(s)

02-04-2025T12:39:48 - [MESSAGE][PASSED] - Delayed 3 second(s)

02-04-2025T12:39:48 - [TEST_STEP][PASSED] - tap(findTestObject("Object Repository/Repo/android.widget.TextView - Continue as a Guest"), 0): Tapped on element 'Object Repository/Repo/android.widget.TextView - Continue as a Guest'

02-04-2025T12:39:48 - [MESSAGE][WARNING] - Timeout '0' is invalid. Using default page load timeout: '30'

02-04-2025T12:39:49 - [MESSAGE][PASSED] - Tapped on element 'Object Repository/Repo/android.widget.TextView - Continue as a Guest'

02-04-2025T12:39:49 - [TEST_STEP][PASSED] - isElementVisible = waitForElementPresent(findTestObject("Object Repository/Repo/android.widget.TextView - Continue as a Guest"), 10): Element 'Object Repository/Repo/android.widget.TextView - Continue as a Guest' is present

02-04-2025T12:39:50 - [MESSAGE][PASSED] - Element 'Object Repository/Repo/android.widget.TextView - Continue as a Guest' is present

02-04-2025T12:39:50 - [TEST_STEP][PASSED] - if (!(isElementVisible)): null

02-04-2025T12:39:50 - [TEST_STEP][PASSED] - else: Failed: Expected element not found after tapping 'Continue as a Guest.

02-04-2025T12:39:50 - [TEST_STEP][PASSED] - logInfo("Failed: Expected element not found after tapping 'Continue as a Guest."): Failed: Expected element not found after tapping 'Continue as a Guest.

02-04-2025T12:39:50 - [MESSAGE][INFO] - Failed: Expected element not found after tapping 'Continue as a Guest.

02-04-2025T12:39:50 - [TEST_STEP][PASSED] - delay(10): Delayed 10 second(s)

02-04-2025T12:40:00 - [MESSAGE][PASSED] - Delayed 10 second(s)

02-04-2025T12:40:00 - [TEST_STEP][PASSED] - tap(findTestObject("Object Repository/Repo/android.widget.Button - menu"), 0): Tapped on element 'Object Repository/Repo/android.widget.Button - menu'

02-04-2025T12:40:00 - [MESSAGE][WARNING] - Timeout '0' is invalid. Using default page load timeout: '30'

02-04-2025T12:40:01 - [MESSAGE][PASSED] - Tapped on element 'Object Repository/Repo/android.widget.Button - menu'

02-04-2025T12:40:01 - [TEST_STEP][PASSED] - delay(30): Delayed 30 second(s)

02-04-2025T12:40:31 - [MESSAGE][PASSED] - Delayed 30 second(s)

02-04-2025T12:40:31 - [TEST_STEP][PASSED] - tap(findTestObject("Object Repository/Repo/android.widget.TextView - Terms and Conditions-Menu"), 0): Tapped on element 'Object Repository/Repo/android.widget.TextView - Terms and Conditions-Menu'

02-04-2025T12:40:31 - [MESSAGE][WARNING] - Timeout '0' is invalid. Using default page load timeout: '30'

02-04-2025T12:40:32 - [MESSAGE][PASSED] - Tapped on element 'Object Repository/Repo/android.widget.TextView - Terms and Conditions-Menu'

02-04-2025T12:40:32 - [TEST_STEP][PASSED] - delay(10): Delayed 10 second(s)

02-04-2025T12:40:42 - [MESSAGE][PASSED] - Delayed 10 second(s)

02-04-2025T12:40:42 - [TEST_STEP][PASSED] - if (waitForElementPresent(findTestObject("Object Repository/Repo/android.view.View-Terms and conditions web"), 30, CONTINUE_ON_FAILURE)): null

02-04-2025T12:40:44 - [MESSAGE][PASSED] - Element 'Object Repository/Repo/android.view.View-Terms and conditions web' is present

02-04-2025T12:40:44 - [TEST_STEP][PASSED] - println("Element 'android.view.View - Terms & Conditions-Webview' exists."): null

02-04-2025T12:40:44 - [TEST_STEP][PASSED] - delay(10): Delayed 10 second(s)

02-04-2025T12:40:54 - [MESSAGE][PASSED] - Delayed 10 second(s)

02-04-2025T12:40:54 - [TEST_STEP][PASSED] - tap(findTestObject("Object Repository/Repo/android.widget.ImageButton-Cancel web"), 0): Tapped on element 'Object Repository/Repo/android.widget.ImageButton-Cancel web'

02-04-2025T12:40:54 - [MESSAGE][WARNING] - Timeout '0' is invalid. Using default page load timeout: '30'

02-04-2025T12:40:55 - [MESSAGE][PASSED] - Tapped on element 'Object Repository/Repo/android.widget.ImageButton-Cancel web'

02-04-2025T12:40:55 - [TEST_STEP][PASSED] - delay(15): Delayed 15 second(s)

02-04-2025T12:41:10 - [MESSAGE][PASSED] - Delayed 15 second(s)

02-04-2025T12:41:10 - [TEST_STEP][PASSED] - tap(findTestObject("Object Repository/Repo/android.widget.Button - menu"), 0): Tapped on element 'Object Repository/Repo/android.widget.Button - menu'

02-04-2025T12:41:10 - [MESSAGE][WARNING] - Timeout '0' is invalid. Using default page load timeout: '30'

02-04-2025T12:41:11 - [MESSAGE][PASSED] - Tapped on element 'Object Repository/Repo/android.widget.Button - menu'

02-04-2025T12:41:11 - [TEST_STEP][PASSED] - delay(15): Delayed 15 second(s)

02-04-2025T12:41:26 - [MESSAGE][PASSED] - Delayed 15 second(s)

02-04-2025T12:41:26 - [TEST_STEP][PASSED] - tap(findTestObject("Object Repository/Repo/android.widget.TextView - Privacy Policy-Menu"), 0): Tapped on element 'Object Repository/Repo/android.widget.TextView - Privacy Policy-Menu'

02-04-2025T12:41:26 - [MESSAGE][WARNING] - Timeout '0' is invalid. Using default page load timeout: '30'

02-04-2025T12:41:27 - [MESSAGE][PASSED] - Tapped on element 'Object Repository/Repo/android.widget.TextView - Privacy Policy-Menu'

02-04-2025T12:41:27 - [TEST_STEP][PASSED] - if (waitForElementPresent(findTestObject("Object Repository/Repo/android.widget.TextView - Privacy Policy-web"), 30, CONTINUE_ON_FAILURE)): null

02-04-2025T12:41:36 - [MESSAGE][PASSED] - Element 'Object Repository/Repo/android.widget.TextView - Privacy Policy-web' is present

02-04-2025T12:41:36 - [TEST_STEP][PASSED] - println("Element 'android.widget.TextView - Privacy Policy-web' exists."): null

02-04-2025T12:41:36 - [TEST_STEP][PASSED] - closeApplication(): Close app successfully

02-04-2025T12:41:41 - [MESSAGE][PASSED] - Close app successfully

02-04-2025T12:41:41 - [TEST_STEP][PASSED] - closeBrowser(): Browser is closed

02-04-2025T12:41:41 - [MESSAGE][PASSED] - Browser is closed]]></system-out>
         <system-err><![CDATA[]]></system-err>
      </testcase>
      <testcase name="Test Cases/Guest User Mode/C666-C719-C738_GuestUserMode" time="149.976" classname="Test Cases/Guest User Mode/C666-C719-C738_GuestUserMode" status="PASSED">
         <system-out><![CDATA[02-04-2025T12:41:41 - [TEST_CASE][PASSED] - Test Cases/Guest User Mode/C666-C719-C738_GuestUserMode: Test Cases/Guest User Mode/C666-C719-C738_GuestUserMode

02-04-2025T12:41:41 - [TEST_STEP][PASSED] - startApplication(appUrl, true): Started application: '/Users/gv.vignesh/Downloads/WGR-Android-Automation/App Folder/universal.apk'

02-04-2025T12:41:41 - [MESSAGE][INFO] - Starting application: '/Users/gv.vignesh/Downloads/WGR-Android-Automation/App Folder/universal.apk'

02-04-2025T12:41:41 - [MESSAGE][INFO] - User set preference: ['deviceId', '']

02-04-2025T12:41:41 - [MESSAGE][INFO] - Detected NodeJS location: "/opt/homebrew/Cellar/node/23.10.0_1/bin/node"

02-04-2025T12:41:41 - [MESSAGE][INFO] - PATH: /opt/homebrew/Cellar/node/23.10.0_1/bin:/opt/homebrew/bin:/usr/bin:/bin:/usr/sbin:/sbin:/Applications/Katalon Studio Enterprise.app/Contents/Eclipse/jre/Contents/Home/bin:/usr/local/bin/

02-04-2025T12:41:41 - [MESSAGE][INFO] - APPIUM_HOME: /Users/gv.vignesh/.appium

02-04-2025T12:41:41 - [MESSAGE][INFO] - appium outlog: /Users/gv.vignesh/Downloads/WGR-Android-Automation/Reports/20250402_123735/WRMA Android Regression/20250402_123735/appium.log

02-04-2025T12:41:41 - [MESSAGE][INFO] - appium errlog: /Users/gv.vignesh/Downloads/WGR-Android-Automation/Reports/20250402_123735/WRMA Android Regression/20250402_123735/appium_error.log

02-04-2025T12:41:42 - [MESSAGE][INFO] - Appium server started on port 59,388

02-04-2025T12:42:47 - [MESSAGE][PASSED] - Started application: '/Users/gv.vignesh/Downloads/WGR-Android-Automation/App Folder/universal.apk'

02-04-2025T12:42:47 - [TEST_STEP][PASSED] - delay(10): Delayed 10 second(s)

02-04-2025T12:42:57 - [MESSAGE][PASSED] - Delayed 10 second(s)

02-04-2025T12:42:57 - [TEST_STEP][PASSED] - tap(findTestObject("Object Repository/Repo/android.widget.TextView - Continue as a Guest"), 0): Tapped on element 'Object Repository/Repo/android.widget.TextView - Continue as a Guest'

02-04-2025T12:42:58 - [MESSAGE][WARNING] - Timeout '0' is invalid. Using default page load timeout: '30'

02-04-2025T12:43:00 - [MESSAGE][PASSED] - Tapped on element 'Object Repository/Repo/android.widget.TextView - Continue as a Guest'

02-04-2025T12:43:00 - [TEST_STEP][PASSED] - delay(10): Delayed 10 second(s)

02-04-2025T12:43:10 - [MESSAGE][PASSED] - Delayed 10 second(s)

02-04-2025T12:43:10 - [TEST_STEP][PASSED] - tap(findTestObject("Object Repository/Repo/android.widget.Button - menu"), 0): Tapped on element 'Object Repository/Repo/android.widget.Button - menu'

02-04-2025T12:43:10 - [MESSAGE][WARNING] - Timeout '0' is invalid. Using default page load timeout: '30'

02-04-2025T12:43:11 - [MESSAGE][PASSED] - Tapped on element 'Object Repository/Repo/android.widget.Button - menu'

02-04-2025T12:43:11 - [TEST_STEP][PASSED] - delay(20): Delayed 20 second(s)

02-04-2025T12:43:31 - [MESSAGE][PASSED] - Delayed 20 second(s)

02-04-2025T12:43:31 - [TEST_STEP][PASSED] - tap(findTestObject("Object Repository/Repo/android.widget.TabWidget-Settings"), 0): Tapped on element 'Object Repository/Repo/android.widget.TabWidget-Settings'

02-04-2025T12:43:31 - [MESSAGE][WARNING] - Timeout '0' is invalid. Using default page load timeout: '30'

02-04-2025T12:43:32 - [MESSAGE][PASSED] - Tapped on element 'Object Repository/Repo/android.widget.TabWidget-Settings'

02-04-2025T12:43:32 - [TEST_STEP][PASSED] - delay(10): Delayed 10 second(s)

02-04-2025T12:43:42 - [MESSAGE][PASSED] - Delayed 10 second(s)

02-04-2025T12:43:42 - [TEST_STEP][PASSED] - actualVersionText = getText(findTestObject("Object Repository/Repo/android.widget.Button - Version 2.81.111"), 0): Text of element 'Object Repository/Repo/android.widget.Button - Version 2.81.111' is: 'Version 2.81.111'

02-04-2025T12:43:42 - [MESSAGE][WARNING] - Timeout '0' is invalid. Using default page load timeout: '30'

02-04-2025T12:43:42 - [MESSAGE][PASSED] - Text of element 'Object Repository/Repo/android.widget.Button - Version 2.81.111' is: 'Version 2.81.111'

02-04-2025T12:43:42 - [TEST_STEP][PASSED] - expectedVersionText = "Version 2.81.111": null

02-04-2025T12:43:42 - [TEST_STEP][PASSED] - assert actualVersionText == expectedVersionText: null

02-04-2025T12:43:42 - [TEST_STEP][PASSED] - println(Version verification successful: $actualVersionText): null

02-04-2025T12:43:42 - [TEST_STEP][PASSED] - tap(findTestObject("Object Repository/Repo/android.widget.Button - menu"), 0): Tapped on element 'Object Repository/Repo/android.widget.Button - menu'

02-04-2025T12:43:42 - [MESSAGE][WARNING] - Timeout '0' is invalid. Using default page load timeout: '30'

02-04-2025T12:43:43 - [MESSAGE][PASSED] - Tapped on element 'Object Repository/Repo/android.widget.Button - menu'

02-04-2025T12:43:43 - [TEST_STEP][PASSED] - delay(10): Delayed 10 second(s)

02-04-2025T12:43:53 - [MESSAGE][PASSED] - Delayed 10 second(s)

02-04-2025T12:43:53 - [TEST_STEP][PASSED] - homeElementExists = verifyElementExist(findTestObject("Object Repository/Repo/android.view.View - Home"), 0): Element 'Object Repository/Repo/android.view.View - Home' is exist

02-04-2025T12:43:53 - [MESSAGE][WARNING] - Timeout '0' is invalid. Using default page load timeout: '30'

02-04-2025T12:43:54 - [MESSAGE][PASSED] - Element 'Object Repository/Repo/android.view.View - Home' is exist

02-04-2025T12:43:54 - [TEST_STEP][PASSED] - assert homeElementExists : "Element 'Home' does not exist.": null

02-04-2025T12:43:54 - [TEST_STEP][PASSED] - homeText = getText(findTestObject("Object Repository/Repo/android.view.View - Home"), 0): Text of element 'Object Repository/Repo/android.view.View - Home' is: 'Home'

02-04-2025T12:43:54 - [MESSAGE][WARNING] - Timeout '0' is invalid. Using default page load timeout: '30'

02-04-2025T12:43:54 - [MESSAGE][PASSED] - Text of element 'Object Repository/Repo/android.view.View - Home' is: 'Home'

02-04-2025T12:43:54 - [TEST_STEP][PASSED] - assert homeText == "Home": null

02-04-2025T12:43:54 - [TEST_STEP][PASSED] - println("Home screen verification successful."): null

02-04-2025T12:43:54 - [TEST_STEP][PASSED] - tap(findTestObject("Object Repository/Repo/android.view.View - My Account"), 0): Tapped on element 'Object Repository/Repo/android.view.View - My Account'

02-04-2025T12:43:54 - [MESSAGE][WARNING] - Timeout '0' is invalid. Using default page load timeout: '30'

02-04-2025T12:43:55 - [MESSAGE][PASSED] - Tapped on element 'Object Repository/Repo/android.view.View - My Account'

02-04-2025T12:43:55 - [TEST_STEP][PASSED] - delay(10): Delayed 10 second(s)

02-04-2025T12:44:05 - [MESSAGE][PASSED] - Delayed 10 second(s)

02-04-2025T12:44:05 - [TEST_STEP][PASSED] - myAccountElementExists = verifyElementExist(findTestObject("Object Repository/Repo/android.view.View - My Account"), 0): Element 'Object Repository/Repo/android.view.View - My Account' is exist

02-04-2025T12:44:05 - [MESSAGE][WARNING] - Timeout '0' is invalid. Using default page load timeout: '30'

02-04-2025T12:44:07 - [MESSAGE][PASSED] - Element 'Object Repository/Repo/android.view.View - My Account' is exist

02-04-2025T12:44:07 - [TEST_STEP][PASSED] - assert myAccountElementExists : "Element 'My Account' does not exist.": null

02-04-2025T12:44:07 - [TEST_STEP][PASSED] - myAccountText = getText(findTestObject("Object Repository/Repo/android.view.View - My Account"), 0): Text of element 'Object Repository/Repo/android.view.View - My Account' is: 'My Account'

02-04-2025T12:44:07 - [MESSAGE][WARNING] - Timeout '0' is invalid. Using default page load timeout: '30'

02-04-2025T12:44:07 - [MESSAGE][PASSED] - Text of element 'Object Repository/Repo/android.view.View - My Account' is: 'My Account'

02-04-2025T12:44:07 - [TEST_STEP][PASSED] - assert myAccountText == "My Account": null

02-04-2025T12:44:07 - [TEST_STEP][PASSED] - println("My Account screen verification successful."): null

02-04-2025T12:44:07 - [TEST_STEP][PASSED] - println("All test verifications completed successfully!"): null

02-04-2025T12:44:07 - [TEST_STEP][PASSED] - closeApplication(): Close app successfully

02-04-2025T12:44:11 - [MESSAGE][PASSED] - Close app successfully

02-04-2025T12:44:11 - [TEST_STEP][PASSED] - closeBrowser(): Browser is closed

02-04-2025T12:44:11 - [MESSAGE][PASSED] - Browser is closed]]></system-out>
         <system-err><![CDATA[]]></system-err>
      </testcase>
      <testcase name="Test Cases/Guest User Mode/C764-C793_GuestUserMode" time="231.475" classname="Test Cases/Guest User Mode/C764-C793_GuestUserMode" status="PASSED">
         <system-out><![CDATA[02-04-2025T12:48:14 - [TEST_CASE][PASSED] - Test Cases/Guest User Mode/C764-C793_GuestUserMode: Test Cases/Guest User Mode/C764-C793_GuestUserMode

02-04-2025T12:48:14 - [TEST_STEP][PASSED] - startApplication("/Users/gv.vignesh/Downloads/WGR-Android-Automation/App Folder/app-debug.apk", true): Started application: '/Users/gv.vignesh/Downloads/WGR-Android-Automation/App Folder/app-debug.apk'

02-04-2025T12:48:14 - [MESSAGE][INFO] - Starting application: '/Users/gv.vignesh/Downloads/WGR-Android-Automation/App Folder/app-debug.apk'

02-04-2025T12:48:14 - [MESSAGE][INFO] - User set preference: ['deviceId', '']

02-04-2025T12:48:14 - [MESSAGE][INFO] - Detected NodeJS location: "/opt/homebrew/Cellar/node/23.10.0_1/bin/node"

02-04-2025T12:48:14 - [MESSAGE][INFO] - PATH: /opt/homebrew/Cellar/node/23.10.0_1/bin:/opt/homebrew/bin:/usr/bin:/bin:/usr/sbin:/sbin:/Applications/Katalon Studio Enterprise.app/Contents/Eclipse/jre/Contents/Home/bin:/usr/local/bin/

02-04-2025T12:48:14 - [MESSAGE][INFO] - APPIUM_HOME: /Users/gv.vignesh/.appium

02-04-2025T12:48:14 - [MESSAGE][INFO] - appium outlog: /Users/gv.vignesh/Downloads/WGR-Android-Automation/Reports/20250402_123735/WRMA Android Regression/20250402_123735/appium.log

02-04-2025T12:48:14 - [MESSAGE][INFO] - appium errlog: /Users/gv.vignesh/Downloads/WGR-Android-Automation/Reports/20250402_123735/WRMA Android Regression/20250402_123735/appium_error.log

02-04-2025T12:48:15 - [MESSAGE][INFO] - Appium server started on port 59,823

02-04-2025T12:49:15 - [MESSAGE][PASSED] - Started application: '/Users/gv.vignesh/Downloads/WGR-Android-Automation/App Folder/app-debug.apk'

02-04-2025T12:49:15 - [TEST_STEP][PASSED] - delay(10): Delayed 10 second(s)

02-04-2025T12:49:25 - [MESSAGE][PASSED] - Delayed 10 second(s)

02-04-2025T12:49:25 - [TEST_STEP][PASSED] - verifyElementExist(findTestObject("Object Repository/Repo/android.view.View - Home"), 0): Element 'Object Repository/Repo/android.view.View - Home' is exist

02-04-2025T12:49:25 - [MESSAGE][WARNING] - Timeout '0' is invalid. Using default page load timeout: '30'

02-04-2025T12:49:27 - [MESSAGE][PASSED] - Element 'Object Repository/Repo/android.view.View - Home' is exist

02-04-2025T12:49:27 - [TEST_STEP][PASSED] - delay(5): Delayed 5 second(s)

02-04-2025T12:49:32 - [MESSAGE][PASSED] - Delayed 5 second(s)

02-04-2025T12:49:32 - [TEST_STEP][PASSED] - tap(findTestObject("Object Repository/Repo/android.view.View - Home"), 0): Tapped on element 'Object Repository/Repo/android.view.View - Home'

02-04-2025T12:49:32 - [MESSAGE][WARNING] - Timeout '0' is invalid. Using default page load timeout: '30'

02-04-2025T12:49:33 - [MESSAGE][PASSED] - Tapped on element 'Object Repository/Repo/android.view.View - Home'

02-04-2025T12:49:33 - [TEST_STEP][PASSED] - delay(10): Delayed 10 second(s)

02-04-2025T12:49:43 - [MESSAGE][PASSED] - Delayed 10 second(s)

02-04-2025T12:49:43 - [TEST_STEP][PASSED] - verifyElementExist(findTestObject("Object Repository/Repo/android.view.View - Home (1)"), 0): Element 'Object Repository/Repo/android.view.View - Home (1)' is exist

02-04-2025T12:49:43 - [MESSAGE][WARNING] - Timeout '0' is invalid. Using default page load timeout: '30'

02-04-2025T12:49:44 - [MESSAGE][PASSED] - Element 'Object Repository/Repo/android.view.View - Home (1)' is exist

02-04-2025T12:49:44 - [TEST_STEP][PASSED] - delay(5): Delayed 5 second(s)

02-04-2025T12:49:49 - [MESSAGE][PASSED] - Delayed 5 second(s)

02-04-2025T12:49:49 - [TEST_STEP][PASSED] - verifyElementExist(findTestObject("Object Repository/Repo/android.widget.TextView-Slide"), 0): Element 'Object Repository/Repo/android.widget.TextView-Slide' is exist

02-04-2025T12:49:49 - [MESSAGE][WARNING] - Timeout '0' is invalid. Using default page load timeout: '30'

02-04-2025T12:49:50 - [MESSAGE][PASSED] - Element 'Object Repository/Repo/android.widget.TextView-Slide' is exist

02-04-2025T12:49:50 - [TEST_STEP][PASSED] - startX = 1000: null

02-04-2025T12:49:50 - [TEST_STEP][PASSED] - startY = 2000: null

02-04-2025T12:49:50 - [TEST_STEP][PASSED] - endX = 200: null

02-04-2025T12:49:50 - [TEST_STEP][PASSED] - endY = 1000: null

02-04-2025T12:49:50 - [TEST_STEP][PASSED] - delay(5): Delayed 5 second(s)

02-04-2025T12:49:55 - [MESSAGE][PASSED] - Delayed 5 second(s)

02-04-2025T12:49:55 - [TEST_STEP][PASSED] - homeText = View - Home (1)"), 0).trim(): Text of element 'Object Repository/Repo/android.view.View - Home (1)' is: 'Home'

02-04-2025T12:49:55 - [MESSAGE][WARNING] - Timeout '0' is invalid. Using default page load timeout: '30'

02-04-2025T12:49:55 - [MESSAGE][PASSED] - Text of element 'Object Repository/Repo/android.view.View - Home (1)' is: 'Home'

02-04-2025T12:49:55 - [TEST_STEP][PASSED] - println("Home Text: " + homeText): null

02-04-2025T12:49:55 - [TEST_STEP][PASSED] - verifyEqual(homeText, "Home", STOP_ON_FAILURE): Actual object 'Home' and expected object 'Home' are equal

02-04-2025T12:49:55 - [MESSAGE][PASSED] - Actual object 'Home' and expected object 'Home' are equal

02-04-2025T12:49:55 - [TEST_STEP][PASSED] - delay(5): Delayed 5 second(s)

02-04-2025T12:50:00 - [MESSAGE][PASSED] - Delayed 5 second(s)

02-04-2025T12:50:00 - [TEST_STEP][PASSED] - verifyElementExist(findTestObject("Object Repository/Repo/android.view.View - My Account (1)"), 0): Element 'Object Repository/Repo/android.view.View - My Account (1)' is exist

02-04-2025T12:50:00 - [MESSAGE][WARNING] - Timeout '0' is invalid. Using default page load timeout: '30'

02-04-2025T12:50:02 - [MESSAGE][PASSED] - Element 'Object Repository/Repo/android.view.View - My Account (1)' is exist

02-04-2025T12:50:02 - [TEST_STEP][PASSED] - delay(5): Delayed 5 second(s)

02-04-2025T12:50:07 - [MESSAGE][PASSED] - Delayed 5 second(s)

02-04-2025T12:50:07 - [TEST_STEP][PASSED] - myAccountText = View - My Account (1)"), 0).trim(): Text of element 'Object Repository/Repo/android.view.View - My Account (1)' is: 'My Account'

02-04-2025T12:50:07 - [MESSAGE][WARNING] - Timeout '0' is invalid. Using default page load timeout: '30'

02-04-2025T12:50:08 - [MESSAGE][PASSED] - Text of element 'Object Repository/Repo/android.view.View - My Account (1)' is: 'My Account'

02-04-2025T12:50:08 - [TEST_STEP][PASSED] - println("My Account Text: " + myAccountText): null

02-04-2025T12:50:08 - [TEST_STEP][PASSED] - verifyEqual(myAccountText, "My Account", STOP_ON_FAILURE): Actual object 'My Account' and expected object 'My Account' are equal

02-04-2025T12:50:08 - [MESSAGE][PASSED] - Actual object 'My Account' and expected object 'My Account' are equal

02-04-2025T12:50:08 - [TEST_STEP][PASSED] - delay(15): Delayed 15 second(s)

02-04-2025T12:50:23 - [MESSAGE][PASSED] - Delayed 15 second(s)

02-04-2025T12:50:23 - [TEST_STEP][PASSED] - scrollToText("Recommended for you"): Scrolling to text 'Recommended for you' successfully

02-04-2025T12:50:29 - [MESSAGE][PASSED] - Scrolling to text 'Recommended for you' successfully

02-04-2025T12:50:29 - [TEST_STEP][PASSED] - delay(5): Delayed 5 second(s)

02-04-2025T12:50:34 - [MESSAGE][PASSED] - Delayed 5 second(s)

02-04-2025T12:50:34 - [TEST_STEP][PASSED] - verifyElementExist(findTestObject("Object Repository/Repo/android.widget.TextView - RECOMMENDED FOR YOU"), 0): Element 'Object Repository/Repo/android.widget.TextView - RECOMMENDED FOR YOU' is exist

02-04-2025T12:50:34 - [MESSAGE][WARNING] - Timeout '0' is invalid. Using default page load timeout: '30'

02-04-2025T12:50:35 - [MESSAGE][PASSED] - Element 'Object Repository/Repo/android.widget.TextView - RECOMMENDED FOR YOU' is exist

02-04-2025T12:50:35 - [TEST_STEP][PASSED] - delay(5): Delayed 5 second(s)

02-04-2025T12:50:40 - [MESSAGE][PASSED] - Delayed 5 second(s)

02-04-2025T12:50:40 - [TEST_STEP][PASSED] - recommendedText = TextView - RECOMMENDED FOR YOU"), 0).trim(): Text of element 'Object Repository/Repo/android.widget.TextView - RECOMMENDED FOR YOU' is: 'RECOMMENDED FOR YOU'

02-04-2025T12:50:40 - [MESSAGE][WARNING] - Timeout '0' is invalid. Using default page load timeout: '30'

02-04-2025T12:50:41 - [MESSAGE][PASSED] - Text of element 'Object Repository/Repo/android.widget.TextView - RECOMMENDED FOR YOU' is: 'RECOMMENDED FOR YOU'

02-04-2025T12:50:41 - [TEST_STEP][PASSED] - println("Recommended Text: " + recommendedText): null

02-04-2025T12:50:41 - [TEST_STEP][PASSED] - verifyEqual(recommendedText, "RECOMMENDED FOR YOU", STOP_ON_FAILURE): Actual object 'RECOMMENDED FOR YOU' and expected object 'RECOMMENDED FOR YOU' are equal

02-04-2025T12:50:41 - [MESSAGE][PASSED] - Actual object 'RECOMMENDED FOR YOU' and expected object 'RECOMMENDED FOR YOU' are equal

02-04-2025T12:50:41 - [TEST_STEP][PASSED] - delay(5): Delayed 5 second(s)

02-04-2025T12:50:46 - [MESSAGE][PASSED] - Delayed 5 second(s)

02-04-2025T12:50:46 - [TEST_STEP][PASSED] - verifyElementExist(findTestObject("Object Repository/Repo/android.widget.TextView - THINGS TO DO"), 0): Element 'Object Repository/Repo/android.widget.TextView - THINGS TO DO' is exist

02-04-2025T12:50:46 - [MESSAGE][WARNING] - Timeout '0' is invalid. Using default page load timeout: '30'

02-04-2025T12:50:47 - [MESSAGE][PASSED] - Element 'Object Repository/Repo/android.widget.TextView - THINGS TO DO' is exist

02-04-2025T12:50:47 - [TEST_STEP][PASSED] - delay(5): Delayed 5 second(s)

02-04-2025T12:50:52 - [MESSAGE][PASSED] - Delayed 5 second(s)

02-04-2025T12:50:52 - [TEST_STEP][PASSED] - thingsToDoText = TextView - THINGS TO DO"), 0).trim(): Text of element 'Object Repository/Repo/android.widget.TextView - THINGS TO DO' is: 'THINGS TO DO'

02-04-2025T12:50:52 - [MESSAGE][WARNING] - Timeout '0' is invalid. Using default page load timeout: '30'

02-04-2025T12:50:53 - [MESSAGE][PASSED] - Text of element 'Object Repository/Repo/android.widget.TextView - THINGS TO DO' is: 'THINGS TO DO'

02-04-2025T12:50:53 - [TEST_STEP][PASSED] - println("Things to Do Text: " + thingsToDoText): null

02-04-2025T12:50:53 - [TEST_STEP][PASSED] - verifyEqual(thingsToDoText, "THINGS TO DO", STOP_ON_FAILURE): Actual object 'THINGS TO DO' and expected object 'THINGS TO DO' are equal

02-04-2025T12:50:53 - [MESSAGE][PASSED] - Actual object 'THINGS TO DO' and expected object 'THINGS TO DO' are equal

02-04-2025T12:50:53 - [TEST_STEP][PASSED] - delay(5): Delayed 5 second(s)

02-04-2025T12:50:58 - [MESSAGE][PASSED] - Delayed 5 second(s)

02-04-2025T12:50:58 - [TEST_STEP][PASSED] - verifyElementExist(findTestObject("Object Repository/Repo/android.view.View-gain access"), 0): Element 'Object Repository/Repo/android.view.View-gain access' is exist

02-04-2025T12:50:58 - [MESSAGE][WARNING] - Timeout '0' is invalid. Using default page load timeout: '30'

02-04-2025T12:50:59 - [MESSAGE][PASSED] - Element 'Object Repository/Repo/android.view.View-gain access' is exist

02-04-2025T12:50:59 - [TEST_STEP][PASSED] - delay(5): Delayed 5 second(s)

02-04-2025T12:51:04 - [MESSAGE][PASSED] - Delayed 5 second(s)

02-04-2025T12:51:04 - [TEST_STEP][PASSED] - gainAccessText = TextView - Gain access to a"), 0).trim(): Text of element 'Object Repository/Repo/android.widget.TextView - Gain access to a' is: 'Gain access to a'

02-04-2025T12:51:04 - [MESSAGE][WARNING] - Timeout '0' is invalid. Using default page load timeout: '30'

02-04-2025T12:51:05 - [MESSAGE][PASSED] - Text of element 'Object Repository/Repo/android.widget.TextView - Gain access to a' is: 'Gain access to a'

02-04-2025T12:51:05 - [TEST_STEP][PASSED] - println("Gain Access Text: " + gainAccessText): null

02-04-2025T12:51:05 - [TEST_STEP][PASSED] - verifyEqual(gainAccessText, "Gain access to a", STOP_ON_FAILURE): Actual object 'Gain access to a' and expected object 'Gain access to a' are equal

02-04-2025T12:51:05 - [MESSAGE][PASSED] - Actual object 'Gain access to a' and expected object 'Gain access to a' are equal

02-04-2025T12:51:05 - [TEST_STEP][PASSED] - delay(5): Delayed 5 second(s)

02-04-2025T12:51:10 - [MESSAGE][PASSED] - Delayed 5 second(s)

02-04-2025T12:51:10 - [TEST_STEP][PASSED] - customizedExperienceText = TextView - customized experience"), 0).trim(): Text of element 'Object Repository/Repo/android.widget.TextView - customized experience' is: 'customized experience'

02-04-2025T12:51:10 - [MESSAGE][WARNING] - Timeout '0' is invalid. Using default page load timeout: '30'

02-04-2025T12:51:11 - [MESSAGE][PASSED] - Text of element 'Object Repository/Repo/android.widget.TextView - customized experience' is: 'customized experience'

02-04-2025T12:51:11 - [TEST_STEP][PASSED] - println("Customized Experience Text: " + customizedExperienceText): null

02-04-2025T12:51:11 - [TEST_STEP][PASSED] - verifyEqual(customizedExperienceText, "customized experience", STOP_ON_FAILURE): Actual object 'customized experience' and expected object 'customized experience' are equal

02-04-2025T12:51:11 - [MESSAGE][PASSED] - Actual object 'customized experience' and expected object 'customized experience' are equal

02-04-2025T12:51:11 - [TEST_STEP][PASSED] - delay(5): Delayed 5 second(s)

02-04-2025T12:51:16 - [MESSAGE][PASSED] - Delayed 5 second(s)

02-04-2025T12:51:16 - [TEST_STEP][PASSED] - verifyElementExist(findTestObject("Object Repository/Repo/android.widget.TextView - Login"), 0): Element 'Object Repository/Repo/android.widget.TextView - Login' is exist

02-04-2025T12:51:16 - [MESSAGE][WARNING] - Timeout '0' is invalid. Using default page load timeout: '30'

02-04-2025T12:51:17 - [MESSAGE][PASSED] - Element 'Object Repository/Repo/android.widget.TextView - Login' is exist

02-04-2025T12:51:17 - [TEST_STEP][PASSED] - delay(5): Delayed 5 second(s)

02-04-2025T12:51:22 - [MESSAGE][PASSED] - Delayed 5 second(s)

02-04-2025T12:51:22 - [TEST_STEP][PASSED] - loginText = TextView - Login"), 0).trim(): Text of element 'Object Repository/Repo/android.widget.TextView - Login' is: 'Login'

02-04-2025T12:51:22 - [MESSAGE][WARNING] - Timeout '0' is invalid. Using default page load timeout: '30'

02-04-2025T12:51:23 - [MESSAGE][PASSED] - Text of element 'Object Repository/Repo/android.widget.TextView - Login' is: 'Login'

02-04-2025T12:51:23 - [TEST_STEP][PASSED] - println("Login Text: " + loginText): null

02-04-2025T12:51:23 - [TEST_STEP][PASSED] - verifyEqual(loginText, "Login", STOP_ON_FAILURE): Actual object 'Login' and expected object 'Login' are equal

02-04-2025T12:51:23 - [MESSAGE][PASSED] - Actual object 'Login' and expected object 'Login' are equal

02-04-2025T12:51:23 - [TEST_STEP][PASSED] - tap(findTestObject("Object Repository/Repo/android.widget.TextView - Login"), 0): Tapped on element 'Object Repository/Repo/android.widget.TextView - Login'

02-04-2025T12:51:23 - [MESSAGE][WARNING] - Timeout '0' is invalid. Using default page load timeout: '30'

02-04-2025T12:51:24 - [MESSAGE][PASSED] - Tapped on element 'Object Repository/Repo/android.widget.TextView - Login'

02-04-2025T12:51:24 - [TEST_STEP][PASSED] - delay(30): Delayed 30 second(s)

02-04-2025T12:51:54 - [MESSAGE][PASSED] - Delayed 30 second(s)

02-04-2025T12:51:54 - [TEST_STEP][PASSED] - delay(5): Delayed 5 second(s)

02-04-2025T12:51:59 - [MESSAGE][PASSED] - Delayed 5 second(s)

02-04-2025T12:51:59 - [TEST_STEP][PASSED] - westgateText = TextView - WESTGATE Online Account Management"), 0).trim(): Text of element 'Object Repository/Repo/android.widget.TextView - WESTGATE Online Account Management' is: 'WESTGATE Online Account Management'

02-04-2025T12:51:59 - [MESSAGE][WARNING] - Timeout '0' is invalid. Using default page load timeout: '30'

02-04-2025T12:52:00 - [MESSAGE][PASSED] - Text of element 'Object Repository/Repo/android.widget.TextView - WESTGATE Online Account Management' is: 'WESTGATE Online Account Management'

02-04-2025T12:52:00 - [TEST_STEP][PASSED] - println("WESTGATE Text: " + westgateText): null

02-04-2025T12:52:00 - [TEST_STEP][PASSED] - verifyEqual(westgateText, "WESTGATE Online Account Management", CONTINUE_ON_FAILURE): Actual object 'WESTGATE Online Account Management' and expected object 'WESTGATE Online Account Management' are equal

02-04-2025T12:52:00 - [MESSAGE][PASSED] - Actual object 'WESTGATE Online Account Management' and expected object 'WESTGATE Online Account Management' are equal

02-04-2025T12:52:00 - [TEST_STEP][PASSED] - closeApplication(): Close app successfully

02-04-2025T12:52:05 - [MESSAGE][PASSED] - Close app successfully

02-04-2025T12:52:05 - [TEST_STEP][PASSED] - closeBrowser(): Browser is closed

02-04-2025T12:52:05 - [MESSAGE][PASSED] - Browser is closed]]></system-out>
         <system-err><![CDATA[]]></system-err>
      </testcase>
      <testcase name="Test Cases/Sign Up New UserPage/C660-C681_SignUpNewUserPage" time="404.815" classname="Test Cases/Sign Up New UserPage/C660-C681_SignUpNewUserPage" status="PASSED">
         <system-out><![CDATA[02-04-2025T13:09:16 - [TEST_CASE][PASSED] - Test Cases/Sign Up New UserPage/C660-C681_SignUpNewUserPage: Test Cases/Sign Up New UserPage/C660-C681_SignUpNewUserPage

02-04-2025T13:09:16 - [TEST_STEP][PASSED] - emailValidationTests = new EmailValidationTests(): null

02-04-2025T13:09:16 - [TEST_STEP][PASSED] - emailValidationTests.runAllTests(): null

02-04-2025T13:09:16 - [TEST_STEP][PASSED] - setup(): null

02-04-2025T13:09:16 - [TEST_STEP][PASSED] - startApplication(appUrl, true): Started application: '/Users/gv.vignesh/Downloads/WGR-Android-Automation/App Folder/universal.apk'

02-04-2025T13:09:16 - [MESSAGE][INFO] - Starting application: '/Users/gv.vignesh/Downloads/WGR-Android-Automation/App Folder/universal.apk'

02-04-2025T13:09:16 - [MESSAGE][INFO] - User set preference: ['deviceId', '']

02-04-2025T13:09:16 - [MESSAGE][INFO] - Detected NodeJS location: "/opt/homebrew/Cellar/node/23.10.0_1/bin/node"

02-04-2025T13:09:16 - [MESSAGE][INFO] - PATH: /opt/homebrew/Cellar/node/23.10.0_1/bin:/opt/homebrew/bin:/usr/bin:/bin:/usr/sbin:/sbin:/Applications/Katalon Studio Enterprise.app/Contents/Eclipse/jre/Contents/Home/bin:/usr/local/bin/

02-04-2025T13:09:16 - [MESSAGE][INFO] - APPIUM_HOME: /Users/gv.vignesh/.appium

02-04-2025T13:09:16 - [MESSAGE][INFO] - appium outlog: /Users/gv.vignesh/Downloads/WGR-Android-Automation/Reports/20250402_123735/WRMA Android Regression/20250402_123735/appium.log

02-04-2025T13:09:16 - [MESSAGE][INFO] - appium errlog: /Users/gv.vignesh/Downloads/WGR-Android-Automation/Reports/20250402_123735/WRMA Android Regression/20250402_123735/appium_error.log

02-04-2025T13:09:17 - [MESSAGE][INFO] - Appium server started on port 61,319

02-04-2025T13:10:43 - [MESSAGE][PASSED] - Started application: '/Users/gv.vignesh/Downloads/WGR-Android-Automation/App Folder/universal.apk'

02-04-2025T13:10:43 - [TEST_STEP][PASSED] - delay(15): Delayed 15 second(s)

02-04-2025T13:10:58 - [MESSAGE][PASSED] - Delayed 15 second(s)

02-04-2025T13:10:58 - [TEST_STEP][PASSED] - tap(findTestObject("Object Repository/Repo/android.widget.Button - Login or Sign Up"), 0): Tapped on element 'Object Repository/Repo/android.widget.Button - Login or Sign Up'

02-04-2025T13:10:58 - [MESSAGE][WARNING] - Timeout '0' is invalid. Using default page load timeout: '30'

02-04-2025T13:11:01 - [MESSAGE][PASSED] - Tapped on element 'Object Repository/Repo/android.widget.Button - Login or Sign Up'

02-04-2025T13:11:01 - [TEST_STEP][PASSED] - try: null

02-04-2025T13:11:01 - [TEST_STEP][PASSED] - testInvalidEmailFormat(): null

02-04-2025T13:11:01 - [TEST_STEP][PASSED] - excelData = findTestData("Data Files/InvalidEmail"): null

02-04-2025T13:11:01 - [TEST_STEP][PASSED] - rowCount = excelData.getRowNumbers(): null

02-04-2025T13:11:01 - [TEST_STEP][PASSED] - for ([i = 1, i <= rowCount, (i++)]): null

02-04-2025T13:11:01 - [TEST_STEP][PASSED] - invalidEmail = excelData.getValue("email-Address", i): null

02-04-2025T13:11:01 - [TEST_STEP][PASSED] - println(Testing invalid email from Excel (Row $i): $invalidEmail): null

02-04-2025T13:11:01 - [TEST_STEP][PASSED] - waitForElementPresent(findTestObject("Object Repository/Repo/android.widget.EditText-LoginorSignUp"), 20): Element 'Object Repository/Repo/android.widget.EditText-LoginorSignUp' is present

02-04-2025T13:11:03 - [MESSAGE][PASSED] - Element 'Object Repository/Repo/android.widget.EditText-LoginorSignUp' is present

02-04-2025T13:11:03 - [TEST_STEP][PASSED] - sendKeys(findTestObject("Object Repository/Repo/android.widget.EditText-LoginorSignUp"), invalidEmail): Send keys 'd.g.com' on test object 'Object Repository/Repo/android.widget.EditText-LoginorSignUp' successfully.

02-04-2025T13:11:04 - [MESSAGE][PASSED] - Send keys 'd.g.com' on test object 'Object Repository/Repo/android.widget.EditText-LoginorSignUp' successfully.

02-04-2025T13:11:04 - [TEST_STEP][PASSED] - actualErrorMessage = TextView -  Invalid email format"), 0).trim(): Text of element 'Object Repository/Repo/android.widget.TextView -  Invalid email format' is: ' Invalid email format.
'

02-04-2025T13:11:04 - [MESSAGE][WARNING] - Timeout '0' is invalid. Using default page load timeout: '30'

02-04-2025T13:11:05 - [MESSAGE][PASSED] - Text of element 'Object Repository/Repo/android.widget.TextView -  Invalid email format' is: ' Invalid email format.
'

02-04-2025T13:11:05 - [TEST_STEP][PASSED] - expectedErrorMessage = "Invalid email format": null

02-04-2025T13:11:05 - [TEST_STEP][PASSED] - Assert.assertEquals(Error message validation failed at row $i, replaceAll("[^a-zA-Z0-9 ]", "").trim(), replaceAll("[^a-zA-Z0-9 ]", "").trim()): null

02-04-2025T13:11:05 - [TEST_STEP][PASSED] - tap(findTestObject("Object Repository/Repo/android.widget.Button - reset"), 0): Tapped on element 'Object Repository/Repo/android.widget.Button - reset'

02-04-2025T13:11:05 - [MESSAGE][WARNING] - Timeout '0' is invalid. Using default page load timeout: '30'

02-04-2025T13:11:06 - [MESSAGE][PASSED] - Tapped on element 'Object Repository/Repo/android.widget.Button - reset'

02-04-2025T13:11:06 - [TEST_STEP][PASSED] - hideKeyboard(): Keyboard is hidden

02-04-2025T13:11:10 - [MESSAGE][PASSED] - Keyboard is hidden

02-04-2025T13:11:10 - [TEST_STEP][PASSED] - invalidEmail = excelData.getValue("email-Address", i): null

02-04-2025T13:11:10 - [TEST_STEP][PASSED] - println(Testing invalid email from Excel (Row $i): $invalidEmail): null

02-04-2025T13:11:10 - [TEST_STEP][PASSED] - waitForElementPresent(findTestObject("Object Repository/Repo/android.widget.EditText-LoginorSignUp"), 20): Element 'Object Repository/Repo/android.widget.EditText-LoginorSignUp' is present

02-04-2025T13:11:11 - [MESSAGE][PASSED] - Element 'Object Repository/Repo/android.widget.EditText-LoginorSignUp' is present

02-04-2025T13:11:11 - [TEST_STEP][PASSED] - sendKeys(findTestObject("Object Repository/Repo/android.widget.EditText-LoginorSignUp"), invalidEmail): Send keys 's@com' on test object 'Object Repository/Repo/android.widget.EditText-LoginorSignUp' successfully.

02-04-2025T13:11:12 - [MESSAGE][PASSED] - Send keys 's@com' on test object 'Object Repository/Repo/android.widget.EditText-LoginorSignUp' successfully.

02-04-2025T13:11:12 - [TEST_STEP][PASSED] - actualErrorMessage = TextView -  Invalid email format"), 0).trim(): Text of element 'Object Repository/Repo/android.widget.TextView -  Invalid email format' is: ' Invalid email format.
'

02-04-2025T13:11:12 - [MESSAGE][WARNING] - Timeout '0' is invalid. Using default page load timeout: '30'

02-04-2025T13:11:14 - [MESSAGE][PASSED] - Text of element 'Object Repository/Repo/android.widget.TextView -  Invalid email format' is: ' Invalid email format.
'

02-04-2025T13:11:14 - [TEST_STEP][PASSED] - expectedErrorMessage = "Invalid email format": null

02-04-2025T13:11:14 - [TEST_STEP][PASSED] - Assert.assertEquals(Error message validation failed at row $i, replaceAll("[^a-zA-Z0-9 ]", "").trim(), replaceAll("[^a-zA-Z0-9 ]", "").trim()): null

02-04-2025T13:11:14 - [TEST_STEP][PASSED] - tap(findTestObject("Object Repository/Repo/android.widget.Button - reset"), 0): Tapped on element 'Object Repository/Repo/android.widget.Button - reset'

02-04-2025T13:11:14 - [MESSAGE][WARNING] - Timeout '0' is invalid. Using default page load timeout: '30'

02-04-2025T13:11:15 - [MESSAGE][PASSED] - Tapped on element 'Object Repository/Repo/android.widget.Button - reset'

02-04-2025T13:11:15 - [TEST_STEP][PASSED] - hideKeyboard(): Keyboard is hidden

02-04-2025T13:11:19 - [MESSAGE][PASSED] - Keyboard is hidden

02-04-2025T13:11:19 - [TEST_STEP][PASSED] - invalidEmail = excelData.getValue("email-Address", i): null

02-04-2025T13:11:19 - [TEST_STEP][PASSED] - println(Testing invalid email from Excel (Row $i): $invalidEmail): null

02-04-2025T13:11:19 - [TEST_STEP][PASSED] - waitForElementPresent(findTestObject("Object Repository/Repo/android.widget.EditText-LoginorSignUp"), 20): Element 'Object Repository/Repo/android.widget.EditText-LoginorSignUp' is present

02-04-2025T13:11:19 - [MESSAGE][PASSED] - Element 'Object Repository/Repo/android.widget.EditText-LoginorSignUp' is present

02-04-2025T13:11:19 - [TEST_STEP][PASSED] - sendKeys(findTestObject("Object Repository/Repo/android.widget.EditText-LoginorSignUp"), invalidEmail): Send keys 'vg@.1gv' on test object 'Object Repository/Repo/android.widget.EditText-LoginorSignUp' successfully.

02-04-2025T13:11:20 - [MESSAGE][PASSED] - Send keys 'vg@.1gv' on test object 'Object Repository/Repo/android.widget.EditText-LoginorSignUp' successfully.

02-04-2025T13:11:20 - [TEST_STEP][PASSED] - actualErrorMessage = TextView -  Invalid email format"), 0).trim(): Text of element 'Object Repository/Repo/android.widget.TextView -  Invalid email format' is: ' Invalid email format.
'

02-04-2025T13:11:20 - [MESSAGE][WARNING] - Timeout '0' is invalid. Using default page load timeout: '30'

02-04-2025T13:11:22 - [MESSAGE][PASSED] - Text of element 'Object Repository/Repo/android.widget.TextView -  Invalid email format' is: ' Invalid email format.
'

02-04-2025T13:11:22 - [TEST_STEP][PASSED] - expectedErrorMessage = "Invalid email format": null

02-04-2025T13:11:22 - [TEST_STEP][PASSED] - Assert.assertEquals(Error message validation failed at row $i, replaceAll("[^a-zA-Z0-9 ]", "").trim(), replaceAll("[^a-zA-Z0-9 ]", "").trim()): null

02-04-2025T13:11:22 - [TEST_STEP][PASSED] - tap(findTestObject("Object Repository/Repo/android.widget.Button - reset"), 0): Tapped on element 'Object Repository/Repo/android.widget.Button - reset'

02-04-2025T13:11:22 - [MESSAGE][WARNING] - Timeout '0' is invalid. Using default page load timeout: '30'

02-04-2025T13:11:23 - [MESSAGE][PASSED] - Tapped on element 'Object Repository/Repo/android.widget.Button - reset'

02-04-2025T13:11:23 - [TEST_STEP][PASSED] - hideKeyboard(): Keyboard is hidden

02-04-2025T13:11:27 - [MESSAGE][PASSED] - Keyboard is hidden

02-04-2025T13:11:27 - [TEST_STEP][PASSED] - invalidEmail = excelData.getValue("email-Address", i): null

02-04-2025T13:11:27 - [TEST_STEP][PASSED] - println(Testing invalid email from Excel (Row $i): $invalidEmail): null

02-04-2025T13:11:27 - [TEST_STEP][PASSED] - waitForElementPresent(findTestObject("Object Repository/Repo/android.widget.EditText-LoginorSignUp"), 20): Element 'Object Repository/Repo/android.widget.EditText-LoginorSignUp' is present

02-04-2025T13:11:27 - [MESSAGE][PASSED] - Element 'Object Repository/Repo/android.widget.EditText-LoginorSignUp' is present

02-04-2025T13:11:27 - [TEST_STEP][PASSED] - sendKeys(findTestObject("Object Repository/Repo/android.widget.EditText-LoginorSignUp"), invalidEmail): Send keys 'g@2.1' on test object 'Object Repository/Repo/android.widget.EditText-LoginorSignUp' successfully.

02-04-2025T13:11:29 - [MESSAGE][PASSED] - Send keys 'g@2.1' on test object 'Object Repository/Repo/android.widget.EditText-LoginorSignUp' successfully.

02-04-2025T13:11:29 - [TEST_STEP][PASSED] - actualErrorMessage = TextView -  Invalid email format"), 0).trim(): Text of element 'Object Repository/Repo/android.widget.TextView -  Invalid email format' is: ' Invalid email format.
'

02-04-2025T13:11:29 - [MESSAGE][WARNING] - Timeout '0' is invalid. Using default page load timeout: '30'

02-04-2025T13:11:31 - [MESSAGE][PASSED] - Text of element 'Object Repository/Repo/android.widget.TextView -  Invalid email format' is: ' Invalid email format.
'

02-04-2025T13:11:31 - [TEST_STEP][PASSED] - expectedErrorMessage = "Invalid email format": null

02-04-2025T13:11:31 - [TEST_STEP][PASSED] - Assert.assertEquals(Error message validation failed at row $i, replaceAll("[^a-zA-Z0-9 ]", "").trim(), replaceAll("[^a-zA-Z0-9 ]", "").trim()): null

02-04-2025T13:11:31 - [TEST_STEP][PASSED] - tap(findTestObject("Object Repository/Repo/android.widget.Button - reset"), 0): Tapped on element 'Object Repository/Repo/android.widget.Button - reset'

02-04-2025T13:11:31 - [MESSAGE][WARNING] - Timeout '0' is invalid. Using default page load timeout: '30'

02-04-2025T13:11:32 - [MESSAGE][PASSED] - Tapped on element 'Object Repository/Repo/android.widget.Button - reset'

02-04-2025T13:11:32 - [TEST_STEP][PASSED] - hideKeyboard(): Keyboard is hidden

02-04-2025T13:11:35 - [MESSAGE][PASSED] - Keyboard is hidden

02-04-2025T13:11:35 - [TEST_STEP][PASSED] - invalidEmail = excelData.getValue("email-Address", i): null

02-04-2025T13:11:35 - [TEST_STEP][PASSED] - println(Testing invalid email from Excel (Row $i): $invalidEmail): null

02-04-2025T13:11:35 - [TEST_STEP][PASSED] - waitForElementPresent(findTestObject("Object Repository/Repo/android.widget.EditText-LoginorSignUp"), 20): Element 'Object Repository/Repo/android.widget.EditText-LoginorSignUp' is present

02-04-2025T13:11:36 - [MESSAGE][PASSED] - Element 'Object Repository/Repo/android.widget.EditText-LoginorSignUp' is present

02-04-2025T13:11:36 - [TEST_STEP][PASSED] - sendKeys(findTestObject("Object Repository/Repo/android.widget.EditText-LoginorSignUp"), invalidEmail): Send keys 'v.com@q' on test object 'Object Repository/Repo/android.widget.EditText-LoginorSignUp' successfully.

02-04-2025T13:11:37 - [MESSAGE][PASSED] - Send keys 'v.com@q' on test object 'Object Repository/Repo/android.widget.EditText-LoginorSignUp' successfully.

02-04-2025T13:11:37 - [TEST_STEP][PASSED] - actualErrorMessage = TextView -  Invalid email format"), 0).trim(): Text of element 'Object Repository/Repo/android.widget.TextView -  Invalid email format' is: ' Invalid email format.
'

02-04-2025T13:11:37 - [MESSAGE][WARNING] - Timeout '0' is invalid. Using default page load timeout: '30'

02-04-2025T13:11:39 - [MESSAGE][PASSED] - Text of element 'Object Repository/Repo/android.widget.TextView -  Invalid email format' is: ' Invalid email format.
'

02-04-2025T13:11:39 - [TEST_STEP][PASSED] - expectedErrorMessage = "Invalid email format": null

02-04-2025T13:11:39 - [TEST_STEP][PASSED] - Assert.assertEquals(Error message validation failed at row $i, replaceAll("[^a-zA-Z0-9 ]", "").trim(), replaceAll("[^a-zA-Z0-9 ]", "").trim()): null

02-04-2025T13:11:39 - [TEST_STEP][PASSED] - tap(findTestObject("Object Repository/Repo/android.widget.Button - reset"), 0): Tapped on element 'Object Repository/Repo/android.widget.Button - reset'

02-04-2025T13:11:39 - [MESSAGE][WARNING] - Timeout '0' is invalid. Using default page load timeout: '30'

02-04-2025T13:11:39 - [MESSAGE][PASSED] - Tapped on element 'Object Repository/Repo/android.widget.Button - reset'

02-04-2025T13:11:39 - [TEST_STEP][PASSED] - hideKeyboard(): Keyboard is hidden

02-04-2025T13:11:43 - [MESSAGE][PASSED] - Keyboard is hidden

02-04-2025T13:11:43 - [TEST_STEP][PASSED] - testTeamMemberEmailError(): null

02-04-2025T13:11:43 - [TEST_STEP][PASSED] - testData = findTestData("Data Files/C678"): null

02-04-2025T13:11:44 - [TEST_STEP][PASSED] - email1 = testData.getValue("email", 1): null

02-04-2025T13:11:44 - [TEST_STEP][PASSED] - email2 = testData.getValue("email", 2): null

02-04-2025T13:11:44 - [TEST_STEP][PASSED] - sendKeys(findTestObject("Object Repository/Repo/android.widget.EditText-LoginorSignUp"), email1): Send keys 'i@p.com' on test object 'Object Repository/Repo/android.widget.EditText-LoginorSignUp' successfully.

02-04-2025T13:11:44 - [MESSAGE][PASSED] - Send keys 'i@p.com' on test object 'Object Repository/Repo/android.widget.EditText-LoginorSignUp' successfully.

02-04-2025T13:11:44 - [TEST_STEP][PASSED] - delay(10): Delayed 10 second(s)

02-04-2025T13:11:54 - [MESSAGE][PASSED] - Delayed 10 second(s)

02-04-2025T13:11:54 - [TEST_STEP][PASSED] - tap(findTestObject("Object Repository/Repo/android.widget.Button - Next"), 0): Tapped on element 'Object Repository/Repo/android.widget.Button - Next'

02-04-2025T13:11:54 - [MESSAGE][WARNING] - Timeout '0' is invalid. Using default page load timeout: '30'

02-04-2025T13:11:55 - [MESSAGE][PASSED] - Tapped on element 'Object Repository/Repo/android.widget.Button - Next'

02-04-2025T13:11:55 - [TEST_STEP][PASSED] - delay(10): Delayed 10 second(s)

02-04-2025T13:12:05 - [MESSAGE][PASSED] - Delayed 10 second(s)

02-04-2025T13:12:05 - [TEST_STEP][PASSED] - tap(findTestObject("Object Repository/Repo/android.widget.Button - reset"), 0): Tapped on element 'Object Repository/Repo/android.widget.Button - reset'

02-04-2025T13:12:05 - [MESSAGE][WARNING] - Timeout '0' is invalid. Using default page load timeout: '30'

02-04-2025T13:12:06 - [MESSAGE][PASSED] - Tapped on element 'Object Repository/Repo/android.widget.Button - reset'

02-04-2025T13:12:06 - [TEST_STEP][PASSED] - hideKeyboard(): Keyboard is hidden

02-04-2025T13:12:10 - [MESSAGE][PASSED] - Keyboard is hidden

02-04-2025T13:12:10 - [TEST_STEP][PASSED] - delay(10): Delayed 10 second(s)

02-04-2025T13:12:20 - [MESSAGE][PASSED] - Delayed 10 second(s)

02-04-2025T13:12:20 - [TEST_STEP][PASSED] - sendKeys(findTestObject("Object Repository/Repo/android.widget.EditText -"), email2): Send keys 'wg@wgresorts.com' on test object 'Object Repository/Repo/android.widget.EditText -' successfully.

02-04-2025T13:12:21 - [MESSAGE][PASSED] - Send keys 'wg@wgresorts.com' on test object 'Object Repository/Repo/android.widget.EditText -' successfully.

02-04-2025T13:12:21 - [TEST_STEP][PASSED] - delay(10): Delayed 10 second(s)

02-04-2025T13:12:31 - [MESSAGE][PASSED] - Delayed 10 second(s)

02-04-2025T13:12:31 - [TEST_STEP][PASSED] - tap(findTestObject("Object Repository/Repo/android.widget.Button - Next (1)"), 0): Tapped on element 'Object Repository/Repo/android.widget.Button - Next (1)'

02-04-2025T13:12:31 - [MESSAGE][WARNING] - Timeout '0' is invalid. Using default page load timeout: '30'

02-04-2025T13:12:31 - [MESSAGE][PASSED] - Tapped on element 'Object Repository/Repo/android.widget.Button - Next (1)'

02-04-2025T13:12:31 - [TEST_STEP][PASSED] - delay(10): Delayed 10 second(s)

02-04-2025T13:12:41 - [MESSAGE][PASSED] - Delayed 10 second(s)

02-04-2025T13:12:41 - [TEST_STEP][PASSED] - actualText = null: null

02-04-2025T13:12:41 - [TEST_STEP][PASSED] - expectedText = " The email address used is a Team Member email address.  Please select Create Team Member Account below.": null

02-04-2025T13:12:41 - [TEST_STEP][FAILED] - try: Failed to get text from element (Root cause: com.kms.katalon.core.exception.StepFailedException: Failed to get text from element
	at com.kms.katalon.core.mobile.keyword.internal.MobileKeywordMain.stepFailed(MobileKeywordMain.groovy:64)
	at com.kms.katalon.core.mobile.keyword.internal.MobileKeywordMain.runKeyword(MobileKeywordMain.groovy:34)
	at com.kms.katalon.core.mobile.keyword.builtin.GetTextKeyword.getText(GetTextKeyword.groovy:51)
	at com.kms.katalon.core.mobile.keyword.builtin.GetTextKeyword.execute(GetTextKeyword.groovy:35)
	at com.kms.katalon.core.keyword.internal.KeywordExecutor.executeKeywordForPlatform(KeywordExecutor.groovy:74)
	at com.kms.katalon.core.mobile.keyword.MobileBuiltInKeywords.getText(MobileBuiltInKeywords.groovy:1245)
	at EmailValidationTests.testTeamMemberEmailError(Script1743084213202.groovy:75)
	at EmailValidationTests.runAllTests(Script1743084213202.groovy:215)
	at C660-C681_SignUpNewUserPage.run(C660-C681_SignUpNewUserPage:227)
	at com.kms.katalon.core.main.ScriptEngine.run(ScriptEngine.java:194)
	at com.kms.katalon.core.main.ScriptEngine.runScriptAsRawText(ScriptEngine.java:119)
	at com.kms.katalon.core.main.TestCaseExecutor.runScript(TestCaseExecutor.java:448)
	at com.kms.katalon.core.main.TestCaseExecutor.doExecute(TestCaseExecutor.java:439)
	at com.kms.katalon.core.main.TestCaseExecutor.processExecutionPhase(TestCaseExecutor.java:418)
	at com.kms.katalon.core.main.TestCaseExecutor.accessMainPhase(TestCaseExecutor.java:410)
	at com.kms.katalon.core.main.TestCaseExecutor.execute(TestCaseExecutor.java:285)
	at com.kms.katalon.core.main.TestCaseExecutor.execute(TestCaseExecutor.java:369)
	at com.kms.katalon.core.main.TestCaseExecutor.execute(TestCaseExecutor.java:369)
	at com.kms.katalon.core.main.TestCaseExecutor.execute(TestCaseExecutor.java:369)
	at com.kms.katalon.core.common.CommonExecutor.accessTestCaseMainPhase(CommonExecutor.java:71)
	at com.kms.katalon.core.main.TestSuiteExecutor.accessTestSuiteMainPhase(TestSuiteExecutor.java:160)
	at com.kms.katalon.core.main.TestSuiteExecutor.execute(TestSuiteExecutor.java:107)
	at com.kms.katalon.core.main.TestCaseMain.startTestSuite(TestCaseMain.java:180)
	at TempTestSuite1743577655188.run(TempTestSuite1743577655188.groovy:35)
	at java.base/jdk.internal.reflect.NativeMethodAccessorImpl.invoke0(Native Method)
	at java.base/jdk.internal.reflect.NativeMethodAccessorImpl.invoke(NativeMethodAccessorImpl.java:77)
	at java.base/jdk.internal.reflect.DelegatingMethodAccessorImpl.invoke(DelegatingMethodAccessorImpl.java:43)
Caused by: java.lang.IllegalArgumentException: Object is null
	at com.kms.katalon.core.helper.KeywordHelper.checkTestObjectParameter(KeywordHelper.java:33)
	at com.kms.katalon.core.mobile.keyword.builtin.GetTextKeyword$_getText_closure1.doCall(GetTextKeyword.groovy:41)
	at com.kms.katalon.core.mobile.keyword.builtin.GetTextKeyword$_getText_closure1.call(GetTextKeyword.groovy)
	at com.kms.katalon.core.mobile.keyword.internal.MobileKeywordMain.runKeyword(MobileKeywordMain.groovy:30)
	at com.kms.katalon.core.mobile.keyword.builtin.GetTextKeyword.getText(GetTextKeyword.groovy:51)
	at com.kms.katalon.core.mobile.keyword.builtin.GetTextKeyword.execute(GetTextKeyword.groovy:35)
	at com.kms.katalon.core.keyword.internal.KeywordExecutor.executeKeywordForPlatform(KeywordExecutor.groovy:74)
	at com.kms.katalon.core.mobile.keyword.MobileBuiltInKeywords.getText(MobileBuiltInKeywords.groovy:1245)
	at EmailValidationTests.testTeamMemberEmailError(Script1743084213202.groovy:75)
	at EmailValidationTests.runAllTests(Script1743084213202.groovy:215)
	at Script1743084213202.run(Script1743084213202.groovy:227)
	... 18 more
)

02-04-2025T13:12:41 - [TEST_STEP][FAILED] - actualText = getText(findTestObject("Object Repository/Repo/android.widget.TextView - The email address used is a Team Member email address. Please select Create Team Member Account below"), 0): Failed to get text from element (Root cause: com.kms.katalon.core.exception.StepFailedException: Failed to get text from element
	at com.kms.katalon.core.mobile.keyword.internal.MobileKeywordMain.stepFailed(MobileKeywordMain.groovy:64)
	at com.kms.katalon.core.mobile.keyword.internal.MobileKeywordMain.runKeyword(MobileKeywordMain.groovy:34)
	at com.kms.katalon.core.mobile.keyword.builtin.GetTextKeyword.getText(GetTextKeyword.groovy:51)
	at com.kms.katalon.core.mobile.keyword.builtin.GetTextKeyword.execute(GetTextKeyword.groovy:35)
	at com.kms.katalon.core.keyword.internal.KeywordExecutor.executeKeywordForPlatform(KeywordExecutor.groovy:74)
	at com.kms.katalon.core.mobile.keyword.MobileBuiltInKeywords.getText(MobileBuiltInKeywords.groovy:1245)
	at EmailValidationTests.testTeamMemberEmailError(Script1743084213202.groovy:75)
	at EmailValidationTests.runAllTests(Script1743084213202.groovy:215)
	at C660-C681_SignUpNewUserPage.run(C660-C681_SignUpNewUserPage:227)
	at com.kms.katalon.core.main.ScriptEngine.run(ScriptEngine.java:194)
	at com.kms.katalon.core.main.ScriptEngine.runScriptAsRawText(ScriptEngine.java:119)
	at com.kms.katalon.core.main.TestCaseExecutor.runScript(TestCaseExecutor.java:448)
	at com.kms.katalon.core.main.TestCaseExecutor.doExecute(TestCaseExecutor.java:439)
	at com.kms.katalon.core.main.TestCaseExecutor.processExecutionPhase(TestCaseExecutor.java:418)
	at com.kms.katalon.core.main.TestCaseExecutor.accessMainPhase(TestCaseExecutor.java:410)
	at com.kms.katalon.core.main.TestCaseExecutor.execute(TestCaseExecutor.java:285)
	at com.kms.katalon.core.main.TestCaseExecutor.execute(TestCaseExecutor.java:369)
	at com.kms.katalon.core.main.TestCaseExecutor.execute(TestCaseExecutor.java:369)
	at com.kms.katalon.core.main.TestCaseExecutor.execute(TestCaseExecutor.java:369)
	at com.kms.katalon.core.common.CommonExecutor.accessTestCaseMainPhase(CommonExecutor.java:71)
	at com.kms.katalon.core.main.TestSuiteExecutor.accessTestSuiteMainPhase(TestSuiteExecutor.java:160)
	at com.kms.katalon.core.main.TestSuiteExecutor.execute(TestSuiteExecutor.java:107)
	at com.kms.katalon.core.main.TestCaseMain.startTestSuite(TestCaseMain.java:180)
	at TempTestSuite1743577655188.run(TempTestSuite1743577655188.groovy:35)
	at java.base/jdk.internal.reflect.NativeMethodAccessorImpl.invoke0(Native Method)
	at java.base/jdk.internal.reflect.NativeMethodAccessorImpl.invoke(NativeMethodAccessorImpl.java:77)
	at java.base/jdk.internal.reflect.DelegatingMethodAccessorImpl.invoke(DelegatingMethodAccessorImpl.java:43)
Caused by: java.lang.IllegalArgumentException: Object is null
	at com.kms.katalon.core.helper.KeywordHelper.checkTestObjectParameter(KeywordHelper.java:33)
	at com.kms.katalon.core.mobile.keyword.builtin.GetTextKeyword$_getText_closure1.doCall(GetTextKeyword.groovy:41)
	at com.kms.katalon.core.mobile.keyword.builtin.GetTextKeyword$_getText_closure1.call(GetTextKeyword.groovy)
	at com.kms.katalon.core.mobile.keyword.internal.MobileKeywordMain.runKeyword(MobileKeywordMain.groovy:30)
	at com.kms.katalon.core.mobile.keyword.builtin.GetTextKeyword.getText(GetTextKeyword.groovy:51)
	at com.kms.katalon.core.mobile.keyword.builtin.GetTextKeyword.execute(GetTextKeyword.groovy:35)
	at com.kms.katalon.core.keyword.internal.KeywordExecutor.executeKeywordForPlatform(KeywordExecutor.groovy:74)
	at com.kms.katalon.core.mobile.keyword.MobileBuiltInKeywords.getText(MobileBuiltInKeywords.groovy:1245)
	at EmailValidationTests.testTeamMemberEmailError(Script1743084213202.groovy:75)
	at EmailValidationTests.runAllTests(Script1743084213202.groovy:215)
	at Script1743084213202.run(Script1743084213202.groovy:227)
	... 18 more
)

02-04-2025T13:12:41 - [MESSAGE][WARNING] - Test object with id 'Object Repository/Repo/android.widget.TextView - The email address used is a Team Member email address. Please select Create Team Member Account below' does not exist

02-04-2025T13:12:41 - [MESSAGE][WARNING] - Test object with id 'Object Repository/' does not exist

02-04-2025T13:12:43 - [MESSAGE][FAILED] - Failed to get text from element (Root cause: com.kms.katalon.core.exception.StepFailedException: Failed to get text from element
	at com.kms.katalon.core.mobile.keyword.internal.MobileKeywordMain.stepFailed(MobileKeywordMain.groovy:64)
	at com.kms.katalon.core.mobile.keyword.internal.MobileKeywordMain.runKeyword(MobileKeywordMain.groovy:34)
	at com.kms.katalon.core.mobile.keyword.builtin.GetTextKeyword.getText(GetTextKeyword.groovy:51)
	at com.kms.katalon.core.mobile.keyword.builtin.GetTextKeyword.execute(GetTextKeyword.groovy:35)
	at com.kms.katalon.core.keyword.internal.KeywordExecutor.executeKeywordForPlatform(KeywordExecutor.groovy:74)
	at com.kms.katalon.core.mobile.keyword.MobileBuiltInKeywords.getText(MobileBuiltInKeywords.groovy:1245)
	at EmailValidationTests.testTeamMemberEmailError(Script1743084213202.groovy:75)
	at EmailValidationTests.runAllTests(Script1743084213202.groovy:215)
	at C660-C681_SignUpNewUserPage.run(C660-C681_SignUpNewUserPage:227)
	at com.kms.katalon.core.main.ScriptEngine.run(ScriptEngine.java:194)
	at com.kms.katalon.core.main.ScriptEngine.runScriptAsRawText(ScriptEngine.java:119)
	at com.kms.katalon.core.main.TestCaseExecutor.runScript(TestCaseExecutor.java:448)
	at com.kms.katalon.core.main.TestCaseExecutor.doExecute(TestCaseExecutor.java:439)
	at com.kms.katalon.core.main.TestCaseExecutor.processExecutionPhase(TestCaseExecutor.java:418)
	at com.kms.katalon.core.main.TestCaseExecutor.accessMainPhase(TestCaseExecutor.java:410)
	at com.kms.katalon.core.main.TestCaseExecutor.execute(TestCaseExecutor.java:285)
	at com.kms.katalon.core.main.TestCaseExecutor.execute(TestCaseExecutor.java:369)
	at com.kms.katalon.core.main.TestCaseExecutor.execute(TestCaseExecutor.java:369)
	at com.kms.katalon.core.main.TestCaseExecutor.execute(TestCaseExecutor.java:369)
	at com.kms.katalon.core.common.CommonExecutor.accessTestCaseMainPhase(CommonExecutor.java:71)
	at com.kms.katalon.core.main.TestSuiteExecutor.accessTestSuiteMainPhase(TestSuiteExecutor.java:160)
	at com.kms.katalon.core.main.TestSuiteExecutor.execute(TestSuiteExecutor.java:107)
	at com.kms.katalon.core.main.TestCaseMain.startTestSuite(TestCaseMain.java:180)
	at TempTestSuite1743577655188.run(TempTestSuite1743577655188.groovy:35)
	at java.base/jdk.internal.reflect.NativeMethodAccessorImpl.invoke0(Native Method)
	at java.base/jdk.internal.reflect.NativeMethodAccessorImpl.invoke(NativeMethodAccessorImpl.java:77)
	at java.base/jdk.internal.reflect.DelegatingMethodAccessorImpl.invoke(DelegatingMethodAccessorImpl.java:43)
Caused by: java.lang.IllegalArgumentException: Object is null
	at com.kms.katalon.core.helper.KeywordHelper.checkTestObjectParameter(KeywordHelper.java:33)
	at com.kms.katalon.core.mobile.keyword.builtin.GetTextKeyword$_getText_closure1.doCall(GetTextKeyword.groovy:41)
	at com.kms.katalon.core.mobile.keyword.builtin.GetTextKeyword$_getText_closure1.call(GetTextKeyword.groovy)
	at com.kms.katalon.core.mobile.keyword.internal.MobileKeywordMain.runKeyword(MobileKeywordMain.groovy:30)
	at com.kms.katalon.core.mobile.keyword.builtin.GetTextKeyword.getText(GetTextKeyword.groovy:51)
	at com.kms.katalon.core.mobile.keyword.builtin.GetTextKeyword.execute(GetTextKeyword.groovy:35)
	at com.kms.katalon.core.keyword.internal.KeywordExecutor.executeKeywordForPlatform(KeywordExecutor.groovy:74)
	at com.kms.katalon.core.mobile.keyword.MobileBuiltInKeywords.getText(MobileBuiltInKeywords.groovy:1245)
	at EmailValidationTests.testTeamMemberEmailError(Script1743084213202.groovy:75)
	at EmailValidationTests.runAllTests(Script1743084213202.groovy:215)
	at Script1743084213202.run(Script1743084213202.groovy:227)
	... 18 more
)
[[ATTACHMENT|/Users/gv.vignesh/Downloads/WGR-Android-Automation/Reports/20250402_123735/WRMA Android Regression/20250402_123735/1743579761747.png]]

02-04-2025T13:12:43 - [TEST_STEP][PASSED] - catch (Exception e): Object not found or text not available. Skipping check.

02-04-2025T13:12:43 - [TEST_STEP][PASSED] - markWarning("Object not found or text not available. Skipping check."): Object not found or text not available. Skipping check.

02-04-2025T13:12:43 - [MESSAGE][WARNING] - Object not found or text not available. Skipping check.

02-04-2025T13:12:43 - [TEST_STEP][PASSED] - if (actualText != null && actualText.contains(expectedText)): null

02-04-2025T13:12:43 - [TEST_STEP][PASSED] - tap(findTestObject("Object Repository/Repo/android.widget.Button - reset"), 0): Tapped on element 'Object Repository/Repo/android.widget.Button - reset'

02-04-2025T13:12:43 - [MESSAGE][WARNING] - Timeout '0' is invalid. Using default page load timeout: '30'

02-04-2025T13:12:44 - [MESSAGE][PASSED] - Tapped on element 'Object Repository/Repo/android.widget.Button - reset'

02-04-2025T13:12:44 - [TEST_STEP][PASSED] - hideKeyboard(): null

02-04-2025T13:12:48 - [MESSAGE][PASSED] - Keyboard is hidden

02-04-2025T13:12:48 - [TEST_STEP][PASSED] - testEmailAddressMismatch(): null

02-04-2025T13:12:48 - [TEST_STEP][PASSED] - testData = findTestData("Data Files/C679"): null

02-04-2025T13:12:48 - [TEST_STEP][PASSED] - email1 = testData.getValue("email", 1): null

02-04-2025T13:12:48 - [TEST_STEP][PASSED] - email2 = testData.getValue("email", 2): null

02-04-2025T13:12:48 - [TEST_STEP][PASSED] - sendKeys(findTestObject("Object Repository/Repo/android.widget.EditText-LoginorSignUp"), email1): Send keys 'vignesh@chn.com' on test object 'Object Repository/Repo/android.widget.EditText-LoginorSignUp' successfully.

02-04-2025T13:12:49 - [MESSAGE][PASSED] - Send keys 'vignesh@chn.com' on test object 'Object Repository/Repo/android.widget.EditText-LoginorSignUp' successfully.

02-04-2025T13:12:49 - [TEST_STEP][PASSED] - delay(10): Delayed 10 second(s)

02-04-2025T13:12:59 - [MESSAGE][PASSED] - Delayed 10 second(s)

02-04-2025T13:12:59 - [TEST_STEP][PASSED] - tap(findTestObject("Object Repository/Repo/android.widget.Button - Next"), 0): Tapped on element 'Object Repository/Repo/android.widget.Button - Next'

02-04-2025T13:12:59 - [MESSAGE][WARNING] - Timeout '0' is invalid. Using default page load timeout: '30'

02-04-2025T13:13:00 - [MESSAGE][PASSED] - Tapped on element 'Object Repository/Repo/android.widget.Button - Next'

02-04-2025T13:13:00 - [TEST_STEP][PASSED] - delay(20): Delayed 20 second(s)

02-04-2025T13:13:20 - [MESSAGE][PASSED] - Delayed 20 second(s)

02-04-2025T13:13:20 - [TEST_STEP][PASSED] - sendKeys(findTestObject("Object Repository/Repo/android.widget.EditText-confirm email address"), email2): Send keys 'Vignesh@c.com' on test object 'Object Repository/Repo/android.widget.EditText-confirm email address' successfully.

02-04-2025T13:13:21 - [MESSAGE][PASSED] - Send keys 'Vignesh@c.com' on test object 'Object Repository/Repo/android.widget.EditText-confirm email address' successfully.

02-04-2025T13:13:21 - [TEST_STEP][PASSED] - delay(10): Delayed 10 second(s)

02-04-2025T13:13:31 - [MESSAGE][PASSED] - Delayed 10 second(s)

02-04-2025T13:13:31 - [TEST_STEP][PASSED] - actualText = TextView -  Email addresses must match"), 0).trim(): Text of element 'Object Repository/Repo/android.widget.TextView -  Email addresses must match' is: ' Email addresses must match.
'

02-04-2025T13:13:31 - [MESSAGE][WARNING] - Timeout '0' is invalid. Using default page load timeout: '30'

02-04-2025T13:13:31 - [MESSAGE][PASSED] - Text of element 'Object Repository/Repo/android.widget.TextView -  Email addresses must match' is: ' Email addresses must match.
'

02-04-2025T13:13:31 - [TEST_STEP][PASSED] - expectedText = "Email addresses must match.": null

02-04-2025T13:13:31 - [TEST_STEP][PASSED] - assert actualText == expectedText: null

02-04-2025T13:13:31 - [TEST_STEP][PASSED] - tap(findTestObject("Object Repository/Repo/android.widget.Button - reset"), 0): Tapped on element 'Object Repository/Repo/android.widget.Button - reset'

02-04-2025T13:13:31 - [MESSAGE][WARNING] - Timeout '0' is invalid. Using default page load timeout: '30'

02-04-2025T13:13:32 - [MESSAGE][PASSED] - Tapped on element 'Object Repository/Repo/android.widget.Button - reset'

02-04-2025T13:13:32 - [TEST_STEP][PASSED] - hideKeyboard(): null

02-04-2025T13:13:36 - [MESSAGE][PASSED] - Keyboard is hidden

02-04-2025T13:13:36 - [TEST_STEP][PASSED] - testAlreadyUsedEmailAddress(): null

02-04-2025T13:13:36 - [TEST_STEP][PASSED] - excelData = findTestData("Data Files/C680"): null

02-04-2025T13:13:36 - [TEST_STEP][PASSED] - email1 = excelData.getValue("email", 1): null

02-04-2025T13:13:36 - [TEST_STEP][PASSED] - email2 = excelData.getValue("email", 2): null

02-04-2025T13:13:36 - [TEST_STEP][PASSED] - sendKeys(findTestObject("Object Repository/Repo/android.widget.EditText-LoginorSignUp"), email1): Send keys 'm@i.com' on test object 'Object Repository/Repo/android.widget.EditText-LoginorSignUp' successfully.

02-04-2025T13:13:37 - [MESSAGE][PASSED] - Send keys 'm@i.com' on test object 'Object Repository/Repo/android.widget.EditText-LoginorSignUp' successfully.

02-04-2025T13:13:37 - [TEST_STEP][PASSED] - delay(10): Delayed 10 second(s)

02-04-2025T13:13:47 - [MESSAGE][PASSED] - Delayed 10 second(s)

02-04-2025T13:13:47 - [TEST_STEP][PASSED] - tap(findTestObject("Object Repository/Repo/android.widget.Button - Next"), 0): Tapped on element 'Object Repository/Repo/android.widget.Button - Next'

02-04-2025T13:13:47 - [MESSAGE][WARNING] - Timeout '0' is invalid. Using default page load timeout: '30'

02-04-2025T13:13:47 - [MESSAGE][PASSED] - Tapped on element 'Object Repository/Repo/android.widget.Button - Next'

02-04-2025T13:13:47 - [TEST_STEP][PASSED] - delay(10): Delayed 10 second(s)

02-04-2025T13:13:57 - [MESSAGE][PASSED] - Delayed 10 second(s)

02-04-2025T13:13:57 - [TEST_STEP][PASSED] - tap(findTestObject("Object Repository/Repo/android.widget.Button - reset"), 0): Tapped on element 'Object Repository/Repo/android.widget.Button - reset'

02-04-2025T13:13:57 - [MESSAGE][WARNING] - Timeout '0' is invalid. Using default page load timeout: '30'

02-04-2025T13:13:58 - [MESSAGE][PASSED] - Tapped on element 'Object Repository/Repo/android.widget.Button - reset'

02-04-2025T13:13:58 - [TEST_STEP][PASSED] - hideKeyboard(): Keyboard is hidden

02-04-2025T13:14:02 - [MESSAGE][PASSED] - Keyboard is hidden

02-04-2025T13:14:02 - [TEST_STEP][PASSED] - delay(20): Delayed 20 second(s)

02-04-2025T13:14:22 - [MESSAGE][PASSED] - Delayed 20 second(s)

02-04-2025T13:14:22 - [TEST_STEP][PASSED] - sendKeys(findTestObject("Object Repository/Repo/android.widget.EditText -"), email2): Send keys '03205179TM@WG.COM' on test object 'Object Repository/Repo/android.widget.EditText -' successfully.

02-04-2025T13:14:23 - [MESSAGE][PASSED] - Send keys '03205179TM@WG.COM' on test object 'Object Repository/Repo/android.widget.EditText -' successfully.

02-04-2025T13:14:23 - [TEST_STEP][PASSED] - delay(20): Delayed 20 second(s)

02-04-2025T13:14:43 - [MESSAGE][PASSED] - Delayed 20 second(s)

02-04-2025T13:14:43 - [TEST_STEP][PASSED] - tap(findTestObject("Object Repository/Repo/android.widget.EditText-confirm email address"), 0): Tapped on element 'Object Repository/Repo/android.widget.EditText-confirm email address'

02-04-2025T13:14:43 - [MESSAGE][WARNING] - Timeout '0' is invalid. Using default page load timeout: '30'

02-04-2025T13:14:43 - [MESSAGE][PASSED] - Tapped on element 'Object Repository/Repo/android.widget.EditText-confirm email address'

02-04-2025T13:14:43 - [TEST_STEP][PASSED] - hideKeyboard(): Keyboard is hidden

02-04-2025T13:14:47 - [MESSAGE][PASSED] - Keyboard is hidden

02-04-2025T13:14:47 - [TEST_STEP][PASSED] - delay(10): Delayed 10 second(s)

02-04-2025T13:14:57 - [MESSAGE][PASSED] - Delayed 10 second(s)

02-04-2025T13:14:57 - [TEST_STEP][PASSED] - actualText = getText(findTestObject("Object Repository/Repo/android.widget.TextView -  The email address is already in use"), 0): Text of element 'Object Repository/Repo/android.widget.TextView -  The email address is already in use' is: ''

02-04-2025T13:14:57 - [MESSAGE][WARNING] - Timeout '0' is invalid. Using default page load timeout: '30'

02-04-2025T13:14:58 - [MESSAGE][PASSED] - Text of element 'Object Repository/Repo/android.widget.TextView -  The email address is already in use' is: ''

02-04-2025T13:14:58 - [TEST_STEP][PASSED] - expectedText = " The email address is already in use.": null

02-04-2025T13:14:58 - [TEST_STEP][PASSED] - tap(findTestObject("Object Repository/Repo/android.widget.Button - reset"), 0): Tapped on element 'Object Repository/Repo/android.widget.Button - reset'

02-04-2025T13:14:58 - [MESSAGE][WARNING] - Timeout '0' is invalid. Using default page load timeout: '30'

02-04-2025T13:14:58 - [MESSAGE][PASSED] - Tapped on element 'Object Repository/Repo/android.widget.Button - reset'

02-04-2025T13:14:58 - [TEST_STEP][PASSED] - hideKeyboard(): null

02-04-2025T13:15:02 - [MESSAGE][PASSED] - Keyboard is hidden

02-04-2025T13:15:02 - [TEST_STEP][PASSED] - testCopyPasteEmailFunctionality(): null

02-04-2025T13:15:02 - [TEST_STEP][PASSED] - testData = findTestData("Data Files/C681"): null

02-04-2025T13:15:02 - [TEST_STEP][PASSED] - email1 = testData.getValue("email", 1): null

02-04-2025T13:15:02 - [TEST_STEP][PASSED] - sendKeys(findTestObject("Object Repository/Repo/android.widget.EditText-LoginorSignUp"), email1): Send keys 'b@k.com' on test object 'Object Repository/Repo/android.widget.EditText-LoginorSignUp' successfully.

02-04-2025T13:15:03 - [MESSAGE][PASSED] - Send keys 'b@k.com' on test object 'Object Repository/Repo/android.widget.EditText-LoginorSignUp' successfully.

02-04-2025T13:15:03 - [TEST_STEP][PASSED] - delay(10): Delayed 10 second(s)

02-04-2025T13:15:13 - [MESSAGE][PASSED] - Delayed 10 second(s)

02-04-2025T13:15:13 - [TEST_STEP][PASSED] - tap(findTestObject("Object Repository/Repo/android.widget.Button - Next (1)"), 0): Tapped on element 'Object Repository/Repo/android.widget.Button - Next (1)'

02-04-2025T13:15:13 - [MESSAGE][WARNING] - Timeout '0' is invalid. Using default page load timeout: '30'

02-04-2025T13:15:13 - [MESSAGE][PASSED] - Tapped on element 'Object Repository/Repo/android.widget.Button - Next (1)'

02-04-2025T13:15:13 - [TEST_STEP][PASSED] - delay(10): Delayed 10 second(s)

02-04-2025T13:15:23 - [MESSAGE][PASSED] - Delayed 10 second(s)

02-04-2025T13:15:23 - [TEST_STEP][FAILED] - try: Failed to wait for element ''{0}'' present (Root cause: com.kms.katalon.core.exception.StepFailedException: Failed to wait for element ''{0}'' present
	at com.kms.katalon.core.mobile.keyword.internal.MobileKeywordMain.stepFailed(MobileKeywordMain.groovy:64)
	at com.kms.katalon.core.mobile.keyword.internal.MobileKeywordMain.runKeyword(MobileKeywordMain.groovy:34)
	at com.kms.katalon.core.mobile.keyword.builtin.WaitForElementPresentKeyword.waitForElementPresent(WaitForElementPresentKeyword.groovy:77)
	at com.kms.katalon.core.mobile.keyword.builtin.WaitForElementPresentKeyword.execute(WaitForElementPresentKeyword.groovy:61)
	at com.kms.katalon.core.keyword.internal.KeywordExecutor.executeKeywordForPlatform(KeywordExecutor.groovy:74)
	at com.kms.katalon.core.mobile.keyword.MobileBuiltInKeywords.waitForElementPresent(MobileBuiltInKeywords.groovy:1660)
	at EmailValidationTests.testCopyPasteEmailFunctionality(Script1743084213202.groovy:150)
	at EmailValidationTests.runAllTests(Script1743084213202.groovy:218)
	at C660-C681_SignUpNewUserPage.run(C660-C681_SignUpNewUserPage:227)
	at com.kms.katalon.core.main.ScriptEngine.run(ScriptEngine.java:194)
	at com.kms.katalon.core.main.ScriptEngine.runScriptAsRawText(ScriptEngine.java:119)
	at com.kms.katalon.core.main.TestCaseExecutor.runScript(TestCaseExecutor.java:448)
	at com.kms.katalon.core.main.TestCaseExecutor.doExecute(TestCaseExecutor.java:439)
	at com.kms.katalon.core.main.TestCaseExecutor.processExecutionPhase(TestCaseExecutor.java:418)
	at com.kms.katalon.core.main.TestCaseExecutor.accessMainPhase(TestCaseExecutor.java:410)
	at com.kms.katalon.core.main.TestCaseExecutor.execute(TestCaseExecutor.java:285)
	at com.kms.katalon.core.main.TestCaseExecutor.execute(TestCaseExecutor.java:369)
	at com.kms.katalon.core.main.TestCaseExecutor.execute(TestCaseExecutor.java:369)
	at com.kms.katalon.core.main.TestCaseExecutor.execute(TestCaseExecutor.java:369)
	at com.kms.katalon.core.common.CommonExecutor.accessTestCaseMainPhase(CommonExecutor.java:71)
	at com.kms.katalon.core.main.TestSuiteExecutor.accessTestSuiteMainPhase(TestSuiteExecutor.java:160)
	at com.kms.katalon.core.main.TestSuiteExecutor.execute(TestSuiteExecutor.java:107)
	at com.kms.katalon.core.main.TestCaseMain.startTestSuite(TestCaseMain.java:180)
	at TempTestSuite1743577655188.run(TempTestSuite1743577655188.groovy:35)
	at java.base/jdk.internal.reflect.NativeMethodAccessorImpl.invoke0(Native Method)
	at java.base/jdk.internal.reflect.NativeMethodAccessorImpl.invoke(NativeMethodAccessorImpl.java:77)
	at java.base/jdk.internal.reflect.DelegatingMethodAccessorImpl.invoke(DelegatingMethodAccessorImpl.java:43)
Caused by: java.lang.IllegalArgumentException: Object is null
	at com.kms.katalon.core.helper.KeywordHelper.checkTestObjectParameter(KeywordHelper.java:33)
	at com.kms.katalon.core.mobile.keyword.builtin.WaitForElementPresentKeyword$_waitForElementPresent_closure1.doCall(WaitForElementPresentKeyword.groovy:67)
	at com.kms.katalon.core.mobile.keyword.builtin.WaitForElementPresentKeyword$_waitForElementPresent_closure1.call(WaitForElementPresentKeyword.groovy)
	at com.kms.katalon.core.mobile.keyword.internal.MobileKeywordMain.runKeyword(MobileKeywordMain.groovy:30)
	at com.kms.katalon.core.mobile.keyword.builtin.WaitForElementPresentKeyword.waitForElementPresent(WaitForElementPresentKeyword.groovy:77)
	at com.kms.katalon.core.mobile.keyword.builtin.WaitForElementPresentKeyword.execute(WaitForElementPresentKeyword.groovy:61)
	at com.kms.katalon.core.keyword.internal.KeywordExecutor.executeKeywordForPlatform(KeywordExecutor.groovy:74)
	at com.kms.katalon.core.mobile.keyword.MobileBuiltInKeywords.waitForElementPresent(MobileBuiltInKeywords.groovy:1660)
	at EmailValidationTests.testCopyPasteEmailFunctionality(Script1743084213202.groovy:150)
	at EmailValidationTests.runAllTests(Script1743084213202.groovy:218)
	at Script1743084213202.run(Script1743084213202.groovy:227)
	... 18 more
)

02-04-2025T13:15:23 - [TEST_STEP][PASSED] - tap(findTestObject("Object Repository/Repo/android.widget.EditText-LoginorSignUp"), 0): Tapped on element 'Object Repository/Repo/android.widget.EditText-LoginorSignUp'

02-04-2025T13:15:23 - [MESSAGE][WARNING] - Timeout '0' is invalid. Using default page load timeout: '30'

02-04-2025T13:15:24 - [MESSAGE][PASSED] - Tapped on element 'Object Repository/Repo/android.widget.EditText-LoginorSignUp'

02-04-2025T13:15:24 - [TEST_STEP][PASSED] - tapAndHold(findTestObject("Object Repository/Repo/android.widget.EditText-LoginorSignUp"), 2, 0): Tapped and held on element 'Object Repository/Repo/android.widget.EditText-LoginorSignUp' with duration 2

02-04-2025T13:15:24 - [MESSAGE][WARNING] - Timeout '0' is invalid. Using default page load timeout: '30'

02-04-2025T13:15:27 - [MESSAGE][PASSED] - Tapped and held on element 'Object Repository/Repo/android.widget.EditText-LoginorSignUp' with duration 2

02-04-2025T13:15:27 - [TEST_STEP][PASSED] - delay(2): Delayed 2 second(s)

02-04-2025T13:15:30 - [MESSAGE][PASSED] - Delayed 2 second(s)

02-04-2025T13:15:30 - [TEST_STEP][FAILED] - if (waitForElementPresent(findTestObject("Object Repository/Repo/android.widget.TextView - Copy"), 3)): Failed to wait for element ''{0}'' present (Root cause: com.kms.katalon.core.exception.StepFailedException: Failed to wait for element ''{0}'' present
	at com.kms.katalon.core.mobile.keyword.internal.MobileKeywordMain.stepFailed(MobileKeywordMain.groovy:64)
	at com.kms.katalon.core.mobile.keyword.internal.MobileKeywordMain.runKeyword(MobileKeywordMain.groovy:34)
	at com.kms.katalon.core.mobile.keyword.builtin.WaitForElementPresentKeyword.waitForElementPresent(WaitForElementPresentKeyword.groovy:77)
	at com.kms.katalon.core.mobile.keyword.builtin.WaitForElementPresentKeyword.execute(WaitForElementPresentKeyword.groovy:61)
	at com.kms.katalon.core.keyword.internal.KeywordExecutor.executeKeywordForPlatform(KeywordExecutor.groovy:74)
	at com.kms.katalon.core.mobile.keyword.MobileBuiltInKeywords.waitForElementPresent(MobileBuiltInKeywords.groovy:1660)
	at EmailValidationTests.testCopyPasteEmailFunctionality(Script1743084213202.groovy:150)
	at EmailValidationTests.runAllTests(Script1743084213202.groovy:218)
	at C660-C681_SignUpNewUserPage.run(C660-C681_SignUpNewUserPage:227)
	at com.kms.katalon.core.main.ScriptEngine.run(ScriptEngine.java:194)
	at com.kms.katalon.core.main.ScriptEngine.runScriptAsRawText(ScriptEngine.java:119)
	at com.kms.katalon.core.main.TestCaseExecutor.runScript(TestCaseExecutor.java:448)
	at com.kms.katalon.core.main.TestCaseExecutor.doExecute(TestCaseExecutor.java:439)
	at com.kms.katalon.core.main.TestCaseExecutor.processExecutionPhase(TestCaseExecutor.java:418)
	at com.kms.katalon.core.main.TestCaseExecutor.accessMainPhase(TestCaseExecutor.java:410)
	at com.kms.katalon.core.main.TestCaseExecutor.execute(TestCaseExecutor.java:285)
	at com.kms.katalon.core.main.TestCaseExecutor.execute(TestCaseExecutor.java:369)
	at com.kms.katalon.core.main.TestCaseExecutor.execute(TestCaseExecutor.java:369)
	at com.kms.katalon.core.main.TestCaseExecutor.execute(TestCaseExecutor.java:369)
	at com.kms.katalon.core.common.CommonExecutor.accessTestCaseMainPhase(CommonExecutor.java:71)
	at com.kms.katalon.core.main.TestSuiteExecutor.accessTestSuiteMainPhase(TestSuiteExecutor.java:160)
	at com.kms.katalon.core.main.TestSuiteExecutor.execute(TestSuiteExecutor.java:107)
	at com.kms.katalon.core.main.TestCaseMain.startTestSuite(TestCaseMain.java:180)
	at TempTestSuite1743577655188.run(TempTestSuite1743577655188.groovy:35)
	at java.base/jdk.internal.reflect.NativeMethodAccessorImpl.invoke0(Native Method)
	at java.base/jdk.internal.reflect.NativeMethodAccessorImpl.invoke(NativeMethodAccessorImpl.java:77)
	at java.base/jdk.internal.reflect.DelegatingMethodAccessorImpl.invoke(DelegatingMethodAccessorImpl.java:43)
Caused by: java.lang.IllegalArgumentException: Object is null
	at com.kms.katalon.core.helper.KeywordHelper.checkTestObjectParameter(KeywordHelper.java:33)
	at com.kms.katalon.core.mobile.keyword.builtin.WaitForElementPresentKeyword$_waitForElementPresent_closure1.doCall(WaitForElementPresentKeyword.groovy:67)
	at com.kms.katalon.core.mobile.keyword.builtin.WaitForElementPresentKeyword$_waitForElementPresent_closure1.call(WaitForElementPresentKeyword.groovy)
	at com.kms.katalon.core.mobile.keyword.internal.MobileKeywordMain.runKeyword(MobileKeywordMain.groovy:30)
	at com.kms.katalon.core.mobile.keyword.builtin.WaitForElementPresentKeyword.waitForElementPresent(WaitForElementPresentKeyword.groovy:77)
	at com.kms.katalon.core.mobile.keyword.builtin.WaitForElementPresentKeyword.execute(WaitForElementPresentKeyword.groovy:61)
	at com.kms.katalon.core.keyword.internal.KeywordExecutor.executeKeywordForPlatform(KeywordExecutor.groovy:74)
	at com.kms.katalon.core.mobile.keyword.MobileBuiltInKeywords.waitForElementPresent(MobileBuiltInKeywords.groovy:1660)
	at EmailValidationTests.testCopyPasteEmailFunctionality(Script1743084213202.groovy:150)
	at EmailValidationTests.runAllTests(Script1743084213202.groovy:218)
	at Script1743084213202.run(Script1743084213202.groovy:227)
	... 18 more
)

02-04-2025T13:15:30 - [MESSAGE][WARNING] - Test object with id 'Object Repository/Repo/android.widget.TextView - Copy' does not exist

02-04-2025T13:15:30 - [MESSAGE][WARNING] - Test object with id 'Object Repository/' does not exist

02-04-2025T13:15:31 - [MESSAGE][FAILED] - Failed to wait for element ''{0}'' present (Root cause: com.kms.katalon.core.exception.StepFailedException: Failed to wait for element ''{0}'' present
	at com.kms.katalon.core.mobile.keyword.internal.MobileKeywordMain.stepFailed(MobileKeywordMain.groovy:64)
	at com.kms.katalon.core.mobile.keyword.internal.MobileKeywordMain.runKeyword(MobileKeywordMain.groovy:34)
	at com.kms.katalon.core.mobile.keyword.builtin.WaitForElementPresentKeyword.waitForElementPresent(WaitForElementPresentKeyword.groovy:77)
	at com.kms.katalon.core.mobile.keyword.builtin.WaitForElementPresentKeyword.execute(WaitForElementPresentKeyword.groovy:61)
	at com.kms.katalon.core.keyword.internal.KeywordExecutor.executeKeywordForPlatform(KeywordExecutor.groovy:74)
	at com.kms.katalon.core.mobile.keyword.MobileBuiltInKeywords.waitForElementPresent(MobileBuiltInKeywords.groovy:1660)
	at EmailValidationTests.testCopyPasteEmailFunctionality(Script1743084213202.groovy:150)
	at EmailValidationTests.runAllTests(Script1743084213202.groovy:218)
	at C660-C681_SignUpNewUserPage.run(C660-C681_SignUpNewUserPage:227)
	at com.kms.katalon.core.main.ScriptEngine.run(ScriptEngine.java:194)
	at com.kms.katalon.core.main.ScriptEngine.runScriptAsRawText(ScriptEngine.java:119)
	at com.kms.katalon.core.main.TestCaseExecutor.runScript(TestCaseExecutor.java:448)
	at com.kms.katalon.core.main.TestCaseExecutor.doExecute(TestCaseExecutor.java:439)
	at com.kms.katalon.core.main.TestCaseExecutor.processExecutionPhase(TestCaseExecutor.java:418)
	at com.kms.katalon.core.main.TestCaseExecutor.accessMainPhase(TestCaseExecutor.java:410)
	at com.kms.katalon.core.main.TestCaseExecutor.execute(TestCaseExecutor.java:285)
	at com.kms.katalon.core.main.TestCaseExecutor.execute(TestCaseExecutor.java:369)
	at com.kms.katalon.core.main.TestCaseExecutor.execute(TestCaseExecutor.java:369)
	at com.kms.katalon.core.main.TestCaseExecutor.execute(TestCaseExecutor.java:369)
	at com.kms.katalon.core.common.CommonExecutor.accessTestCaseMainPhase(CommonExecutor.java:71)
	at com.kms.katalon.core.main.TestSuiteExecutor.accessTestSuiteMainPhase(TestSuiteExecutor.java:160)
	at com.kms.katalon.core.main.TestSuiteExecutor.execute(TestSuiteExecutor.java:107)
	at com.kms.katalon.core.main.TestCaseMain.startTestSuite(TestCaseMain.java:180)
	at TempTestSuite1743577655188.run(TempTestSuite1743577655188.groovy:35)
	at java.base/jdk.internal.reflect.NativeMethodAccessorImpl.invoke0(Native Method)
	at java.base/jdk.internal.reflect.NativeMethodAccessorImpl.invoke(NativeMethodAccessorImpl.java:77)
	at java.base/jdk.internal.reflect.DelegatingMethodAccessorImpl.invoke(DelegatingMethodAccessorImpl.java:43)
Caused by: java.lang.IllegalArgumentException: Object is null
	at com.kms.katalon.core.helper.KeywordHelper.checkTestObjectParameter(KeywordHelper.java:33)
	at com.kms.katalon.core.mobile.keyword.builtin.WaitForElementPresentKeyword$_waitForElementPresent_closure1.doCall(WaitForElementPresentKeyword.groovy:67)
	at com.kms.katalon.core.mobile.keyword.builtin.WaitForElementPresentKeyword$_waitForElementPresent_closure1.call(WaitForElementPresentKeyword.groovy)
	at com.kms.katalon.core.mobile.keyword.internal.MobileKeywordMain.runKeyword(MobileKeywordMain.groovy:30)
	at com.kms.katalon.core.mobile.keyword.builtin.WaitForElementPresentKeyword.waitForElementPresent(WaitForElementPresentKeyword.groovy:77)
	at com.kms.katalon.core.mobile.keyword.builtin.WaitForElementPresentKeyword.execute(WaitForElementPresentKeyword.groovy:61)
	at com.kms.katalon.core.keyword.internal.KeywordExecutor.executeKeywordForPlatform(KeywordExecutor.groovy:74)
	at com.kms.katalon.core.mobile.keyword.MobileBuiltInKeywords.waitForElementPresent(MobileBuiltInKeywords.groovy:1660)
	at EmailValidationTests.testCopyPasteEmailFunctionality(Script1743084213202.groovy:150)
	at EmailValidationTests.runAllTests(Script1743084213202.groovy:218)
	at Script1743084213202.run(Script1743084213202.groovy:227)
	... 18 more
)
[[ATTACHMENT|/Users/gv.vignesh/Downloads/WGR-Android-Automation/Reports/20250402_123735/WRMA Android Regression/20250402_123735/1743579930005.png]]

02-04-2025T13:15:31 - [TEST_STEP][PASSED] - catch (com.kms.katalon.core.exception.StepFailedException e): null

02-04-2025T13:15:31 - [TEST_STEP][PASSED] - println("⚠️ Error occurred during copy: " + e.getMessage()): null

02-04-2025T13:15:31 - [TEST_STEP][FAILED] - try: Failed to wait for element ''{0}'' present (Root cause: com.kms.katalon.core.exception.StepFailedException: Failed to wait for element ''{0}'' present
	at com.kms.katalon.core.mobile.keyword.internal.MobileKeywordMain.stepFailed(MobileKeywordMain.groovy:64)
	at com.kms.katalon.core.mobile.keyword.internal.MobileKeywordMain.runKeyword(MobileKeywordMain.groovy:34)
	at com.kms.katalon.core.mobile.keyword.builtin.WaitForElementPresentKeyword.waitForElementPresent(WaitForElementPresentKeyword.groovy:77)
	at com.kms.katalon.core.mobile.keyword.builtin.WaitForElementPresentKeyword.execute(WaitForElementPresentKeyword.groovy:61)
	at com.kms.katalon.core.keyword.internal.KeywordExecutor.executeKeywordForPlatform(KeywordExecutor.groovy:74)
	at com.kms.katalon.core.mobile.keyword.MobileBuiltInKeywords.waitForElementPresent(MobileBuiltInKeywords.groovy:1660)
	at EmailValidationTests.testCopyPasteEmailFunctionality(Script1743084213202.groovy:165)
	at EmailValidationTests.runAllTests(Script1743084213202.groovy:218)
	at C660-C681_SignUpNewUserPage.run(C660-C681_SignUpNewUserPage:227)
	at com.kms.katalon.core.main.ScriptEngine.run(ScriptEngine.java:194)
	at com.kms.katalon.core.main.ScriptEngine.runScriptAsRawText(ScriptEngine.java:119)
	at com.kms.katalon.core.main.TestCaseExecutor.runScript(TestCaseExecutor.java:448)
	at com.kms.katalon.core.main.TestCaseExecutor.doExecute(TestCaseExecutor.java:439)
	at com.kms.katalon.core.main.TestCaseExecutor.processExecutionPhase(TestCaseExecutor.java:418)
	at com.kms.katalon.core.main.TestCaseExecutor.accessMainPhase(TestCaseExecutor.java:410)
	at com.kms.katalon.core.main.TestCaseExecutor.execute(TestCaseExecutor.java:285)
	at com.kms.katalon.core.main.TestCaseExecutor.execute(TestCaseExecutor.java:369)
	at com.kms.katalon.core.main.TestCaseExecutor.execute(TestCaseExecutor.java:369)
	at com.kms.katalon.core.main.TestCaseExecutor.execute(TestCaseExecutor.java:369)
	at com.kms.katalon.core.common.CommonExecutor.accessTestCaseMainPhase(CommonExecutor.java:71)
	at com.kms.katalon.core.main.TestSuiteExecutor.accessTestSuiteMainPhase(TestSuiteExecutor.java:160)
	at com.kms.katalon.core.main.TestSuiteExecutor.execute(TestSuiteExecutor.java:107)
	at com.kms.katalon.core.main.TestCaseMain.startTestSuite(TestCaseMain.java:180)
	at TempTestSuite1743577655188.run(TempTestSuite1743577655188.groovy:35)
	at java.base/jdk.internal.reflect.NativeMethodAccessorImpl.invoke0(Native Method)
	at java.base/jdk.internal.reflect.NativeMethodAccessorImpl.invoke(NativeMethodAccessorImpl.java:77)
	at java.base/jdk.internal.reflect.DelegatingMethodAccessorImpl.invoke(DelegatingMethodAccessorImpl.java:43)
Caused by: java.lang.IllegalArgumentException: Object is null
	at com.kms.katalon.core.helper.KeywordHelper.checkTestObjectParameter(KeywordHelper.java:33)
	at com.kms.katalon.core.mobile.keyword.builtin.WaitForElementPresentKeyword$_waitForElementPresent_closure1.doCall(WaitForElementPresentKeyword.groovy:67)
	at com.kms.katalon.core.mobile.keyword.builtin.WaitForElementPresentKeyword$_waitForElementPresent_closure1.call(WaitForElementPresentKeyword.groovy)
	at com.kms.katalon.core.mobile.keyword.internal.MobileKeywordMain.runKeyword(MobileKeywordMain.groovy:30)
	at com.kms.katalon.core.mobile.keyword.builtin.WaitForElementPresentKeyword.waitForElementPresent(WaitForElementPresentKeyword.groovy:77)
	at com.kms.katalon.core.mobile.keyword.builtin.WaitForElementPresentKeyword.execute(WaitForElementPresentKeyword.groovy:61)
	at com.kms.katalon.core.keyword.internal.KeywordExecutor.executeKeywordForPlatform(KeywordExecutor.groovy:74)
	at com.kms.katalon.core.mobile.keyword.MobileBuiltInKeywords.waitForElementPresent(MobileBuiltInKeywords.groovy:1660)
	at EmailValidationTests.testCopyPasteEmailFunctionality(Script1743084213202.groovy:165)
	at EmailValidationTests.runAllTests(Script1743084213202.groovy:218)
	at Script1743084213202.run(Script1743084213202.groovy:227)
	... 18 more
)

02-04-2025T13:15:31 - [TEST_STEP][PASSED] - tap(findTestObject("Object Repository/Repo/android.widget.EditText-confirm email address"), 0): Tapped on element 'Object Repository/Repo/android.widget.EditText-confirm email address'

02-04-2025T13:15:31 - [MESSAGE][WARNING] - Timeout '0' is invalid. Using default page load timeout: '30'

02-04-2025T13:15:32 - [MESSAGE][PASSED] - Tapped on element 'Object Repository/Repo/android.widget.EditText-confirm email address'

02-04-2025T13:15:32 - [TEST_STEP][PASSED] - tapAndHold(findTestObject("Object Repository/Repo/android.widget.EditText-confirm email address"), 2, 0): Tapped and held on element 'Object Repository/Repo/android.widget.EditText-confirm email address' with duration 2

02-04-2025T13:15:32 - [MESSAGE][WARNING] - Timeout '0' is invalid. Using default page load timeout: '30'

02-04-2025T13:15:36 - [MESSAGE][PASSED] - Tapped and held on element 'Object Repository/Repo/android.widget.EditText-confirm email address' with duration 2

02-04-2025T13:15:36 - [TEST_STEP][PASSED] - delay(2): Delayed 2 second(s)

02-04-2025T13:15:38 - [MESSAGE][PASSED] - Delayed 2 second(s)

02-04-2025T13:15:38 - [TEST_STEP][FAILED] - if (waitForElementPresent(findTestObject("Object Repository/Repo/android.widget.TextView - Paste"), 3)): Failed to wait for element ''{0}'' present (Root cause: com.kms.katalon.core.exception.StepFailedException: Failed to wait for element ''{0}'' present
	at com.kms.katalon.core.mobile.keyword.internal.MobileKeywordMain.stepFailed(MobileKeywordMain.groovy:64)
	at com.kms.katalon.core.mobile.keyword.internal.MobileKeywordMain.runKeyword(MobileKeywordMain.groovy:34)
	at com.kms.katalon.core.mobile.keyword.builtin.WaitForElementPresentKeyword.waitForElementPresent(WaitForElementPresentKeyword.groovy:77)
	at com.kms.katalon.core.mobile.keyword.builtin.WaitForElementPresentKeyword.execute(WaitForElementPresentKeyword.groovy:61)
	at com.kms.katalon.core.keyword.internal.KeywordExecutor.executeKeywordForPlatform(KeywordExecutor.groovy:74)
	at com.kms.katalon.core.mobile.keyword.MobileBuiltInKeywords.waitForElementPresent(MobileBuiltInKeywords.groovy:1660)
	at EmailValidationTests.testCopyPasteEmailFunctionality(Script1743084213202.groovy:165)
	at EmailValidationTests.runAllTests(Script1743084213202.groovy:218)
	at C660-C681_SignUpNewUserPage.run(C660-C681_SignUpNewUserPage:227)
	at com.kms.katalon.core.main.ScriptEngine.run(ScriptEngine.java:194)
	at com.kms.katalon.core.main.ScriptEngine.runScriptAsRawText(ScriptEngine.java:119)
	at com.kms.katalon.core.main.TestCaseExecutor.runScript(TestCaseExecutor.java:448)
	at com.kms.katalon.core.main.TestCaseExecutor.doExecute(TestCaseExecutor.java:439)
	at com.kms.katalon.core.main.TestCaseExecutor.processExecutionPhase(TestCaseExecutor.java:418)
	at com.kms.katalon.core.main.TestCaseExecutor.accessMainPhase(TestCaseExecutor.java:410)
	at com.kms.katalon.core.main.TestCaseExecutor.execute(TestCaseExecutor.java:285)
	at com.kms.katalon.core.main.TestCaseExecutor.execute(TestCaseExecutor.java:369)
	at com.kms.katalon.core.main.TestCaseExecutor.execute(TestCaseExecutor.java:369)
	at com.kms.katalon.core.main.TestCaseExecutor.execute(TestCaseExecutor.java:369)
	at com.kms.katalon.core.common.CommonExecutor.accessTestCaseMainPhase(CommonExecutor.java:71)
	at com.kms.katalon.core.main.TestSuiteExecutor.accessTestSuiteMainPhase(TestSuiteExecutor.java:160)
	at com.kms.katalon.core.main.TestSuiteExecutor.execute(TestSuiteExecutor.java:107)
	at com.kms.katalon.core.main.TestCaseMain.startTestSuite(TestCaseMain.java:180)
	at TempTestSuite1743577655188.run(TempTestSuite1743577655188.groovy:35)
	at java.base/jdk.internal.reflect.NativeMethodAccessorImpl.invoke0(Native Method)
	at java.base/jdk.internal.reflect.NativeMethodAccessorImpl.invoke(NativeMethodAccessorImpl.java:77)
	at java.base/jdk.internal.reflect.DelegatingMethodAccessorImpl.invoke(DelegatingMethodAccessorImpl.java:43)
Caused by: java.lang.IllegalArgumentException: Object is null
	at com.kms.katalon.core.helper.KeywordHelper.checkTestObjectParameter(KeywordHelper.java:33)
	at com.kms.katalon.core.mobile.keyword.builtin.WaitForElementPresentKeyword$_waitForElementPresent_closure1.doCall(WaitForElementPresentKeyword.groovy:67)
	at com.kms.katalon.core.mobile.keyword.builtin.WaitForElementPresentKeyword$_waitForElementPresent_closure1.call(WaitForElementPresentKeyword.groovy)
	at com.kms.katalon.core.mobile.keyword.internal.MobileKeywordMain.runKeyword(MobileKeywordMain.groovy:30)
	at com.kms.katalon.core.mobile.keyword.builtin.WaitForElementPresentKeyword.waitForElementPresent(WaitForElementPresentKeyword.groovy:77)
	at com.kms.katalon.core.mobile.keyword.builtin.WaitForElementPresentKeyword.execute(WaitForElementPresentKeyword.groovy:61)
	at com.kms.katalon.core.keyword.internal.KeywordExecutor.executeKeywordForPlatform(KeywordExecutor.groovy:74)
	at com.kms.katalon.core.mobile.keyword.MobileBuiltInKeywords.waitForElementPresent(MobileBuiltInKeywords.groovy:1660)
	at EmailValidationTests.testCopyPasteEmailFunctionality(Script1743084213202.groovy:165)
	at EmailValidationTests.runAllTests(Script1743084213202.groovy:218)
	at Script1743084213202.run(Script1743084213202.groovy:227)
	... 18 more
)

02-04-2025T13:15:38 - [MESSAGE][WARNING] - Test object with id 'Object Repository/Repo/android.widget.TextView - Paste' does not exist

02-04-2025T13:15:38 - [MESSAGE][WARNING] - Test object with id 'Object Repository/' does not exist

02-04-2025T13:15:40 - [MESSAGE][FAILED] - Failed to wait for element ''{0}'' present (Root cause: com.kms.katalon.core.exception.StepFailedException: Failed to wait for element ''{0}'' present
	at com.kms.katalon.core.mobile.keyword.internal.MobileKeywordMain.stepFailed(MobileKeywordMain.groovy:64)
	at com.kms.katalon.core.mobile.keyword.internal.MobileKeywordMain.runKeyword(MobileKeywordMain.groovy:34)
	at com.kms.katalon.core.mobile.keyword.builtin.WaitForElementPresentKeyword.waitForElementPresent(WaitForElementPresentKeyword.groovy:77)
	at com.kms.katalon.core.mobile.keyword.builtin.WaitForElementPresentKeyword.execute(WaitForElementPresentKeyword.groovy:61)
	at com.kms.katalon.core.keyword.internal.KeywordExecutor.executeKeywordForPlatform(KeywordExecutor.groovy:74)
	at com.kms.katalon.core.mobile.keyword.MobileBuiltInKeywords.waitForElementPresent(MobileBuiltInKeywords.groovy:1660)
	at EmailValidationTests.testCopyPasteEmailFunctionality(Script1743084213202.groovy:165)
	at EmailValidationTests.runAllTests(Script1743084213202.groovy:218)
	at C660-C681_SignUpNewUserPage.run(C660-C681_SignUpNewUserPage:227)
	at com.kms.katalon.core.main.ScriptEngine.run(ScriptEngine.java:194)
	at com.kms.katalon.core.main.ScriptEngine.runScriptAsRawText(ScriptEngine.java:119)
	at com.kms.katalon.core.main.TestCaseExecutor.runScript(TestCaseExecutor.java:448)
	at com.kms.katalon.core.main.TestCaseExecutor.doExecute(TestCaseExecutor.java:439)
	at com.kms.katalon.core.main.TestCaseExecutor.processExecutionPhase(TestCaseExecutor.java:418)
	at com.kms.katalon.core.main.TestCaseExecutor.accessMainPhase(TestCaseExecutor.java:410)
	at com.kms.katalon.core.main.TestCaseExecutor.execute(TestCaseExecutor.java:285)
	at com.kms.katalon.core.main.TestCaseExecutor.execute(TestCaseExecutor.java:369)
	at com.kms.katalon.core.main.TestCaseExecutor.execute(TestCaseExecutor.java:369)
	at com.kms.katalon.core.main.TestCaseExecutor.execute(TestCaseExecutor.java:369)
	at com.kms.katalon.core.common.CommonExecutor.accessTestCaseMainPhase(CommonExecutor.java:71)
	at com.kms.katalon.core.main.TestSuiteExecutor.accessTestSuiteMainPhase(TestSuiteExecutor.java:160)
	at com.kms.katalon.core.main.TestSuiteExecutor.execute(TestSuiteExecutor.java:107)
	at com.kms.katalon.core.main.TestCaseMain.startTestSuite(TestCaseMain.java:180)
	at TempTestSuite1743577655188.run(TempTestSuite1743577655188.groovy:35)
	at java.base/jdk.internal.reflect.NativeMethodAccessorImpl.invoke0(Native Method)
	at java.base/jdk.internal.reflect.NativeMethodAccessorImpl.invoke(NativeMethodAccessorImpl.java:77)
	at java.base/jdk.internal.reflect.DelegatingMethodAccessorImpl.invoke(DelegatingMethodAccessorImpl.java:43)
Caused by: java.lang.IllegalArgumentException: Object is null
	at com.kms.katalon.core.helper.KeywordHelper.checkTestObjectParameter(KeywordHelper.java:33)
	at com.kms.katalon.core.mobile.keyword.builtin.WaitForElementPresentKeyword$_waitForElementPresent_closure1.doCall(WaitForElementPresentKeyword.groovy:67)
	at com.kms.katalon.core.mobile.keyword.builtin.WaitForElementPresentKeyword$_waitForElementPresent_closure1.call(WaitForElementPresentKeyword.groovy)
	at com.kms.katalon.core.mobile.keyword.internal.MobileKeywordMain.runKeyword(MobileKeywordMain.groovy:30)
	at com.kms.katalon.core.mobile.keyword.builtin.WaitForElementPresentKeyword.waitForElementPresent(WaitForElementPresentKeyword.groovy:77)
	at com.kms.katalon.core.mobile.keyword.builtin.WaitForElementPresentKeyword.execute(WaitForElementPresentKeyword.groovy:61)
	at com.kms.katalon.core.keyword.internal.KeywordExecutor.executeKeywordForPlatform(KeywordExecutor.groovy:74)
	at com.kms.katalon.core.mobile.keyword.MobileBuiltInKeywords.waitForElementPresent(MobileBuiltInKeywords.groovy:1660)
	at EmailValidationTests.testCopyPasteEmailFunctionality(Script1743084213202.groovy:165)
	at EmailValidationTests.runAllTests(Script1743084213202.groovy:218)
	at Script1743084213202.run(Script1743084213202.groovy:227)
	... 18 more
)
[[ATTACHMENT|/Users/gv.vignesh/Downloads/WGR-Android-Automation/Reports/20250402_123735/WRMA Android Regression/20250402_123735/1743579938556.png]]

02-04-2025T13:15:40 - [TEST_STEP][PASSED] - catch (com.kms.katalon.core.exception.StepFailedException e): null

02-04-2025T13:15:40 - [TEST_STEP][PASSED] - println("⚠️ Error occurred during paste: " + e.getMessage()): null

02-04-2025T13:15:40 - [TEST_STEP][PASSED] - tap(findTestObject("Object Repository/Repo/android.widget.Button - reset"), 0): Tapped on element 'Object Repository/Repo/android.widget.Button - reset'

02-04-2025T13:15:40 - [MESSAGE][WARNING] - Timeout '0' is invalid. Using default page load timeout: '30'

02-04-2025T13:15:40 - [MESSAGE][PASSED] - Tapped on element 'Object Repository/Repo/android.widget.Button - reset'

02-04-2025T13:15:40 - [TEST_STEP][PASSED] - hideKeyboard(): null

02-04-2025T13:15:43 - [MESSAGE][PASSED] - Keyboard is hidden

02-04-2025T13:15:43 - [TEST_STEP][PASSED] - testMultipleEmailsFunctionality(): null

02-04-2025T13:15:43 - [TEST_STEP][PASSED] - testData = findTestData("Data Files/Emails"): null

02-04-2025T13:15:43 - [TEST_STEP][PASSED] - email1 = testData.getValue("email", 1): null

02-04-2025T13:15:43 - [TEST_STEP][PASSED] - email2 = testData.getValue("email", 2): null

02-04-2025T13:15:43 - [TEST_STEP][PASSED] - sendKeys(findTestObject("Object Repository/Repo/android.widget.EditText-LoginorSignUp"), email1): Send keys 'c@y.com' on test object 'Object Repository/Repo/android.widget.EditText-LoginorSignUp' successfully.

02-04-2025T13:15:44 - [MESSAGE][PASSED] - Send keys 'c@y.com' on test object 'Object Repository/Repo/android.widget.EditText-LoginorSignUp' successfully.

02-04-2025T13:15:44 - [TEST_STEP][PASSED] - tap(findTestObject("Object Repository/Repo/android.widget.Button - Next (1)"), 10): Tapped on element 'Object Repository/Repo/android.widget.Button - Next (1)'

02-04-2025T13:15:46 - [MESSAGE][PASSED] - Tapped on element 'Object Repository/Repo/android.widget.Button - Next (1)'

02-04-2025T13:15:46 - [TEST_STEP][PASSED] - tap(findTestObject("Object Repository/Repo/android.widget.Button - reset"), 10): Tapped on element 'Object Repository/Repo/android.widget.Button - reset'

02-04-2025T13:15:46 - [MESSAGE][PASSED] - Tapped on element 'Object Repository/Repo/android.widget.Button - reset'

02-04-2025T13:15:46 - [TEST_STEP][PASSED] - hideKeyboard(): Keyboard is hidden

02-04-2025T13:15:49 - [MESSAGE][PASSED] - Keyboard is hidden

02-04-2025T13:15:49 - [TEST_STEP][PASSED] - sendKeys(findTestObject("Object Repository/Repo/android.widget.EditText-confirm email address"), email2): Send keys 'o.m' on test object 'Object Repository/Repo/android.widget.EditText-confirm email address' successfully.

02-04-2025T13:15:50 - [MESSAGE][PASSED] - Send keys 'o.m' on test object 'Object Repository/Repo/android.widget.EditText-confirm email address' successfully.

02-04-2025T13:15:50 - [TEST_STEP][PASSED] - delay(3): Delayed 3 second(s)

02-04-2025T13:15:53 - [MESSAGE][PASSED] - Delayed 3 second(s)

02-04-2025T13:15:53 - [TEST_STEP][PASSED] - tap(findTestObject("Object Repository/Repo/android.widget.EditText-confirm email address"), 10): Tapped on element 'Object Repository/Repo/android.widget.EditText-confirm email address'

02-04-2025T13:15:53 - [MESSAGE][PASSED] - Tapped on element 'Object Repository/Repo/android.widget.EditText-confirm email address'

02-04-2025T13:15:53 - [TEST_STEP][PASSED] - try: null

02-04-2025T13:15:53 - [TEST_STEP][PASSED] - testObject = findTestObject("Object Repository/Repo/android.widget.TextView - Invalid email format"): Test object with id 'Object Repository/Repo/android.widget.TextView - Invalid email format' does not exist

02-04-2025T13:15:53 - [MESSAGE][WARNING] - Test object with id 'Object Repository/Repo/android.widget.TextView - Invalid email format' does not exist

02-04-2025T13:15:53 - [TEST_STEP][PASSED] - if (testObject == null): null

02-04-2025T13:15:53 - [TEST_STEP][PASSED] - throw new java.lang.Exception(Test object 'Invalid email format' not found in the Object Repository.): null

02-04-2025T13:15:53 - [TEST_STEP][PASSED] - catch (Exception e): null

02-04-2025T13:15:53 - [TEST_STEP][PASSED] - println(❌ An error occurred: $e.getMessage()): null

02-04-2025T13:15:53 - [TEST_STEP][PASSED] - tap(findTestObject("Object Repository/Repo/android.widget.Button - reset"), 0): Tapped on element 'Object Repository/Repo/android.widget.Button - reset'

02-04-2025T13:15:53 - [MESSAGE][WARNING] - Timeout '0' is invalid. Using default page load timeout: '30'

02-04-2025T13:15:55 - [MESSAGE][PASSED] - Tapped on element 'Object Repository/Repo/android.widget.Button - reset'

02-04-2025T13:15:55 - [TEST_STEP][PASSED] - hideKeyboard(): Keyboard is hidden

02-04-2025T13:15:57 - [MESSAGE][PASSED] - Keyboard is hidden

02-04-2025T13:15:57 - [TEST_STEP][PASSED] - Finally: null

02-04-2025T13:15:57 - [TEST_STEP][PASSED] - cleanup(): null

02-04-2025T13:15:57 - [TEST_STEP][PASSED] - closeApplication(): Close app successfully

02-04-2025T13:16:01 - [MESSAGE][PASSED] - Close app successfully]]></system-out>
         <system-err><![CDATA[]]></system-err>
      </testcase>
      <testcase name="Test Cases/Sign Up New UserPage/C682-C688_SignUpNewUserPage" time="474.944" classname="Test Cases/Sign Up New UserPage/C682-C688_SignUpNewUserPage" status="PASSED">
         <system-out><![CDATA[02-04-2025T13:20:57 - [TEST_CASE][PASSED] - Test Cases/Sign Up New UserPage/C682-C688_SignUpNewUserPage: Test Cases/Sign Up New UserPage/C682-C688_SignUpNewUserPage

02-04-2025T13:20:57 - [TEST_STEP][PASSED] - startApplication("/Users/gv.vignesh/Downloads/WGR-Android-Automation/App Folder/universal.apk", true): Started application: '/Users/gv.vignesh/Downloads/WGR-Android-Automation/App Folder/universal.apk'

02-04-2025T13:20:57 - [MESSAGE][INFO] - Starting application: '/Users/gv.vignesh/Downloads/WGR-Android-Automation/App Folder/universal.apk'

02-04-2025T13:20:57 - [MESSAGE][INFO] - User set preference: ['deviceId', '']

02-04-2025T13:22:14 - [MESSAGE][PASSED] - Started application: '/Users/gv.vignesh/Downloads/WGR-Android-Automation/App Folder/universal.apk'

02-04-2025T13:22:14 - [TEST_STEP][PASSED] - delay(10): Delayed 10 second(s)

02-04-2025T13:22:24 - [MESSAGE][PASSED] - Delayed 10 second(s)

02-04-2025T13:22:24 - [TEST_STEP][PASSED] - tap(findTestObject("Object Repository/Repo/SignUpNewUser/android.widget.Button - Login or Sign Up"), 0): Tapped on element 'Object Repository/Repo/SignUpNewUser/android.widget.Button - Login or Sign Up'

02-04-2025T13:22:24 - [MESSAGE][WARNING] - Timeout '0' is invalid. Using default page load timeout: '30'

02-04-2025T13:22:26 - [MESSAGE][PASSED] - Tapped on element 'Object Repository/Repo/SignUpNewUser/android.widget.Button - Login or Sign Up'

02-04-2025T13:22:26 - [TEST_STEP][PASSED] - delay(10): Delayed 10 second(s)

02-04-2025T13:22:36 - [MESSAGE][PASSED] - Delayed 10 second(s)

02-04-2025T13:22:36 - [TEST_STEP][PASSED] - setText(findTestObject("Object Repository/Repo/SignUpNewUser/android.widget.EditText"), "Walter@yopmail.com", 0): Text 'Walter@yopmail.com' has been set to element 'Object Repository/Repo/SignUpNewUser/android.widget.EditText'

02-04-2025T13:22:36 - [MESSAGE][WARNING] - Timeout '0' is invalid. Using default page load timeout: '30'

02-04-2025T13:22:38 - [MESSAGE][PASSED] - Text 'Walter@yopmail.com' has been set to element 'Object Repository/Repo/SignUpNewUser/android.widget.EditText'

02-04-2025T13:22:38 - [TEST_STEP][PASSED] - delay(3): Delayed 3 second(s)

02-04-2025T13:22:41 - [MESSAGE][PASSED] - Delayed 3 second(s)

02-04-2025T13:22:41 - [TEST_STEP][PASSED] - hideKeyboard(): Keyboard is hidden

02-04-2025T13:22:45 - [MESSAGE][PASSED] - Keyboard is hidden

02-04-2025T13:22:45 - [TEST_STEP][PASSED] - delay(3): Delayed 3 second(s)

02-04-2025T13:22:48 - [MESSAGE][PASSED] - Delayed 3 second(s)

02-04-2025T13:22:48 - [TEST_STEP][PASSED] - tap(findTestObject("Object Repository/Repo/SignUpNewUser/android.widget.Button - Next"), 0): Tapped on element 'Object Repository/Repo/SignUpNewUser/android.widget.Button - Next'

02-04-2025T13:22:48 - [MESSAGE][WARNING] - Timeout '0' is invalid. Using default page load timeout: '30'

02-04-2025T13:22:49 - [MESSAGE][PASSED] - Tapped on element 'Object Repository/Repo/SignUpNewUser/android.widget.Button - Next'

02-04-2025T13:22:49 - [TEST_STEP][PASSED] - delay(3): Delayed 3 second(s)

02-04-2025T13:22:52 - [MESSAGE][PASSED] - Delayed 3 second(s)

02-04-2025T13:22:52 - [TEST_STEP][PASSED] - setText(findTestObject("Object Repository/Repo/SignUpNewUser/android.widget.EditText (1)"), "Walter@yopmail.com", 0): Text 'Walter@yopmail.com' has been set to element 'Object Repository/Repo/SignUpNewUser/android.widget.EditText (1)'

02-04-2025T13:22:52 - [MESSAGE][WARNING] - Timeout '0' is invalid. Using default page load timeout: '30'

02-04-2025T13:22:53 - [MESSAGE][PASSED] - Text 'Walter@yopmail.com' has been set to element 'Object Repository/Repo/SignUpNewUser/android.widget.EditText (1)'

02-04-2025T13:22:53 - [TEST_STEP][PASSED] - delay(3): Delayed 3 second(s)

02-04-2025T13:22:56 - [MESSAGE][PASSED] - Delayed 3 second(s)

02-04-2025T13:22:56 - [TEST_STEP][PASSED] - hideKeyboard(): Keyboard is hidden

02-04-2025T13:23:01 - [MESSAGE][PASSED] - Keyboard is hidden

02-04-2025T13:23:01 - [TEST_STEP][PASSED] - delay(3): Delayed 3 second(s)

02-04-2025T13:23:04 - [MESSAGE][PASSED] - Delayed 3 second(s)

02-04-2025T13:23:04 - [TEST_STEP][PASSED] - tap(findTestObject("Object Repository/Repo/SignUpNewUser/android.widget.Button - Next (1)"), 0): Tapped on element 'Object Repository/Repo/SignUpNewUser/android.widget.Button - Next (1)'

02-04-2025T13:23:04 - [MESSAGE][WARNING] - Timeout '0' is invalid. Using default page load timeout: '30'

02-04-2025T13:23:05 - [MESSAGE][PASSED] - Tapped on element 'Object Repository/Repo/SignUpNewUser/android.widget.Button - Next (1)'

02-04-2025T13:23:05 - [TEST_STEP][PASSED] - delay(3): Delayed 3 second(s)

02-04-2025T13:23:08 - [MESSAGE][PASSED] - Delayed 3 second(s)

02-04-2025T13:23:08 - [TEST_STEP][PASSED] - setText(findTestObject("Object Repository/Repo/SignUpNewUser/android.widget.EditText (2)"), "steve", 0): Text 'steve' has been set to element 'Object Repository/Repo/SignUpNewUser/android.widget.EditText (2)'

02-04-2025T13:23:08 - [MESSAGE][WARNING] - Timeout '0' is invalid. Using default page load timeout: '30'

02-04-2025T13:23:09 - [MESSAGE][PASSED] - Text 'steve' has been set to element 'Object Repository/Repo/SignUpNewUser/android.widget.EditText (2)'

02-04-2025T13:23:09 - [TEST_STEP][PASSED] - delay(3): Delayed 3 second(s)

02-04-2025T13:23:12 - [MESSAGE][PASSED] - Delayed 3 second(s)

02-04-2025T13:23:12 - [TEST_STEP][PASSED] - hideKeyboard(): Keyboard is hidden

02-04-2025T13:23:16 - [MESSAGE][PASSED] - Keyboard is hidden

02-04-2025T13:23:16 - [TEST_STEP][PASSED] - delay(3): Delayed 3 second(s)

02-04-2025T13:23:19 - [MESSAGE][PASSED] - Delayed 3 second(s)

02-04-2025T13:23:19 - [TEST_STEP][PASSED] - setText(findTestObject("Object Repository/Repo/SignUpNewUser/android.widget.EditText (3)"), "smith", 0): Text 'smith' has been set to element 'Object Repository/Repo/SignUpNewUser/android.widget.EditText (3)'

02-04-2025T13:23:19 - [MESSAGE][WARNING] - Timeout '0' is invalid. Using default page load timeout: '30'

02-04-2025T13:23:20 - [MESSAGE][PASSED] - Text 'smith' has been set to element 'Object Repository/Repo/SignUpNewUser/android.widget.EditText (3)'

02-04-2025T13:23:20 - [TEST_STEP][PASSED] - delay(3): Delayed 3 second(s)

02-04-2025T13:23:23 - [MESSAGE][PASSED] - Delayed 3 second(s)

02-04-2025T13:23:23 - [TEST_STEP][PASSED] - hideKeyboard(): Keyboard is hidden

02-04-2025T13:23:27 - [MESSAGE][PASSED] - Keyboard is hidden

02-04-2025T13:23:27 - [TEST_STEP][PASSED] - delay(3): Delayed 3 second(s)

02-04-2025T13:23:30 - [MESSAGE][PASSED] - Delayed 3 second(s)

02-04-2025T13:23:30 - [TEST_STEP][PASSED] - sendKeys(findTestObject("Object Repository/Repo/SignUpNewUser/android.widget.EditText (5)"), "pass"): Send keys 'pass' on test object 'Object Repository/Repo/SignUpNewUser/android.widget.EditText (5)' successfully.

02-04-2025T13:23:32 - [MESSAGE][PASSED] - Send keys 'pass' on test object 'Object Repository/Repo/SignUpNewUser/android.widget.EditText (5)' successfully.

02-04-2025T13:23:32 - [TEST_STEP][PASSED] - delay(3): Delayed 3 second(s)

02-04-2025T13:23:35 - [MESSAGE][PASSED] - Delayed 3 second(s)

02-04-2025T13:23:35 - [TEST_STEP][PASSED] - tap(findTestObject("Object Repository/Repo/SignUpNewUser/android.widget.TextView - Your password must be between 8 and 20 characters and may not contain spaces"), 0): Tapped on element 'Object Repository/Repo/SignUpNewUser/android.widget.TextView - Your password must be between 8 and 20 characters and may not contain spaces'

02-04-2025T13:23:35 - [MESSAGE][WARNING] - Timeout '0' is invalid. Using default page load timeout: '30'

02-04-2025T13:23:38 - [MESSAGE][PASSED] - Tapped on element 'Object Repository/Repo/SignUpNewUser/android.widget.TextView - Your password must be between 8 and 20 characters and may not contain spaces'

02-04-2025T13:23:38 - [TEST_STEP][PASSED] - delay(3): Delayed 3 second(s)

02-04-2025T13:23:41 - [MESSAGE][PASSED] - Delayed 3 second(s)

02-04-2025T13:23:41 - [TEST_STEP][PASSED] - verifyElementExist(findTestObject("Object Repository/Repo/SignUpNewUser/android.widget.TextView -  Password does not meet security requirements"), 0): Element 'Object Repository/Repo/SignUpNewUser/android.widget.TextView -  Password does not meet security requirements' is exist

02-04-2025T13:23:41 - [MESSAGE][WARNING] - Timeout '0' is invalid. Using default page load timeout: '30'

02-04-2025T13:23:42 - [MESSAGE][PASSED] - Element 'Object Repository/Repo/SignUpNewUser/android.widget.TextView -  Password does not meet security requirements' is exist

02-04-2025T13:23:42 - [TEST_STEP][PASSED] - delay(3): Delayed 3 second(s)

02-04-2025T13:23:45 - [MESSAGE][PASSED] - Delayed 3 second(s)

02-04-2025T13:23:45 - [TEST_STEP][PASSED] - tap(findTestObject("Object Repository/Repo/SignUpNewUser/android.widget.Button - back"), 0): Tapped on element 'Object Repository/Repo/SignUpNewUser/android.widget.Button - back'

02-04-2025T13:23:45 - [MESSAGE][WARNING] - Timeout '0' is invalid. Using default page load timeout: '30'

02-04-2025T13:23:47 - [MESSAGE][PASSED] - Tapped on element 'Object Repository/Repo/SignUpNewUser/android.widget.Button - back'

02-04-2025T13:23:47 - [TEST_STEP][PASSED] - delay(3): Delayed 3 second(s)

02-04-2025T13:23:50 - [MESSAGE][PASSED] - Delayed 3 second(s)

02-04-2025T13:23:50 - [TEST_STEP][PASSED] - setText(findTestObject("Object Repository/Repo/SignUpNewUser/android.widget.EditText (1)"), "Walter@yopmail.com", 0): Text 'Walter@yopmail.com' has been set to element 'Object Repository/Repo/SignUpNewUser/android.widget.EditText (1)'

02-04-2025T13:23:50 - [MESSAGE][WARNING] - Timeout '0' is invalid. Using default page load timeout: '30'

02-04-2025T13:23:51 - [MESSAGE][PASSED] - Text 'Walter@yopmail.com' has been set to element 'Object Repository/Repo/SignUpNewUser/android.widget.EditText (1)'

02-04-2025T13:23:51 - [TEST_STEP][PASSED] - delay(3): Delayed 3 second(s)

02-04-2025T13:23:54 - [MESSAGE][PASSED] - Delayed 3 second(s)

02-04-2025T13:23:54 - [TEST_STEP][PASSED] - hideKeyboard(): Keyboard is hidden

02-04-2025T13:23:58 - [MESSAGE][PASSED] - Keyboard is hidden

02-04-2025T13:23:58 - [TEST_STEP][PASSED] - delay(3): Delayed 3 second(s)

02-04-2025T13:24:01 - [MESSAGE][PASSED] - Delayed 3 second(s)

02-04-2025T13:24:01 - [TEST_STEP][PASSED] - tap(findTestObject("Object Repository/Repo/SignUpNewUser/android.widget.Button - Next (1)"), 0): Tapped on element 'Object Repository/Repo/SignUpNewUser/android.widget.Button - Next (1)'

02-04-2025T13:24:01 - [MESSAGE][WARNING] - Timeout '0' is invalid. Using default page load timeout: '30'

02-04-2025T13:24:02 - [MESSAGE][PASSED] - Tapped on element 'Object Repository/Repo/SignUpNewUser/android.widget.Button - Next (1)'

02-04-2025T13:24:02 - [TEST_STEP][PASSED] - delay(3): Delayed 3 second(s)

02-04-2025T13:24:05 - [MESSAGE][PASSED] - Delayed 3 second(s)

02-04-2025T13:24:05 - [TEST_STEP][PASSED] - setText(findTestObject("Object Repository/Repo/SignUpNewUser/android.widget.EditText (6)"), "steve", 0): Text 'steve' has been set to element 'Object Repository/Repo/SignUpNewUser/android.widget.EditText (6)'

02-04-2025T13:24:05 - [MESSAGE][WARNING] - Timeout '0' is invalid. Using default page load timeout: '30'

02-04-2025T13:24:06 - [MESSAGE][PASSED] - Text 'steve' has been set to element 'Object Repository/Repo/SignUpNewUser/android.widget.EditText (6)'

02-04-2025T13:24:06 - [TEST_STEP][PASSED] - delay(3): Delayed 3 second(s)

02-04-2025T13:24:09 - [MESSAGE][PASSED] - Delayed 3 second(s)

02-04-2025T13:24:09 - [TEST_STEP][PASSED] - hideKeyboard(): Keyboard is hidden

02-04-2025T13:24:13 - [MESSAGE][PASSED] - Keyboard is hidden

02-04-2025T13:24:13 - [TEST_STEP][PASSED] - delay(3): Delayed 3 second(s)

02-04-2025T13:24:16 - [MESSAGE][PASSED] - Delayed 3 second(s)

02-04-2025T13:24:16 - [TEST_STEP][PASSED] - setText(findTestObject("Object Repository/Repo/SignUpNewUser/android.widget.EditText (7)"), "smith", 0): Text 'smith' has been set to element 'Object Repository/Repo/SignUpNewUser/android.widget.EditText (7)'

02-04-2025T13:24:16 - [MESSAGE][WARNING] - Timeout '0' is invalid. Using default page load timeout: '30'

02-04-2025T13:24:17 - [MESSAGE][PASSED] - Text 'smith' has been set to element 'Object Repository/Repo/SignUpNewUser/android.widget.EditText (7)'

02-04-2025T13:24:17 - [TEST_STEP][PASSED] - delay(3): Delayed 3 second(s)

02-04-2025T13:24:20 - [MESSAGE][PASSED] - Delayed 3 second(s)

02-04-2025T13:24:20 - [TEST_STEP][PASSED] - hideKeyboard(): Keyboard is hidden

02-04-2025T13:24:24 - [MESSAGE][PASSED] - Keyboard is hidden

02-04-2025T13:24:24 - [TEST_STEP][PASSED] - delay(3): Delayed 3 second(s)

02-04-2025T13:24:27 - [MESSAGE][PASSED] - Delayed 3 second(s)

02-04-2025T13:24:27 - [TEST_STEP][PASSED] - sendKeys(findTestObject("Object Repository/Repo/SignUpNewUser/android.widget.EditText (8)"), "1234567890123456789012"): Send keys '1234567890123456789012' on test object 'Object Repository/Repo/SignUpNewUser/android.widget.EditText (8)' successfully.

02-04-2025T13:24:27 - [MESSAGE][PASSED] - Send keys '1234567890123456789012' on test object 'Object Repository/Repo/SignUpNewUser/android.widget.EditText (8)' successfully.

02-04-2025T13:24:27 - [TEST_STEP][PASSED] - delay(3): Delayed 3 second(s)

02-04-2025T13:24:30 - [MESSAGE][PASSED] - Delayed 3 second(s)

02-04-2025T13:24:30 - [TEST_STEP][PASSED] - tap(findTestObject("Object Repository/Repo/SignUpNewUser/android.widget.TextView - Your password must be between 8 and 20 characters and may not contain spaces"), 0): Tapped on element 'Object Repository/Repo/SignUpNewUser/android.widget.TextView - Your password must be between 8 and 20 characters and may not contain spaces'

02-04-2025T13:24:30 - [MESSAGE][WARNING] - Timeout '0' is invalid. Using default page load timeout: '30'

02-04-2025T13:24:31 - [MESSAGE][PASSED] - Tapped on element 'Object Repository/Repo/SignUpNewUser/android.widget.TextView - Your password must be between 8 and 20 characters and may not contain spaces'

02-04-2025T13:24:31 - [TEST_STEP][PASSED] - delay(3): Delayed 3 second(s)

02-04-2025T13:24:34 - [MESSAGE][PASSED] - Delayed 3 second(s)

02-04-2025T13:24:34 - [TEST_STEP][PASSED] - tap(findTestObject("Object Repository/Repo/SignUpNewUser/android.widget.TextView - Confirm Password"), 0): Tapped on element 'Object Repository/Repo/SignUpNewUser/android.widget.TextView - Confirm Password'

02-04-2025T13:24:34 - [MESSAGE][WARNING] - Timeout '0' is invalid. Using default page load timeout: '30'

02-04-2025T13:24:36 - [MESSAGE][PASSED] - Tapped on element 'Object Repository/Repo/SignUpNewUser/android.widget.TextView - Confirm Password'

02-04-2025T13:24:36 - [TEST_STEP][PASSED] - delay(3): Delayed 3 second(s)

02-04-2025T13:24:39 - [MESSAGE][PASSED] - Delayed 3 second(s)

02-04-2025T13:24:39 - [TEST_STEP][PASSED] - tap(findTestObject("Object Repository/Repo/SignUpNewUser/android.widget.TextView - Confirm Password"), 0): Tapped on element 'Object Repository/Repo/SignUpNewUser/android.widget.TextView - Confirm Password'

02-04-2025T13:24:39 - [MESSAGE][WARNING] - Timeout '0' is invalid. Using default page load timeout: '30'

02-04-2025T13:24:40 - [MESSAGE][PASSED] - Tapped on element 'Object Repository/Repo/SignUpNewUser/android.widget.TextView - Confirm Password'

02-04-2025T13:24:40 - [TEST_STEP][PASSED] - delay(3): Delayed 3 second(s)

02-04-2025T13:24:43 - [MESSAGE][PASSED] - Delayed 3 second(s)

02-04-2025T13:24:43 - [TEST_STEP][PASSED] - sendKeys(findTestObject("Object Repository/Repo/SignUpNewUser/android.widget.EditText (9)"), "1234567890123456789012"): Send keys '1234567890123456789012' on test object 'Object Repository/Repo/SignUpNewUser/android.widget.EditText (9)' successfully.

02-04-2025T13:24:43 - [MESSAGE][PASSED] - Send keys '1234567890123456789012' on test object 'Object Repository/Repo/SignUpNewUser/android.widget.EditText (9)' successfully.

02-04-2025T13:24:43 - [TEST_STEP][PASSED] - delay(3): Delayed 3 second(s)

02-04-2025T13:24:46 - [MESSAGE][PASSED] - Delayed 3 second(s)

02-04-2025T13:24:46 - [TEST_STEP][PASSED] - tap(findTestObject("Object Repository/Repo/SignUpNewUser/android.widget.TextView - Confirm Password"), 0): Tapped on element 'Object Repository/Repo/SignUpNewUser/android.widget.TextView - Confirm Password'

02-04-2025T13:24:46 - [MESSAGE][WARNING] - Timeout '0' is invalid. Using default page load timeout: '30'

02-04-2025T13:24:47 - [MESSAGE][PASSED] - Tapped on element 'Object Repository/Repo/SignUpNewUser/android.widget.TextView - Confirm Password'

02-04-2025T13:24:47 - [TEST_STEP][PASSED] - delay(3): Delayed 3 second(s)

02-04-2025T13:24:50 - [MESSAGE][PASSED] - Delayed 3 second(s)

02-04-2025T13:24:50 - [TEST_STEP][PASSED] - tap(findTestObject("Object Repository/Repo/SignUpNewUser/android.widget.Image"), 0): Tapped on element 'Object Repository/Repo/SignUpNewUser/android.widget.Image'

02-04-2025T13:24:50 - [MESSAGE][WARNING] - Timeout '0' is invalid. Using default page load timeout: '30'

02-04-2025T13:24:51 - [MESSAGE][PASSED] - Tapped on element 'Object Repository/Repo/SignUpNewUser/android.widget.Image'

02-04-2025T13:24:51 - [TEST_STEP][PASSED] - delay(3): Delayed 3 second(s)

02-04-2025T13:24:54 - [MESSAGE][PASSED] - Delayed 3 second(s)

02-04-2025T13:24:54 - [TEST_STEP][PASSED] - tap(findTestObject("Object Repository/Repo/SignUpNewUser/android.widget.TextView - Your password must be between 8 and 20 characters and may not contain spaces"), 0): Tapped on element 'Object Repository/Repo/SignUpNewUser/android.widget.TextView - Your password must be between 8 and 20 characters and may not contain spaces'

02-04-2025T13:24:54 - [MESSAGE][WARNING] - Timeout '0' is invalid. Using default page load timeout: '30'

02-04-2025T13:24:55 - [MESSAGE][PASSED] - Tapped on element 'Object Repository/Repo/SignUpNewUser/android.widget.TextView - Your password must be between 8 and 20 characters and may not contain spaces'

02-04-2025T13:24:55 - [TEST_STEP][PASSED] - delay(3): Delayed 3 second(s)

02-04-2025T13:24:58 - [MESSAGE][PASSED] - Delayed 3 second(s)

02-04-2025T13:24:58 - [TEST_STEP][PASSED] - tap(findTestObject("Object Repository/Repo/SignUpNewUser/android.widget.TextView - Confirm Password"), 0): Tapped on element 'Object Repository/Repo/SignUpNewUser/android.widget.TextView - Confirm Password'

02-04-2025T13:24:58 - [MESSAGE][WARNING] - Timeout '0' is invalid. Using default page load timeout: '30'

02-04-2025T13:24:59 - [MESSAGE][PASSED] - Tapped on element 'Object Repository/Repo/SignUpNewUser/android.widget.TextView - Confirm Password'

02-04-2025T13:24:59 - [TEST_STEP][PASSED] - delay(3): Delayed 3 second(s)

02-04-2025T13:25:02 - [MESSAGE][PASSED] - Delayed 3 second(s)

02-04-2025T13:25:02 - [TEST_STEP][PASSED] - tap(findTestObject("Object Repository/Repo/SignUpNewUser/android.widget.Image"), 0): Tapped on element 'Object Repository/Repo/SignUpNewUser/android.widget.Image'

02-04-2025T13:25:02 - [MESSAGE][WARNING] - Timeout '0' is invalid. Using default page load timeout: '30'

02-04-2025T13:25:03 - [MESSAGE][PASSED] - Tapped on element 'Object Repository/Repo/SignUpNewUser/android.widget.Image'

02-04-2025T13:25:03 - [TEST_STEP][PASSED] - delay(3): Delayed 3 second(s)

02-04-2025T13:25:06 - [MESSAGE][PASSED] - Delayed 3 second(s)

02-04-2025T13:25:06 - [TEST_STEP][PASSED] - tap(findTestObject("Object Repository/Repo/SignUpNewUser/android.view.View"), 0): Tapped on element 'Object Repository/Repo/SignUpNewUser/android.view.View'

02-04-2025T13:25:06 - [MESSAGE][WARNING] - Timeout '0' is invalid. Using default page load timeout: '30'

02-04-2025T13:25:07 - [MESSAGE][PASSED] - Tapped on element 'Object Repository/Repo/SignUpNewUser/android.view.View'

02-04-2025T13:25:07 - [TEST_STEP][PASSED] - delay(3): Delayed 3 second(s)

02-04-2025T13:25:10 - [MESSAGE][PASSED] - Delayed 3 second(s)

02-04-2025T13:25:10 - [TEST_STEP][PASSED] - tap(findTestObject("Object Repository/Repo/SignUpNewUser/android.widget.TextView - Your password must be between 8 and 20 characters and may not contain spaces"), 0): Tapped on element 'Object Repository/Repo/SignUpNewUser/android.widget.TextView - Your password must be between 8 and 20 characters and may not contain spaces'

02-04-2025T13:25:10 - [MESSAGE][WARNING] - Timeout '0' is invalid. Using default page load timeout: '30'

02-04-2025T13:25:11 - [MESSAGE][PASSED] - Tapped on element 'Object Repository/Repo/SignUpNewUser/android.widget.TextView - Your password must be between 8 and 20 characters and may not contain spaces'

02-04-2025T13:25:11 - [TEST_STEP][PASSED] - delay(3): Delayed 3 second(s)

02-04-2025T13:25:14 - [MESSAGE][PASSED] - Delayed 3 second(s)

02-04-2025T13:25:14 - [TEST_STEP][PASSED] - sendKeys(findTestObject("Object Repository/Repo/SignUpNewUser/android.widget.EditText - 1234567890123456789012"), "1234567890123456789012"): Send keys '1234567890123456789012' on test object 'Object Repository/Repo/SignUpNewUser/android.widget.EditText - 1234567890123456789012' successfully.

02-04-2025T13:25:15 - [MESSAGE][PASSED] - Send keys '1234567890123456789012' on test object 'Object Repository/Repo/SignUpNewUser/android.widget.EditText - 1234567890123456789012' successfully.

02-04-2025T13:25:15 - [TEST_STEP][PASSED] - delay(3): Delayed 3 second(s)

02-04-2025T13:25:18 - [MESSAGE][PASSED] - Delayed 3 second(s)

02-04-2025T13:25:18 - [TEST_STEP][PASSED] - tap(findTestObject("Object Repository/Repo/SignUpNewUser/android.widget.TextView - Your password must be between 8 and 20 characters and may not contain spaces"), 0): Tapped on element 'Object Repository/Repo/SignUpNewUser/android.widget.TextView - Your password must be between 8 and 20 characters and may not contain spaces'

02-04-2025T13:25:18 - [MESSAGE][WARNING] - Timeout '0' is invalid. Using default page load timeout: '30'

02-04-2025T13:25:18 - [MESSAGE][PASSED] - Tapped on element 'Object Repository/Repo/SignUpNewUser/android.widget.TextView - Your password must be between 8 and 20 characters and may not contain spaces'

02-04-2025T13:25:18 - [TEST_STEP][PASSED] - delay(3): Delayed 3 second(s)

02-04-2025T13:25:21 - [MESSAGE][PASSED] - Delayed 3 second(s)

02-04-2025T13:25:21 - [TEST_STEP][PASSED] - tap(findTestObject("Object Repository/Repo/SignUpNewUser/android.widget.TextView - Confirm Password"), 0): Tapped on element 'Object Repository/Repo/SignUpNewUser/android.widget.TextView - Confirm Password'

02-04-2025T13:25:21 - [MESSAGE][WARNING] - Timeout '0' is invalid. Using default page load timeout: '30'

02-04-2025T13:25:23 - [MESSAGE][PASSED] - Tapped on element 'Object Repository/Repo/SignUpNewUser/android.widget.TextView - Confirm Password'

02-04-2025T13:25:23 - [TEST_STEP][PASSED] - delay(3): Delayed 3 second(s)

02-04-2025T13:25:26 - [MESSAGE][PASSED] - Delayed 3 second(s)

02-04-2025T13:25:26 - [TEST_STEP][PASSED] - tap(findTestObject("Object Repository/Repo/SignUpNewUser/android.widget.Image"), 0): Tapped on element 'Object Repository/Repo/SignUpNewUser/android.widget.Image'

02-04-2025T13:25:26 - [MESSAGE][WARNING] - Timeout '0' is invalid. Using default page load timeout: '30'

02-04-2025T13:25:26 - [MESSAGE][PASSED] - Tapped on element 'Object Repository/Repo/SignUpNewUser/android.widget.Image'

02-04-2025T13:25:26 - [TEST_STEP][PASSED] - delay(3): Delayed 3 second(s)

02-04-2025T13:25:29 - [MESSAGE][PASSED] - Delayed 3 second(s)

02-04-2025T13:25:29 - [TEST_STEP][PASSED] - tap(findTestObject("Object Repository/Repo/SignUpNewUser/android.widget.Image"), 0): Tapped on element 'Object Repository/Repo/SignUpNewUser/android.widget.Image'

02-04-2025T13:25:29 - [MESSAGE][WARNING] - Timeout '0' is invalid. Using default page load timeout: '30'

02-04-2025T13:25:30 - [MESSAGE][PASSED] - Tapped on element 'Object Repository/Repo/SignUpNewUser/android.widget.Image'

02-04-2025T13:25:30 - [TEST_STEP][PASSED] - delay(3): Delayed 3 second(s)

02-04-2025T13:25:33 - [MESSAGE][PASSED] - Delayed 3 second(s)

02-04-2025T13:25:33 - [TEST_STEP][PASSED] - tap(findTestObject("Object Repository/Repo/SignUpNewUser/android.view.View (1)"), 0): Tapped on element 'Object Repository/Repo/SignUpNewUser/android.view.View (1)'

02-04-2025T13:25:33 - [MESSAGE][WARNING] - Timeout '0' is invalid. Using default page load timeout: '30'

02-04-2025T13:25:34 - [MESSAGE][PASSED] - Tapped on element 'Object Repository/Repo/SignUpNewUser/android.view.View (1)'

02-04-2025T13:25:34 - [TEST_STEP][PASSED] - delay(3): Delayed 3 second(s)

02-04-2025T13:25:37 - [MESSAGE][PASSED] - Delayed 3 second(s)

02-04-2025T13:25:37 - [TEST_STEP][PASSED] - sendKeys(findTestObject("Object Repository/Repo/SignUpNewUser/android.widget.EditText - 1234567890123456789012 (1)"), "1234567890123456789012"): Send keys '1234567890123456789012' on test object 'Object Repository/Repo/SignUpNewUser/android.widget.EditText - 1234567890123456789012 (1)' successfully.

02-04-2025T13:25:37 - [MESSAGE][PASSED] - Send keys '1234567890123456789012' on test object 'Object Repository/Repo/SignUpNewUser/android.widget.EditText - 1234567890123456789012 (1)' successfully.

02-04-2025T13:25:37 - [TEST_STEP][PASSED] - delay(3): Delayed 3 second(s)

02-04-2025T13:25:40 - [MESSAGE][PASSED] - Delayed 3 second(s)

02-04-2025T13:25:40 - [TEST_STEP][PASSED] - tap(findTestObject("Object Repository/Repo/SignUpNewUser/android.widget.TextView - Your password must be between 8 and 20 characters and may not contain spaces"), 0): Tapped on element 'Object Repository/Repo/SignUpNewUser/android.widget.TextView - Your password must be between 8 and 20 characters and may not contain spaces'

02-04-2025T13:25:40 - [MESSAGE][WARNING] - Timeout '0' is invalid. Using default page load timeout: '30'

02-04-2025T13:25:41 - [MESSAGE][PASSED] - Tapped on element 'Object Repository/Repo/SignUpNewUser/android.widget.TextView - Your password must be between 8 and 20 characters and may not contain spaces'

02-04-2025T13:25:41 - [TEST_STEP][PASSED] - delay(3): Delayed 3 second(s)

02-04-2025T13:25:44 - [MESSAGE][PASSED] - Delayed 3 second(s)

02-04-2025T13:25:44 - [TEST_STEP][PASSED] - tap(findTestObject("Object Repository/Repo/SignUpNewUser/android.widget.Image (1)"), 0): Tapped on element 'Object Repository/Repo/SignUpNewUser/android.widget.Image (1)'

02-04-2025T13:25:44 - [MESSAGE][WARNING] - Timeout '0' is invalid. Using default page load timeout: '30'

02-04-2025T13:25:45 - [MESSAGE][PASSED] - Tapped on element 'Object Repository/Repo/SignUpNewUser/android.widget.Image (1)'

02-04-2025T13:25:45 - [TEST_STEP][PASSED] - delay(3): Delayed 3 second(s)

02-04-2025T13:25:48 - [MESSAGE][PASSED] - Delayed 3 second(s)

02-04-2025T13:25:48 - [TEST_STEP][PASSED] - sendKeys(findTestObject("Object Repository/Repo/SignUpNewUser/android.widget.EditText - 1234567890123456789012 (2)"), "1234567890123456789012"): Send keys '1234567890123456789012' on test object 'Object Repository/Repo/SignUpNewUser/android.widget.EditText - 1234567890123456789012 (2)' successfully.

02-04-2025T13:25:49 - [MESSAGE][PASSED] - Send keys '1234567890123456789012' on test object 'Object Repository/Repo/SignUpNewUser/android.widget.EditText - 1234567890123456789012 (2)' successfully.

02-04-2025T13:25:49 - [TEST_STEP][PASSED] - delay(3): Delayed 3 second(s)

02-04-2025T13:25:52 - [MESSAGE][PASSED] - Delayed 3 second(s)

02-04-2025T13:25:52 - [TEST_STEP][PASSED] - tap(findTestObject("Object Repository/Repo/SignUpNewUser/android.widget.TextView - Your password must be between 8 and 20 characters and may not contain spaces"), 0): Tapped on element 'Object Repository/Repo/SignUpNewUser/android.widget.TextView - Your password must be between 8 and 20 characters and may not contain spaces'

02-04-2025T13:25:52 - [MESSAGE][WARNING] - Timeout '0' is invalid. Using default page load timeout: '30'

02-04-2025T13:25:53 - [MESSAGE][PASSED] - Tapped on element 'Object Repository/Repo/SignUpNewUser/android.widget.TextView - Your password must be between 8 and 20 characters and may not contain spaces'

02-04-2025T13:25:53 - [TEST_STEP][PASSED] - delay(3): Delayed 3 second(s)

02-04-2025T13:25:56 - [MESSAGE][PASSED] - Delayed 3 second(s)

02-04-2025T13:25:56 - [TEST_STEP][PASSED] - tap(findTestObject("Object Repository/Repo/SignUpNewUser/android.widget.TextView - Account Email Address"), 0): Tapped on element 'Object Repository/Repo/SignUpNewUser/android.widget.TextView - Account Email Address'

02-04-2025T13:25:56 - [MESSAGE][WARNING] - Timeout '0' is invalid. Using default page load timeout: '30'

02-04-2025T13:25:57 - [MESSAGE][PASSED] - Tapped on element 'Object Repository/Repo/SignUpNewUser/android.widget.TextView - Account Email Address'

02-04-2025T13:25:57 - [TEST_STEP][PASSED] - delay(3): Delayed 3 second(s)

02-04-2025T13:26:00 - [MESSAGE][PASSED] - Delayed 3 second(s)

02-04-2025T13:26:00 - [TEST_STEP][PASSED] - tap(findTestObject("Object Repository/Repo/SignUpNewUser/android.widget.TextView - Your password must be between 8 and 20 characters and may not contain spaces"), 0): Tapped on element 'Object Repository/Repo/SignUpNewUser/android.widget.TextView - Your password must be between 8 and 20 characters and may not contain spaces'

02-04-2025T13:26:00 - [MESSAGE][WARNING] - Timeout '0' is invalid. Using default page load timeout: '30'

02-04-2025T13:26:00 - [MESSAGE][PASSED] - Tapped on element 'Object Repository/Repo/SignUpNewUser/android.widget.TextView - Your password must be between 8 and 20 characters and may not contain spaces'

02-04-2025T13:26:00 - [TEST_STEP][PASSED] - delay(3): Delayed 3 second(s)

02-04-2025T13:26:03 - [MESSAGE][PASSED] - Delayed 3 second(s)

02-04-2025T13:26:03 - [TEST_STEP][PASSED] - tap(findTestObject("Object Repository/Repo/SignUpNewUser/android.widget.Image"), 0): Tapped on element 'Object Repository/Repo/SignUpNewUser/android.widget.Image'

02-04-2025T13:26:03 - [MESSAGE][WARNING] - Timeout '0' is invalid. Using default page load timeout: '30'

02-04-2025T13:26:04 - [MESSAGE][PASSED] - Tapped on element 'Object Repository/Repo/SignUpNewUser/android.widget.Image'

02-04-2025T13:26:04 - [TEST_STEP][PASSED] - delay(3): Delayed 3 second(s)

02-04-2025T13:26:07 - [MESSAGE][PASSED] - Delayed 3 second(s)

02-04-2025T13:26:07 - [TEST_STEP][PASSED] - sendKeys(findTestObject("Object Repository/Repo/SignUpNewUser/android.widget.EditText - 1234567890123456789012"), "1234567890123456789012"): Send keys '1234567890123456789012' on test object 'Object Repository/Repo/SignUpNewUser/android.widget.EditText - 1234567890123456789012' successfully.

02-04-2025T13:26:08 - [MESSAGE][PASSED] - Send keys '1234567890123456789012' on test object 'Object Repository/Repo/SignUpNewUser/android.widget.EditText - 1234567890123456789012' successfully.

02-04-2025T13:26:08 - [TEST_STEP][PASSED] - delay(3): Delayed 3 second(s)

02-04-2025T13:26:11 - [MESSAGE][PASSED] - Delayed 3 second(s)

02-04-2025T13:26:11 - [TEST_STEP][PASSED] - tap(findTestObject("Object Repository/Repo/SignUpNewUser/android.widget.TextView - Your password must be between 8 and 20 characters and may not contain spaces"), 0): Tapped on element 'Object Repository/Repo/SignUpNewUser/android.widget.TextView - Your password must be between 8 and 20 characters and may not contain spaces'

02-04-2025T13:26:11 - [MESSAGE][WARNING] - Timeout '0' is invalid. Using default page load timeout: '30'

02-04-2025T13:26:12 - [MESSAGE][PASSED] - Tapped on element 'Object Repository/Repo/SignUpNewUser/android.widget.TextView - Your password must be between 8 and 20 characters and may not contain spaces'

02-04-2025T13:26:12 - [TEST_STEP][PASSED] - delay(3): Delayed 3 second(s)

02-04-2025T13:26:15 - [MESSAGE][PASSED] - Delayed 3 second(s)

02-04-2025T13:26:15 - [TEST_STEP][PASSED] - tap(findTestObject("Object Repository/Repo/SignUpNewUser/android.widget.TextView - Confirm Password"), 0): Tapped on element 'Object Repository/Repo/SignUpNewUser/android.widget.TextView - Confirm Password'

02-04-2025T13:26:15 - [MESSAGE][WARNING] - Timeout '0' is invalid. Using default page load timeout: '30'

02-04-2025T13:26:16 - [MESSAGE][PASSED] - Tapped on element 'Object Repository/Repo/SignUpNewUser/android.widget.TextView - Confirm Password'

02-04-2025T13:26:16 - [TEST_STEP][PASSED] - delay(3): Delayed 3 second(s)

02-04-2025T13:26:19 - [MESSAGE][PASSED] - Delayed 3 second(s)

02-04-2025T13:26:19 - [TEST_STEP][PASSED] - tap(findTestObject("Object Repository/Repo/SignUpNewUser/android.widget.EditText - 1234567890123456789012 (1)"), 0): Tapped on element 'Object Repository/Repo/SignUpNewUser/android.widget.EditText - 1234567890123456789012 (1)'

02-04-2025T13:26:19 - [MESSAGE][WARNING] - Timeout '0' is invalid. Using default page load timeout: '30'

02-04-2025T13:26:19 - [MESSAGE][PASSED] - Tapped on element 'Object Repository/Repo/SignUpNewUser/android.widget.EditText - 1234567890123456789012 (1)'

02-04-2025T13:26:19 - [TEST_STEP][PASSED] - delay(3): Delayed 3 second(s)

02-04-2025T13:26:23 - [MESSAGE][PASSED] - Delayed 3 second(s)

02-04-2025T13:26:23 - [TEST_STEP][PASSED] - verifyElementExist(findTestObject("Object Repository/Repo/SignUpNewUser/android.widget.TextView -  Password does not meet security requirements"), 0): Element 'Object Repository/Repo/SignUpNewUser/android.widget.TextView -  Password does not meet security requirements' is exist

02-04-2025T13:26:23 - [MESSAGE][WARNING] - Timeout '0' is invalid. Using default page load timeout: '30'

02-04-2025T13:26:24 - [MESSAGE][PASSED] - Element 'Object Repository/Repo/SignUpNewUser/android.widget.TextView -  Password does not meet security requirements' is exist

02-04-2025T13:26:24 - [TEST_STEP][PASSED] - delay(3): Delayed 3 second(s)

02-04-2025T13:26:27 - [MESSAGE][PASSED] - Delayed 3 second(s)

02-04-2025T13:26:27 - [TEST_STEP][PASSED] - tap(findTestObject("Object Repository/Repo/SignUpNewUser/android.widget.Button - back"), 0): Tapped on element 'Object Repository/Repo/SignUpNewUser/android.widget.Button - back'

02-04-2025T13:26:27 - [MESSAGE][WARNING] - Timeout '0' is invalid. Using default page load timeout: '30'

02-04-2025T13:26:28 - [MESSAGE][PASSED] - Tapped on element 'Object Repository/Repo/SignUpNewUser/android.widget.Button - back'

02-04-2025T13:26:28 - [TEST_STEP][PASSED] - delay(3): Delayed 3 second(s)

02-04-2025T13:26:31 - [MESSAGE][PASSED] - Delayed 3 second(s)

02-04-2025T13:26:31 - [TEST_STEP][PASSED] - setText(findTestObject("Object Repository/Repo/SignUpNewUser/android.widget.EditText (1)"), "Walter@yopmail.com", 0): Text 'Walter@yopmail.com' has been set to element 'Object Repository/Repo/SignUpNewUser/android.widget.EditText (1)'

02-04-2025T13:26:31 - [MESSAGE][WARNING] - Timeout '0' is invalid. Using default page load timeout: '30'

02-04-2025T13:26:32 - [MESSAGE][PASSED] - Text 'Walter@yopmail.com' has been set to element 'Object Repository/Repo/SignUpNewUser/android.widget.EditText (1)'

02-04-2025T13:26:32 - [TEST_STEP][PASSED] - delay(3): Delayed 3 second(s)

02-04-2025T13:26:35 - [MESSAGE][PASSED] - Delayed 3 second(s)

02-04-2025T13:26:35 - [TEST_STEP][PASSED] - tap(findTestObject("Object Repository/Repo/SignUpNewUser/android.widget.Button - Next (1)"), 0): Tapped on element 'Object Repository/Repo/SignUpNewUser/android.widget.Button - Next (1)'

02-04-2025T13:26:35 - [MESSAGE][WARNING] - Timeout '0' is invalid. Using default page load timeout: '30'

02-04-2025T13:26:37 - [MESSAGE][PASSED] - Tapped on element 'Object Repository/Repo/SignUpNewUser/android.widget.Button - Next (1)'

02-04-2025T13:26:37 - [TEST_STEP][PASSED] - delay(3): Delayed 3 second(s)

02-04-2025T13:26:40 - [MESSAGE][PASSED] - Delayed 3 second(s)

02-04-2025T13:26:40 - [TEST_STEP][PASSED] - setText(findTestObject("Object Repository/Repo/SignUpNewUser/android.widget.EditText (10)"), "AlexanderMaximilianChristopherNathanielJonathanMontgomeryWilliams", 0): Text 'AlexanderMaximilianChristopherNathanielJonathanMontgomeryWilliams' has been set to element 'Object Repository/Repo/SignUpNewUser/android.widget.EditText (10)'

02-04-2025T13:26:40 - [MESSAGE][WARNING] - Timeout '0' is invalid. Using default page load timeout: '30'

02-04-2025T13:26:41 - [MESSAGE][PASSED] - Text 'AlexanderMaximilianChristopherNathanielJonathanMontgomeryWilliams' has been set to element 'Object Repository/Repo/SignUpNewUser/android.widget.EditText (10)'

02-04-2025T13:26:41 - [TEST_STEP][PASSED] - delay(3): Delayed 3 second(s)

02-04-2025T13:26:44 - [MESSAGE][PASSED] - Delayed 3 second(s)

02-04-2025T13:26:44 - [TEST_STEP][PASSED] - setText(findTestObject("Object Repository/Repo/SignUpNewUser/android.widget.EditText (11)"), "AlexanderMaximilianChristopherNathanielJonathanMontgomeryWilliams", 0): Text 'AlexanderMaximilianChristopherNathanielJonathanMontgomeryWilliams' has been set to element 'Object Repository/Repo/SignUpNewUser/android.widget.EditText (11)'

02-04-2025T13:26:44 - [MESSAGE][WARNING] - Timeout '0' is invalid. Using default page load timeout: '30'

02-04-2025T13:26:46 - [MESSAGE][PASSED] - Text 'AlexanderMaximilianChristopherNathanielJonathanMontgomeryWilliams' has been set to element 'Object Repository/Repo/SignUpNewUser/android.widget.EditText (11)'

02-04-2025T13:26:46 - [TEST_STEP][PASSED] - delay(3): Delayed 3 second(s)

02-04-2025T13:26:49 - [MESSAGE][PASSED] - Delayed 3 second(s)

02-04-2025T13:26:49 - [TEST_STEP][PASSED] - tap(findTestObject("Object Repository/Repo/SignUpNewUser/android.widget.Button - Next (2)"), 0): Tapped on element 'Object Repository/Repo/SignUpNewUser/android.widget.Button - Next (2)'

02-04-2025T13:26:49 - [MESSAGE][WARNING] - Timeout '0' is invalid. Using default page load timeout: '30'

02-04-2025T13:26:50 - [MESSAGE][PASSED] - Tapped on element 'Object Repository/Repo/SignUpNewUser/android.widget.Button - Next (2)'

02-04-2025T13:26:50 - [TEST_STEP][PASSED] - delay(3): Delayed 3 second(s)

02-04-2025T13:26:53 - [MESSAGE][PASSED] - Delayed 3 second(s)

02-04-2025T13:26:53 - [TEST_STEP][PASSED] - verifyElementExist(findTestObject("Object Repository/Repo/SignUpNewUser/android.widget.TextView -  First name must be 50 characters or less"), 0): Element 'Object Repository/Repo/SignUpNewUser/android.widget.TextView -  First name must be 50 characters or less' is exist

02-04-2025T13:26:53 - [MESSAGE][WARNING] - Timeout '0' is invalid. Using default page load timeout: '30'

02-04-2025T13:26:53 - [MESSAGE][PASSED] - Element 'Object Repository/Repo/SignUpNewUser/android.widget.TextView -  First name must be 50 characters or less' is exist

02-04-2025T13:26:53 - [TEST_STEP][PASSED] - delay(3): Delayed 3 second(s)

02-04-2025T13:26:56 - [MESSAGE][PASSED] - Delayed 3 second(s)

02-04-2025T13:26:56 - [TEST_STEP][PASSED] - verifyElementExist(findTestObject("Object Repository/Repo/SignUpNewUser/android.widget.TextView -  Last name must be 50 characters or less"), 0): Element 'Object Repository/Repo/SignUpNewUser/android.widget.TextView -  Last name must be 50 characters or less' is exist

02-04-2025T13:26:56 - [MESSAGE][WARNING] - Timeout '0' is invalid. Using default page load timeout: '30'

02-04-2025T13:26:57 - [MESSAGE][PASSED] - Element 'Object Repository/Repo/SignUpNewUser/android.widget.TextView -  Last name must be 50 characters or less' is exist

02-04-2025T13:26:57 - [TEST_STEP][PASSED] - delay(3): Delayed 3 second(s)

02-04-2025T13:27:00 - [MESSAGE][PASSED] - Delayed 3 second(s)

02-04-2025T13:27:00 - [TEST_STEP][PASSED] - tap(findTestObject("Object Repository/Repo/SignUpNewUser/android.widget.Button - back"), 0): Tapped on element 'Object Repository/Repo/SignUpNewUser/android.widget.Button - back'

02-04-2025T13:27:00 - [MESSAGE][WARNING] - Timeout '0' is invalid. Using default page load timeout: '30'

02-04-2025T13:27:01 - [MESSAGE][PASSED] - Tapped on element 'Object Repository/Repo/SignUpNewUser/android.widget.Button - back'

02-04-2025T13:27:01 - [TEST_STEP][PASSED] - delay(3): Delayed 3 second(s)

02-04-2025T13:27:04 - [MESSAGE][PASSED] - Delayed 3 second(s)

02-04-2025T13:27:04 - [TEST_STEP][PASSED] - setText(findTestObject("Object Repository/Repo/SignUpNewUser/android.widget.EditText (1)"), "Walter@yopmail.com", 0): Text 'Walter@yopmail.com' has been set to element 'Object Repository/Repo/SignUpNewUser/android.widget.EditText (1)'

02-04-2025T13:27:04 - [MESSAGE][WARNING] - Timeout '0' is invalid. Using default page load timeout: '30'

02-04-2025T13:27:05 - [MESSAGE][PASSED] - Text 'Walter@yopmail.com' has been set to element 'Object Repository/Repo/SignUpNewUser/android.widget.EditText (1)'

02-04-2025T13:27:05 - [TEST_STEP][PASSED] - delay(3): Delayed 3 second(s)

02-04-2025T13:27:08 - [MESSAGE][PASSED] - Delayed 3 second(s)

02-04-2025T13:27:08 - [TEST_STEP][PASSED] - tap(findTestObject("Object Repository/Repo/SignUpNewUser/android.widget.Button - Next (1)"), 0): Tapped on element 'Object Repository/Repo/SignUpNewUser/android.widget.Button - Next (1)'

02-04-2025T13:27:08 - [MESSAGE][WARNING] - Timeout '0' is invalid. Using default page load timeout: '30'

02-04-2025T13:27:09 - [MESSAGE][PASSED] - Tapped on element 'Object Repository/Repo/SignUpNewUser/android.widget.Button - Next (1)'

02-04-2025T13:27:09 - [TEST_STEP][PASSED] - delay(3): Delayed 3 second(s)

02-04-2025T13:27:12 - [MESSAGE][PASSED] - Delayed 3 second(s)

02-04-2025T13:27:12 - [TEST_STEP][PASSED] - setText(findTestObject("Object Repository/Repo/SignUpNewUser/android.widget.EditText (12)"), "john", 0): Text 'john' has been set to element 'Object Repository/Repo/SignUpNewUser/android.widget.EditText (12)'

02-04-2025T13:27:12 - [MESSAGE][WARNING] - Timeout '0' is invalid. Using default page load timeout: '30'

02-04-2025T13:27:13 - [MESSAGE][PASSED] - Text 'john' has been set to element 'Object Repository/Repo/SignUpNewUser/android.widget.EditText (12)'

02-04-2025T13:27:13 - [TEST_STEP][PASSED] - delay(3): Delayed 3 second(s)

02-04-2025T13:27:16 - [MESSAGE][PASSED] - Delayed 3 second(s)

02-04-2025T13:27:16 - [TEST_STEP][PASSED] - setText(findTestObject("Object Repository/Repo/SignUpNewUser/android.widget.EditText (13)"), "password", 0): Text 'password' has been set to element 'Object Repository/Repo/SignUpNewUser/android.widget.EditText (13)'

02-04-2025T13:27:16 - [MESSAGE][WARNING] - Timeout '0' is invalid. Using default page load timeout: '30'

02-04-2025T13:27:17 - [MESSAGE][PASSED] - Text 'password' has been set to element 'Object Repository/Repo/SignUpNewUser/android.widget.EditText (13)'

02-04-2025T13:27:17 - [TEST_STEP][PASSED] - delay(3): Delayed 3 second(s)

02-04-2025T13:27:20 - [MESSAGE][PASSED] - Delayed 3 second(s)

02-04-2025T13:27:20 - [TEST_STEP][PASSED] - sendKeys(findTestObject("Object Repository/Repo/SignUpNewUser/android.widget.EditText (14)"), "password"): Send keys 'password' on test object 'Object Repository/Repo/SignUpNewUser/android.widget.EditText (14)' successfully.

02-04-2025T13:27:20 - [MESSAGE][PASSED] - Send keys 'password' on test object 'Object Repository/Repo/SignUpNewUser/android.widget.EditText (14)' successfully.

02-04-2025T13:27:20 - [TEST_STEP][PASSED] - delay(3): Delayed 3 second(s)

02-04-2025T13:27:23 - [MESSAGE][PASSED] - Delayed 3 second(s)

02-04-2025T13:27:23 - [TEST_STEP][PASSED] - tap(findTestObject("Object Repository/Repo/SignUpNewUser/android.widget.Button - Next (2)"), 0): Tapped on element 'Object Repository/Repo/SignUpNewUser/android.widget.Button - Next (2)'

02-04-2025T13:27:23 - [MESSAGE][WARNING] - Timeout '0' is invalid. Using default page load timeout: '30'

02-04-2025T13:27:24 - [MESSAGE][PASSED] - Tapped on element 'Object Repository/Repo/SignUpNewUser/android.widget.Button - Next (2)'

02-04-2025T13:27:24 - [TEST_STEP][PASSED] - delay(3): Delayed 3 second(s)

02-04-2025T13:27:27 - [MESSAGE][PASSED] - Delayed 3 second(s)

02-04-2025T13:27:27 - [TEST_STEP][PASSED] - tap(findTestObject("Object Repository/Repo/SignUpNewUser/android.widget.Button - back"), 0): Tapped on element 'Object Repository/Repo/SignUpNewUser/android.widget.Button - back'

02-04-2025T13:27:27 - [MESSAGE][WARNING] - Timeout '0' is invalid. Using default page load timeout: '30'

02-04-2025T13:27:28 - [MESSAGE][PASSED] - Tapped on element 'Object Repository/Repo/SignUpNewUser/android.widget.Button - back'

02-04-2025T13:27:28 - [TEST_STEP][PASSED] - delay(3): Delayed 3 second(s)

02-04-2025T13:27:31 - [MESSAGE][PASSED] - Delayed 3 second(s)

02-04-2025T13:27:31 - [TEST_STEP][PASSED] - setText(findTestObject("Object Repository/Repo/SignUpNewUser/android.widget.EditText (1)"), "Walter@yopmail.com", 0): Text 'Walter@yopmail.com' has been set to element 'Object Repository/Repo/SignUpNewUser/android.widget.EditText (1)'

02-04-2025T13:27:31 - [MESSAGE][WARNING] - Timeout '0' is invalid. Using default page load timeout: '30'

02-04-2025T13:27:32 - [MESSAGE][PASSED] - Text 'Walter@yopmail.com' has been set to element 'Object Repository/Repo/SignUpNewUser/android.widget.EditText (1)'

02-04-2025T13:27:32 - [TEST_STEP][PASSED] - delay(3): Delayed 3 second(s)

02-04-2025T13:27:35 - [MESSAGE][PASSED] - Delayed 3 second(s)

02-04-2025T13:27:35 - [TEST_STEP][PASSED] - tap(findTestObject("Object Repository/Repo/SignUpNewUser/android.widget.Button - Next (1)"), 0): Tapped on element 'Object Repository/Repo/SignUpNewUser/android.widget.Button - Next (1)'

02-04-2025T13:27:35 - [MESSAGE][WARNING] - Timeout '0' is invalid. Using default page load timeout: '30'

02-04-2025T13:27:35 - [MESSAGE][PASSED] - Tapped on element 'Object Repository/Repo/SignUpNewUser/android.widget.Button - Next (1)'

02-04-2025T13:27:35 - [TEST_STEP][PASSED] - delay(3): Delayed 3 second(s)

02-04-2025T13:27:38 - [MESSAGE][PASSED] - Delayed 3 second(s)

02-04-2025T13:27:38 - [TEST_STEP][PASSED] - setText(findTestObject("Object Repository/Repo/SignUpNewUser/android.widget.EditText (15)"), "john", 0): Text 'john' has been set to element 'Object Repository/Repo/SignUpNewUser/android.widget.EditText (15)'

02-04-2025T13:27:38 - [MESSAGE][WARNING] - Timeout '0' is invalid. Using default page load timeout: '30'

02-04-2025T13:27:39 - [MESSAGE][PASSED] - Text 'john' has been set to element 'Object Repository/Repo/SignUpNewUser/android.widget.EditText (15)'

02-04-2025T13:27:39 - [TEST_STEP][PASSED] - delay(3): Delayed 3 second(s)

02-04-2025T13:27:42 - [MESSAGE][PASSED] - Delayed 3 second(s)

02-04-2025T13:27:42 - [TEST_STEP][PASSED] - hideKeyboard(): Keyboard is hidden

02-04-2025T13:27:43 - [MESSAGE][PASSED] - Keyboard is hidden

02-04-2025T13:27:43 - [TEST_STEP][PASSED] - delay(3): Delayed 3 second(s)

02-04-2025T13:27:46 - [MESSAGE][PASSED] - Delayed 3 second(s)

02-04-2025T13:27:46 - [TEST_STEP][PASSED] - setText(findTestObject("Object Repository/Repo/SignUpNewUser/android.widget.EditText (16)"), "smith", 0): Text 'smith' has been set to element 'Object Repository/Repo/SignUpNewUser/android.widget.EditText (16)'

02-04-2025T13:27:46 - [MESSAGE][WARNING] - Timeout '0' is invalid. Using default page load timeout: '30'

02-04-2025T13:27:47 - [MESSAGE][PASSED] - Text 'smith' has been set to element 'Object Repository/Repo/SignUpNewUser/android.widget.EditText (16)'

02-04-2025T13:27:47 - [TEST_STEP][PASSED] - delay(3): Delayed 3 second(s)

02-04-2025T13:27:50 - [MESSAGE][PASSED] - Delayed 3 second(s)

02-04-2025T13:27:50 - [TEST_STEP][PASSED] - hideKeyboard(): Keyboard is hidden

02-04-2025T13:27:54 - [MESSAGE][PASSED] - Keyboard is hidden

02-04-2025T13:27:54 - [TEST_STEP][PASSED] - delay(3): Delayed 3 second(s)

02-04-2025T13:27:57 - [MESSAGE][PASSED] - Delayed 3 second(s)

02-04-2025T13:27:57 - [TEST_STEP][PASSED] - setText(findTestObject("Object Repository/Repo/SignUpNewUser/android.widget.EditText (17)"), "password", 0): Text 'password' has been set to element 'Object Repository/Repo/SignUpNewUser/android.widget.EditText (17)'

02-04-2025T13:27:57 - [MESSAGE][WARNING] - Timeout '0' is invalid. Using default page load timeout: '30'

02-04-2025T13:27:58 - [MESSAGE][PASSED] - Text 'password' has been set to element 'Object Repository/Repo/SignUpNewUser/android.widget.EditText (17)'

02-04-2025T13:27:58 - [TEST_STEP][PASSED] - delay(3): Delayed 3 second(s)

02-04-2025T13:28:01 - [MESSAGE][PASSED] - Delayed 3 second(s)

02-04-2025T13:28:01 - [TEST_STEP][PASSED] - sendKeys(findTestObject("Object Repository/Repo/SignUpNewUser/android.widget.EditText (18)"), "password1"): Send keys 'password1' on test object 'Object Repository/Repo/SignUpNewUser/android.widget.EditText (18)' successfully.

02-04-2025T13:28:02 - [MESSAGE][PASSED] - Send keys 'password1' on test object 'Object Repository/Repo/SignUpNewUser/android.widget.EditText (18)' successfully.

02-04-2025T13:28:02 - [TEST_STEP][PASSED] - delay(3): Delayed 3 second(s)

02-04-2025T13:28:05 - [MESSAGE][PASSED] - Delayed 3 second(s)

02-04-2025T13:28:05 - [TEST_STEP][PASSED] - tap(findTestObject("Object Repository/Repo/SignUpNewUser/android.widget.Button - Next (2)"), 0): Tapped on element 'Object Repository/Repo/SignUpNewUser/android.widget.Button - Next (2)'

02-04-2025T13:28:05 - [MESSAGE][WARNING] - Timeout '0' is invalid. Using default page load timeout: '30'

02-04-2025T13:28:05 - [MESSAGE][PASSED] - Tapped on element 'Object Repository/Repo/SignUpNewUser/android.widget.Button - Next (2)'

02-04-2025T13:28:05 - [TEST_STEP][PASSED] - delay(3): Delayed 3 second(s)

02-04-2025T13:28:08 - [MESSAGE][PASSED] - Delayed 3 second(s)

02-04-2025T13:28:08 - [TEST_STEP][PASSED] - verifyElementExist(findTestObject("Object Repository/Repo/SignUpNewUser/android.widget.TextView -  Passwords must match"), 0): Element 'Object Repository/Repo/SignUpNewUser/android.widget.TextView -  Passwords must match' is exist

02-04-2025T13:28:08 - [MESSAGE][WARNING] - Timeout '0' is invalid. Using default page load timeout: '30'

02-04-2025T13:28:09 - [MESSAGE][PASSED] - Element 'Object Repository/Repo/SignUpNewUser/android.widget.TextView -  Passwords must match' is exist

02-04-2025T13:28:09 - [TEST_STEP][PASSED] - delay(3): Delayed 3 second(s)

02-04-2025T13:28:12 - [MESSAGE][PASSED] - Delayed 3 second(s)

02-04-2025T13:28:12 - [TEST_STEP][PASSED] - tap(findTestObject("Object Repository/Repo/SignUpNewUser/android.widget.Button - back"), 0): Tapped on element 'Object Repository/Repo/SignUpNewUser/android.widget.Button - back'

02-04-2025T13:28:12 - [MESSAGE][WARNING] - Timeout '0' is invalid. Using default page load timeout: '30'

02-04-2025T13:28:12 - [MESSAGE][PASSED] - Tapped on element 'Object Repository/Repo/SignUpNewUser/android.widget.Button - back'

02-04-2025T13:28:12 - [TEST_STEP][PASSED] - delay(3): Delayed 3 second(s)

02-04-2025T13:28:15 - [MESSAGE][PASSED] - Delayed 3 second(s)

02-04-2025T13:28:15 - [TEST_STEP][PASSED] - setText(findTestObject("Object Repository/Repo/SignUpNewUser/android.widget.EditText (1)"), "Walter@yopmail.com", 0): Text 'Walter@yopmail.com' has been set to element 'Object Repository/Repo/SignUpNewUser/android.widget.EditText (1)'

02-04-2025T13:28:15 - [MESSAGE][WARNING] - Timeout '0' is invalid. Using default page load timeout: '30'

02-04-2025T13:28:16 - [MESSAGE][PASSED] - Text 'Walter@yopmail.com' has been set to element 'Object Repository/Repo/SignUpNewUser/android.widget.EditText (1)'

02-04-2025T13:28:16 - [TEST_STEP][PASSED] - delay(3): Delayed 3 second(s)

02-04-2025T13:28:19 - [MESSAGE][PASSED] - Delayed 3 second(s)

02-04-2025T13:28:19 - [TEST_STEP][PASSED] - tap(findTestObject("Object Repository/Repo/SignUpNewUser/android.widget.Button - Next (1)"), 0): Tapped on element 'Object Repository/Repo/SignUpNewUser/android.widget.Button - Next (1)'

02-04-2025T13:28:19 - [MESSAGE][WARNING] - Timeout '0' is invalid. Using default page load timeout: '30'

02-04-2025T13:28:20 - [MESSAGE][PASSED] - Tapped on element 'Object Repository/Repo/SignUpNewUser/android.widget.Button - Next (1)'

02-04-2025T13:28:20 - [TEST_STEP][PASSED] - delay(3): Delayed 3 second(s)

02-04-2025T13:28:23 - [MESSAGE][PASSED] - Delayed 3 second(s)

02-04-2025T13:28:23 - [TEST_STEP][PASSED] - setText(findTestObject("Object Repository/Repo/SignUpNewUser/android.widget.EditText (20)"), "smith", 0): Text 'smith' has been set to element 'Object Repository/Repo/SignUpNewUser/android.widget.EditText (20)'

02-04-2025T13:28:23 - [MESSAGE][WARNING] - Timeout '0' is invalid. Using default page load timeout: '30'

02-04-2025T13:28:24 - [MESSAGE][PASSED] - Text 'smith' has been set to element 'Object Repository/Repo/SignUpNewUser/android.widget.EditText (20)'

02-04-2025T13:28:24 - [TEST_STEP][PASSED] - delay(3): Delayed 3 second(s)

02-04-2025T13:28:27 - [MESSAGE][PASSED] - Delayed 3 second(s)

02-04-2025T13:28:27 - [TEST_STEP][PASSED] - setText(findTestObject("Object Repository/Repo/SignUpNewUser/android.widget.EditText - smith"), "john", 0): Text 'john' has been set to element 'Object Repository/Repo/SignUpNewUser/android.widget.EditText - smith'

02-04-2025T13:28:27 - [MESSAGE][WARNING] - Timeout '0' is invalid. Using default page load timeout: '30'

02-04-2025T13:28:27 - [MESSAGE][PASSED] - Text 'john' has been set to element 'Object Repository/Repo/SignUpNewUser/android.widget.EditText - smith'

02-04-2025T13:28:27 - [TEST_STEP][PASSED] - delay(3): Delayed 3 second(s)

02-04-2025T13:28:31 - [MESSAGE][PASSED] - Delayed 3 second(s)

02-04-2025T13:28:31 - [TEST_STEP][PASSED] - sendKeys(findTestObject("Object Repository/Repo/SignUpNewUser/android.widget.EditText (21)"), "password"): Send keys 'password' on test object 'Object Repository/Repo/SignUpNewUser/android.widget.EditText (21)' successfully.

02-04-2025T13:28:31 - [MESSAGE][PASSED] - Send keys 'password' on test object 'Object Repository/Repo/SignUpNewUser/android.widget.EditText (21)' successfully.

02-04-2025T13:28:31 - [TEST_STEP][PASSED] - delay(3): Delayed 3 second(s)

02-04-2025T13:28:34 - [MESSAGE][PASSED] - Delayed 3 second(s)

02-04-2025T13:28:34 - [TEST_STEP][PASSED] - sendKeys(findTestObject("Object Repository/Repo/SignUpNewUser/android.widget.EditText (22)"), "password"): Send keys 'password' on test object 'Object Repository/Repo/SignUpNewUser/android.widget.EditText (22)' successfully.

02-04-2025T13:28:35 - [MESSAGE][PASSED] - Send keys 'password' on test object 'Object Repository/Repo/SignUpNewUser/android.widget.EditText (22)' successfully.

02-04-2025T13:28:35 - [TEST_STEP][PASSED] - delay(3): Delayed 3 second(s)

02-04-2025T13:28:38 - [MESSAGE][PASSED] - Delayed 3 second(s)

02-04-2025T13:28:38 - [TEST_STEP][PASSED] - tap(findTestObject("Object Repository/Repo/SignUpNewUser/android.widget.Button - Next (3)"), 0): Tapped on element 'Object Repository/Repo/SignUpNewUser/android.widget.Button - Next (3)'

02-04-2025T13:28:38 - [MESSAGE][WARNING] - Timeout '0' is invalid. Using default page load timeout: '30'

02-04-2025T13:28:38 - [MESSAGE][PASSED] - Tapped on element 'Object Repository/Repo/SignUpNewUser/android.widget.Button - Next (3)'

02-04-2025T13:28:38 - [TEST_STEP][PASSED] - delay(3): Delayed 3 second(s)

02-04-2025T13:28:41 - [MESSAGE][PASSED] - Delayed 3 second(s)

02-04-2025T13:28:41 - [TEST_STEP][PASSED] - verifyElementExist(findTestObject("Object Repository/Repo/SignUpNewUser/android.widget.TextView - Terms and Conditions"), 0): Element 'Object Repository/Repo/SignUpNewUser/android.widget.TextView - Terms and Conditions' is exist

02-04-2025T13:28:41 - [MESSAGE][WARNING] - Timeout '0' is invalid. Using default page load timeout: '30'

02-04-2025T13:28:42 - [MESSAGE][PASSED] - Element 'Object Repository/Repo/SignUpNewUser/android.widget.TextView - Terms and Conditions' is exist

02-04-2025T13:28:42 - [TEST_STEP][PASSED] - delay(3): Delayed 3 second(s)

02-04-2025T13:28:45 - [MESSAGE][PASSED] - Delayed 3 second(s)

02-04-2025T13:28:45 - [TEST_STEP][PASSED] - closeApplication(): Close app successfully

02-04-2025T13:28:49 - [MESSAGE][PASSED] - Close app successfully

02-04-2025T13:28:49 - [TEST_STEP][PASSED] - delay(3): Delayed 3 second(s)

02-04-2025T13:28:52 - [MESSAGE][PASSED] - Delayed 3 second(s)]]></system-out>
         <system-err><![CDATA[]]></system-err>
      </testcase>
      <testcase name="Test Cases/Sign Up New UserPage/C699_SignUpNewUserPage" time="412.718" classname="Test Cases/Sign Up New UserPage/C699_SignUpNewUserPage" status="PASSED">
         <system-out><![CDATA[02-04-2025T13:28:52 - [TEST_CASE][PASSED] - Test Cases/Sign Up New UserPage/C699_SignUpNewUserPage: Test Cases/Sign Up New UserPage/C699_SignUpNewUserPage

02-04-2025T13:28:52 - [TEST_STEP][PASSED] - testData = findTestData("Data Files/LogiNewUser"): null

02-04-2025T13:28:52 - [TEST_STEP][PASSED] - email = testData.getValue("email", 1): null

02-04-2025T13:28:52 - [TEST_STEP][PASSED] - firstName = testData.getValue("firstname", 1): null

02-04-2025T13:28:52 - [TEST_STEP][PASSED] - lastName = testData.getValue("lastname", 1): null

02-04-2025T13:28:52 - [TEST_STEP][PASSED] - password = testData.getValue("password", 1): null

02-04-2025T13:28:52 - [TEST_STEP][PASSED] - confirmPassword = testData.getValue("confirm password", 1): null

02-04-2025T13:28:52 - [TEST_STEP][PASSED] - startApplication(appUrl, true): Started application: '/Users/gv.vignesh/Downloads/WGR-Android-Automation/App Folder/universal.apk'

02-04-2025T13:28:52 - [MESSAGE][INFO] - Starting application: '/Users/gv.vignesh/Downloads/WGR-Android-Automation/App Folder/universal.apk'

02-04-2025T13:28:52 - [MESSAGE][INFO] - User set preference: ['deviceId', '']

02-04-2025T13:28:52 - [MESSAGE][INFO] - Detected NodeJS location: "/opt/homebrew/Cellar/node/23.10.0_1/bin/node"

02-04-2025T13:28:52 - [MESSAGE][INFO] - PATH: /opt/homebrew/Cellar/node/23.10.0_1/bin:/opt/homebrew/bin:/usr/bin:/bin:/usr/sbin:/sbin:/Applications/Katalon Studio Enterprise.app/Contents/Eclipse/jre/Contents/Home/bin:/usr/local/bin/

02-04-2025T13:28:52 - [MESSAGE][INFO] - APPIUM_HOME: /Users/gv.vignesh/.appium

02-04-2025T13:28:52 - [MESSAGE][INFO] - appium outlog: /Users/gv.vignesh/Downloads/WGR-Android-Automation/Reports/20250402_123735/WRMA Android Regression/20250402_123735/appium.log

02-04-2025T13:28:52 - [MESSAGE][INFO] - appium errlog: /Users/gv.vignesh/Downloads/WGR-Android-Automation/Reports/20250402_123735/WRMA Android Regression/20250402_123735/appium_error.log

02-04-2025T13:28:53 - [MESSAGE][INFO] - Appium server started on port 62,410

02-04-2025T13:29:55 - [MESSAGE][PASSED] - Started application: '/Users/gv.vignesh/Downloads/WGR-Android-Automation/App Folder/universal.apk'

02-04-2025T13:29:55 - [TEST_STEP][PASSED] - delay(10): Delayed 10 second(s)

02-04-2025T13:30:05 - [MESSAGE][PASSED] - Delayed 10 second(s)

02-04-2025T13:30:05 - [TEST_STEP][PASSED] - tap(findTestObject("Object Repository/Repo/android.widget.Button - Login or Sign Up"), 0): Tapped on element 'Object Repository/Repo/android.widget.Button - Login or Sign Up'

02-04-2025T13:30:05 - [MESSAGE][WARNING] - Timeout '0' is invalid. Using default page load timeout: '30'

02-04-2025T13:30:07 - [MESSAGE][PASSED] - Tapped on element 'Object Repository/Repo/android.widget.Button - Login or Sign Up'

02-04-2025T13:30:07 - [TEST_STEP][PASSED] - delay(10): Delayed 10 second(s)

02-04-2025T13:30:17 - [MESSAGE][PASSED] - Delayed 10 second(s)

02-04-2025T13:30:17 - [TEST_STEP][PASSED] - setText(findTestObject("Object Repository/Repo/android.widget.EditText-LoginorSignUp"), email, 0): Text 'Williams@yopmail.com' has been set to element 'Object Repository/Repo/android.widget.EditText-LoginorSignUp'

02-04-2025T13:30:17 - [MESSAGE][WARNING] - Timeout '0' is invalid. Using default page load timeout: '30'

02-04-2025T13:30:19 - [MESSAGE][PASSED] - Text 'Williams@yopmail.com' has been set to element 'Object Repository/Repo/android.widget.EditText-LoginorSignUp'

02-04-2025T13:30:19 - [TEST_STEP][PASSED] - hideKeyboard(): Keyboard is hidden

02-04-2025T13:30:23 - [MESSAGE][PASSED] - Keyboard is hidden

02-04-2025T13:30:23 - [TEST_STEP][PASSED] - delay(10): Delayed 10 second(s)

02-04-2025T13:30:33 - [MESSAGE][PASSED] - Delayed 10 second(s)

02-04-2025T13:30:33 - [TEST_STEP][PASSED] - tap(findTestObject("Object Repository/Repo/android.widget.Button - Next"), 0): Tapped on element 'Object Repository/Repo/android.widget.Button - Next'

02-04-2025T13:30:33 - [MESSAGE][WARNING] - Timeout '0' is invalid. Using default page load timeout: '30'

02-04-2025T13:30:34 - [MESSAGE][PASSED] - Tapped on element 'Object Repository/Repo/android.widget.Button - Next'

02-04-2025T13:30:34 - [TEST_STEP][PASSED] - delay(10): Delayed 10 second(s)

02-04-2025T13:30:44 - [MESSAGE][PASSED] - Delayed 10 second(s)

02-04-2025T13:30:44 - [TEST_STEP][PASSED] - setText(findTestObject("Object Repository/Repo/android.widget.EditText-confirm email address"), email, 0): Text 'Williams@yopmail.com' has been set to element 'Object Repository/Repo/android.widget.EditText-confirm email address'

02-04-2025T13:30:44 - [MESSAGE][WARNING] - Timeout '0' is invalid. Using default page load timeout: '30'

02-04-2025T13:30:45 - [MESSAGE][PASSED] - Text 'Williams@yopmail.com' has been set to element 'Object Repository/Repo/android.widget.EditText-confirm email address'

02-04-2025T13:30:45 - [TEST_STEP][PASSED] - hideKeyboard(): Keyboard is hidden

02-04-2025T13:30:49 - [MESSAGE][PASSED] - Keyboard is hidden

02-04-2025T13:30:49 - [TEST_STEP][PASSED] - delay(10): Delayed 10 second(s)

02-04-2025T13:30:59 - [MESSAGE][PASSED] - Delayed 10 second(s)

02-04-2025T13:30:59 - [TEST_STEP][PASSED] - tap(findTestObject("Object Repository/Repo/android.widget.Button - Next (1)"), 0): Tapped on element 'Object Repository/Repo/android.widget.Button - Next (1)'

02-04-2025T13:30:59 - [MESSAGE][WARNING] - Timeout '0' is invalid. Using default page load timeout: '30'

02-04-2025T13:31:00 - [MESSAGE][PASSED] - Tapped on element 'Object Repository/Repo/android.widget.Button - Next (1)'

02-04-2025T13:31:00 - [TEST_STEP][PASSED] - delay(10): Delayed 10 second(s)

02-04-2025T13:31:10 - [MESSAGE][PASSED] - Delayed 10 second(s)

02-04-2025T13:31:10 - [TEST_STEP][PASSED] - setText(findTestObject("Object Repository/Repo/android.widget.EditText-FirstName"), firstName, 0): Text 'steve' has been set to element 'Object Repository/Repo/android.widget.EditText-FirstName'

02-04-2025T13:31:10 - [MESSAGE][WARNING] - Timeout '0' is invalid. Using default page load timeout: '30'

02-04-2025T13:31:11 - [MESSAGE][PASSED] - Text 'steve' has been set to element 'Object Repository/Repo/android.widget.EditText-FirstName'

02-04-2025T13:31:11 - [TEST_STEP][PASSED] - hideKeyboard(): Keyboard is hidden

02-04-2025T13:31:16 - [MESSAGE][PASSED] - Keyboard is hidden

02-04-2025T13:31:16 - [TEST_STEP][PASSED] - delay(10): Delayed 10 second(s)

02-04-2025T13:31:26 - [MESSAGE][PASSED] - Delayed 10 second(s)

02-04-2025T13:31:26 - [TEST_STEP][PASSED] - setText(findTestObject("Object Repository/Repo/android.widget.EditText-LastName"), lastName, 0): Text 'smith' has been set to element 'Object Repository/Repo/android.widget.EditText-LastName'

02-04-2025T13:31:26 - [MESSAGE][WARNING] - Timeout '0' is invalid. Using default page load timeout: '30'

02-04-2025T13:31:27 - [MESSAGE][PASSED] - Text 'smith' has been set to element 'Object Repository/Repo/android.widget.EditText-LastName'

02-04-2025T13:31:27 - [TEST_STEP][PASSED] - hideKeyboard(): Keyboard is hidden

02-04-2025T13:31:31 - [MESSAGE][PASSED] - Keyboard is hidden

02-04-2025T13:31:31 - [TEST_STEP][PASSED] - delay(10): Delayed 10 second(s)

02-04-2025T13:31:41 - [MESSAGE][PASSED] - Delayed 10 second(s)

02-04-2025T13:31:41 - [TEST_STEP][PASSED] - sendKeys(findTestObject("Object Repository/Repo/android.widget.EditText-Password"), password): Send keys 'password' on test object 'Object Repository/Repo/android.widget.EditText-Password' successfully.

02-04-2025T13:31:41 - [MESSAGE][PASSED] - Send keys 'password' on test object 'Object Repository/Repo/android.widget.EditText-Password' successfully.

02-04-2025T13:31:41 - [TEST_STEP][PASSED] - delay(10): Delayed 10 second(s)

02-04-2025T13:31:51 - [MESSAGE][PASSED] - Delayed 10 second(s)

02-04-2025T13:31:51 - [TEST_STEP][PASSED] - sendKeys(findTestObject("Object Repository/Repo/android.widget.EditText-Confirm Password"), confirmPassword): Send keys 'password' on test object 'Object Repository/Repo/android.widget.EditText-Confirm Password' successfully.

02-04-2025T13:31:52 - [MESSAGE][PASSED] - Send keys 'password' on test object 'Object Repository/Repo/android.widget.EditText-Confirm Password' successfully.

02-04-2025T13:31:52 - [TEST_STEP][PASSED] - delay(10): Delayed 10 second(s)

02-04-2025T13:32:02 - [MESSAGE][PASSED] - Delayed 10 second(s)

02-04-2025T13:32:02 - [TEST_STEP][PASSED] - tap(findTestObject("Object Repository/Repo/android.widget.Button - Next (2)"), 0): Tapped on element 'Object Repository/Repo/android.widget.Button - Next (2)'

02-04-2025T13:32:02 - [MESSAGE][WARNING] - Timeout '0' is invalid. Using default page load timeout: '30'

02-04-2025T13:32:03 - [MESSAGE][PASSED] - Tapped on element 'Object Repository/Repo/android.widget.Button - Next (2)'

02-04-2025T13:32:03 - [TEST_STEP][PASSED] - delay(20): Delayed 20 second(s)

02-04-2025T13:32:23 - [MESSAGE][PASSED] - Delayed 20 second(s)

02-04-2025T13:32:23 - [TEST_STEP][PASSED] - scrollToText("etc)."): Scrolling to text 'etc).' successfully

02-04-2025T13:32:25 - [MESSAGE][PASSED] - Scrolling to text 'etc).' successfully

02-04-2025T13:32:25 - [TEST_STEP][PASSED] - delay(5): Delayed 5 second(s)

02-04-2025T13:32:30 - [MESSAGE][PASSED] - Delayed 5 second(s)

02-04-2025T13:32:30 - [TEST_STEP][PASSED] - tap(findTestObject("Object Repository/Repo/android.widget.Button - Agree to Terms  Conditions"), 0): Tapped on element 'Object Repository/Repo/android.widget.Button - Agree to Terms  Conditions'

02-04-2025T13:32:30 - [MESSAGE][WARNING] - Timeout '0' is invalid. Using default page load timeout: '30'

02-04-2025T13:32:31 - [MESSAGE][PASSED] - Tapped on element 'Object Repository/Repo/android.widget.Button - Agree to Terms  Conditions'

02-04-2025T13:32:31 - [TEST_STEP][PASSED] - delay(45): Delayed 45 second(s)

02-04-2025T13:33:16 - [MESSAGE][PASSED] - Delayed 45 second(s)

02-04-2025T13:33:16 - [TEST_STEP][PASSED] - setText(findTestObject("Object Repository/Repo/android.widget.EditText-OAM(Login)"), email, 0): Text 'Williams@yopmail.com' has been set to element 'Object Repository/Repo/android.widget.EditText-OAM(Login)'

02-04-2025T13:33:16 - [MESSAGE][WARNING] - Timeout '0' is invalid. Using default page load timeout: '30'

02-04-2025T13:33:19 - [MESSAGE][PASSED] - Text 'Williams@yopmail.com' has been set to element 'Object Repository/Repo/android.widget.EditText-OAM(Login)'

02-04-2025T13:33:19 - [TEST_STEP][PASSED] - hideKeyboard(): Keyboard is hidden

02-04-2025T13:33:22 - [MESSAGE][PASSED] - Keyboard is hidden

02-04-2025T13:33:22 - [TEST_STEP][PASSED] - delay(30): Delayed 30 second(s)

02-04-2025T13:33:52 - [MESSAGE][PASSED] - Delayed 30 second(s)

02-04-2025T13:33:52 - [TEST_STEP][PASSED] - setText(findTestObject("Object Repository/Repo/android.widget.EditText-OAM(Password)"), password, 0): Text 'password' has been set to element 'Object Repository/Repo/android.widget.EditText-OAM(Password)'

02-04-2025T13:33:52 - [MESSAGE][WARNING] - Timeout '0' is invalid. Using default page load timeout: '30'

02-04-2025T13:33:53 - [MESSAGE][PASSED] - Text 'password' has been set to element 'Object Repository/Repo/android.widget.EditText-OAM(Password)'

02-04-2025T13:33:53 - [TEST_STEP][PASSED] - hideKeyboard(): Keyboard is hidden

02-04-2025T13:33:57 - [MESSAGE][PASSED] - Keyboard is hidden

02-04-2025T13:33:57 - [TEST_STEP][PASSED] - delay(30): Delayed 30 second(s)

02-04-2025T13:34:27 - [MESSAGE][PASSED] - Delayed 30 second(s)

02-04-2025T13:34:27 - [TEST_STEP][PASSED] - tap(findTestObject("Object Repository/Repo/android.widget.Button -OAM(Login)"), 0): Tapped on element 'Object Repository/Repo/android.widget.Button -OAM(Login)'

02-04-2025T13:34:27 - [MESSAGE][WARNING] - Timeout '0' is invalid. Using default page load timeout: '30'

02-04-2025T13:34:28 - [MESSAGE][PASSED] - Tapped on element 'Object Repository/Repo/android.widget.Button -OAM(Login)'

02-04-2025T13:34:28 - [TEST_STEP][PASSED] - delay(20): Delayed 20 second(s)

02-04-2025T13:34:48 - [MESSAGE][PASSED] - Delayed 20 second(s)

02-04-2025T13:34:48 - [TEST_STEP][PASSED] - tap(findTestObject("Object Repository/Repo/android.widget.Button - Next-(VerifyAccount)"), 0): Tapped on element 'Object Repository/Repo/android.widget.Button - Next-(VerifyAccount)'

02-04-2025T13:34:48 - [MESSAGE][WARNING] - Timeout '0' is invalid. Using default page load timeout: '30'

02-04-2025T13:34:48 - [MESSAGE][PASSED] - Tapped on element 'Object Repository/Repo/android.widget.Button - Next-(VerifyAccount)'

02-04-2025T13:34:48 - [TEST_STEP][PASSED] - delay(10): Delayed 10 second(s)

02-04-2025T13:34:58 - [MESSAGE][PASSED] - Delayed 10 second(s)

02-04-2025T13:34:58 - [TEST_STEP][PASSED] - verifyElementExist(findTestObject("Object Repository/Repo/android.widget.TextView - Youve chosen to skip the email verification process. While you can explore the app as a guest, please note that certain features and functionalities may be limited"), 0): Element 'Object Repository/Repo/android.widget.TextView - Youve chosen to skip the email verification process. While you can explore the app as a guest, please note that certain features and functionalities may be limited' is exist

02-04-2025T13:34:58 - [MESSAGE][WARNING] - Timeout '0' is invalid. Using default page load timeout: '30'

02-04-2025T13:34:59 - [MESSAGE][PASSED] - Element 'Object Repository/Repo/android.widget.TextView - Youve chosen to skip the email verification process. While you can explore the app as a guest, please note that certain features and functionalities may be limited' is exist

02-04-2025T13:34:59 - [TEST_STEP][PASSED] - delay(10): Delayed 10 second(s)

02-04-2025T13:35:09 - [MESSAGE][PASSED] - Delayed 10 second(s)

02-04-2025T13:35:09 - [TEST_STEP][PASSED] - verifyElementExist(findTestObject("Object Repository/Repo/android.widget.TextView - To fully access all features"), 0): Element 'Object Repository/Repo/android.widget.TextView - To fully access all features' is exist

02-04-2025T13:35:09 - [MESSAGE][WARNING] - Timeout '0' is invalid. Using default page load timeout: '30'

02-04-2025T13:35:09 - [MESSAGE][PASSED] - Element 'Object Repository/Repo/android.widget.TextView - To fully access all features' is exist

02-04-2025T13:35:09 - [TEST_STEP][PASSED] - delay(10): Delayed 10 second(s)

02-04-2025T13:35:19 - [MESSAGE][PASSED] - Delayed 10 second(s)

02-04-2025T13:35:19 - [TEST_STEP][PASSED] - actualText = getText(findTestObject("Object Repository/Repo/android.widget.TextView - Youve chosen to skip the email verification process. While you can explore the app as a guest, please note that certain features and functionalities may be limited"), 0): Text of element 'Object Repository/Repo/android.widget.TextView - Youve chosen to skip the email verification process. While you can explore the app as a guest, please note that certain features and functionalities may be limited' is: 'You've chosen to skip the email verification process. While you can explore the app as a guest, please note that certain features and functionalities may be limited.'

02-04-2025T13:35:19 - [MESSAGE][WARNING] - Timeout '0' is invalid. Using default page load timeout: '30'

02-04-2025T13:35:20 - [MESSAGE][PASSED] - Text of element 'Object Repository/Repo/android.widget.TextView - Youve chosen to skip the email verification process. While you can explore the app as a guest, please note that certain features and functionalities may be limited' is: 'You've chosen to skip the email verification process. While you can explore the app as a guest, please note that certain features and functionalities may be limited.'

02-04-2025T13:35:20 - [TEST_STEP][PASSED] - expectedText = "You've chosen to skip the email verification process. While you can explore the app as a guest, please note that certain features and functionalities may be limited.": null

02-04-2025T13:35:20 - [TEST_STEP][PASSED] - assert actualText == expectedText: null

02-04-2025T13:35:20 - [TEST_STEP][PASSED] - verifyElementExist(findTestObject("Object Repository/Repo/android.widget.Button - Next (2)"), 0): Element 'Object Repository/Repo/android.widget.Button - Next (2)' is exist

02-04-2025T13:35:20 - [MESSAGE][WARNING] - Timeout '0' is invalid. Using default page load timeout: '30'

02-04-2025T13:35:20 - [MESSAGE][PASSED] - Element 'Object Repository/Repo/android.widget.Button - Next (2)' is exist

02-04-2025T13:35:20 - [TEST_STEP][PASSED] - delay(10): Delayed 10 second(s)

02-04-2025T13:35:30 - [MESSAGE][PASSED] - Delayed 10 second(s)

02-04-2025T13:35:30 - [TEST_STEP][PASSED] - tap(findTestObject("Object Repository/Repo/android.widget.Button - Next (2)"), 0): Tapped on element 'Object Repository/Repo/android.widget.Button - Next (2)'

02-04-2025T13:35:30 - [MESSAGE][WARNING] - Timeout '0' is invalid. Using default page load timeout: '30'

02-04-2025T13:35:31 - [MESSAGE][PASSED] - Tapped on element 'Object Repository/Repo/android.widget.Button - Next (2)'

02-04-2025T13:35:31 - [TEST_STEP][PASSED] - delay(10): Delayed 10 second(s)

02-04-2025T13:35:41 - [MESSAGE][PASSED] - Delayed 10 second(s)

02-04-2025T13:35:41 - [TEST_STEP][PASSED] - closeApplication(): Close app successfully

02-04-2025T13:35:45 - [MESSAGE][PASSED] - Close app successfully

02-04-2025T13:35:45 - [TEST_STEP][PASSED] - closeBrowser(): Browser is closed

02-04-2025T13:35:45 - [MESSAGE][PASSED] - Browser is closed]]></system-out>
         <system-err><![CDATA[]]></system-err>
      </testcase>
      <testcase name="Test Cases/Login Owner OR Renter/C735-C736-C739_LoginOwnerOrRenter" time="463.561" classname="Test Cases/Login Owner OR Renter/C735-C736-C739_LoginOwnerOrRenter" status="PASSED">
         <system-out><![CDATA[02-04-2025T13:35:45 - [TEST_CASE][PASSED] - Test Cases/Login Owner OR Renter/C735-C736-C739_LoginOwnerOrRenter: Test Cases/Login Owner OR Renter/C735-C736-C739_LoginOwnerOrRenter

02-04-2025T13:35:45 - [TEST_STEP][PASSED] - testData = findTestData("Data Files/LogiNewUser"): null

02-04-2025T13:35:45 - [TEST_STEP][PASSED] - email = testData.getValue("email", 1): null

02-04-2025T13:35:45 - [TEST_STEP][PASSED] - password = testData.getValue("password", 1): null

02-04-2025T13:35:45 - [TEST_STEP][PASSED] - startApplication("/Users/gv.vignesh/Downloads/WGR-Android-Automation/App Folder/app-debug.apk", true): Started application: '/Users/gv.vignesh/Downloads/WGR-Android-Automation/App Folder/app-debug.apk'

02-04-2025T13:35:45 - [MESSAGE][INFO] - Starting application: '/Users/gv.vignesh/Downloads/WGR-Android-Automation/App Folder/app-debug.apk'

02-04-2025T13:35:45 - [MESSAGE][INFO] - User set preference: ['deviceId', '']

02-04-2025T13:35:45 - [MESSAGE][INFO] - Detected NodeJS location: "/opt/homebrew/Cellar/node/23.10.0_1/bin/node"

02-04-2025T13:35:45 - [MESSAGE][INFO] - PATH: /opt/homebrew/Cellar/node/23.10.0_1/bin:/opt/homebrew/bin:/usr/bin:/bin:/usr/sbin:/sbin:/Applications/Katalon Studio Enterprise.app/Contents/Eclipse/jre/Contents/Home/bin:/usr/local/bin/

02-04-2025T13:35:45 - [MESSAGE][INFO] - APPIUM_HOME: /Users/gv.vignesh/.appium

02-04-2025T13:35:45 - [MESSAGE][INFO] - appium outlog: /Users/gv.vignesh/Downloads/WGR-Android-Automation/Reports/20250402_123735/WRMA Android Regression/20250402_123735/appium.log

02-04-2025T13:35:45 - [MESSAGE][INFO] - appium errlog: /Users/gv.vignesh/Downloads/WGR-Android-Automation/Reports/20250402_123735/WRMA Android Regression/20250402_123735/appium_error.log

02-04-2025T13:35:46 - [MESSAGE][INFO] - Appium server started on port 62,750

02-04-2025T13:37:19 - [MESSAGE][PASSED] - Started application: '/Users/gv.vignesh/Downloads/WGR-Android-Automation/App Folder/app-debug.apk'

02-04-2025T13:37:19 - [TEST_STEP][PASSED] - delay(10): Delayed 10 second(s)

02-04-2025T13:37:29 - [MESSAGE][PASSED] - Delayed 10 second(s)

02-04-2025T13:37:29 - [TEST_STEP][PASSED] - tap(findTestObject("Object Repository/Repo/android.widget.Button - Login or Sign Up"), 0): Tapped on element 'Object Repository/Repo/android.widget.Button - Login or Sign Up'

02-04-2025T13:37:29 - [MESSAGE][WARNING] - Timeout '0' is invalid. Using default page load timeout: '30'

02-04-2025T13:37:31 - [MESSAGE][PASSED] - Tapped on element 'Object Repository/Repo/android.widget.Button - Login or Sign Up'

02-04-2025T13:37:31 - [TEST_STEP][PASSED] - delay(10): Delayed 10 second(s)

02-04-2025T13:37:41 - [MESSAGE][PASSED] - Delayed 10 second(s)

02-04-2025T13:37:41 - [TEST_STEP][PASSED] - sendKeys(findTestObject("Object Repository/Repo/android.widget.EditText-LoginorSignUp"), email): Send keys 'Williams@yopmail.com' on test object 'Object Repository/Repo/android.widget.EditText-LoginorSignUp' successfully.

02-04-2025T13:37:43 - [MESSAGE][PASSED] - Send keys 'Williams@yopmail.com' on test object 'Object Repository/Repo/android.widget.EditText-LoginorSignUp' successfully.

02-04-2025T13:37:43 - [TEST_STEP][PASSED] - delay(10): Delayed 10 second(s)

02-04-2025T13:37:53 - [MESSAGE][PASSED] - Delayed 10 second(s)

02-04-2025T13:37:53 - [TEST_STEP][PASSED] - tap(findTestObject("Object Repository/Repo/android.widget.Button - Next"), 0): Tapped on element 'Object Repository/Repo/android.widget.Button - Next'

02-04-2025T13:37:53 - [MESSAGE][WARNING] - Timeout '0' is invalid. Using default page load timeout: '30'

02-04-2025T13:37:54 - [MESSAGE][PASSED] - Tapped on element 'Object Repository/Repo/android.widget.Button - Next'

02-04-2025T13:37:54 - [TEST_STEP][PASSED] - delay(45): Delayed 45 second(s)

02-04-2025T13:38:39 - [MESSAGE][PASSED] - Delayed 45 second(s)

02-04-2025T13:38:39 - [TEST_STEP][PASSED] - setText(findTestObject("Object Repository/Repo/android.widget.TextView - Email Address-oam"), email, 0, STOP_ON_FAILURE): Text 'Williams@yopmail.com' has been set to element 'Object Repository/Repo/android.widget.TextView - Email Address-oam'

02-04-2025T13:38:39 - [MESSAGE][WARNING] - Timeout '0' is invalid. Using default page load timeout: '30'

02-04-2025T13:38:43 - [MESSAGE][PASSED] - Text 'Williams@yopmail.com' has been set to element 'Object Repository/Repo/android.widget.TextView - Email Address-oam'

02-04-2025T13:38:43 - [TEST_STEP][PASSED] - hideKeyboard(): Keyboard is hidden

02-04-2025T13:38:47 - [MESSAGE][PASSED] - Keyboard is hidden

02-04-2025T13:38:47 - [TEST_STEP][PASSED] - delay(30): Delayed 30 second(s)

02-04-2025T13:39:17 - [MESSAGE][PASSED] - Delayed 30 second(s)

02-04-2025T13:39:17 - [TEST_STEP][PASSED] - setText(findTestObject("Object Repository/Repo/android.widget.TextView - Password-oam"), password, 0, STOP_ON_FAILURE): Text 'password' has been set to element 'Object Repository/Repo/android.widget.TextView - Password-oam'

02-04-2025T13:39:18 - [MESSAGE][WARNING] - Timeout '0' is invalid. Using default page load timeout: '30'

02-04-2025T13:39:19 - [MESSAGE][PASSED] - Text 'password' has been set to element 'Object Repository/Repo/android.widget.TextView - Password-oam'

02-04-2025T13:39:19 - [TEST_STEP][PASSED] - hideKeyboard(): Keyboard is hidden

02-04-2025T13:39:24 - [MESSAGE][PASSED] - Keyboard is hidden

02-04-2025T13:39:24 - [TEST_STEP][PASSED] - delay(30): Delayed 30 second(s)

02-04-2025T13:39:54 - [MESSAGE][PASSED] - Delayed 30 second(s)

02-04-2025T13:39:54 - [TEST_STEP][PASSED] - tap(findTestObject("Object Repository/Repo/android.widget.Button -OAM(Login)"), 0, STOP_ON_FAILURE): Tapped on element 'Object Repository/Repo/android.widget.Button -OAM(Login)'

02-04-2025T13:39:54 - [MESSAGE][WARNING] - Timeout '0' is invalid. Using default page load timeout: '30'

02-04-2025T13:39:55 - [MESSAGE][PASSED] - Tapped on element 'Object Repository/Repo/android.widget.Button -OAM(Login)'

02-04-2025T13:39:55 - [TEST_STEP][PASSED] - delay(30): Delayed 30 second(s)

02-04-2025T13:40:25 - [MESSAGE][PASSED] - Delayed 30 second(s)

02-04-2025T13:40:25 - [TEST_STEP][PASSED] - homeElementExists = verifyElementExist(findTestObject("Object Repository/Repo/android.view.View - Home"), 0): Element 'Object Repository/Repo/android.view.View - Home' is exist

02-04-2025T13:40:25 - [MESSAGE][WARNING] - Timeout '0' is invalid. Using default page load timeout: '30'

02-04-2025T13:40:26 - [MESSAGE][PASSED] - Element 'Object Repository/Repo/android.view.View - Home' is exist

02-04-2025T13:40:26 - [TEST_STEP][PASSED] - assert homeElementExists : "Element 'Home' does not exist.": null

02-04-2025T13:40:26 - [TEST_STEP][PASSED] - homeText = getText(findTestObject("Object Repository/Repo/android.view.View - Home"), 0): Text of element 'Object Repository/Repo/android.view.View - Home' is: 'Home'

02-04-2025T13:40:26 - [MESSAGE][WARNING] - Timeout '0' is invalid. Using default page load timeout: '30'

02-04-2025T13:40:27 - [MESSAGE][PASSED] - Text of element 'Object Repository/Repo/android.view.View - Home' is: 'Home'

02-04-2025T13:40:27 - [TEST_STEP][PASSED] - assert homeText == "Home": null

02-04-2025T13:40:27 - [TEST_STEP][PASSED] - delay(10): Delayed 10 second(s)

02-04-2025T13:40:37 - [MESSAGE][PASSED] - Delayed 10 second(s)

02-04-2025T13:40:37 - [TEST_STEP][PASSED] - myStayElementExists = verifyElementExist(findTestObject("Object Repository/Repo/android.view.View - My Stay"), 0): Element 'Object Repository/Repo/android.view.View - My Stay' is exist

02-04-2025T13:40:37 - [MESSAGE][WARNING] - Timeout '0' is invalid. Using default page load timeout: '30'

02-04-2025T13:40:38 - [MESSAGE][PASSED] - Element 'Object Repository/Repo/android.view.View - My Stay' is exist

02-04-2025T13:40:38 - [TEST_STEP][PASSED] - assert myStayElementExists : "Element 'My Stay' does not exist.": null

02-04-2025T13:40:38 - [TEST_STEP][PASSED] - myStayText = getText(findTestObject("Object Repository/Repo/android.view.View - My Stay"), 0): Text of element 'Object Repository/Repo/android.view.View - My Stay' is: 'My Stay'

02-04-2025T13:40:38 - [MESSAGE][WARNING] - Timeout '0' is invalid. Using default page load timeout: '30'

02-04-2025T13:40:39 - [MESSAGE][PASSED] - Text of element 'Object Repository/Repo/android.view.View - My Stay' is: 'My Stay'

02-04-2025T13:40:39 - [TEST_STEP][PASSED] - assert myStayText == "My Stay": null

02-04-2025T13:40:39 - [TEST_STEP][PASSED] - delay(10): Delayed 10 second(s)

02-04-2025T13:40:49 - [MESSAGE][PASSED] - Delayed 10 second(s)

02-04-2025T13:40:49 - [TEST_STEP][PASSED] - myAccountElementExists = verifyElementExist(findTestObject("Object Repository/Repo/android.view.View - My Account"), 0): Element 'Object Repository/Repo/android.view.View - My Account' is exist

02-04-2025T13:40:49 - [MESSAGE][WARNING] - Timeout '0' is invalid. Using default page load timeout: '30'

02-04-2025T13:40:49 - [MESSAGE][PASSED] - Element 'Object Repository/Repo/android.view.View - My Account' is exist

02-04-2025T13:40:49 - [TEST_STEP][PASSED] - assert myAccountElementExists : "Element 'My Account' does not exist.": null

02-04-2025T13:40:49 - [TEST_STEP][PASSED] - myAccountText = getText(findTestObject("Object Repository/Repo/android.view.View - My Account"), 0): Text of element 'Object Repository/Repo/android.view.View - My Account' is: 'My Account'

02-04-2025T13:40:49 - [MESSAGE][WARNING] - Timeout '0' is invalid. Using default page load timeout: '30'

02-04-2025T13:40:50 - [MESSAGE][PASSED] - Text of element 'Object Repository/Repo/android.view.View - My Account' is: 'My Account'

02-04-2025T13:40:50 - [TEST_STEP][PASSED] - assert myAccountText == "My Account": null

02-04-2025T13:40:50 - [TEST_STEP][PASSED] - delay(5): Delayed 5 second(s)

02-04-2025T13:40:55 - [MESSAGE][PASSED] - Delayed 5 second(s)

02-04-2025T13:40:55 - [TEST_STEP][PASSED] - println("Text 'Home' is present."): null

02-04-2025T13:40:55 - [TEST_STEP][PASSED] - println("Text 'My Stay' is present."): null

02-04-2025T13:40:55 - [TEST_STEP][PASSED] - println("Text 'My Account' is present."): null

02-04-2025T13:40:55 - [TEST_STEP][PASSED] - delay(10): Delayed 10 second(s)

02-04-2025T13:41:05 - [MESSAGE][PASSED] - Delayed 10 second(s)

02-04-2025T13:41:05 - [TEST_STEP][PASSED] - tap(findTestObject("Object Repository/Repo/android.view.View - Home"), 0, STOP_ON_FAILURE): Tapped on element 'Object Repository/Repo/android.view.View - Home'

02-04-2025T13:41:05 - [MESSAGE][WARNING] - Timeout '0' is invalid. Using default page load timeout: '30'

02-04-2025T13:41:06 - [MESSAGE][PASSED] - Tapped on element 'Object Repository/Repo/android.view.View - Home'

02-04-2025T13:41:06 - [TEST_STEP][PASSED] - delay(5): Delayed 5 second(s)

02-04-2025T13:41:11 - [MESSAGE][PASSED] - Delayed 5 second(s)

02-04-2025T13:41:11 - [TEST_STEP][PASSED] - tap(findTestObject("Object Repository/Repo/android.widget.Button - menu"), 0, STOP_ON_FAILURE): Tapped on element 'Object Repository/Repo/android.widget.Button - menu'

02-04-2025T13:41:11 - [MESSAGE][WARNING] - Timeout '0' is invalid. Using default page load timeout: '30'

02-04-2025T13:41:12 - [MESSAGE][PASSED] - Tapped on element 'Object Repository/Repo/android.widget.Button - menu'

02-04-2025T13:41:12 - [TEST_STEP][PASSED] - delay(20): Delayed 20 second(s)

02-04-2025T13:41:32 - [MESSAGE][PASSED] - Delayed 20 second(s)

02-04-2025T13:41:32 - [TEST_STEP][PASSED] - if (waitForElementPresent(findTestObject("Object Repository/Repo/android.widget.TextView - Terms and Conditions-Menu"), 10, CONTINUE_ON_FAILURE)): null

02-04-2025T13:41:33 - [MESSAGE][PASSED] - Element 'Object Repository/Repo/android.widget.TextView - Terms and Conditions-Menu' is present

02-04-2025T13:41:33 - [TEST_STEP][PASSED] - tap(findTestObject("Object Repository/Repo/android.widget.TextView - Terms and Conditions-Menu"), 0, STOP_ON_FAILURE): Tapped on element 'Object Repository/Repo/android.widget.TextView - Terms and Conditions-Menu'

02-04-2025T13:41:33 - [MESSAGE][WARNING] - Timeout '0' is invalid. Using default page load timeout: '30'

02-04-2025T13:41:34 - [MESSAGE][PASSED] - Tapped on element 'Object Repository/Repo/android.widget.TextView - Terms and Conditions-Menu'

02-04-2025T13:41:34 - [TEST_STEP][PASSED] - delay(20): Delayed 20 second(s)

02-04-2025T13:41:54 - [MESSAGE][PASSED] - Delayed 20 second(s)

02-04-2025T13:41:54 - [TEST_STEP][PASSED] - if (waitForElementPresent(findTestObject("Object Repository/Repo/android.view.View-Terms and conditions web"), 10, CONTINUE_ON_FAILURE)): Object Object Repository/Repo/android.view.View-Terms and conditions web not found

02-04-2025T13:42:04 - [MESSAGE][WARNING] - Object Object Repository/Repo/android.view.View-Terms and conditions web not found

02-04-2025T13:42:04 - [TEST_STEP][PASSED] - else: null

02-04-2025T13:42:04 - [TEST_STEP][PASSED] - println("Element 'android.view.View - Terms & Conditions-Webview' does not exist after waiting."): null

02-04-2025T13:42:04 - [TEST_STEP][PASSED] - delay(20): Delayed 20 second(s)

02-04-2025T13:42:24 - [MESSAGE][PASSED] - Delayed 20 second(s)

02-04-2025T13:42:24 - [TEST_STEP][PASSED] - tap(findTestObject("Object Repository/Repo/android.widget.ImageButton-Cancel web"), 0, STOP_ON_FAILURE): Tapped on element 'Object Repository/Repo/android.widget.ImageButton-Cancel web'

02-04-2025T13:42:24 - [MESSAGE][WARNING] - Timeout '0' is invalid. Using default page load timeout: '30'

02-04-2025T13:42:25 - [MESSAGE][PASSED] - Tapped on element 'Object Repository/Repo/android.widget.ImageButton-Cancel web'

02-04-2025T13:42:25 - [TEST_STEP][PASSED] - delay(15): Delayed 15 second(s)

02-04-2025T13:42:40 - [MESSAGE][PASSED] - Delayed 15 second(s)

02-04-2025T13:42:40 - [TEST_STEP][PASSED] - tap(findTestObject("Object Repository/Repo/android.widget.Button - menu"), 0, STOP_ON_FAILURE): Tapped on element 'Object Repository/Repo/android.widget.Button - menu'

02-04-2025T13:42:40 - [MESSAGE][WARNING] - Timeout '0' is invalid. Using default page load timeout: '30'

02-04-2025T13:42:41 - [MESSAGE][PASSED] - Tapped on element 'Object Repository/Repo/android.widget.Button - menu'

02-04-2025T13:42:41 - [TEST_STEP][PASSED] - delay(20): Delayed 20 second(s)

02-04-2025T13:43:01 - [MESSAGE][PASSED] - Delayed 20 second(s)

02-04-2025T13:43:01 - [TEST_STEP][PASSED] - tap(findTestObject("Object Repository/Repo/android.widget.TextView - Privacy Policy-Menu"), 0, STOP_ON_FAILURE): Tapped on element 'Object Repository/Repo/android.widget.TextView - Privacy Policy-Menu'

02-04-2025T13:43:01 - [MESSAGE][WARNING] - Timeout '0' is invalid. Using default page load timeout: '30'

02-04-2025T13:43:02 - [MESSAGE][PASSED] - Tapped on element 'Object Repository/Repo/android.widget.TextView - Privacy Policy-Menu'

02-04-2025T13:43:02 - [TEST_STEP][PASSED] - delay(20): Delayed 20 second(s)

02-04-2025T13:43:22 - [MESSAGE][PASSED] - Delayed 20 second(s)

02-04-2025T13:43:22 - [TEST_STEP][PASSED] - if (waitForElementPresent(findTestObject("Object Repository/Repo/android.widget.TextView - Privacy Policy-web"), 20, CONTINUE_ON_FAILURE)): null

02-04-2025T13:43:23 - [MESSAGE][PASSED] - Element 'Object Repository/Repo/android.widget.TextView - Privacy Policy-web' is present

02-04-2025T13:43:23 - [TEST_STEP][PASSED] - println("Element 'android.widget.TextView - Privacy Policy-web' exists."): null

02-04-2025T13:43:23 - [TEST_STEP][PASSED] - closeApplication(): Close app successfully

02-04-2025T13:43:29 - [MESSAGE][PASSED] - Close app successfully

02-04-2025T13:43:29 - [TEST_STEP][PASSED] - closeBrowser(): Browser is closed

02-04-2025T13:43:29 - [MESSAGE][PASSED] - Browser is closed]]></system-out>
         <system-err><![CDATA[]]></system-err>
      </testcase>
      <testcase name="Test Cases/Login Owner OR Renter/C661-C720-C721_LoginOwnerOrRenter" time="311.933" classname="Test Cases/Login Owner OR Renter/C661-C720-C721_LoginOwnerOrRenter" status="PASSED">
         <system-out><![CDATA[02-04-2025T13:48:12 - [TEST_CASE][PASSED] - Test Cases/Login Owner OR Renter/C661-C720-C721_LoginOwnerOrRenter: Test Cases/Login Owner OR Renter/C661-C720-C721_LoginOwnerOrRenter

02-04-2025T13:48:12 - [TEST_STEP][PASSED] - testData = findTestData("Data Files/LogiNewUser"): null

02-04-2025T13:48:12 - [TEST_STEP][PASSED] - email = testData.getValue("email", 1): null

02-04-2025T13:48:12 - [TEST_STEP][PASSED] - password = testData.getValue("password", 1): null

02-04-2025T13:48:12 - [TEST_STEP][PASSED] - expectedVersion = testData.getValue("version", 1): null

02-04-2025T13:48:12 - [TEST_STEP][PASSED] - startApplication(appUrl, true): Started application: '/Users/gv.vignesh/Downloads/WGR-Android-Automation/App Folder/universal.apk'

02-04-2025T13:48:12 - [MESSAGE][INFO] - Starting application: '/Users/gv.vignesh/Downloads/WGR-Android-Automation/App Folder/universal.apk'

02-04-2025T13:48:12 - [MESSAGE][INFO] - User set preference: ['deviceId', '']

02-04-2025T13:49:47 - [MESSAGE][PASSED] - Started application: '/Users/gv.vignesh/Downloads/WGR-Android-Automation/App Folder/universal.apk'

02-04-2025T13:49:47 - [TEST_STEP][PASSED] - delay(10): Delayed 10 second(s)

02-04-2025T13:49:57 - [MESSAGE][PASSED] - Delayed 10 second(s)

02-04-2025T13:49:57 - [TEST_STEP][PASSED] - tap(findTestObject("Object Repository/Repo/android.widget.Button - Login or Sign Up"), 0): Tapped on element 'Object Repository/Repo/android.widget.Button - Login or Sign Up'

02-04-2025T13:49:57 - [MESSAGE][WARNING] - Timeout '0' is invalid. Using default page load timeout: '30'

02-04-2025T13:49:59 - [MESSAGE][PASSED] - Tapped on element 'Object Repository/Repo/android.widget.Button - Login or Sign Up'

02-04-2025T13:49:59 - [TEST_STEP][PASSED] - delay(10): Delayed 10 second(s)

02-04-2025T13:50:09 - [MESSAGE][PASSED] - Delayed 10 second(s)

02-04-2025T13:50:09 - [TEST_STEP][PASSED] - setText(findTestObject("Object Repository/Repo/android.widget.EditText-LoginorSignUp"), email, 0): Text 'Williams@yopmail.com' has been set to element 'Object Repository/Repo/android.widget.EditText-LoginorSignUp'

02-04-2025T13:50:09 - [MESSAGE][WARNING] - Timeout '0' is invalid. Using default page load timeout: '30'

02-04-2025T13:50:11 - [MESSAGE][PASSED] - Text 'Williams@yopmail.com' has been set to element 'Object Repository/Repo/android.widget.EditText-LoginorSignUp'

02-04-2025T13:50:11 - [TEST_STEP][PASSED] - hideKeyboard(): Keyboard is hidden

02-04-2025T13:50:15 - [MESSAGE][PASSED] - Keyboard is hidden

02-04-2025T13:50:15 - [TEST_STEP][PASSED] - delay(10): Delayed 10 second(s)

02-04-2025T13:50:25 - [MESSAGE][PASSED] - Delayed 10 second(s)

02-04-2025T13:50:25 - [TEST_STEP][PASSED] - tap(findTestObject("Object Repository/Repo/android.widget.Button - Next"), 0): Tapped on element 'Object Repository/Repo/android.widget.Button - Next'

02-04-2025T13:50:25 - [MESSAGE][WARNING] - Timeout '0' is invalid. Using default page load timeout: '30'

02-04-2025T13:50:27 - [MESSAGE][PASSED] - Tapped on element 'Object Repository/Repo/android.widget.Button - Next'

02-04-2025T13:50:27 - [TEST_STEP][PASSED] - delay(45): Delayed 45 second(s)

02-04-2025T13:51:12 - [MESSAGE][PASSED] - Delayed 45 second(s)

02-04-2025T13:51:12 - [TEST_STEP][PASSED] - setText(findTestObject("Object Repository/Repo/android.widget.EditText-OAM(Login)"), email, 0): Text 'Williams@yopmail.com' has been set to element 'Object Repository/Repo/android.widget.EditText-OAM(Login)'

02-04-2025T13:51:12 - [MESSAGE][WARNING] - Timeout '0' is invalid. Using default page load timeout: '30'

02-04-2025T13:51:14 - [MESSAGE][PASSED] - Text 'Williams@yopmail.com' has been set to element 'Object Repository/Repo/android.widget.EditText-OAM(Login)'

02-04-2025T13:51:14 - [TEST_STEP][PASSED] - hideKeyboard(): Keyboard is hidden

02-04-2025T13:51:19 - [MESSAGE][PASSED] - Keyboard is hidden

02-04-2025T13:51:19 - [TEST_STEP][PASSED] - delay(30): Delayed 30 second(s)

02-04-2025T13:51:49 - [MESSAGE][PASSED] - Delayed 30 second(s)

02-04-2025T13:51:49 - [TEST_STEP][PASSED] - setText(findTestObject("Object Repository/Repo/android.widget.EditText-OAM(Password)"), password, 0): Text 'password' has been set to element 'Object Repository/Repo/android.widget.EditText-OAM(Password)'

02-04-2025T13:51:49 - [MESSAGE][WARNING] - Timeout '0' is invalid. Using default page load timeout: '30'

02-04-2025T13:51:50 - [MESSAGE][PASSED] - Text 'password' has been set to element 'Object Repository/Repo/android.widget.EditText-OAM(Password)'

02-04-2025T13:51:50 - [TEST_STEP][PASSED] - hideKeyboard(): Keyboard is hidden

02-04-2025T13:51:55 - [MESSAGE][PASSED] - Keyboard is hidden

02-04-2025T13:51:55 - [TEST_STEP][PASSED] - delay(30): Delayed 30 second(s)

02-04-2025T13:52:25 - [MESSAGE][PASSED] - Delayed 30 second(s)

02-04-2025T13:52:25 - [TEST_STEP][PASSED] - tap(findTestObject("Object Repository/Repo/android.widget.Button -OAM(Login)"), 0): Tapped on element 'Object Repository/Repo/android.widget.Button -OAM(Login)'

02-04-2025T13:52:25 - [MESSAGE][WARNING] - Timeout '0' is invalid. Using default page load timeout: '30'

02-04-2025T13:52:26 - [MESSAGE][PASSED] - Tapped on element 'Object Repository/Repo/android.widget.Button -OAM(Login)'

02-04-2025T13:52:26 - [TEST_STEP][PASSED] - delay(20): Delayed 20 second(s)

02-04-2025T13:52:46 - [MESSAGE][PASSED] - Delayed 20 second(s)

02-04-2025T13:52:46 - [TEST_STEP][PASSED] - tap(findTestObject("Object Repository/Repo/android.view.View - Home"), 0): Tapped on element 'Object Repository/Repo/android.view.View - Home'

02-04-2025T13:52:46 - [MESSAGE][WARNING] - Timeout '0' is invalid. Using default page load timeout: '30'

02-04-2025T13:52:47 - [MESSAGE][PASSED] - Tapped on element 'Object Repository/Repo/android.view.View - Home'

02-04-2025T13:52:47 - [TEST_STEP][PASSED] - delay(10): Delayed 10 second(s)

02-04-2025T13:52:57 - [MESSAGE][PASSED] - Delayed 10 second(s)

02-04-2025T13:52:57 - [TEST_STEP][PASSED] - tap(findTestObject("Object Repository/Repo/android.widget.Button - menu"), 0): Tapped on element 'Object Repository/Repo/android.widget.Button - menu'

02-04-2025T13:52:57 - [MESSAGE][WARNING] - Timeout '0' is invalid. Using default page load timeout: '30'

02-04-2025T13:52:58 - [MESSAGE][PASSED] - Tapped on element 'Object Repository/Repo/android.widget.Button - menu'

02-04-2025T13:52:58 - [TEST_STEP][PASSED] - delay(10): Delayed 10 second(s)

02-04-2025T13:53:08 - [MESSAGE][PASSED] - Delayed 10 second(s)

02-04-2025T13:53:08 - [TEST_STEP][PASSED] - tap(findTestObject("Object Repository/Repo/android.widget.TabWidget-Settings"), 0): Tapped on element 'Object Repository/Repo/android.widget.TabWidget-Settings'

02-04-2025T13:53:08 - [MESSAGE][WARNING] - Timeout '0' is invalid. Using default page load timeout: '30'

02-04-2025T13:53:09 - [MESSAGE][PASSED] - Tapped on element 'Object Repository/Repo/android.widget.TabWidget-Settings'

02-04-2025T13:53:09 - [TEST_STEP][PASSED] - delay(10): Delayed 10 second(s)

02-04-2025T13:53:19 - [MESSAGE][PASSED] - Delayed 10 second(s)

02-04-2025T13:53:19 - [TEST_STEP][PASSED] - actualVersion = getText(findTestObject("Object Repository/Repo/android.widget.Button - Version 2.81.111"), 0): Text of element 'Object Repository/Repo/android.widget.Button - Version 2.81.111' is: 'Version 2.81.111'

02-04-2025T13:53:19 - [MESSAGE][WARNING] - Timeout '0' is invalid. Using default page load timeout: '30'

02-04-2025T13:53:20 - [MESSAGE][PASSED] - Text of element 'Object Repository/Repo/android.widget.Button - Version 2.81.111' is: 'Version 2.81.111'

02-04-2025T13:53:20 - [TEST_STEP][PASSED] - if (actualVersion == expectedVersion): null

02-04-2025T13:53:20 - [TEST_STEP][PASSED] - println(Version verification passed. Expected: $expectedVersion, Actual: $actualVersion): null

02-04-2025T13:53:20 - [TEST_STEP][PASSED] - verifyElementExist(findTestObject("Object Repository/Repo/android.widget.Button - Version 2.81.111"), 0): Element 'Object Repository/Repo/android.widget.Button - Version 2.81.111' is exist

02-04-2025T13:53:20 - [MESSAGE][WARNING] - Timeout '0' is invalid. Using default page load timeout: '30'

02-04-2025T13:53:20 - [MESSAGE][PASSED] - Element 'Object Repository/Repo/android.widget.Button - Version 2.81.111' is exist

02-04-2025T13:53:20 - [TEST_STEP][PASSED] - closeApplication(): Close app successfully

02-04-2025T13:53:24 - [MESSAGE][PASSED] - Close app successfully

02-04-2025T13:53:24 - [TEST_STEP][PASSED] - closeBrowser(): Browser is closed

02-04-2025T13:53:24 - [MESSAGE][PASSED] - Browser is closed]]></system-out>
         <system-err><![CDATA[]]></system-err>
      </testcase>
      <system-out><![CDATA[02-04-2025T12:37:39 - [TEST_SUITE][FAILED] - WRMA Android Regression: Test Cases/Guest User Mode/C764-C793_GuestUserMode FAILED.
Reason:
com.kms.katalon.core.exception.StepFailedException: Cannot swipe on device. (Root cause: com.kms.katalon.core.exception.StepFailedException: Cannot swipe on device.
	at com.kms.katalon.core.mobile.keyword.internal.MobileKeywordMain.stepFailed(MobileKeywordMain.groovy:64)
	at com.kms.katalon.core.mobile.keyword.internal.MobileKeywordMain.runKeyword(MobileKeywordMain.groovy:34)
	at com.kms.katalon.core.mobile.keyword.builtin.SwipeKeyword.swipe(SwipeKeyword.groovy:78)
	at com.kms.katalon.core.mobile.keyword.builtin.SwipeKeyword.execute(SwipeKeyword.groovy:63)
	at com.kms.katalon.core.keyword.internal.KeywordExecutor.executeKeywordForPlatform(KeywordExecutor.groovy:74)
	at com.kms.katalon.core.mobile.keyword.MobileBuiltInKeywords.swipe(MobileBuiltInKeywords.groovy:145)
	at C764-C793_GuestUserMode.run(C764-C793_GuestUserMode:55)
	at com.kms.katalon.core.main.ScriptEngine.run(ScriptEngine.java:194)
	at com.kms.katalon.core.main.ScriptEngine.runScriptAsRawText(ScriptEngine.java:119)
	at com.kms.katalon.core.main.TestCaseExecutor.runScript(TestCaseExecutor.java:448)
	at com.kms.katalon.core.main.TestCaseExecutor.doExecute(TestCaseExecutor.java:439)
	at com.kms.katalon.core.main.TestCaseExecutor.processExecutionPhase(TestCaseExecutor.java:418)
	at com.kms.katalon.core.main.TestCaseExecutor.accessMainPhase(TestCaseExecutor.java:410)
	at com.kms.katalon.core.main.TestCaseExecutor.execute(TestCaseExecutor.java:285)
	at com.kms.katalon.core.common.CommonExecutor.accessTestCaseMainPhase(CommonExecutor.java:71)
	at com.kms.katalon.core.main.TestSuiteExecutor.accessTestSuiteMainPhase(TestSuiteExecutor.java:160)
	at com.kms.katalon.core.main.TestSuiteExecutor.execute(TestSuiteExecutor.java:107)
	at com.kms.katalon.core.main.TestCaseMain.startTestSuite(TestCaseMain.java:180)
	at TempTestSuite1743577655188.run(TempTestSuite1743577655188.groovy:35)
	at java.base/jdk.internal.reflect.NativeMethodAccessorImpl.invoke0(Native Method)
	at java.base/jdk.internal.reflect.NativeMethodAccessorImpl.invoke(NativeMethodAccessorImpl.java:77)
	at java.base/jdk.internal.reflect.DelegatingMethodAccessorImpl.invoke(DelegatingMethodAccessorImpl.java:43)
Caused by: org.openqa.selenium.InvalidElementStateException: Unable to perform W3C actions. Check the logcat output for possible error reports and make sure your input actions chain is valid.
Build info: version: '4.22.0', revision: 'c5f3146703'
System info: os.name: 'Mac OS X', os.arch: 'aarch64', os.version: '15.3.2', java.version: '17.0.14'
Driver info: io.appium.java_client.android.AndroidDriver
Command: [9dcd9414-6ec0-4602-a04c-56f8d90f4042, actions {actions=[org.openqa.selenium.interactions.Sequence@3a7dcfb7]}]
Capabilities {appium:app: /Users/gv.vignesh/Downloads..., appium:appActivity: com.westgate.rewrite2.MainA..., appium:appPackage: com.westgate.rewrite2, appium:autoGrantPermissions: true, appium:automationName: uiautomator2, appium:databaseEnabled: false, appium:desired: {app: /Users/gv.vignesh/Downloads..., autoGrantPermissions: true, automationName: uiautomator2, deviceId: , deviceName: Xiaomi 23028RNCAI (Android 13), fullReset: true, newCommandTimeout: 1800, noReset: false, platformName: ANDROID, platformVersion: 13, systemPort: 59554, udid: adb-SSONG6OZCQQ8R49T-aGsPn3...}, appium:deviceApiLevel: 33, appium:deviceId: , appium:deviceManufacturer: Xiaomi, appium:deviceModel: 23028RNCAI, appium:deviceName: adb-SSONG6OZCQQ8R49T-aGsPn3..., appium:deviceScreenDensity: 320, appium:deviceScreenSize: 720x1600, appium:deviceUDID: adb-SSONG6OZCQQ8R49T-aGsPn3..., appium:fullReset: true, appium:javascriptEnabled: true, appium:locationContextEnabled: false, appium:networkConnectionEnabled: true, appium:newCommandTimeout: 1800, appium:noReset: false, appium:pixelRatio: 2, appium:platformVersion: 13, appium:statBarHeight: 50, appium:systemPort: 59554, appium:takesScreenshot: true, appium:udid: adb-SSONG6OZCQQ8R49T-aGsPn3..., appium:viewportRect: {height: 1550, left: 0, top: 50, width: 720}, appium:warnings: {}, appium:webStorageEnabled: false, platformName: ANDROID}
Session ID: 9dcd9414-6ec0-4602-a04c-56f8d90f4042
	at java.base/jdk.internal.reflect.NativeConstructorAccessorImpl.newInstance0(Native Method)
	at java.base/jdk.internal.reflect.NativeConstructorAccessorImpl.newInstance(NativeConstructorAccessorImpl.java:77)
	at java.base/jdk.internal.reflect.DelegatingConstructorAccessorImpl.newInstance(DelegatingConstructorAccessorImpl.java:45)
	at org.openqa.selenium.remote.ErrorCodec.decode(ErrorCodec.java:167)
	at org.openqa.selenium.remote.codec.w3c.W3CHttpResponseCodec.decode(W3CHttpResponseCodec.java:138)
	at org.openqa.selenium.remote.codec.w3c.W3CHttpResponseCodec.decode(W3CHttpResponseCodec.java:50)
	at org.openqa.selenium.remote.HttpCommandExecutor.execute(HttpCommandExecutor.java:190)
	at io.appium.java_client.remote.AppiumCommandExecutor.execute(AppiumCommandExecutor.java:237)
	at org.openqa.selenium.remote.RemoteWebDriver.execute(RemoteWebDriver.java:518)
	at org.openqa.selenium.remote.RemoteWebDriver.perform(RemoteWebDriver.java:604)
	at com.kms.katalon.core.mobile.helper.MobileCommonHelper.swipe(MobileCommonHelper.java:72)
	at com.kms.katalon.core.mobile.helper.MobileCommonHelper.swipe(MobileCommonHelper.java:67)
	at com.kms.katalon.core.mobile.keyword.builtin.SwipeKeyword$_swipe_closure1.doCall(SwipeKeyword.groovy:73)
	at com.kms.katalon.core.mobile.keyword.builtin.SwipeKeyword$_swipe_closure1.call(SwipeKeyword.groovy)
	at com.kms.katalon.core.mobile.keyword.internal.MobileKeywordMain.runKeyword(MobileKeywordMain.groovy:30)
	at com.kms.katalon.core.mobile.keyword.builtin.SwipeKeyword.swipe(SwipeKeyword.groovy:78)
	at com.kms.katalon.core.mobile.keyword.builtin.SwipeKeyword.execute(SwipeKeyword.groovy:63)
	at com.kms.katalon.core.keyword.internal.KeywordExecutor.executeKeywordForPlatform(KeywordExecutor.groovy:74)
	at com.kms.katalon.core.mobile.keyword.MobileBuiltInKeywords.swipe(MobileBuiltInKeywords.groovy:145)
	at Script1743084032656.run(Script1743084032656.groovy:55)
	... 15 more
)
	at com.kms.katalon.core.keyword.internal.KeywordMain.stepFailed(KeywordMain.groovy:39)
	at com.kms.katalon.core.mobile.keyword.internal.MobileKeywordMain.stepFailed(MobileKeywordMain.groovy:64)
	at com.kms.katalon.core.mobile.keyword.internal.MobileKeywordMain.runKeyword(MobileKeywordMain.groovy:34)
	at com.kms.katalon.core.mobile.keyword.builtin.SwipeKeyword.swipe(SwipeKeyword.groovy:78)
	at com.kms.katalon.core.mobile.keyword.builtin.SwipeKeyword.execute(SwipeKeyword.groovy:63)
	at com.kms.katalon.core.keyword.internal.KeywordExecutor.executeKeywordForPlatform(KeywordExecutor.groovy:74)
	at com.kms.katalon.core.mobile.keyword.MobileBuiltInKeywords.swipe(MobileBuiltInKeywords.groovy:145)
	at C764-C793_GuestUserMode.run(C764-C793_GuestUserMode:55)
	at com.kms.katalon.core.main.ScriptEngine.run(ScriptEngine.java:194)
	at com.kms.katalon.core.main.ScriptEngine.runScriptAsRawText(ScriptEngine.java:119)
	at com.kms.katalon.core.main.TestCaseExecutor.runScript(TestCaseExecutor.java:448)
	at com.kms.katalon.core.main.TestCaseExecutor.doExecute(TestCaseExecutor.java:439)
	at com.kms.katalon.core.main.TestCaseExecutor.processExecutionPhase(TestCaseExecutor.java:418)
	at com.kms.katalon.core.main.TestCaseExecutor.accessMainPhase(TestCaseExecutor.java:410)
	at com.kms.katalon.core.main.TestCaseExecutor.execute(TestCaseExecutor.java:285)
	at com.kms.katalon.core.common.CommonExecutor.accessTestCaseMainPhase(CommonExecutor.java:71)
	at com.kms.katalon.core.main.TestSuiteExecutor.accessTestSuiteMainPhase(TestSuiteExecutor.java:160)
	at com.kms.katalon.core.main.TestSuiteExecutor.execute(TestSuiteExecutor.java:107)
	at com.kms.katalon.core.main.TestCaseMain.startTestSuite(TestCaseMain.java:180)
	at TempTestSuite1743577655188.run(TempTestSuite1743577655188.groovy:35)
	at java.base/jdk.internal.reflect.NativeMethodAccessorImpl.invoke0(Native Method)
	at java.base/jdk.internal.reflect.NativeMethodAccessorImpl.invoke(NativeMethodAccessorImpl.java:77)
	at java.base/jdk.internal.reflect.DelegatingMethodAccessorImpl.invoke(DelegatingMethodAccessorImpl.java:43)
Caused by: com.kms.katalon.core.exception.StepFailedException: Cannot swipe on device.
	... 22 more
Caused by: org.openqa.selenium.InvalidElementStateException: Unable to perform W3C actions. Check the logcat output for possible error reports and make sure your input actions chain is valid.
Build info: version: '4.22.0', revision: 'c5f3146703'
System info: os.name: 'Mac OS X', os.arch: 'aarch64', os.version: '15.3.2', java.version: '17.0.14'
Driver info: io.appium.java_client.android.AndroidDriver
Command: [9dcd9414-6ec0-4602-a04c-56f8d90f4042, actions {actions=[org.openqa.selenium.interactions.Sequence@3a7dcfb7]}]
Capabilities {appium:app: /Users/gv.vignesh/Downloads..., appium:appActivity: com.westgate.rewrite2.MainA..., appium:appPackage: com.westgate.rewrite2, appium:autoGrantPermissions: true, appium:automationName: uiautomator2, appium:databaseEnabled: false, appium:desired: {app: /Users/gv.vignesh/Downloads..., autoGrantPermissions: true, automationName: uiautomator2, deviceId: , deviceName: Xiaomi 23028RNCAI (Android 13), fullReset: true, newCommandTimeout: 1800, noReset: false, platformName: ANDROID, platformVersion: 13, systemPort: 59554, udid: adb-SSONG6OZCQQ8R49T-aGsPn3...}, appium:deviceApiLevel: 33, appium:deviceId: , appium:deviceManufacturer: Xiaomi, appium:deviceModel: 23028RNCAI, appium:deviceName: adb-SSONG6OZCQQ8R49T-aGsPn3..., appium:deviceScreenDensity: 320, appium:deviceScreenSize: 720x1600, appium:deviceUDID: adb-SSONG6OZCQQ8R49T-aGsPn3..., appium:fullReset: true, appium:javascriptEnabled: true, appium:locationContextEnabled: false, appium:networkConnectionEnabled: true, appium:newCommandTimeout: 1800, appium:noReset: false, appium:pixelRatio: 2, appium:platformVersion: 13, appium:statBarHeight: 50, appium:systemPort: 59554, appium:takesScreenshot: true, appium:udid: adb-SSONG6OZCQQ8R49T-aGsPn3..., appium:viewportRect: {height: 1550, left: 0, top: 50, width: 720}, appium:warnings: {}, appium:webStorageEnabled: false, platformName: ANDROID}
Session ID: 9dcd9414-6ec0-4602-a04c-56f8d90f4042
	at java.base/jdk.internal.reflect.NativeConstructorAccessorImpl.newInstance0(Native Method)
	at java.base/jdk.internal.reflect.NativeConstructorAccessorImpl.newInstance(NativeConstructorAccessorImpl.java:77)
	at java.base/jdk.internal.reflect.DelegatingConstructorAccessorImpl.newInstance(DelegatingConstructorAccessorImpl.java:45)
	at org.openqa.selenium.remote.ErrorCodec.decode(ErrorCodec.java:167)
	at org.openqa.selenium.remote.codec.w3c.W3CHttpResponseCodec.decode(W3CHttpResponseCodec.java:138)
	at org.openqa.selenium.remote.codec.w3c.W3CHttpResponseCodec.decode(W3CHttpResponseCodec.java:50)
	at org.openqa.selenium.remote.HttpCommandExecutor.execute(HttpCommandExecutor.java:190)
	at io.appium.java_client.remote.AppiumCommandExecutor.execute(AppiumCommandExecutor.java:237)
	at org.openqa.selenium.remote.RemoteWebDriver.execute(RemoteWebDriver.java:518)
	at org.openqa.selenium.remote.RemoteWebDriver.perform(RemoteWebDriver.java:604)
	at com.kms.katalon.core.mobile.helper.MobileCommonHelper.swipe(MobileCommonHelper.java:72)
	at com.kms.katalon.core.mobile.helper.MobileCommonHelper.swipe(MobileCommonHelper.java:67)
	at com.kms.katalon.core.mobile.keyword.builtin.SwipeKeyword$_swipe_closure1.doCall(SwipeKeyword.groovy:73)
	at com.kms.katalon.core.mobile.keyword.builtin.SwipeKeyword$_swipe_closure1.call(SwipeKeyword.groovy)
	at com.kms.katalon.core.mobile.keyword.internal.MobileKeywordMain.runKeyword(MobileKeywordMain.groovy:30)
	... 20 more]]></system-out>
      <system-err><![CDATA[02-04-2025T12:37:39 - [TEST_SUITE][FAILED] - WRMA Android Regression: Test Cases/Guest User Mode/C764-C793_GuestUserMode FAILED.
Reason:
com.kms.katalon.core.exception.StepFailedException: Cannot swipe on device. (Root cause: com.kms.katalon.core.exception.StepFailedException: Cannot swipe on device.
	at com.kms.katalon.core.mobile.keyword.internal.MobileKeywordMain.stepFailed(MobileKeywordMain.groovy:64)
	at com.kms.katalon.core.mobile.keyword.internal.MobileKeywordMain.runKeyword(MobileKeywordMain.groovy:34)
	at com.kms.katalon.core.mobile.keyword.builtin.SwipeKeyword.swipe(SwipeKeyword.groovy:78)
	at com.kms.katalon.core.mobile.keyword.builtin.SwipeKeyword.execute(SwipeKeyword.groovy:63)
	at com.kms.katalon.core.keyword.internal.KeywordExecutor.executeKeywordForPlatform(KeywordExecutor.groovy:74)
	at com.kms.katalon.core.mobile.keyword.MobileBuiltInKeywords.swipe(MobileBuiltInKeywords.groovy:145)
	at C764-C793_GuestUserMode.run(C764-C793_GuestUserMode:55)
	at com.kms.katalon.core.main.ScriptEngine.run(ScriptEngine.java:194)
	at com.kms.katalon.core.main.ScriptEngine.runScriptAsRawText(ScriptEngine.java:119)
	at com.kms.katalon.core.main.TestCaseExecutor.runScript(TestCaseExecutor.java:448)
	at com.kms.katalon.core.main.TestCaseExecutor.doExecute(TestCaseExecutor.java:439)
	at com.kms.katalon.core.main.TestCaseExecutor.processExecutionPhase(TestCaseExecutor.java:418)
	at com.kms.katalon.core.main.TestCaseExecutor.accessMainPhase(TestCaseExecutor.java:410)
	at com.kms.katalon.core.main.TestCaseExecutor.execute(TestCaseExecutor.java:285)
	at com.kms.katalon.core.common.CommonExecutor.accessTestCaseMainPhase(CommonExecutor.java:71)
	at com.kms.katalon.core.main.TestSuiteExecutor.accessTestSuiteMainPhase(TestSuiteExecutor.java:160)
	at com.kms.katalon.core.main.TestSuiteExecutor.execute(TestSuiteExecutor.java:107)
	at com.kms.katalon.core.main.TestCaseMain.startTestSuite(TestCaseMain.java:180)
	at TempTestSuite1743577655188.run(TempTestSuite1743577655188.groovy:35)
	at java.base/jdk.internal.reflect.NativeMethodAccessorImpl.invoke0(Native Method)
	at java.base/jdk.internal.reflect.NativeMethodAccessorImpl.invoke(NativeMethodAccessorImpl.java:77)
	at java.base/jdk.internal.reflect.DelegatingMethodAccessorImpl.invoke(DelegatingMethodAccessorImpl.java:43)
Caused by: org.openqa.selenium.InvalidElementStateException: Unable to perform W3C actions. Check the logcat output for possible error reports and make sure your input actions chain is valid.
Build info: version: '4.22.0', revision: 'c5f3146703'
System info: os.name: 'Mac OS X', os.arch: 'aarch64', os.version: '15.3.2', java.version: '17.0.14'
Driver info: io.appium.java_client.android.AndroidDriver
Command: [9dcd9414-6ec0-4602-a04c-56f8d90f4042, actions {actions=[org.openqa.selenium.interactions.Sequence@3a7dcfb7]}]
Capabilities {appium:app: /Users/gv.vignesh/Downloads..., appium:appActivity: com.westgate.rewrite2.MainA..., appium:appPackage: com.westgate.rewrite2, appium:autoGrantPermissions: true, appium:automationName: uiautomator2, appium:databaseEnabled: false, appium:desired: {app: /Users/gv.vignesh/Downloads..., autoGrantPermissions: true, automationName: uiautomator2, deviceId: , deviceName: Xiaomi 23028RNCAI (Android 13), fullReset: true, newCommandTimeout: 1800, noReset: false, platformName: ANDROID, platformVersion: 13, systemPort: 59554, udid: adb-SSONG6OZCQQ8R49T-aGsPn3...}, appium:deviceApiLevel: 33, appium:deviceId: , appium:deviceManufacturer: Xiaomi, appium:deviceModel: 23028RNCAI, appium:deviceName: adb-SSONG6OZCQQ8R49T-aGsPn3..., appium:deviceScreenDensity: 320, appium:deviceScreenSize: 720x1600, appium:deviceUDID: adb-SSONG6OZCQQ8R49T-aGsPn3..., appium:fullReset: true, appium:javascriptEnabled: true, appium:locationContextEnabled: false, appium:networkConnectionEnabled: true, appium:newCommandTimeout: 1800, appium:noReset: false, appium:pixelRatio: 2, appium:platformVersion: 13, appium:statBarHeight: 50, appium:systemPort: 59554, appium:takesScreenshot: true, appium:udid: adb-SSONG6OZCQQ8R49T-aGsPn3..., appium:viewportRect: {height: 1550, left: 0, top: 50, width: 720}, appium:warnings: {}, appium:webStorageEnabled: false, platformName: ANDROID}
Session ID: 9dcd9414-6ec0-4602-a04c-56f8d90f4042
	at java.base/jdk.internal.reflect.NativeConstructorAccessorImpl.newInstance0(Native Method)
	at java.base/jdk.internal.reflect.NativeConstructorAccessorImpl.newInstance(NativeConstructorAccessorImpl.java:77)
	at java.base/jdk.internal.reflect.DelegatingConstructorAccessorImpl.newInstance(DelegatingConstructorAccessorImpl.java:45)
	at org.openqa.selenium.remote.ErrorCodec.decode(ErrorCodec.java:167)
	at org.openqa.selenium.remote.codec.w3c.W3CHttpResponseCodec.decode(W3CHttpResponseCodec.java:138)
	at org.openqa.selenium.remote.codec.w3c.W3CHttpResponseCodec.decode(W3CHttpResponseCodec.java:50)
	at org.openqa.selenium.remote.HttpCommandExecutor.execute(HttpCommandExecutor.java:190)
	at io.appium.java_client.remote.AppiumCommandExecutor.execute(AppiumCommandExecutor.java:237)
	at org.openqa.selenium.remote.RemoteWebDriver.execute(RemoteWebDriver.java:518)
	at org.openqa.selenium.remote.RemoteWebDriver.perform(RemoteWebDriver.java:604)
	at com.kms.katalon.core.mobile.helper.MobileCommonHelper.swipe(MobileCommonHelper.java:72)
	at com.kms.katalon.core.mobile.helper.MobileCommonHelper.swipe(MobileCommonHelper.java:67)
	at com.kms.katalon.core.mobile.keyword.builtin.SwipeKeyword$_swipe_closure1.doCall(SwipeKeyword.groovy:73)
	at com.kms.katalon.core.mobile.keyword.builtin.SwipeKeyword$_swipe_closure1.call(SwipeKeyword.groovy)
	at com.kms.katalon.core.mobile.keyword.internal.MobileKeywordMain.runKeyword(MobileKeywordMain.groovy:30)
	at com.kms.katalon.core.mobile.keyword.builtin.SwipeKeyword.swipe(SwipeKeyword.groovy:78)
	at com.kms.katalon.core.mobile.keyword.builtin.SwipeKeyword.execute(SwipeKeyword.groovy:63)
	at com.kms.katalon.core.keyword.internal.KeywordExecutor.executeKeywordForPlatform(KeywordExecutor.groovy:74)
	at com.kms.katalon.core.mobile.keyword.MobileBuiltInKeywords.swipe(MobileBuiltInKeywords.groovy:145)
	at Script1743084032656.run(Script1743084032656.groovy:55)
	... 15 more
)
	at com.kms.katalon.core.keyword.internal.KeywordMain.stepFailed(KeywordMain.groovy:39)
	at com.kms.katalon.core.mobile.keyword.internal.MobileKeywordMain.stepFailed(MobileKeywordMain.groovy:64)
	at com.kms.katalon.core.mobile.keyword.internal.MobileKeywordMain.runKeyword(MobileKeywordMain.groovy:34)
	at com.kms.katalon.core.mobile.keyword.builtin.SwipeKeyword.swipe(SwipeKeyword.groovy:78)
	at com.kms.katalon.core.mobile.keyword.builtin.SwipeKeyword.execute(SwipeKeyword.groovy:63)
	at com.kms.katalon.core.keyword.internal.KeywordExecutor.executeKeywordForPlatform(KeywordExecutor.groovy:74)
	at com.kms.katalon.core.mobile.keyword.MobileBuiltInKeywords.swipe(MobileBuiltInKeywords.groovy:145)
	at C764-C793_GuestUserMode.run(C764-C793_GuestUserMode:55)
	at com.kms.katalon.core.main.ScriptEngine.run(ScriptEngine.java:194)
	at com.kms.katalon.core.main.ScriptEngine.runScriptAsRawText(ScriptEngine.java:119)
	at com.kms.katalon.core.main.TestCaseExecutor.runScript(TestCaseExecutor.java:448)
	at com.kms.katalon.core.main.TestCaseExecutor.doExecute(TestCaseExecutor.java:439)
	at com.kms.katalon.core.main.TestCaseExecutor.processExecutionPhase(TestCaseExecutor.java:418)
	at com.kms.katalon.core.main.TestCaseExecutor.accessMainPhase(TestCaseExecutor.java:410)
	at com.kms.katalon.core.main.TestCaseExecutor.execute(TestCaseExecutor.java:285)
	at com.kms.katalon.core.common.CommonExecutor.accessTestCaseMainPhase(CommonExecutor.java:71)
	at com.kms.katalon.core.main.TestSuiteExecutor.accessTestSuiteMainPhase(TestSuiteExecutor.java:160)
	at com.kms.katalon.core.main.TestSuiteExecutor.execute(TestSuiteExecutor.java:107)
	at com.kms.katalon.core.main.TestCaseMain.startTestSuite(TestCaseMain.java:180)
	at TempTestSuite1743577655188.run(TempTestSuite1743577655188.groovy:35)
	at java.base/jdk.internal.reflect.NativeMethodAccessorImpl.invoke0(Native Method)
	at java.base/jdk.internal.reflect.NativeMethodAccessorImpl.invoke(NativeMethodAccessorImpl.java:77)
	at java.base/jdk.internal.reflect.DelegatingMethodAccessorImpl.invoke(DelegatingMethodAccessorImpl.java:43)
Caused by: com.kms.katalon.core.exception.StepFailedException: Cannot swipe on device.
	... 22 more
Caused by: org.openqa.selenium.InvalidElementStateException: Unable to perform W3C actions. Check the logcat output for possible error reports and make sure your input actions chain is valid.
Build info: version: '4.22.0', revision: 'c5f3146703'
System info: os.name: 'Mac OS X', os.arch: 'aarch64', os.version: '15.3.2', java.version: '17.0.14'
Driver info: io.appium.java_client.android.AndroidDriver
Command: [9dcd9414-6ec0-4602-a04c-56f8d90f4042, actions {actions=[org.openqa.selenium.interactions.Sequence@3a7dcfb7]}]
Capabilities {appium:app: /Users/gv.vignesh/Downloads..., appium:appActivity: com.westgate.rewrite2.MainA..., appium:appPackage: com.westgate.rewrite2, appium:autoGrantPermissions: true, appium:automationName: uiautomator2, appium:databaseEnabled: false, appium:desired: {app: /Users/gv.vignesh/Downloads..., autoGrantPermissions: true, automationName: uiautomator2, deviceId: , deviceName: Xiaomi 23028RNCAI (Android 13), fullReset: true, newCommandTimeout: 1800, noReset: false, platformName: ANDROID, platformVersion: 13, systemPort: 59554, udid: adb-SSONG6OZCQQ8R49T-aGsPn3...}, appium:deviceApiLevel: 33, appium:deviceId: , appium:deviceManufacturer: Xiaomi, appium:deviceModel: 23028RNCAI, appium:deviceName: adb-SSONG6OZCQQ8R49T-aGsPn3..., appium:deviceScreenDensity: 320, appium:deviceScreenSize: 720x1600, appium:deviceUDID: adb-SSONG6OZCQQ8R49T-aGsPn3..., appium:fullReset: true, appium:javascriptEnabled: true, appium:locationContextEnabled: false, appium:networkConnectionEnabled: true, appium:newCommandTimeout: 1800, appium:noReset: false, appium:pixelRatio: 2, appium:platformVersion: 13, appium:statBarHeight: 50, appium:systemPort: 59554, appium:takesScreenshot: true, appium:udid: adb-SSONG6OZCQQ8R49T-aGsPn3..., appium:viewportRect: {height: 1550, left: 0, top: 50, width: 720}, appium:warnings: {}, appium:webStorageEnabled: false, platformName: ANDROID}
Session ID: 9dcd9414-6ec0-4602-a04c-56f8d90f4042
	at java.base/jdk.internal.reflect.NativeConstructorAccessorImpl.newInstance0(Native Method)
	at java.base/jdk.internal.reflect.NativeConstructorAccessorImpl.newInstance(NativeConstructorAccessorImpl.java:77)
	at java.base/jdk.internal.reflect.DelegatingConstructorAccessorImpl.newInstance(DelegatingConstructorAccessorImpl.java:45)
	at org.openqa.selenium.remote.ErrorCodec.decode(ErrorCodec.java:167)
	at org.openqa.selenium.remote.codec.w3c.W3CHttpResponseCodec.decode(W3CHttpResponseCodec.java:138)
	at org.openqa.selenium.remote.codec.w3c.W3CHttpResponseCodec.decode(W3CHttpResponseCodec.java:50)
	at org.openqa.selenium.remote.HttpCommandExecutor.execute(HttpCommandExecutor.java:190)
	at io.appium.java_client.remote.AppiumCommandExecutor.execute(AppiumCommandExecutor.java:237)
	at org.openqa.selenium.remote.RemoteWebDriver.execute(RemoteWebDriver.java:518)
	at org.openqa.selenium.remote.RemoteWebDriver.perform(RemoteWebDriver.java:604)
	at com.kms.katalon.core.mobile.helper.MobileCommonHelper.swipe(MobileCommonHelper.java:72)
	at com.kms.katalon.core.mobile.helper.MobileCommonHelper.swipe(MobileCommonHelper.java:67)
	at com.kms.katalon.core.mobile.keyword.builtin.SwipeKeyword$_swipe_closure1.doCall(SwipeKeyword.groovy:73)
	at com.kms.katalon.core.mobile.keyword.builtin.SwipeKeyword$_swipe_closure1.call(SwipeKeyword.groovy)
	at com.kms.katalon.core.mobile.keyword.internal.MobileKeywordMain.runKeyword(MobileKeywordMain.groovy:30)
	... 20 more]]></system-err>
   </testsuite>
</testsuites>
