<?xml version="1.0" encoding="UTF-8"?>
<testsuites name="WOW Loyalty Program" time="1919.972" tests="7" failures="3" errors="0">
   <testsuite name="WOW Loyalty Program" tests="7" failures="3" errors="0" time="1919.972" skipped="0" timestamp="05-05-2025T16:54:44" hostname="**********" id="Test Suites/WOW Loyalty Program">
      <properties>
         <property name="deviceName" value="emulator-5554 (sdk_gphone16k_arm64 - Android 15)"/>
         <property name="devicePlatform" value="Android"/>
         <property name="logFolder" value="/Users/gv.vignesh/Downloads/WGR-Android-Automation/Reports/20250505_165439/WOW Loyalty Program/20250505_165439"/>
         <property name="logFiles" value="/Users/gv.vignesh/Downloads/WGR-Android-Automation/Reports/20250505_165439/WOW Loyalty Program/20250505_165439/execution0.log, /Users/gv.vignesh/Downloads/WGR-Android-Automation/Reports/20250505_165439/WOW Loyalty Program/20250505_165439/appium_error.log, /Users/gv.vignesh/Downloads/WGR-Android-Automation/Reports/20250505_165439/WOW Loyalty Program/20250505_165439/appium.log"/>
         <property name="attachments" value="/Users/gv.vignesh/Downloads/WGR-Android-Automation/Reports/20250505_165439/WOW Loyalty Program/20250505_165439/1746445761364.png, /Users/gv.vignesh/Downloads/WGR-Android-Automation/Reports/20250505_165439/WOW Loyalty Program/20250505_165439/1746445762001.png"/>
         <property name="hostName" value="**********"/>
         <property name="os" value="Mac OS X 64bit"/>
         <property name="appiumServerStatus" value="{&quot;value&quot;:{&quot;ready&quot;:true,&quot;message&quot;:&quot;The server is ready to accept new connections&quot;,&quot;build&quot;:{&quot;version&quot;:&quot;2.17.1&quot;,&quot;git-sha&quot;:&quot;12a3d4a6f1eedf483855716b989d828443438f79&quot;,&quot;built&quot;:&quot;2025-04-22 15:18:47 +0000&quot;}}}"/>
         <property name="katalonVersion" value="10.1.1.0"/>
         <property name="deviceOS" value="Android"/>
         <property name="appiumVersion" value="2.17.1"/>
         <property name="deviceModel" value="sdk_gphone16k_arm64"/>
         <property name="hostAddress" value="**********"/>
         <property name="deviceManufacturer" value="Google"/>
         <property name="deviceId" value="emulator-5554"/>
         <property name="deviceName" value="emulator-5554 (sdk_gphone16k_arm64 - Android 15)"/>
         <property name="deviceOSVersion" value="15"/>
      </properties>
      <testcase name="Test Cases/Loyalty QR Code/C828_C846_SilverTierVerification" time="183.348" classname="Test Cases/Loyalty QR Code/C828_C846_SilverTierVerification" status="PASSED">
         <system-out><![CDATA[05-05-2025T16:54:44 - [TEST_CASE][PASSED] - Test Cases/Loyalty QR Code/C828_C846_SilverTierVerification: Test Cases/Loyalty QR Code/C828_C846_SilverTierVerification

05-05-2025T16:54:44 - [TEST_STEP][PASSED] - startApplication("/Users/gv.vignesh/Downloads/app-debug-2.99.81.apk", true): Started application: '/Users/gv.vignesh/Downloads/app-debug-2.99.81.apk'

05-05-2025T16:54:44 - [MESSAGE][INFO] - Starting application: '/Users/gv.vignesh/Downloads/app-debug-2.99.81.apk'

05-05-2025T16:54:44 - [MESSAGE][INFO] - User set preference: ['uiautomator2ServerInstallTimeout', '0']

05-05-2025T16:54:44 - [MESSAGE][INFO] - User set preference: ['deviceId', '']

05-05-2025T16:54:44 - [MESSAGE][INFO] - Detected NodeJS location: "/opt/homebrew/Cellar/node/23.10.0_1/bin/node"

05-05-2025T16:54:44 - [MESSAGE][INFO] - PATH: /opt/homebrew/Cellar/node/23.10.0_1/bin:/opt/homebrew/bin:/usr/bin:/bin:/usr/sbin:/sbin:/Applications/Katalon Studio Enterprise.app/Contents/Eclipse/jre/Contents/Home/bin:/usr/local/bin/

05-05-2025T16:54:44 - [MESSAGE][INFO] - APPIUM_HOME: /Users/gv.vignesh/.appium

05-05-2025T16:54:44 - [MESSAGE][INFO] - appium outlog: /Users/gv.vignesh/Downloads/WGR-Android-Automation/Reports/20250505_165439/WOW Loyalty Program/20250505_165439/appium.log

05-05-2025T16:54:44 - [MESSAGE][INFO] - appium errlog: /Users/gv.vignesh/Downloads/WGR-Android-Automation/Reports/20250505_165439/WOW Loyalty Program/20250505_165439/appium_error.log

05-05-2025T16:54:46 - [MESSAGE][INFO] - Appium server started on port 62,150

05-05-2025T16:54:52 - [MESSAGE][PASSED] - Started application: '/Users/gv.vignesh/Downloads/app-debug-2.99.81.apk'

05-05-2025T16:54:52 - [TEST_STEP][PASSED] - delay(10): Delayed 10 second(s)

05-05-2025T16:55:02 - [MESSAGE][PASSED] - Delayed 10 second(s)

05-05-2025T16:55:02 - [TEST_STEP][PASSED] - tap(findTestObject("Object Repository/Silver/android.widget.Button - Login or Sign Up"), 0): Tapped on element 'Object Repository/Silver/android.widget.Button - Login or Sign Up'

05-05-2025T16:55:02 - [MESSAGE][WARNING] - Timeout '0' is invalid. Using default page load timeout: '30'

05-05-2025T16:55:02 - [MESSAGE][PASSED] - Tapped on element 'Object Repository/Silver/android.widget.Button - Login or Sign Up'

05-05-2025T16:55:02 - [TEST_STEP][PASSED] - delay(10): Delayed 10 second(s)

05-05-2025T16:55:12 - [MESSAGE][PASSED] - Delayed 10 second(s)

05-05-2025T16:55:12 - [TEST_STEP][PASSED] - setText(findTestObject("Object Repository/Silver/android.widget.EditText"), "rfrancis@twc.com", 0): Text 'rfrancis@twc.com' has been set to element 'Object Repository/Silver/android.widget.EditText'

05-05-2025T16:55:12 - [MESSAGE][WARNING] - Timeout '0' is invalid. Using default page load timeout: '30'

05-05-2025T16:55:13 - [MESSAGE][PASSED] - Text 'rfrancis@twc.com' has been set to element 'Object Repository/Silver/android.widget.EditText'

05-05-2025T16:55:13 - [TEST_STEP][PASSED] - hideKeyboard(): Keyboard is hidden

05-05-2025T16:55:15 - [MESSAGE][PASSED] - Keyboard is hidden

05-05-2025T16:55:15 - [TEST_STEP][PASSED] - delay(10): Delayed 10 second(s)

05-05-2025T16:55:25 - [MESSAGE][PASSED] - Delayed 10 second(s)

05-05-2025T16:55:25 - [TEST_STEP][PASSED] - tap(findTestObject("Object Repository/Silver/android.widget.Button - Next"), 0): Tapped on element 'Object Repository/Silver/android.widget.Button - Next'

05-05-2025T16:55:25 - [MESSAGE][WARNING] - Timeout '0' is invalid. Using default page load timeout: '30'

05-05-2025T16:55:25 - [MESSAGE][PASSED] - Tapped on element 'Object Repository/Silver/android.widget.Button - Next'

05-05-2025T16:55:25 - [TEST_STEP][PASSED] - delay(40): Delayed 40 second(s)

05-05-2025T16:56:05 - [MESSAGE][PASSED] - Delayed 40 second(s)

05-05-2025T16:56:05 - [TEST_STEP][PASSED] - tap(findTestObject("Object Repository/Silver/android.widget.Button - Accept All Cookies"), 0): Tapped on element 'Object Repository/Silver/android.widget.Button - Accept All Cookies'

05-05-2025T16:56:05 - [MESSAGE][WARNING] - Timeout '0' is invalid. Using default page load timeout: '30'

05-05-2025T16:56:05 - [MESSAGE][PASSED] - Tapped on element 'Object Repository/Silver/android.widget.Button - Accept All Cookies'

05-05-2025T16:56:05 - [TEST_STEP][PASSED] - delay(10): Delayed 10 second(s)

05-05-2025T16:56:15 - [MESSAGE][PASSED] - Delayed 10 second(s)

05-05-2025T16:56:15 - [TEST_STEP][PASSED] - setText(findTestObject("Object Repository/Silver/android.widget.EditText (1)"), "rfrancis@twc.com", 0): Text 'rfrancis@twc.com' has been set to element 'Object Repository/Silver/android.widget.EditText (1)'

05-05-2025T16:56:15 - [MESSAGE][WARNING] - Timeout '0' is invalid. Using default page load timeout: '30'

05-05-2025T16:56:16 - [MESSAGE][PASSED] - Text 'rfrancis@twc.com' has been set to element 'Object Repository/Silver/android.widget.EditText (1)'

05-05-2025T16:56:16 - [TEST_STEP][PASSED] - hideKeyboard(): Keyboard is hidden

05-05-2025T16:56:18 - [MESSAGE][PASSED] - Keyboard is hidden

05-05-2025T16:56:18 - [TEST_STEP][PASSED] - delay(10): Delayed 10 second(s)

05-05-2025T16:56:28 - [MESSAGE][PASSED] - Delayed 10 second(s)

05-05-2025T16:56:28 - [TEST_STEP][PASSED] - setText(findTestObject("Object Repository/Silver/android.widget.EditText (2)"), "password", 0): Text 'password' has been set to element 'Object Repository/Silver/android.widget.EditText (2)'

05-05-2025T16:56:28 - [MESSAGE][WARNING] - Timeout '0' is invalid. Using default page load timeout: '30'

05-05-2025T16:56:28 - [MESSAGE][PASSED] - Text 'password' has been set to element 'Object Repository/Silver/android.widget.EditText (2)'

05-05-2025T16:56:28 - [TEST_STEP][PASSED] - hideKeyboard(): Keyboard is hidden

05-05-2025T16:56:30 - [MESSAGE][PASSED] - Keyboard is hidden

05-05-2025T16:56:30 - [TEST_STEP][PASSED] - delay(5): Delayed 5 second(s)

05-05-2025T16:56:35 - [MESSAGE][PASSED] - Delayed 5 second(s)

05-05-2025T16:56:35 - [TEST_STEP][PASSED] - tap(findTestObject("Object Repository/Silver/android.widget.Button - LOGIN"), 0): Tapped on element 'Object Repository/Silver/android.widget.Button - LOGIN'

05-05-2025T16:56:35 - [MESSAGE][WARNING] - Timeout '0' is invalid. Using default page load timeout: '30'

05-05-2025T16:56:35 - [MESSAGE][PASSED] - Tapped on element 'Object Repository/Silver/android.widget.Button - LOGIN'

05-05-2025T16:56:35 - [TEST_STEP][PASSED] - delay(20): Delayed 20 second(s)

05-05-2025T16:56:55 - [MESSAGE][PASSED] - Delayed 20 second(s)

05-05-2025T16:56:55 - [TEST_STEP][PASSED] - assert verifyElementExist(findTestObject("Object Repository/Silver/android.widget.TextView - WOW Loyalty"), 0): Element 'Object Repository/Silver/android.widget.TextView - WOW Loyalty' is exist

05-05-2025T16:56:55 - [MESSAGE][WARNING] - Timeout '0' is invalid. Using default page load timeout: '30'

05-05-2025T16:56:55 - [MESSAGE][PASSED] - Element 'Object Repository/Silver/android.widget.TextView - WOW Loyalty' is exist

05-05-2025T16:56:55 - [TEST_STEP][PASSED] - assert verifyElementExist(findTestObject("Object Repository/Silver/android.widget.TextView - Silver Tier"), 0): Element 'Object Repository/Silver/android.widget.TextView - Silver Tier' is exist

05-05-2025T16:56:55 - [MESSAGE][WARNING] - Timeout '0' is invalid. Using default page load timeout: '30'

05-05-2025T16:56:55 - [MESSAGE][PASSED] - Element 'Object Repository/Silver/android.widget.TextView - Silver Tier' is exist

05-05-2025T16:56:55 - [TEST_STEP][PASSED] - tap(findTestObject("Object Repository/Silver/android.view.View - My Stay"), 0): Tapped on element 'Object Repository/Silver/android.view.View - My Stay'

05-05-2025T16:56:55 - [MESSAGE][WARNING] - Timeout '0' is invalid. Using default page load timeout: '30'

05-05-2025T16:56:55 - [MESSAGE][PASSED] - Tapped on element 'Object Repository/Silver/android.view.View - My Stay'

05-05-2025T16:56:55 - [TEST_STEP][PASSED] - delay(20): Delayed 20 second(s)

05-05-2025T16:57:15 - [MESSAGE][PASSED] - Delayed 20 second(s)

05-05-2025T16:57:15 - [TEST_STEP][PASSED] - assert verifyElementExist(findTestObject("Object Repository/Silver/android.widget.TextView - WOW Loyalty"), 0): Element 'Object Repository/Silver/android.widget.TextView - WOW Loyalty' is exist

05-05-2025T16:57:15 - [MESSAGE][WARNING] - Timeout '0' is invalid. Using default page load timeout: '30'

05-05-2025T16:57:15 - [MESSAGE][PASSED] - Element 'Object Repository/Silver/android.widget.TextView - WOW Loyalty' is exist

05-05-2025T16:57:15 - [TEST_STEP][PASSED] - assert verifyElementExist(findTestObject("Object Repository/Silver/android.widget.TextView - Silver Tier"), 0): Element 'Object Repository/Silver/android.widget.TextView - Silver Tier' is exist

05-05-2025T16:57:15 - [MESSAGE][WARNING] - Timeout '0' is invalid. Using default page load timeout: '30'

05-05-2025T16:57:15 - [MESSAGE][PASSED] - Element 'Object Repository/Silver/android.widget.TextView - Silver Tier' is exist

05-05-2025T16:57:15 - [TEST_STEP][PASSED] - tap(findTestObject("Object Repository/Silver/android.widget.TextView - View Stay Details"), 0): Tapped on element 'Object Repository/Silver/android.widget.TextView - View Stay Details'

05-05-2025T16:57:15 - [MESSAGE][WARNING] - Timeout '0' is invalid. Using default page load timeout: '30'

05-05-2025T16:57:16 - [MESSAGE][PASSED] - Tapped on element 'Object Repository/Silver/android.widget.TextView - View Stay Details'

05-05-2025T16:57:16 - [TEST_STEP][PASSED] - delay(10): Delayed 10 second(s)

05-05-2025T16:57:26 - [MESSAGE][PASSED] - Delayed 10 second(s)

05-05-2025T16:57:26 - [TEST_STEP][PASSED] - assert verifyElementExist(findTestObject("Object Repository/Silver/android.widget.TextView - WOW Loyalty (1)"), 0): Element 'Object Repository/Silver/android.widget.TextView - WOW Loyalty (1)' is exist

05-05-2025T16:57:26 - [MESSAGE][WARNING] - Timeout '0' is invalid. Using default page load timeout: '30'

05-05-2025T16:57:26 - [MESSAGE][PASSED] - Element 'Object Repository/Silver/android.widget.TextView - WOW Loyalty (1)' is exist

05-05-2025T16:57:26 - [TEST_STEP][PASSED] - assert verifyElementExist(findTestObject("Object Repository/Silver/android.widget.TextView - Silver Tier (1)"), 0): Element 'Object Repository/Silver/android.widget.TextView - Silver Tier (1)' is exist

05-05-2025T16:57:26 - [MESSAGE][WARNING] - Timeout '0' is invalid. Using default page load timeout: '30'

05-05-2025T16:57:26 - [MESSAGE][PASSED] - Element 'Object Repository/Silver/android.widget.TextView - Silver Tier (1)' is exist

05-05-2025T16:57:26 - [TEST_STEP][PASSED] - tap(findTestObject("Object Repository/Silver/android.widget.Button - back"), 0): Tapped on element 'Object Repository/Silver/android.widget.Button - back'

05-05-2025T16:57:26 - [MESSAGE][WARNING] - Timeout '0' is invalid. Using default page load timeout: '30'

05-05-2025T16:57:26 - [MESSAGE][PASSED] - Tapped on element 'Object Repository/Silver/android.widget.Button - back'

05-05-2025T16:57:26 - [TEST_STEP][PASSED] - delay(10): Delayed 10 second(s)

05-05-2025T16:57:36 - [MESSAGE][PASSED] - Delayed 10 second(s)

05-05-2025T16:57:36 - [TEST_STEP][PASSED] - tap(findTestObject("Object Repository/Silver/android.view.View - My Account"), 0): Tapped on element 'Object Repository/Silver/android.view.View - My Account'

05-05-2025T16:57:36 - [MESSAGE][WARNING] - Timeout '0' is invalid. Using default page load timeout: '30'

05-05-2025T16:57:36 - [MESSAGE][PASSED] - Tapped on element 'Object Repository/Silver/android.view.View - My Account'

05-05-2025T16:57:36 - [TEST_STEP][PASSED] - delay(10): Delayed 10 second(s)

05-05-2025T16:57:46 - [MESSAGE][PASSED] - Delayed 10 second(s)

05-05-2025T16:57:46 - [TEST_STEP][PASSED] - assert verifyElementExist(findTestObject("Object Repository/Silver/android.widget.TextView - WOW Loyalty"), 0): Element 'Object Repository/Silver/android.widget.TextView - WOW Loyalty' is exist

05-05-2025T16:57:46 - [MESSAGE][WARNING] - Timeout '0' is invalid. Using default page load timeout: '30'

05-05-2025T16:57:46 - [MESSAGE][PASSED] - Element 'Object Repository/Silver/android.widget.TextView - WOW Loyalty' is exist

05-05-2025T16:57:46 - [TEST_STEP][PASSED] - assert verifyElementExist(findTestObject("Object Repository/Silver/android.widget.TextView - Silver Tier"), 0): Element 'Object Repository/Silver/android.widget.TextView - Silver Tier' is exist

05-05-2025T16:57:46 - [MESSAGE][WARNING] - Timeout '0' is invalid. Using default page load timeout: '30'

05-05-2025T16:57:46 - [MESSAGE][PASSED] - Element 'Object Repository/Silver/android.widget.TextView - Silver Tier' is exist

05-05-2025T16:57:46 - [TEST_STEP][PASSED] - closeApplication(): Close app successfully

05-05-2025T16:57:48 - [MESSAGE][PASSED] - Close app successfully]]></system-out>
         <system-err><![CDATA[]]></system-err>
      </testcase>
      <testcase name="Test Cases/Loyalty QR Code/C830_C833_C838_LoyaltyQR_Verification" time="277.486" classname="Test Cases/Loyalty QR Code/C830_C833_C838_LoyaltyQR_Verification" status="PASSED">
         <system-out><![CDATA[05-05-2025T16:57:48 - [TEST_CASE][PASSED] - Test Cases/Loyalty QR Code/C830_C833_C838_LoyaltyQR_Verification: Test Cases/Loyalty QR Code/C830_C833_C838_LoyaltyQR_Verification

05-05-2025T16:57:48 - [TEST_STEP][PASSED] - startApplication("/Users/gv.vignesh/Downloads/app-debug-2.99.81.apk", true): Started application: '/Users/gv.vignesh/Downloads/app-debug-2.99.81.apk'

05-05-2025T16:57:48 - [MESSAGE][INFO] - Starting application: '/Users/gv.vignesh/Downloads/app-debug-2.99.81.apk'

05-05-2025T16:57:48 - [MESSAGE][INFO] - User set preference: ['uiautomator2ServerInstallTimeout', '0']

05-05-2025T16:57:48 - [MESSAGE][INFO] - User set preference: ['deviceId', '']

05-05-2025T16:57:48 - [MESSAGE][INFO] - Detected NodeJS location: "/opt/homebrew/Cellar/node/23.10.0_1/bin/node"

05-05-2025T16:57:48 - [MESSAGE][INFO] - PATH: /opt/homebrew/Cellar/node/23.10.0_1/bin:/opt/homebrew/bin:/usr/bin:/bin:/usr/sbin:/sbin:/Applications/Katalon Studio Enterprise.app/Contents/Eclipse/jre/Contents/Home/bin:/usr/local/bin/

05-05-2025T16:57:48 - [MESSAGE][INFO] - APPIUM_HOME: /Users/gv.vignesh/.appium

05-05-2025T16:57:48 - [MESSAGE][INFO] - appium outlog: /Users/gv.vignesh/Downloads/WGR-Android-Automation/Reports/20250505_165439/WOW Loyalty Program/20250505_165439/appium.log

05-05-2025T16:57:48 - [MESSAGE][INFO] - appium errlog: /Users/gv.vignesh/Downloads/WGR-Android-Automation/Reports/20250505_165439/WOW Loyalty Program/20250505_165439/appium_error.log

05-05-2025T16:57:49 - [MESSAGE][INFO] - Appium server started on port 62,642

05-05-2025T16:57:54 - [MESSAGE][PASSED] - Started application: '/Users/gv.vignesh/Downloads/app-debug-2.99.81.apk'

05-05-2025T16:57:54 - [TEST_STEP][PASSED] - delay(10): Delayed 10 second(s)

05-05-2025T16:58:04 - [MESSAGE][PASSED] - Delayed 10 second(s)

05-05-2025T16:58:04 - [TEST_STEP][PASSED] - tap(findTestObject("Object Repository/LoyaltyQR/android.widget.Button - Login or Sign Up"), 0): Tapped on element 'Object Repository/LoyaltyQR/android.widget.Button - Login or Sign Up'

05-05-2025T16:58:04 - [MESSAGE][WARNING] - Timeout '0' is invalid. Using default page load timeout: '30'

05-05-2025T16:58:04 - [MESSAGE][PASSED] - Tapped on element 'Object Repository/LoyaltyQR/android.widget.Button - Login or Sign Up'

05-05-2025T16:58:04 - [TEST_STEP][PASSED] - delay(10): Delayed 10 second(s)

05-05-2025T16:58:14 - [MESSAGE][PASSED] - Delayed 10 second(s)

05-05-2025T16:58:14 - [TEST_STEP][PASSED] - setText(findTestObject("Object Repository/LoyaltyQR/android.widget.EditText"), "ABLONDE5308@GMAIL.COM", 0): Text 'ABLONDE5308@GMAIL.COM' has been set to element 'Object Repository/LoyaltyQR/android.widget.EditText'

05-05-2025T16:58:14 - [MESSAGE][WARNING] - Timeout '0' is invalid. Using default page load timeout: '30'

05-05-2025T16:58:14 - [MESSAGE][PASSED] - Text 'ABLONDE5308@GMAIL.COM' has been set to element 'Object Repository/LoyaltyQR/android.widget.EditText'

05-05-2025T16:58:14 - [TEST_STEP][PASSED] - hideKeyboard(): Keyboard is hidden

05-05-2025T16:58:16 - [MESSAGE][PASSED] - Keyboard is hidden

05-05-2025T16:58:16 - [TEST_STEP][PASSED] - delay(10): Delayed 10 second(s)

05-05-2025T16:58:26 - [MESSAGE][PASSED] - Delayed 10 second(s)

05-05-2025T16:58:26 - [TEST_STEP][PASSED] - tap(findTestObject("Object Repository/LoyaltyQR/android.widget.Button - Next"), 0): Tapped on element 'Object Repository/LoyaltyQR/android.widget.Button - Next'

05-05-2025T16:58:26 - [MESSAGE][WARNING] - Timeout '0' is invalid. Using default page load timeout: '30'

05-05-2025T16:58:27 - [MESSAGE][PASSED] - Tapped on element 'Object Repository/LoyaltyQR/android.widget.Button - Next'

05-05-2025T16:58:27 - [TEST_STEP][PASSED] - delay(40): Delayed 40 second(s)

05-05-2025T16:59:07 - [MESSAGE][PASSED] - Delayed 40 second(s)

05-05-2025T16:59:07 - [TEST_STEP][PASSED] - tap(findTestObject("Object Repository/LoyaltyQR/android.widget.Button - Accept All Cookies"), 0): Tapped on element 'Object Repository/LoyaltyQR/android.widget.Button - Accept All Cookies'

05-05-2025T16:59:07 - [MESSAGE][WARNING] - Timeout '0' is invalid. Using default page load timeout: '30'

05-05-2025T16:59:07 - [MESSAGE][PASSED] - Tapped on element 'Object Repository/LoyaltyQR/android.widget.Button - Accept All Cookies'

05-05-2025T16:59:07 - [TEST_STEP][PASSED] - delay(10): Delayed 10 second(s)

05-05-2025T16:59:17 - [MESSAGE][PASSED] - Delayed 10 second(s)

05-05-2025T16:59:17 - [TEST_STEP][PASSED] - setText(findTestObject("Object Repository/LoyaltyQR/android.widget.EditText (1)"), "ABLONDE5308@GMAIL.COM", 0): Text 'ABLONDE5308@GMAIL.COM' has been set to element 'Object Repository/LoyaltyQR/android.widget.EditText (1)'

05-05-2025T16:59:17 - [MESSAGE][WARNING] - Timeout '0' is invalid. Using default page load timeout: '30'

05-05-2025T16:59:18 - [MESSAGE][PASSED] - Text 'ABLONDE5308@GMAIL.COM' has been set to element 'Object Repository/LoyaltyQR/android.widget.EditText (1)'

05-05-2025T16:59:18 - [TEST_STEP][PASSED] - hideKeyboard(): Keyboard is hidden

05-05-2025T16:59:20 - [MESSAGE][PASSED] - Keyboard is hidden

05-05-2025T16:59:20 - [TEST_STEP][PASSED] - delay(5): Delayed 5 second(s)

05-05-2025T16:59:25 - [MESSAGE][PASSED] - Delayed 5 second(s)

05-05-2025T16:59:25 - [TEST_STEP][PASSED] - setText(findTestObject("Object Repository/LoyaltyQR/android.widget.EditText (2)"), "password", 0): Text 'password' has been set to element 'Object Repository/LoyaltyQR/android.widget.EditText (2)'

05-05-2025T16:59:25 - [MESSAGE][WARNING] - Timeout '0' is invalid. Using default page load timeout: '30'

05-05-2025T16:59:25 - [MESSAGE][PASSED] - Text 'password' has been set to element 'Object Repository/LoyaltyQR/android.widget.EditText (2)'

05-05-2025T16:59:25 - [TEST_STEP][PASSED] - hideKeyboard(): Keyboard is hidden

05-05-2025T16:59:27 - [MESSAGE][PASSED] - Keyboard is hidden

05-05-2025T16:59:27 - [TEST_STEP][PASSED] - delay(10): Delayed 10 second(s)

05-05-2025T16:59:37 - [MESSAGE][PASSED] - Delayed 10 second(s)

05-05-2025T16:59:37 - [TEST_STEP][PASSED] - tap(findTestObject("Object Repository/LoyaltyQR/android.widget.Button - LOGIN"), 0): Tapped on element 'Object Repository/LoyaltyQR/android.widget.Button - LOGIN'

05-05-2025T16:59:37 - [MESSAGE][WARNING] - Timeout '0' is invalid. Using default page load timeout: '30'

05-05-2025T16:59:37 - [MESSAGE][PASSED] - Tapped on element 'Object Repository/LoyaltyQR/android.widget.Button - LOGIN'

05-05-2025T16:59:37 - [TEST_STEP][PASSED] - delay(20): Delayed 20 second(s)

05-05-2025T16:59:57 - [MESSAGE][PASSED] - Delayed 20 second(s)

05-05-2025T16:59:57 - [TEST_STEP][PASSED] - assert verifyElementExist(findTestObject("Object Repository/LoyaltyQR/android.view.View - Home"), 0): Element 'Object Repository/LoyaltyQR/android.view.View - Home' is exist

05-05-2025T16:59:57 - [MESSAGE][WARNING] - Timeout '0' is invalid. Using default page load timeout: '30'

05-05-2025T16:59:57 - [MESSAGE][PASSED] - Element 'Object Repository/LoyaltyQR/android.view.View - Home' is exist

05-05-2025T16:59:57 - [TEST_STEP][PASSED] - assert verifyElementExist(findTestObject("Object Repository/LoyaltyQR/android.widget.Image"), 0): Element 'Object Repository/LoyaltyQR/android.widget.Image' is exist

05-05-2025T16:59:57 - [MESSAGE][WARNING] - Timeout '0' is invalid. Using default page load timeout: '30'

05-05-2025T16:59:57 - [MESSAGE][PASSED] - Element 'Object Repository/LoyaltyQR/android.widget.Image' is exist

05-05-2025T16:59:57 - [TEST_STEP][PASSED] - tap(findTestObject("Object Repository/LoyaltyQR/android.widget.Image"), 0): Tapped on element 'Object Repository/LoyaltyQR/android.widget.Image'

05-05-2025T16:59:57 - [MESSAGE][WARNING] - Timeout '0' is invalid. Using default page load timeout: '30'

05-05-2025T16:59:57 - [MESSAGE][PASSED] - Tapped on element 'Object Repository/LoyaltyQR/android.widget.Image'

05-05-2025T16:59:57 - [TEST_STEP][PASSED] - delay(10): Delayed 10 second(s)

05-05-2025T17:00:07 - [MESSAGE][PASSED] - Delayed 10 second(s)

05-05-2025T17:00:07 - [TEST_STEP][PASSED] - assert verifyElementExist(findTestObject("Object Repository/LoyaltyQR/android.widget.Image - Loyalty Logo"), 0): Element 'Object Repository/LoyaltyQR/android.widget.Image - Loyalty Logo' is exist

05-05-2025T17:00:07 - [MESSAGE][WARNING] - Timeout '0' is invalid. Using default page load timeout: '30'

05-05-2025T17:00:07 - [MESSAGE][PASSED] - Element 'Object Repository/LoyaltyQR/android.widget.Image - Loyalty Logo' is exist

05-05-2025T17:00:07 - [TEST_STEP][PASSED] - assert verifyElementExist(findTestObject("Object Repository/LoyaltyQR/android.widget.TextView - Amanda"), 0): Element 'Object Repository/LoyaltyQR/android.widget.TextView - Amanda' is exist

05-05-2025T17:00:07 - [MESSAGE][WARNING] - Timeout '0' is invalid. Using default page load timeout: '30'

05-05-2025T17:00:07 - [MESSAGE][PASSED] - Element 'Object Repository/LoyaltyQR/android.widget.TextView - Amanda' is exist

05-05-2025T17:00:07 - [TEST_STEP][PASSED] - assert verifyElementExist(findTestObject("Object Repository/LoyaltyQR/android.widget.TextView - Blonde"), 0): Element 'Object Repository/LoyaltyQR/android.widget.TextView - Blonde' is exist

05-05-2025T17:00:07 - [MESSAGE][WARNING] - Timeout '0' is invalid. Using default page load timeout: '30'

05-05-2025T17:00:07 - [MESSAGE][PASSED] - Element 'Object Repository/LoyaltyQR/android.widget.TextView - Blonde' is exist

05-05-2025T17:00:07 - [TEST_STEP][PASSED] - assert verifyElementExist(findTestObject("Object Repository/LoyaltyQR/android.widget.TextView - Member Since"), 0): Element 'Object Repository/LoyaltyQR/android.widget.TextView - Member Since' is exist

05-05-2025T17:00:07 - [MESSAGE][WARNING] - Timeout '0' is invalid. Using default page load timeout: '30'

05-05-2025T17:00:07 - [MESSAGE][PASSED] - Element 'Object Repository/LoyaltyQR/android.widget.TextView - Member Since' is exist

05-05-2025T17:00:07 - [TEST_STEP][PASSED] - assert verifyElementExist(findTestObject("Object Repository/LoyaltyQR/android.widget.TextView - 2023"), 0): Element 'Object Repository/LoyaltyQR/android.widget.TextView - 2023' is exist

05-05-2025T17:00:07 - [MESSAGE][WARNING] - Timeout '0' is invalid. Using default page load timeout: '30'

05-05-2025T17:00:07 - [MESSAGE][PASSED] - Element 'Object Repository/LoyaltyQR/android.widget.TextView - 2023' is exist

05-05-2025T17:00:07 - [TEST_STEP][PASSED] - assert verifyElementExist(findTestObject("Object Repository/LoyaltyQR/android.widget.TextView - Loyalty"), 0): Element 'Object Repository/LoyaltyQR/android.widget.TextView - Loyalty' is exist

05-05-2025T17:00:07 - [MESSAGE][WARNING] - Timeout '0' is invalid. Using default page load timeout: '30'

05-05-2025T17:00:07 - [MESSAGE][PASSED] - Element 'Object Repository/LoyaltyQR/android.widget.TextView - Loyalty' is exist

05-05-2025T17:00:07 - [TEST_STEP][PASSED] - assert verifyElementExist(findTestObject("Object Repository/LoyaltyQR/android.widget.TextView - 763442947"), 0): Element 'Object Repository/LoyaltyQR/android.widget.TextView - 763442947' is exist

05-05-2025T17:00:07 - [MESSAGE][WARNING] - Timeout '0' is invalid. Using default page load timeout: '30'

05-05-2025T17:00:07 - [MESSAGE][PASSED] - Element 'Object Repository/LoyaltyQR/android.widget.TextView - 763442947' is exist

05-05-2025T17:00:07 - [TEST_STEP][PASSED] - delay(3): Delayed 3 second(s)

05-05-2025T17:00:10 - [MESSAGE][PASSED] - Delayed 3 second(s)

05-05-2025T17:00:10 - [TEST_STEP][PASSED] - tap(findTestObject("Object Repository/LoyaltyQR/android.widget.TextView - Waterpark"), 0): Tapped on element 'Object Repository/LoyaltyQR/android.widget.TextView - Waterpark'

05-05-2025T17:00:10 - [MESSAGE][WARNING] - Timeout '0' is invalid. Using default page load timeout: '30'

05-05-2025T17:00:10 - [MESSAGE][PASSED] - Tapped on element 'Object Repository/LoyaltyQR/android.widget.TextView - Waterpark'

05-05-2025T17:00:10 - [TEST_STEP][PASSED] - delay(10): Delayed 10 second(s)

05-05-2025T17:00:20 - [MESSAGE][PASSED] - Delayed 10 second(s)

05-05-2025T17:00:20 - [TEST_STEP][PASSED] - assert verifyElementExist(findTestObject("Object Repository/LoyaltyQR/android.widget.TextView - Amanda (1)"), 0): Element 'Object Repository/LoyaltyQR/android.widget.TextView - Amanda (1)' is exist

05-05-2025T17:00:21 - [MESSAGE][WARNING] - Timeout '0' is invalid. Using default page load timeout: '30'

05-05-2025T17:00:21 - [MESSAGE][PASSED] - Element 'Object Repository/LoyaltyQR/android.widget.TextView - Amanda (1)' is exist

05-05-2025T17:00:21 - [TEST_STEP][PASSED] - assert verifyElementExist(findTestObject("Object Repository/LoyaltyQR/android.widget.TextView"), 0): Element 'Object Repository/LoyaltyQR/android.widget.TextView' is exist

05-05-2025T17:00:21 - [MESSAGE][WARNING] - Timeout '0' is invalid. Using default page load timeout: '30'

05-05-2025T17:00:21 - [MESSAGE][PASSED] - Element 'Object Repository/LoyaltyQR/android.widget.TextView' is exist

05-05-2025T17:00:21 - [TEST_STEP][PASSED] - assert verifyElementExist(findTestObject("Object Repository/LoyaltyQR/android.widget.TextView - Blonde (1)"), 0): Element 'Object Repository/LoyaltyQR/android.widget.TextView - Blonde (1)' is exist

05-05-2025T17:00:21 - [MESSAGE][WARNING] - Timeout '0' is invalid. Using default page load timeout: '30'

05-05-2025T17:00:21 - [MESSAGE][PASSED] - Element 'Object Repository/LoyaltyQR/android.widget.TextView - Blonde (1)' is exist

05-05-2025T17:00:21 - [TEST_STEP][PASSED] - tap(findTestObject("Object Repository/LoyaltyQR/android.widget.Button - Back"), 0): Tapped on element 'Object Repository/LoyaltyQR/android.widget.Button - Back'

05-05-2025T17:00:21 - [MESSAGE][WARNING] - Timeout '0' is invalid. Using default page load timeout: '30'

05-05-2025T17:00:21 - [MESSAGE][PASSED] - Tapped on element 'Object Repository/LoyaltyQR/android.widget.Button - Back'

05-05-2025T17:00:21 - [TEST_STEP][PASSED] - delay(10): Delayed 10 second(s)

05-05-2025T17:00:31 - [MESSAGE][PASSED] - Delayed 10 second(s)

05-05-2025T17:00:31 - [TEST_STEP][PASSED] - tap(findTestObject("Object Repository/LoyaltyQR/android.widget.Button - Done"), 0): Tapped on element 'Object Repository/LoyaltyQR/android.widget.Button - Done'

05-05-2025T17:00:31 - [MESSAGE][WARNING] - Timeout '0' is invalid. Using default page load timeout: '30'

05-05-2025T17:00:31 - [MESSAGE][PASSED] - Tapped on element 'Object Repository/LoyaltyQR/android.widget.Button - Done'

05-05-2025T17:00:31 - [TEST_STEP][PASSED] - delay(10): Delayed 10 second(s)

05-05-2025T17:00:41 - [MESSAGE][PASSED] - Delayed 10 second(s)

05-05-2025T17:00:41 - [TEST_STEP][PASSED] - tap(findTestObject("Object Repository/LoyaltyQR/android.view.View - My Stay"), 0): Tapped on element 'Object Repository/LoyaltyQR/android.view.View - My Stay'

05-05-2025T17:00:41 - [MESSAGE][WARNING] - Timeout '0' is invalid. Using default page load timeout: '30'

05-05-2025T17:00:41 - [MESSAGE][PASSED] - Tapped on element 'Object Repository/LoyaltyQR/android.view.View - My Stay'

05-05-2025T17:00:41 - [TEST_STEP][PASSED] - delay(20): Delayed 20 second(s)

05-05-2025T17:01:01 - [MESSAGE][PASSED] - Delayed 20 second(s)

05-05-2025T17:01:01 - [TEST_STEP][PASSED] - tap(findTestObject("Object Repository/LoyaltyQR/android.widget.Image (1)"), 0): Tapped on element 'Object Repository/LoyaltyQR/android.widget.Image (1)'

05-05-2025T17:01:01 - [MESSAGE][WARNING] - Timeout '0' is invalid. Using default page load timeout: '30'

05-05-2025T17:01:01 - [MESSAGE][PASSED] - Tapped on element 'Object Repository/LoyaltyQR/android.widget.Image (1)'

05-05-2025T17:01:01 - [TEST_STEP][PASSED] - delay(10): Delayed 10 second(s)

05-05-2025T17:01:11 - [MESSAGE][PASSED] - Delayed 10 second(s)

05-05-2025T17:01:11 - [TEST_STEP][PASSED] - assert verifyElementExist(findTestObject("Object Repository/LoyaltyQR/android.widget.Image - Loyalty Logo"), 0): Element 'Object Repository/LoyaltyQR/android.widget.Image - Loyalty Logo' is exist

05-05-2025T17:01:11 - [MESSAGE][WARNING] - Timeout '0' is invalid. Using default page load timeout: '30'

05-05-2025T17:01:11 - [MESSAGE][PASSED] - Element 'Object Repository/LoyaltyQR/android.widget.Image - Loyalty Logo' is exist

05-05-2025T17:01:11 - [TEST_STEP][PASSED] - assert verifyElementExist(findTestObject("Object Repository/LoyaltyQR/android.widget.TextView - Amanda"), 0): Element 'Object Repository/LoyaltyQR/android.widget.TextView - Amanda' is exist

05-05-2025T17:01:11 - [MESSAGE][WARNING] - Timeout '0' is invalid. Using default page load timeout: '30'

05-05-2025T17:01:11 - [MESSAGE][PASSED] - Element 'Object Repository/LoyaltyQR/android.widget.TextView - Amanda' is exist

05-05-2025T17:01:11 - [TEST_STEP][PASSED] - assert verifyElementExist(findTestObject("Object Repository/LoyaltyQR/android.widget.TextView - Blonde"), 0): Element 'Object Repository/LoyaltyQR/android.widget.TextView - Blonde' is exist

05-05-2025T17:01:11 - [MESSAGE][WARNING] - Timeout '0' is invalid. Using default page load timeout: '30'

05-05-2025T17:01:11 - [MESSAGE][PASSED] - Element 'Object Repository/LoyaltyQR/android.widget.TextView - Blonde' is exist

05-05-2025T17:01:11 - [TEST_STEP][PASSED] - assert verifyElementExist(findTestObject("Object Repository/LoyaltyQR/android.widget.TextView - Member Since"), 0): Element 'Object Repository/LoyaltyQR/android.widget.TextView - Member Since' is exist

05-05-2025T17:01:11 - [MESSAGE][WARNING] - Timeout '0' is invalid. Using default page load timeout: '30'

05-05-2025T17:01:11 - [MESSAGE][PASSED] - Element 'Object Repository/LoyaltyQR/android.widget.TextView - Member Since' is exist

05-05-2025T17:01:11 - [TEST_STEP][PASSED] - assert verifyElementExist(findTestObject("Object Repository/LoyaltyQR/android.widget.TextView - 2023"), 0): Element 'Object Repository/LoyaltyQR/android.widget.TextView - 2023' is exist

05-05-2025T17:01:11 - [MESSAGE][WARNING] - Timeout '0' is invalid. Using default page load timeout: '30'

05-05-2025T17:01:11 - [MESSAGE][PASSED] - Element 'Object Repository/LoyaltyQR/android.widget.TextView - 2023' is exist

05-05-2025T17:01:11 - [TEST_STEP][PASSED] - assert verifyElementExist(findTestObject("Object Repository/LoyaltyQR/android.widget.TextView - Loyalty"), 0): Element 'Object Repository/LoyaltyQR/android.widget.TextView - Loyalty' is exist

05-05-2025T17:01:11 - [MESSAGE][WARNING] - Timeout '0' is invalid. Using default page load timeout: '30'

05-05-2025T17:01:11 - [MESSAGE][PASSED] - Element 'Object Repository/LoyaltyQR/android.widget.TextView - Loyalty' is exist

05-05-2025T17:01:11 - [TEST_STEP][PASSED] - assert verifyElementExist(findTestObject("Object Repository/LoyaltyQR/android.widget.TextView - 763442947"), 0): Element 'Object Repository/LoyaltyQR/android.widget.TextView - 763442947' is exist

05-05-2025T17:01:11 - [MESSAGE][WARNING] - Timeout '0' is invalid. Using default page load timeout: '30'

05-05-2025T17:01:11 - [MESSAGE][PASSED] - Element 'Object Repository/LoyaltyQR/android.widget.TextView - 763442947' is exist

05-05-2025T17:01:11 - [TEST_STEP][PASSED] - delay(3): Delayed 3 second(s)

05-05-2025T17:01:14 - [MESSAGE][PASSED] - Delayed 3 second(s)

05-05-2025T17:01:14 - [TEST_STEP][PASSED] - tap(findTestObject("Object Repository/LoyaltyQR/android.widget.TextView - Waterpark"), 0): Tapped on element 'Object Repository/LoyaltyQR/android.widget.TextView - Waterpark'

05-05-2025T17:01:14 - [MESSAGE][WARNING] - Timeout '0' is invalid. Using default page load timeout: '30'

05-05-2025T17:01:15 - [MESSAGE][PASSED] - Tapped on element 'Object Repository/LoyaltyQR/android.widget.TextView - Waterpark'

05-05-2025T17:01:15 - [TEST_STEP][PASSED] - delay(5): Delayed 5 second(s)

05-05-2025T17:01:20 - [MESSAGE][PASSED] - Delayed 5 second(s)

05-05-2025T17:01:20 - [TEST_STEP][PASSED] - assert verifyElementExist(findTestObject("Object Repository/LoyaltyQR/android.widget.TextView - Amanda (1)"), 0): Element 'Object Repository/LoyaltyQR/android.widget.TextView - Amanda (1)' is exist

05-05-2025T17:01:20 - [MESSAGE][WARNING] - Timeout '0' is invalid. Using default page load timeout: '30'

05-05-2025T17:01:20 - [MESSAGE][PASSED] - Element 'Object Repository/LoyaltyQR/android.widget.TextView - Amanda (1)' is exist

05-05-2025T17:01:20 - [TEST_STEP][PASSED] - assert verifyElementExist(findTestObject("Object Repository/LoyaltyQR/android.widget.TextView"), 0): Element 'Object Repository/LoyaltyQR/android.widget.TextView' is exist

05-05-2025T17:01:20 - [MESSAGE][WARNING] - Timeout '0' is invalid. Using default page load timeout: '30'

05-05-2025T17:01:20 - [MESSAGE][PASSED] - Element 'Object Repository/LoyaltyQR/android.widget.TextView' is exist

05-05-2025T17:01:20 - [TEST_STEP][PASSED] - assert verifyElementExist(findTestObject("Object Repository/LoyaltyQR/android.widget.TextView - Blonde (1)"), 0): Element 'Object Repository/LoyaltyQR/android.widget.TextView - Blonde (1)' is exist

05-05-2025T17:01:20 - [MESSAGE][WARNING] - Timeout '0' is invalid. Using default page load timeout: '30'

05-05-2025T17:01:20 - [MESSAGE][PASSED] - Element 'Object Repository/LoyaltyQR/android.widget.TextView - Blonde (1)' is exist

05-05-2025T17:01:20 - [TEST_STEP][PASSED] - delay(5): Delayed 5 second(s)

05-05-2025T17:01:25 - [MESSAGE][PASSED] - Delayed 5 second(s)

05-05-2025T17:01:25 - [TEST_STEP][PASSED] - tap(findTestObject("Object Repository/LoyaltyQR/android.widget.Button - Back"), 0): Tapped on element 'Object Repository/LoyaltyQR/android.widget.Button - Back'

05-05-2025T17:01:25 - [MESSAGE][WARNING] - Timeout '0' is invalid. Using default page load timeout: '30'

05-05-2025T17:01:25 - [MESSAGE][PASSED] - Tapped on element 'Object Repository/LoyaltyQR/android.widget.Button - Back'

05-05-2025T17:01:25 - [TEST_STEP][PASSED] - delay(10): Delayed 10 second(s)

05-05-2025T17:01:35 - [MESSAGE][PASSED] - Delayed 10 second(s)

05-05-2025T17:01:35 - [TEST_STEP][PASSED] - tap(findTestObject("Object Repository/LoyaltyQR/android.widget.Button - Done"), 0): Tapped on element 'Object Repository/LoyaltyQR/android.widget.Button - Done'

05-05-2025T17:01:35 - [MESSAGE][WARNING] - Timeout '0' is invalid. Using default page load timeout: '30'

05-05-2025T17:01:35 - [MESSAGE][PASSED] - Tapped on element 'Object Repository/LoyaltyQR/android.widget.Button - Done'

05-05-2025T17:01:35 - [TEST_STEP][PASSED] - delay(10): Delayed 10 second(s)

05-05-2025T17:01:45 - [MESSAGE][PASSED] - Delayed 10 second(s)

05-05-2025T17:01:45 - [TEST_STEP][PASSED] - tap(findTestObject("Object Repository/LoyaltyQR/android.view.View - My Account"), 0): Tapped on element 'Object Repository/LoyaltyQR/android.view.View - My Account'

05-05-2025T17:01:45 - [MESSAGE][WARNING] - Timeout '0' is invalid. Using default page load timeout: '30'

05-05-2025T17:01:45 - [MESSAGE][PASSED] - Tapped on element 'Object Repository/LoyaltyQR/android.view.View - My Account'

05-05-2025T17:01:45 - [TEST_STEP][PASSED] - delay(20): Delayed 20 second(s)

05-05-2025T17:02:05 - [MESSAGE][PASSED] - Delayed 20 second(s)

05-05-2025T17:02:05 - [TEST_STEP][PASSED] - tap(findTestObject("Object Repository/LoyaltyQR/android.widget.Image (1)"), 0): Tapped on element 'Object Repository/LoyaltyQR/android.widget.Image (1)'

05-05-2025T17:02:05 - [MESSAGE][WARNING] - Timeout '0' is invalid. Using default page load timeout: '30'

05-05-2025T17:02:05 - [MESSAGE][PASSED] - Tapped on element 'Object Repository/LoyaltyQR/android.widget.Image (1)'

05-05-2025T17:02:05 - [TEST_STEP][PASSED] - delay(10): Delayed 10 second(s)

05-05-2025T17:02:15 - [MESSAGE][PASSED] - Delayed 10 second(s)

05-05-2025T17:02:15 - [TEST_STEP][PASSED] - assert verifyElementExist(findTestObject("Object Repository/LoyaltyQR/android.widget.Image - Loyalty Logo"), 0): Element 'Object Repository/LoyaltyQR/android.widget.Image - Loyalty Logo' is exist

05-05-2025T17:02:15 - [MESSAGE][WARNING] - Timeout '0' is invalid. Using default page load timeout: '30'

05-05-2025T17:02:15 - [MESSAGE][PASSED] - Element 'Object Repository/LoyaltyQR/android.widget.Image - Loyalty Logo' is exist

05-05-2025T17:02:15 - [TEST_STEP][PASSED] - assert verifyElementExist(findTestObject("Object Repository/LoyaltyQR/android.widget.TextView - Amanda"), 0): Element 'Object Repository/LoyaltyQR/android.widget.TextView - Amanda' is exist

05-05-2025T17:02:15 - [MESSAGE][WARNING] - Timeout '0' is invalid. Using default page load timeout: '30'

05-05-2025T17:02:15 - [MESSAGE][PASSED] - Element 'Object Repository/LoyaltyQR/android.widget.TextView - Amanda' is exist

05-05-2025T17:02:15 - [TEST_STEP][PASSED] - assert verifyElementExist(findTestObject("Object Repository/LoyaltyQR/android.widget.TextView - Blonde"), 0): Element 'Object Repository/LoyaltyQR/android.widget.TextView - Blonde' is exist

05-05-2025T17:02:15 - [MESSAGE][WARNING] - Timeout '0' is invalid. Using default page load timeout: '30'

05-05-2025T17:02:15 - [MESSAGE][PASSED] - Element 'Object Repository/LoyaltyQR/android.widget.TextView - Blonde' is exist

05-05-2025T17:02:15 - [TEST_STEP][PASSED] - assert verifyElementExist(findTestObject("Object Repository/LoyaltyQR/android.widget.TextView - Member Since"), 0): Element 'Object Repository/LoyaltyQR/android.widget.TextView - Member Since' is exist

05-05-2025T17:02:15 - [MESSAGE][WARNING] - Timeout '0' is invalid. Using default page load timeout: '30'

05-05-2025T17:02:15 - [MESSAGE][PASSED] - Element 'Object Repository/LoyaltyQR/android.widget.TextView - Member Since' is exist

05-05-2025T17:02:15 - [TEST_STEP][PASSED] - assert verifyElementExist(findTestObject("Object Repository/LoyaltyQR/android.widget.TextView - 2023"), 0): Element 'Object Repository/LoyaltyQR/android.widget.TextView - 2023' is exist

05-05-2025T17:02:15 - [MESSAGE][WARNING] - Timeout '0' is invalid. Using default page load timeout: '30'

05-05-2025T17:02:16 - [MESSAGE][PASSED] - Element 'Object Repository/LoyaltyQR/android.widget.TextView - 2023' is exist

05-05-2025T17:02:16 - [TEST_STEP][PASSED] - assert verifyElementExist(findTestObject("Object Repository/LoyaltyQR/android.widget.TextView - Loyalty"), 0): Element 'Object Repository/LoyaltyQR/android.widget.TextView - Loyalty' is exist

05-05-2025T17:02:16 - [MESSAGE][WARNING] - Timeout '0' is invalid. Using default page load timeout: '30'

05-05-2025T17:02:16 - [MESSAGE][PASSED] - Element 'Object Repository/LoyaltyQR/android.widget.TextView - Loyalty' is exist

05-05-2025T17:02:16 - [TEST_STEP][PASSED] - assert verifyElementExist(findTestObject("Object Repository/LoyaltyQR/android.widget.TextView - 763442947"), 0): Element 'Object Repository/LoyaltyQR/android.widget.TextView - 763442947' is exist

05-05-2025T17:02:16 - [MESSAGE][WARNING] - Timeout '0' is invalid. Using default page load timeout: '30'

05-05-2025T17:02:16 - [MESSAGE][PASSED] - Element 'Object Repository/LoyaltyQR/android.widget.TextView - 763442947' is exist

05-05-2025T17:02:16 - [TEST_STEP][PASSED] - delay(3): Delayed 3 second(s)

05-05-2025T17:02:19 - [MESSAGE][PASSED] - Delayed 3 second(s)

05-05-2025T17:02:19 - [TEST_STEP][PASSED] - tap(findTestObject("Object Repository/LoyaltyQR/android.widget.TextView - Waterpark"), 0): Tapped on element 'Object Repository/LoyaltyQR/android.widget.TextView - Waterpark'

05-05-2025T17:02:19 - [MESSAGE][WARNING] - Timeout '0' is invalid. Using default page load timeout: '30'

05-05-2025T17:02:19 - [MESSAGE][PASSED] - Tapped on element 'Object Repository/LoyaltyQR/android.widget.TextView - Waterpark'

05-05-2025T17:02:19 - [TEST_STEP][PASSED] - delay(5): Delayed 5 second(s)

05-05-2025T17:02:24 - [MESSAGE][PASSED] - Delayed 5 second(s)

05-05-2025T17:02:24 - [TEST_STEP][PASSED] - assert verifyElementExist(findTestObject("Object Repository/LoyaltyQR/android.widget.TextView - Amanda (1)"), 0): Element 'Object Repository/LoyaltyQR/android.widget.TextView - Amanda (1)' is exist

05-05-2025T17:02:24 - [MESSAGE][WARNING] - Timeout '0' is invalid. Using default page load timeout: '30'

05-05-2025T17:02:24 - [MESSAGE][PASSED] - Element 'Object Repository/LoyaltyQR/android.widget.TextView - Amanda (1)' is exist

05-05-2025T17:02:24 - [TEST_STEP][PASSED] - assert verifyElementExist(findTestObject("Object Repository/LoyaltyQR/android.widget.TextView"), 0): Element 'Object Repository/LoyaltyQR/android.widget.TextView' is exist

05-05-2025T17:02:24 - [MESSAGE][WARNING] - Timeout '0' is invalid. Using default page load timeout: '30'

05-05-2025T17:02:24 - [MESSAGE][PASSED] - Element 'Object Repository/LoyaltyQR/android.widget.TextView' is exist

05-05-2025T17:02:24 - [TEST_STEP][PASSED] - assert verifyElementExist(findTestObject("Object Repository/LoyaltyQR/android.widget.TextView - Blonde (1)"), 0): Element 'Object Repository/LoyaltyQR/android.widget.TextView - Blonde (1)' is exist

05-05-2025T17:02:24 - [MESSAGE][WARNING] - Timeout '0' is invalid. Using default page load timeout: '30'

05-05-2025T17:02:24 - [MESSAGE][PASSED] - Element 'Object Repository/LoyaltyQR/android.widget.TextView - Blonde (1)' is exist

05-05-2025T17:02:24 - [TEST_STEP][PASSED] - closeApplication(): Close app successfully

05-05-2025T17:02:25 - [MESSAGE][PASSED] - Close app successfully]]></system-out>
         <system-err><![CDATA[]]></system-err>
      </testcase>
      <testcase name="Test Cases/Loyalty QR Code/C840_C855_PresidentClub_Verification" time="1016.841" classname="Test Cases/Loyalty QR Code/C840_C855_PresidentClub_Verification" status="FAILED">
         <failure type="FAILED" message="Test Cases/Loyalty QR Code/C840_C855_PresidentClub_Verification FAILED.&#xa;Reason:&#xa;com.kms.katalon.core.exception.StepFailedException: Failed to check for element 'Object Repository/PRClub/android.widget.TextView - Presidents Club' exist&#xa;	at com.kms.katalon.core.mobile.keyword.internal.MobileKeywordMain.stepFailed(MobileKeywordMain.groovy:64)&#xa;	at com.kms.katalon.core.mobile.keyword.internal.MobileKeywordMain.runKeyword(MobileKeywordMain.groovy:34)&#xa;	at com.kms.katalon.core.mobile.keyword.builtin.VerifyElementExistKeyword.verifyElementExist(VerifyElementExistKeyword.groovy:51)&#xa;	at com.kms.katalon.core.mobile.keyword.builtin.VerifyElementExistKeyword.execute(VerifyElementExistKeyword.groovy:35)&#xa;	at com.kms.katalon.core.keyword.internal.KeywordExecutor.executeKeywordForPlatform(KeywordExecutor.groovy:74)&#xa;	at com.kms.katalon.core.mobile.keyword.MobileBuiltInKeywords.verifyElementExist(MobileBuiltInKeywords.groovy:1726)&#xa;	at C840_C855_PresidentClub_Verification.run(C840_C855_PresidentClub_Verification:84)&#xa;	at com.kms.katalon.core.main.ScriptEngine.run(ScriptEngine.java:194)&#xa;	at com.kms.katalon.core.main.ScriptEngine.runScriptAsRawText(ScriptEngine.java:119)&#xa;	at com.kms.katalon.core.main.TestCaseExecutor.runScript(TestCaseExecutor.java:448)&#xa;	at com.kms.katalon.core.main.TestCaseExecutor.doExecute(TestCaseExecutor.java:439)&#xa;	at com.kms.katalon.core.main.TestCaseExecutor.processExecutionPhase(TestCaseExecutor.java:418)&#xa;	at com.kms.katalon.core.main.TestCaseExecutor.accessMainPhase(TestCaseExecutor.java:410)&#xa;	at com.kms.katalon.core.main.TestCaseExecutor.execute(TestCaseExecutor.java:285)&#xa;	at com.kms.katalon.core.common.CommonExecutor.accessTestCaseMainPhase(CommonExecutor.java:71)&#xa;	at com.kms.katalon.core.main.TestSuiteExecutor.accessTestSuiteMainPhase(TestSuiteExecutor.java:160)&#xa;	at com.kms.katalon.core.main.TestSuiteExecutor.execute(TestSuiteExecutor.java:107)&#xa;	at com.kms.katalon.core.main.TestCaseMain.startTestSuite(TestCaseMain.java:180)&#xa;	at TempTestSuite1746444279154.run(TempTestSuite1746444279154.groovy:35)&#xa;	at java.base/jdk.internal.reflect.NativeMethodAccessorImpl.invoke0(Native Method)&#xa;	at java.base/jdk.internal.reflect.NativeMethodAccessorImpl.invoke(NativeMethodAccessorImpl.java:77)&#xa;	at java.base/jdk.internal.reflect.DelegatingMethodAccessorImpl.invoke(DelegatingMethodAccessorImpl.java:43)&#xa;Caused by: com.kms.katalon.core.exception.StepFailedException: Element 'Object Repository/PRClub/android.widget.TextView - Presidents Club' not found&#xa;	at com.kms.katalon.core.mobile.keyword.internal.MobileKeywordMain.stepFailed(MobileKeywordMain.groovy:64)&#xa;	at com.kms.katalon.core.mobile.keyword.builtin.VerifyElementExistKeyword$_verifyElementExist_closure1.doCall(VerifyElementExistKeyword.groovy:48)&#xa;	at com.kms.katalon.core.mobile.keyword.builtin.VerifyElementExistKeyword$_verifyElementExist_closure1.call(VerifyElementExistKeyword.groovy)&#xa;	at com.kms.katalon.core.mobile.keyword.internal.MobileKeywordMain.runKeyword(MobileKeywordMain.groovy:30)&#xa;	... 20 more&#xa;"/>
         <system-out><![CDATA[05-05-2025T17:02:25 - [TEST_CASE][FAILED] - Test Cases/Loyalty QR Code/C840_C855_PresidentClub_Verification: Test Cases/Loyalty QR Code/C840_C855_PresidentClub_Verification FAILED.
Reason:
com.kms.katalon.core.exception.StepFailedException: Failed to check for element 'Object Repository/PRClub/android.widget.TextView - Presidents Club' exist
	at com.kms.katalon.core.mobile.keyword.internal.MobileKeywordMain.stepFailed(MobileKeywordMain.groovy:64)
	at com.kms.katalon.core.mobile.keyword.internal.MobileKeywordMain.runKeyword(MobileKeywordMain.groovy:34)
	at com.kms.katalon.core.mobile.keyword.builtin.VerifyElementExistKeyword.verifyElementExist(VerifyElementExistKeyword.groovy:51)
	at com.kms.katalon.core.mobile.keyword.builtin.VerifyElementExistKeyword.execute(VerifyElementExistKeyword.groovy:35)
	at com.kms.katalon.core.keyword.internal.KeywordExecutor.executeKeywordForPlatform(KeywordExecutor.groovy:74)
	at com.kms.katalon.core.mobile.keyword.MobileBuiltInKeywords.verifyElementExist(MobileBuiltInKeywords.groovy:1726)
	at C840_C855_PresidentClub_Verification.run(C840_C855_PresidentClub_Verification:84)
	at com.kms.katalon.core.main.ScriptEngine.run(ScriptEngine.java:194)
	at com.kms.katalon.core.main.ScriptEngine.runScriptAsRawText(ScriptEngine.java:119)
	at com.kms.katalon.core.main.TestCaseExecutor.runScript(TestCaseExecutor.java:448)
	at com.kms.katalon.core.main.TestCaseExecutor.doExecute(TestCaseExecutor.java:439)
	at com.kms.katalon.core.main.TestCaseExecutor.processExecutionPhase(TestCaseExecutor.java:418)
	at com.kms.katalon.core.main.TestCaseExecutor.accessMainPhase(TestCaseExecutor.java:410)
	at com.kms.katalon.core.main.TestCaseExecutor.execute(TestCaseExecutor.java:285)
	at com.kms.katalon.core.common.CommonExecutor.accessTestCaseMainPhase(CommonExecutor.java:71)
	at com.kms.katalon.core.main.TestSuiteExecutor.accessTestSuiteMainPhase(TestSuiteExecutor.java:160)
	at com.kms.katalon.core.main.TestSuiteExecutor.execute(TestSuiteExecutor.java:107)
	at com.kms.katalon.core.main.TestCaseMain.startTestSuite(TestCaseMain.java:180)
	at TempTestSuite1746444279154.run(TempTestSuite1746444279154.groovy:35)
	at java.base/jdk.internal.reflect.NativeMethodAccessorImpl.invoke0(Native Method)
	at java.base/jdk.internal.reflect.NativeMethodAccessorImpl.invoke(NativeMethodAccessorImpl.java:77)
	at java.base/jdk.internal.reflect.DelegatingMethodAccessorImpl.invoke(DelegatingMethodAccessorImpl.java:43)
Caused by: com.kms.katalon.core.exception.StepFailedException: Element 'Object Repository/PRClub/android.widget.TextView - Presidents Club' not found
	at com.kms.katalon.core.mobile.keyword.internal.MobileKeywordMain.stepFailed(MobileKeywordMain.groovy:64)
	at com.kms.katalon.core.mobile.keyword.builtin.VerifyElementExistKeyword$_verifyElementExist_closure1.doCall(VerifyElementExistKeyword.groovy:48)
	at com.kms.katalon.core.mobile.keyword.builtin.VerifyElementExistKeyword$_verifyElementExist_closure1.call(VerifyElementExistKeyword.groovy)
	at com.kms.katalon.core.mobile.keyword.internal.MobileKeywordMain.runKeyword(MobileKeywordMain.groovy:30)
	... 20 more


05-05-2025T17:02:25 - [TEST_STEP][PASSED] - startApplication("/Users/gv.vignesh/Downloads/app-debug-2.99.82.apk", true): Started application: '/Users/gv.vignesh/Downloads/app-debug-2.99.82.apk'

05-05-2025T17:02:25 - [MESSAGE][INFO] - Starting application: '/Users/gv.vignesh/Downloads/app-debug-2.99.82.apk'

05-05-2025T17:02:25 - [MESSAGE][INFO] - User set preference: ['uiautomator2ServerInstallTimeout', '0']

05-05-2025T17:02:25 - [MESSAGE][INFO] - User set preference: ['deviceId', '']

05-05-2025T17:02:25 - [MESSAGE][INFO] - Detected NodeJS location: "/opt/homebrew/Cellar/node/23.10.0_1/bin/node"

05-05-2025T17:02:25 - [MESSAGE][INFO] - PATH: /opt/homebrew/Cellar/node/23.10.0_1/bin:/opt/homebrew/bin:/usr/bin:/bin:/usr/sbin:/sbin:/Applications/Katalon Studio Enterprise.app/Contents/Eclipse/jre/Contents/Home/bin:/usr/local/bin/

05-05-2025T17:02:25 - [MESSAGE][INFO] - APPIUM_HOME: /Users/gv.vignesh/.appium

05-05-2025T17:02:25 - [MESSAGE][INFO] - appium outlog: /Users/gv.vignesh/Downloads/WGR-Android-Automation/Reports/20250505_165439/WOW Loyalty Program/20250505_165439/appium.log

05-05-2025T17:02:25 - [MESSAGE][INFO] - appium errlog: /Users/gv.vignesh/Downloads/WGR-Android-Automation/Reports/20250505_165439/WOW Loyalty Program/20250505_165439/appium_error.log

05-05-2025T17:02:27 - [MESSAGE][INFO] - Appium server started on port 63,183

05-05-2025T17:02:31 - [MESSAGE][PASSED] - Started application: '/Users/gv.vignesh/Downloads/app-debug-2.99.82.apk'

05-05-2025T17:02:31 - [TEST_STEP][PASSED] - delay(10): Delayed 10 second(s)

05-05-2025T17:02:41 - [MESSAGE][PASSED] - Delayed 10 second(s)

05-05-2025T17:02:41 - [TEST_STEP][PASSED] - tap(findTestObject("Object Repository/PRClub/android.widget.Button - Login or Sign Up"), 0): Tapped on element 'Object Repository/PRClub/android.widget.Button - Login or Sign Up'

05-05-2025T17:02:41 - [MESSAGE][WARNING] - Timeout '0' is invalid. Using default page load timeout: '30'

05-05-2025T17:02:42 - [MESSAGE][PASSED] - Tapped on element 'Object Repository/PRClub/android.widget.Button - Login or Sign Up'

05-05-2025T17:02:42 - [TEST_STEP][PASSED] - delay(10): Delayed 10 second(s)

05-05-2025T17:02:52 - [MESSAGE][PASSED] - Delayed 10 second(s)

05-05-2025T17:02:52 - [TEST_STEP][PASSED] - setText(findTestObject("Object Repository/PRClub/android.widget.EditText"), "RKRUG1113@GMAIL.COM", 0): Text 'RKRUG1113@GMAIL.COM' has been set to element 'Object Repository/PRClub/android.widget.EditText'

05-05-2025T17:02:52 - [MESSAGE][WARNING] - Timeout '0' is invalid. Using default page load timeout: '30'

05-05-2025T17:02:52 - [MESSAGE][PASSED] - Text 'RKRUG1113@GMAIL.COM' has been set to element 'Object Repository/PRClub/android.widget.EditText'

05-05-2025T17:02:52 - [TEST_STEP][PASSED] - hideKeyboard(): Keyboard is hidden

05-05-2025T17:02:54 - [MESSAGE][PASSED] - Keyboard is hidden

05-05-2025T17:02:54 - [TEST_STEP][PASSED] - delay(10): Delayed 10 second(s)

05-05-2025T17:03:04 - [MESSAGE][PASSED] - Delayed 10 second(s)

05-05-2025T17:03:04 - [TEST_STEP][PASSED] - tap(findTestObject("Object Repository/PRClub/android.widget.Button - Next"), 0): Tapped on element 'Object Repository/PRClub/android.widget.Button - Next'

05-05-2025T17:03:04 - [MESSAGE][WARNING] - Timeout '0' is invalid. Using default page load timeout: '30'

05-05-2025T17:03:04 - [MESSAGE][PASSED] - Tapped on element 'Object Repository/PRClub/android.widget.Button - Next'

05-05-2025T17:03:04 - [TEST_STEP][PASSED] - delay(10): Delayed 10 second(s)

05-05-2025T17:03:14 - [MESSAGE][PASSED] - Delayed 10 second(s)

05-05-2025T17:03:14 - [TEST_STEP][PASSED] - tap(findTestObject("Object Repository/PRClub/android.widget.Button - Accept All Cookies"), 0): Tapped on element 'Object Repository/PRClub/android.widget.Button - Accept All Cookies'

05-05-2025T17:03:14 - [MESSAGE][WARNING] - Timeout '0' is invalid. Using default page load timeout: '30'

05-05-2025T17:03:23 - [MESSAGE][PASSED] - Tapped on element 'Object Repository/PRClub/android.widget.Button - Accept All Cookies'

05-05-2025T17:03:23 - [TEST_STEP][PASSED] - delay(40): Delayed 40 second(s)

05-05-2025T17:18:00 - [MESSAGE][PASSED] - Delayed 40 second(s)

05-05-2025T17:18:00 - [TEST_STEP][PASSED] - setText(findTestObject("Object Repository/PRClub/android.widget.EditText (1)"), "RKRUG1113@GMAIL.COM", 0): Text 'RKRUG1113@GMAIL.COM' has been set to element 'Object Repository/PRClub/android.widget.EditText (1)'

05-05-2025T17:18:00 - [MESSAGE][WARNING] - Timeout '0' is invalid. Using default page load timeout: '30'

05-05-2025T17:18:01 - [MESSAGE][PASSED] - Text 'RKRUG1113@GMAIL.COM' has been set to element 'Object Repository/PRClub/android.widget.EditText (1)'

05-05-2025T17:18:01 - [TEST_STEP][PASSED] - hideKeyboard(): Keyboard is hidden

05-05-2025T17:18:03 - [MESSAGE][PASSED] - Keyboard is hidden

05-05-2025T17:18:03 - [TEST_STEP][PASSED] - delay(5): Delayed 5 second(s)

05-05-2025T17:18:08 - [MESSAGE][PASSED] - Delayed 5 second(s)

05-05-2025T17:18:08 - [TEST_STEP][PASSED] - setText(findTestObject("Object Repository/PRClub/android.widget.EditText (2)"), "password", 0): Text 'password' has been set to element 'Object Repository/PRClub/android.widget.EditText (2)'

05-05-2025T17:18:08 - [MESSAGE][WARNING] - Timeout '0' is invalid. Using default page load timeout: '30'

05-05-2025T17:18:08 - [MESSAGE][PASSED] - Text 'password' has been set to element 'Object Repository/PRClub/android.widget.EditText (2)'

05-05-2025T17:18:08 - [TEST_STEP][PASSED] - hideKeyboard(): Keyboard is hidden

05-05-2025T17:18:10 - [MESSAGE][PASSED] - Keyboard is hidden

05-05-2025T17:18:10 - [TEST_STEP][PASSED] - delay(5): Delayed 5 second(s)

05-05-2025T17:18:15 - [MESSAGE][PASSED] - Delayed 5 second(s)

05-05-2025T17:18:15 - [TEST_STEP][PASSED] - tap(findTestObject("Object Repository/PRClub/android.widget.Button - LOGIN"), 0): Tapped on element 'Object Repository/PRClub/android.widget.Button - LOGIN'

05-05-2025T17:18:15 - [MESSAGE][WARNING] - Timeout '0' is invalid. Using default page load timeout: '30'

05-05-2025T17:18:16 - [MESSAGE][PASSED] - Tapped on element 'Object Repository/PRClub/android.widget.Button - LOGIN'

05-05-2025T17:18:16 - [TEST_STEP][PASSED] - delay(15): Delayed 15 second(s)

05-05-2025T17:18:31 - [MESSAGE][PASSED] - Delayed 15 second(s)

05-05-2025T17:18:31 - [TEST_STEP][PASSED] - tap(findTestObject("Object Repository/PRClub/android.widget.Image"), 0): Tapped on element 'Object Repository/PRClub/android.widget.Image'

05-05-2025T17:18:31 - [MESSAGE][WARNING] - Timeout '0' is invalid. Using default page load timeout: '30'

05-05-2025T17:18:31 - [MESSAGE][PASSED] - Tapped on element 'Object Repository/PRClub/android.widget.Image'

05-05-2025T17:18:31 - [TEST_STEP][PASSED] - delay(20): Delayed 20 second(s)

05-05-2025T17:18:51 - [MESSAGE][PASSED] - Delayed 20 second(s)

05-05-2025T17:18:51 - [TEST_STEP][FAILED] - assert verifyElementExist(findTestObject("Object Repository/PRClub/android.widget.TextView - Presidents Club"), 0): Failed to check for element 'Object Repository/PRClub/android.widget.TextView - Presidents Club' exist (Root cause: com.kms.katalon.core.exception.StepFailedException: Failed to check for element 'Object Repository/PRClub/android.widget.TextView - Presidents Club' exist
	at com.kms.katalon.core.mobile.keyword.internal.MobileKeywordMain.stepFailed(MobileKeywordMain.groovy:64)
	at com.kms.katalon.core.mobile.keyword.internal.MobileKeywordMain.runKeyword(MobileKeywordMain.groovy:34)
	at com.kms.katalon.core.mobile.keyword.builtin.VerifyElementExistKeyword.verifyElementExist(VerifyElementExistKeyword.groovy:51)
	at com.kms.katalon.core.mobile.keyword.builtin.VerifyElementExistKeyword.execute(VerifyElementExistKeyword.groovy:35)
	at com.kms.katalon.core.keyword.internal.KeywordExecutor.executeKeywordForPlatform(KeywordExecutor.groovy:74)
	at com.kms.katalon.core.mobile.keyword.MobileBuiltInKeywords.verifyElementExist(MobileBuiltInKeywords.groovy:1726)
	at C840_C855_PresidentClub_Verification.run(C840_C855_PresidentClub_Verification:84)
	at com.kms.katalon.core.main.ScriptEngine.run(ScriptEngine.java:194)
	at com.kms.katalon.core.main.ScriptEngine.runScriptAsRawText(ScriptEngine.java:119)
	at com.kms.katalon.core.main.TestCaseExecutor.runScript(TestCaseExecutor.java:448)
	at com.kms.katalon.core.main.TestCaseExecutor.doExecute(TestCaseExecutor.java:439)
	at com.kms.katalon.core.main.TestCaseExecutor.processExecutionPhase(TestCaseExecutor.java:418)
	at com.kms.katalon.core.main.TestCaseExecutor.accessMainPhase(TestCaseExecutor.java:410)
	at com.kms.katalon.core.main.TestCaseExecutor.execute(TestCaseExecutor.java:285)
	at com.kms.katalon.core.common.CommonExecutor.accessTestCaseMainPhase(CommonExecutor.java:71)
	at com.kms.katalon.core.main.TestSuiteExecutor.accessTestSuiteMainPhase(TestSuiteExecutor.java:160)
	at com.kms.katalon.core.main.TestSuiteExecutor.execute(TestSuiteExecutor.java:107)
	at com.kms.katalon.core.main.TestCaseMain.startTestSuite(TestCaseMain.java:180)
	at TempTestSuite1746444279154.run(TempTestSuite1746444279154.groovy:35)
	at java.base/jdk.internal.reflect.NativeMethodAccessorImpl.invoke0(Native Method)
	at java.base/jdk.internal.reflect.NativeMethodAccessorImpl.invoke(NativeMethodAccessorImpl.java:77)
	at java.base/jdk.internal.reflect.DelegatingMethodAccessorImpl.invoke(DelegatingMethodAccessorImpl.java:43)
Caused by: com.kms.katalon.core.exception.StepFailedException: Element 'Object Repository/PRClub/android.widget.TextView - Presidents Club' not found
	at com.kms.katalon.core.mobile.keyword.internal.MobileKeywordMain.stepFailed(MobileKeywordMain.groovy:64)
	at com.kms.katalon.core.mobile.keyword.builtin.VerifyElementExistKeyword$_verifyElementExist_closure1.doCall(VerifyElementExistKeyword.groovy:48)
	at com.kms.katalon.core.mobile.keyword.builtin.VerifyElementExistKeyword$_verifyElementExist_closure1.call(VerifyElementExistKeyword.groovy)
	at com.kms.katalon.core.mobile.keyword.internal.MobileKeywordMain.runKeyword(MobileKeywordMain.groovy:30)
	... 20 more
)

05-05-2025T17:18:51 - [MESSAGE][WARNING] - Timeout '0' is invalid. Using default page load timeout: '30'

05-05-2025T17:19:22 - [MESSAGE][FAILED] - Element 'Object Repository/PRClub/android.widget.TextView - Presidents Club' not found (Root cause: com.kms.katalon.core.exception.StepFailedException: Element 'Object Repository/PRClub/android.widget.TextView - Presidents Club' not found
	at com.kms.katalon.core.mobile.keyword.internal.MobileKeywordMain.stepFailed(MobileKeywordMain.groovy:64)
	at com.kms.katalon.core.mobile.keyword.builtin.VerifyElementExistKeyword$_verifyElementExist_closure1.doCall(VerifyElementExistKeyword.groovy:48)
	at com.kms.katalon.core.mobile.keyword.builtin.VerifyElementExistKeyword$_verifyElementExist_closure1.call(VerifyElementExistKeyword.groovy)
	at com.kms.katalon.core.mobile.keyword.internal.MobileKeywordMain.runKeyword(MobileKeywordMain.groovy:30)
	at com.kms.katalon.core.mobile.keyword.builtin.VerifyElementExistKeyword.verifyElementExist(VerifyElementExistKeyword.groovy:51)
	at com.kms.katalon.core.mobile.keyword.builtin.VerifyElementExistKeyword.execute(VerifyElementExistKeyword.groovy:35)
	at com.kms.katalon.core.keyword.internal.KeywordExecutor.executeKeywordForPlatform(KeywordExecutor.groovy:74)
	at com.kms.katalon.core.mobile.keyword.MobileBuiltInKeywords.verifyElementExist(MobileBuiltInKeywords.groovy:1726)
	at C840_C855_PresidentClub_Verification.run(C840_C855_PresidentClub_Verification:84)
	at com.kms.katalon.core.main.ScriptEngine.run(ScriptEngine.java:194)
	at com.kms.katalon.core.main.ScriptEngine.runScriptAsRawText(ScriptEngine.java:119)
	at com.kms.katalon.core.main.TestCaseExecutor.runScript(TestCaseExecutor.java:448)
	at com.kms.katalon.core.main.TestCaseExecutor.doExecute(TestCaseExecutor.java:439)
	at com.kms.katalon.core.main.TestCaseExecutor.processExecutionPhase(TestCaseExecutor.java:418)
	at com.kms.katalon.core.main.TestCaseExecutor.accessMainPhase(TestCaseExecutor.java:410)
	at com.kms.katalon.core.main.TestCaseExecutor.execute(TestCaseExecutor.java:285)
	at com.kms.katalon.core.common.CommonExecutor.accessTestCaseMainPhase(CommonExecutor.java:71)
	at com.kms.katalon.core.main.TestSuiteExecutor.accessTestSuiteMainPhase(TestSuiteExecutor.java:160)
	at com.kms.katalon.core.main.TestSuiteExecutor.execute(TestSuiteExecutor.java:107)
	at com.kms.katalon.core.main.TestCaseMain.startTestSuite(TestCaseMain.java:180)
	at TempTestSuite1746444279154.run(TempTestSuite1746444279154.groovy:35)
	at java.base/jdk.internal.reflect.NativeMethodAccessorImpl.invoke0(Native Method)
	at java.base/jdk.internal.reflect.NativeMethodAccessorImpl.invoke(NativeMethodAccessorImpl.java:77)
	at java.base/jdk.internal.reflect.DelegatingMethodAccessorImpl.invoke(DelegatingMethodAccessorImpl.java:43)
)
[[ATTACHMENT|/Users/gv.vignesh/Downloads/WGR-Android-Automation/Reports/20250505_165439/WOW Loyalty Program/20250505_165439/1746445761364.png]]

05-05-2025T17:19:22 - [MESSAGE][FAILED] - Failed to check for element 'Object Repository/PRClub/android.widget.TextView - Presidents Club' exist (Root cause: com.kms.katalon.core.exception.StepFailedException: Failed to check for element 'Object Repository/PRClub/android.widget.TextView - Presidents Club' exist
	at com.kms.katalon.core.mobile.keyword.internal.MobileKeywordMain.stepFailed(MobileKeywordMain.groovy:64)
	at com.kms.katalon.core.mobile.keyword.internal.MobileKeywordMain.runKeyword(MobileKeywordMain.groovy:34)
	at com.kms.katalon.core.mobile.keyword.builtin.VerifyElementExistKeyword.verifyElementExist(VerifyElementExistKeyword.groovy:51)
	at com.kms.katalon.core.mobile.keyword.builtin.VerifyElementExistKeyword.execute(VerifyElementExistKeyword.groovy:35)
	at com.kms.katalon.core.keyword.internal.KeywordExecutor.executeKeywordForPlatform(KeywordExecutor.groovy:74)
	at com.kms.katalon.core.mobile.keyword.MobileBuiltInKeywords.verifyElementExist(MobileBuiltInKeywords.groovy:1726)
	at C840_C855_PresidentClub_Verification.run(C840_C855_PresidentClub_Verification:84)
	at com.kms.katalon.core.main.ScriptEngine.run(ScriptEngine.java:194)
	at com.kms.katalon.core.main.ScriptEngine.runScriptAsRawText(ScriptEngine.java:119)
	at com.kms.katalon.core.main.TestCaseExecutor.runScript(TestCaseExecutor.java:448)
	at com.kms.katalon.core.main.TestCaseExecutor.doExecute(TestCaseExecutor.java:439)
	at com.kms.katalon.core.main.TestCaseExecutor.processExecutionPhase(TestCaseExecutor.java:418)
	at com.kms.katalon.core.main.TestCaseExecutor.accessMainPhase(TestCaseExecutor.java:410)
	at com.kms.katalon.core.main.TestCaseExecutor.execute(TestCaseExecutor.java:285)
	at com.kms.katalon.core.common.CommonExecutor.accessTestCaseMainPhase(CommonExecutor.java:71)
	at com.kms.katalon.core.main.TestSuiteExecutor.accessTestSuiteMainPhase(TestSuiteExecutor.java:160)
	at com.kms.katalon.core.main.TestSuiteExecutor.execute(TestSuiteExecutor.java:107)
	at com.kms.katalon.core.main.TestCaseMain.startTestSuite(TestCaseMain.java:180)
	at TempTestSuite1746444279154.run(TempTestSuite1746444279154.groovy:35)
	at java.base/jdk.internal.reflect.NativeMethodAccessorImpl.invoke0(Native Method)
	at java.base/jdk.internal.reflect.NativeMethodAccessorImpl.invoke(NativeMethodAccessorImpl.java:77)
	at java.base/jdk.internal.reflect.DelegatingMethodAccessorImpl.invoke(DelegatingMethodAccessorImpl.java:43)
Caused by: com.kms.katalon.core.exception.StepFailedException: Element 'Object Repository/PRClub/android.widget.TextView - Presidents Club' not found
	at com.kms.katalon.core.mobile.keyword.internal.MobileKeywordMain.stepFailed(MobileKeywordMain.groovy:64)
	at com.kms.katalon.core.mobile.keyword.builtin.VerifyElementExistKeyword$_verifyElementExist_closure1.doCall(VerifyElementExistKeyword.groovy:48)
	at com.kms.katalon.core.mobile.keyword.builtin.VerifyElementExistKeyword$_verifyElementExist_closure1.call(VerifyElementExistKeyword.groovy)
	at com.kms.katalon.core.mobile.keyword.internal.MobileKeywordMain.runKeyword(MobileKeywordMain.groovy:30)
	... 20 more
)
[[ATTACHMENT|/Users/gv.vignesh/Downloads/WGR-Android-Automation/Reports/20250505_165439/WOW Loyalty Program/20250505_165439/1746445762001.png]]]]></system-out>
         <system-err><![CDATA[05-05-2025T17:02:25 - [TEST_CASE][FAILED] - Test Cases/Loyalty QR Code/C840_C855_PresidentClub_Verification: Test Cases/Loyalty QR Code/C840_C855_PresidentClub_Verification FAILED.
Reason:
com.kms.katalon.core.exception.StepFailedException: Failed to check for element 'Object Repository/PRClub/android.widget.TextView - Presidents Club' exist
	at com.kms.katalon.core.mobile.keyword.internal.MobileKeywordMain.stepFailed(MobileKeywordMain.groovy:64)
	at com.kms.katalon.core.mobile.keyword.internal.MobileKeywordMain.runKeyword(MobileKeywordMain.groovy:34)
	at com.kms.katalon.core.mobile.keyword.builtin.VerifyElementExistKeyword.verifyElementExist(VerifyElementExistKeyword.groovy:51)
	at com.kms.katalon.core.mobile.keyword.builtin.VerifyElementExistKeyword.execute(VerifyElementExistKeyword.groovy:35)
	at com.kms.katalon.core.keyword.internal.KeywordExecutor.executeKeywordForPlatform(KeywordExecutor.groovy:74)
	at com.kms.katalon.core.mobile.keyword.MobileBuiltInKeywords.verifyElementExist(MobileBuiltInKeywords.groovy:1726)
	at C840_C855_PresidentClub_Verification.run(C840_C855_PresidentClub_Verification:84)
	at com.kms.katalon.core.main.ScriptEngine.run(ScriptEngine.java:194)
	at com.kms.katalon.core.main.ScriptEngine.runScriptAsRawText(ScriptEngine.java:119)
	at com.kms.katalon.core.main.TestCaseExecutor.runScript(TestCaseExecutor.java:448)
	at com.kms.katalon.core.main.TestCaseExecutor.doExecute(TestCaseExecutor.java:439)
	at com.kms.katalon.core.main.TestCaseExecutor.processExecutionPhase(TestCaseExecutor.java:418)
	at com.kms.katalon.core.main.TestCaseExecutor.accessMainPhase(TestCaseExecutor.java:410)
	at com.kms.katalon.core.main.TestCaseExecutor.execute(TestCaseExecutor.java:285)
	at com.kms.katalon.core.common.CommonExecutor.accessTestCaseMainPhase(CommonExecutor.java:71)
	at com.kms.katalon.core.main.TestSuiteExecutor.accessTestSuiteMainPhase(TestSuiteExecutor.java:160)
	at com.kms.katalon.core.main.TestSuiteExecutor.execute(TestSuiteExecutor.java:107)
	at com.kms.katalon.core.main.TestCaseMain.startTestSuite(TestCaseMain.java:180)
	at TempTestSuite1746444279154.run(TempTestSuite1746444279154.groovy:35)
	at java.base/jdk.internal.reflect.NativeMethodAccessorImpl.invoke0(Native Method)
	at java.base/jdk.internal.reflect.NativeMethodAccessorImpl.invoke(NativeMethodAccessorImpl.java:77)
	at java.base/jdk.internal.reflect.DelegatingMethodAccessorImpl.invoke(DelegatingMethodAccessorImpl.java:43)
Caused by: com.kms.katalon.core.exception.StepFailedException: Element 'Object Repository/PRClub/android.widget.TextView - Presidents Club' not found
	at com.kms.katalon.core.mobile.keyword.internal.MobileKeywordMain.stepFailed(MobileKeywordMain.groovy:64)
	at com.kms.katalon.core.mobile.keyword.builtin.VerifyElementExistKeyword$_verifyElementExist_closure1.doCall(VerifyElementExistKeyword.groovy:48)
	at com.kms.katalon.core.mobile.keyword.builtin.VerifyElementExistKeyword$_verifyElementExist_closure1.call(VerifyElementExistKeyword.groovy)
	at com.kms.katalon.core.mobile.keyword.internal.MobileKeywordMain.runKeyword(MobileKeywordMain.groovy:30)
	... 20 more]]></system-err>
      </testcase>
      <testcase name="Test Cases/Loyalty QR Code/C847_GoldTier_Verification" time="190.633" classname="Test Cases/Loyalty QR Code/C847_GoldTier_Verification" status="PASSED">
         <system-out><![CDATA[05-05-2025T17:19:22 - [TEST_CASE][PASSED] - Test Cases/Loyalty QR Code/C847_GoldTier_Verification: Test Cases/Loyalty QR Code/C847_GoldTier_Verification

05-05-2025T17:19:22 - [TEST_STEP][PASSED] - startApplication("/Users/gv.vignesh/Downloads/app-debug-2.99.81.apk", true): Started application: '/Users/gv.vignesh/Downloads/app-debug-2.99.81.apk'

05-05-2025T17:19:22 - [MESSAGE][INFO] - Starting application: '/Users/gv.vignesh/Downloads/app-debug-2.99.81.apk'

05-05-2025T17:19:22 - [MESSAGE][INFO] - User set preference: ['uiautomator2ServerInstallTimeout', '0']

05-05-2025T17:19:22 - [MESSAGE][INFO] - User set preference: ['deviceId', '']

05-05-2025T17:19:28 - [MESSAGE][PASSED] - Started application: '/Users/gv.vignesh/Downloads/app-debug-2.99.81.apk'

05-05-2025T17:19:28 - [TEST_STEP][PASSED] - delay(10): Delayed 10 second(s)

05-05-2025T17:19:38 - [MESSAGE][PASSED] - Delayed 10 second(s)

05-05-2025T17:19:38 - [TEST_STEP][PASSED] - tap(findTestObject("Object Repository/GoldTier/android.widget.Button - Login or Sign Up"), 0): Tapped on element 'Object Repository/GoldTier/android.widget.Button - Login or Sign Up'

05-05-2025T17:19:38 - [MESSAGE][WARNING] - Timeout '0' is invalid. Using default page load timeout: '30'

05-05-2025T17:19:38 - [MESSAGE][PASSED] - Tapped on element 'Object Repository/GoldTier/android.widget.Button - Login or Sign Up'

05-05-2025T17:19:38 - [TEST_STEP][PASSED] - delay(10): Delayed 10 second(s)

05-05-2025T17:19:48 - [MESSAGE][PASSED] - Delayed 10 second(s)

05-05-2025T17:19:48 - [TEST_STEP][PASSED] - setText(findTestObject("Object Repository/Silver/android.widget.EditText"), "angela016@ameritech.net", 0): Text 'angela016@ameritech.net' has been set to element 'Object Repository/Silver/android.widget.EditText'

05-05-2025T17:19:48 - [MESSAGE][WARNING] - Timeout '0' is invalid. Using default page load timeout: '30'

05-05-2025T17:19:48 - [MESSAGE][PASSED] - Text 'angela016@ameritech.net' has been set to element 'Object Repository/Silver/android.widget.EditText'

05-05-2025T17:19:48 - [TEST_STEP][PASSED] - hideKeyboard(): Keyboard is hidden

05-05-2025T17:19:50 - [MESSAGE][PASSED] - Keyboard is hidden

05-05-2025T17:19:50 - [TEST_STEP][PASSED] - delay(10): Delayed 10 second(s)

05-05-2025T17:20:00 - [MESSAGE][PASSED] - Delayed 10 second(s)

05-05-2025T17:20:00 - [TEST_STEP][PASSED] - tap(findTestObject("Object Repository/GoldTier/android.widget.Button - Next"), 0): Tapped on element 'Object Repository/GoldTier/android.widget.Button - Next'

05-05-2025T17:20:00 - [MESSAGE][WARNING] - Timeout '0' is invalid. Using default page load timeout: '30'

05-05-2025T17:20:00 - [MESSAGE][PASSED] - Tapped on element 'Object Repository/GoldTier/android.widget.Button - Next'

05-05-2025T17:20:00 - [TEST_STEP][PASSED] - delay(40): Delayed 40 second(s)

05-05-2025T17:20:40 - [MESSAGE][PASSED] - Delayed 40 second(s)

05-05-2025T17:20:40 - [TEST_STEP][PASSED] - tap(findTestObject("Object Repository/GoldTier/android.widget.Button - Accept All Cookies"), 0): Tapped on element 'Object Repository/GoldTier/android.widget.Button - Accept All Cookies'

05-05-2025T17:20:40 - [MESSAGE][WARNING] - Timeout '0' is invalid. Using default page load timeout: '30'

05-05-2025T17:20:41 - [MESSAGE][PASSED] - Tapped on element 'Object Repository/GoldTier/android.widget.Button - Accept All Cookies'

05-05-2025T17:20:41 - [TEST_STEP][PASSED] - delay(10): Delayed 10 second(s)

05-05-2025T17:20:51 - [MESSAGE][PASSED] - Delayed 10 second(s)

05-05-2025T17:20:51 - [TEST_STEP][PASSED] - setText(findTestObject("Object Repository/GoldTier/android.widget.EditText (1)"), "angela016@ameritech.net", 0): Text 'angela016@ameritech.net' has been set to element 'Object Repository/GoldTier/android.widget.EditText (1)'

05-05-2025T17:20:51 - [MESSAGE][WARNING] - Timeout '0' is invalid. Using default page load timeout: '30'

05-05-2025T17:20:51 - [MESSAGE][PASSED] - Text 'angela016@ameritech.net' has been set to element 'Object Repository/GoldTier/android.widget.EditText (1)'

05-05-2025T17:20:51 - [TEST_STEP][PASSED] - hideKeyboard(): Keyboard is hidden

05-05-2025T17:20:53 - [MESSAGE][PASSED] - Keyboard is hidden

05-05-2025T17:20:53 - [TEST_STEP][PASSED] - delay(10): Delayed 10 second(s)

05-05-2025T17:21:03 - [MESSAGE][PASSED] - Delayed 10 second(s)

05-05-2025T17:21:03 - [TEST_STEP][PASSED] - setText(findTestObject("Object Repository/GoldTier/android.widget.EditText (2)"), "password", 0): Text 'password' has been set to element 'Object Repository/GoldTier/android.widget.EditText (2)'

05-05-2025T17:21:03 - [MESSAGE][WARNING] - Timeout '0' is invalid. Using default page load timeout: '30'

05-05-2025T17:21:03 - [MESSAGE][PASSED] - Text 'password' has been set to element 'Object Repository/GoldTier/android.widget.EditText (2)'

05-05-2025T17:21:03 - [TEST_STEP][PASSED] - hideKeyboard(): Keyboard is hidden

05-05-2025T17:21:05 - [MESSAGE][PASSED] - Keyboard is hidden

05-05-2025T17:21:05 - [TEST_STEP][PASSED] - delay(5): Delayed 5 second(s)

05-05-2025T17:21:10 - [MESSAGE][PASSED] - Delayed 5 second(s)

05-05-2025T17:21:10 - [TEST_STEP][PASSED] - tap(findTestObject("Object Repository/GoldTier/android.widget.Button - LOGIN"), 0): Tapped on element 'Object Repository/GoldTier/android.widget.Button - LOGIN'

05-05-2025T17:21:10 - [MESSAGE][WARNING] - Timeout '0' is invalid. Using default page load timeout: '30'

05-05-2025T17:21:10 - [MESSAGE][PASSED] - Tapped on element 'Object Repository/GoldTier/android.widget.Button - LOGIN'

05-05-2025T17:21:10 - [TEST_STEP][PASSED] - delay(20): Delayed 20 second(s)

05-05-2025T17:21:30 - [MESSAGE][PASSED] - Delayed 20 second(s)

05-05-2025T17:21:30 - [TEST_STEP][PASSED] - assert verifyElementExist(findTestObject("Object Repository/GoldTier/android.widget.TextView - WOW Loyalty"), 0): Element 'Object Repository/GoldTier/android.widget.TextView - WOW Loyalty' is exist

05-05-2025T17:21:30 - [MESSAGE][WARNING] - Timeout '0' is invalid. Using default page load timeout: '30'

05-05-2025T17:21:30 - [MESSAGE][PASSED] - Element 'Object Repository/GoldTier/android.widget.TextView - WOW Loyalty' is exist

05-05-2025T17:21:30 - [TEST_STEP][PASSED] - assert verifyElementExist(findTestObject("Object Repository/GoldTier/android.widget.TextView - Gold Tier"), 0): Element 'Object Repository/GoldTier/android.widget.TextView - Gold Tier' is exist

05-05-2025T17:21:30 - [MESSAGE][WARNING] - Timeout '0' is invalid. Using default page load timeout: '30'

05-05-2025T17:21:30 - [MESSAGE][PASSED] - Element 'Object Repository/GoldTier/android.widget.TextView - Gold Tier' is exist

05-05-2025T17:21:30 - [TEST_STEP][PASSED] - tap(findTestObject("Object Repository/GoldTier/android.view.View - My Stay"), 0): Tapped on element 'Object Repository/GoldTier/android.view.View - My Stay'

05-05-2025T17:21:30 - [MESSAGE][WARNING] - Timeout '0' is invalid. Using default page load timeout: '30'

05-05-2025T17:21:30 - [MESSAGE][PASSED] - Tapped on element 'Object Repository/GoldTier/android.view.View - My Stay'

05-05-2025T17:21:30 - [TEST_STEP][PASSED] - delay(20): Delayed 20 second(s)

05-05-2025T17:21:50 - [MESSAGE][PASSED] - Delayed 20 second(s)

05-05-2025T17:21:50 - [TEST_STEP][PASSED] - assert verifyElementExist(findTestObject("Object Repository/GoldTier/android.widget.TextView - WOW Loyalty"), 0): Element 'Object Repository/GoldTier/android.widget.TextView - WOW Loyalty' is exist

05-05-2025T17:21:50 - [MESSAGE][WARNING] - Timeout '0' is invalid. Using default page load timeout: '30'

05-05-2025T17:21:50 - [MESSAGE][PASSED] - Element 'Object Repository/GoldTier/android.widget.TextView - WOW Loyalty' is exist

05-05-2025T17:21:50 - [TEST_STEP][PASSED] - assert verifyElementExist(findTestObject("Object Repository/GoldTier/android.widget.TextView - Gold Tier"), 0): Element 'Object Repository/GoldTier/android.widget.TextView - Gold Tier' is exist

05-05-2025T17:21:50 - [MESSAGE][WARNING] - Timeout '0' is invalid. Using default page load timeout: '30'

05-05-2025T17:21:50 - [MESSAGE][PASSED] - Element 'Object Repository/GoldTier/android.widget.TextView - Gold Tier' is exist

05-05-2025T17:21:50 - [TEST_STEP][PASSED] - tap(findTestObject("Object Repository/GoldTier/android.widget.TextView - View Stay Details"), 0): Tapped on element 'Object Repository/GoldTier/android.widget.TextView - View Stay Details'

05-05-2025T17:21:50 - [MESSAGE][WARNING] - Timeout '0' is invalid. Using default page load timeout: '30'

05-05-2025T17:21:50 - [MESSAGE][PASSED] - Tapped on element 'Object Repository/GoldTier/android.widget.TextView - View Stay Details'

05-05-2025T17:21:50 - [TEST_STEP][PASSED] - delay(10): Delayed 10 second(s)

05-05-2025T17:22:00 - [MESSAGE][PASSED] - Delayed 10 second(s)

05-05-2025T17:22:00 - [TEST_STEP][PASSED] - assert verifyElementExist(findTestObject("Object Repository/GoldTier/android.widget.TextView - WOW Loyalty (1)"), 0): Element 'Object Repository/GoldTier/android.widget.TextView - WOW Loyalty (1)' is exist

05-05-2025T17:22:00 - [MESSAGE][WARNING] - Timeout '0' is invalid. Using default page load timeout: '30'

05-05-2025T17:22:01 - [MESSAGE][PASSED] - Element 'Object Repository/GoldTier/android.widget.TextView - WOW Loyalty (1)' is exist

05-05-2025T17:22:01 - [TEST_STEP][PASSED] - assert verifyElementExist(findTestObject("Object Repository/GoldTier/android.widget.TextView - Gold Tier (1)"), 0): Element 'Object Repository/GoldTier/android.widget.TextView - Gold Tier (1)' is exist

05-05-2025T17:22:01 - [MESSAGE][WARNING] - Timeout '0' is invalid. Using default page load timeout: '30'

05-05-2025T17:22:01 - [MESSAGE][PASSED] - Element 'Object Repository/GoldTier/android.widget.TextView - Gold Tier (1)' is exist

05-05-2025T17:22:01 - [TEST_STEP][PASSED] - tap(findTestObject("Object Repository/GoldTier/android.widget.Button - back"), 0): Tapped on element 'Object Repository/GoldTier/android.widget.Button - back'

05-05-2025T17:22:01 - [MESSAGE][WARNING] - Timeout '0' is invalid. Using default page load timeout: '30'

05-05-2025T17:22:01 - [MESSAGE][PASSED] - Tapped on element 'Object Repository/GoldTier/android.widget.Button - back'

05-05-2025T17:22:01 - [TEST_STEP][PASSED] - delay(10): Delayed 10 second(s)

05-05-2025T17:22:11 - [MESSAGE][PASSED] - Delayed 10 second(s)

05-05-2025T17:22:11 - [TEST_STEP][PASSED] - tap(findTestObject("Object Repository/GoldTier/android.view.View - My Account"), 0): Tapped on element 'Object Repository/GoldTier/android.view.View - My Account'

05-05-2025T17:22:11 - [MESSAGE][WARNING] - Timeout '0' is invalid. Using default page load timeout: '30'

05-05-2025T17:22:11 - [MESSAGE][PASSED] - Tapped on element 'Object Repository/GoldTier/android.view.View - My Account'

05-05-2025T17:22:11 - [TEST_STEP][PASSED] - delay(20): Delayed 20 second(s)

05-05-2025T17:22:31 - [MESSAGE][PASSED] - Delayed 20 second(s)

05-05-2025T17:22:31 - [TEST_STEP][PASSED] - assert verifyElementExist(findTestObject("Object Repository/GoldTier/android.widget.TextView - WOW Loyalty"), 0): Element 'Object Repository/GoldTier/android.widget.TextView - WOW Loyalty' is exist

05-05-2025T17:22:31 - [MESSAGE][WARNING] - Timeout '0' is invalid. Using default page load timeout: '30'

05-05-2025T17:22:31 - [MESSAGE][PASSED] - Element 'Object Repository/GoldTier/android.widget.TextView - WOW Loyalty' is exist

05-05-2025T17:22:31 - [TEST_STEP][PASSED] - assert verifyElementExist(findTestObject("Object Repository/GoldTier/android.widget.TextView - Gold Tier"), 0): Element 'Object Repository/GoldTier/android.widget.TextView - Gold Tier' is exist

05-05-2025T17:22:31 - [MESSAGE][WARNING] - Timeout '0' is invalid. Using default page load timeout: '30'

05-05-2025T17:22:31 - [MESSAGE][PASSED] - Element 'Object Repository/GoldTier/android.widget.TextView - Gold Tier' is exist

05-05-2025T17:22:31 - [TEST_STEP][PASSED] - closeApplication(): Close app successfully

05-05-2025T17:22:33 - [MESSAGE][PASSED] - Close app successfully]]></system-out>
         <system-err><![CDATA[]]></system-err>
      </testcase>
      <testcase name="Test Cases/Loyalty QR Code/C848_PlatinumTier_Verification" time="89.407" classname="Test Cases/Loyalty QR Code/C848_PlatinumTier_Verification" status="FAILED">
         <failure type="FAILED" message="Test Cases/Loyalty QR Code/C848_PlatinumTier_Verification FAILED.&#xa;Reason:&#xa;com.kms.katalon.core.exception.StepFailedException: Failed to set text into element&#xa;	at com.kms.katalon.core.mobile.keyword.internal.MobileKeywordMain.stepFailed(MobileKeywordMain.groovy:64)&#xa;	at com.kms.katalon.core.mobile.keyword.internal.MobileKeywordMain.runKeyword(MobileKeywordMain.groovy:34)&#xa;	at com.kms.katalon.core.mobile.keyword.builtin.SetTextKeyword.setText(SetTextKeyword.groovy:62)&#xa;	at com.kms.katalon.core.mobile.keyword.builtin.SetTextKeyword.execute(SetTextKeyword.groovy:42)&#xa;	at com.kms.katalon.core.keyword.internal.KeywordExecutor.executeKeywordForPlatform(KeywordExecutor.groovy:74)&#xa;	at com.kms.katalon.core.mobile.keyword.MobileBuiltInKeywords.setText(MobileBuiltInKeywords.groovy:1278)&#xa;	at C848_PlatinumTier_Verification.run(C848_PlatinumTier_Verification:54)&#xa;	at com.kms.katalon.core.main.ScriptEngine.run(ScriptEngine.java:194)&#xa;	at com.kms.katalon.core.main.ScriptEngine.runScriptAsRawText(ScriptEngine.java:119)&#xa;	at com.kms.katalon.core.main.TestCaseExecutor.runScript(TestCaseExecutor.java:448)&#xa;	at com.kms.katalon.core.main.TestCaseExecutor.doExecute(TestCaseExecutor.java:439)&#xa;	at com.kms.katalon.core.main.TestCaseExecutor.processExecutionPhase(TestCaseExecutor.java:418)&#xa;	at com.kms.katalon.core.main.TestCaseExecutor.accessMainPhase(TestCaseExecutor.java:410)&#xa;	at com.kms.katalon.core.main.TestCaseExecutor.execute(TestCaseExecutor.java:285)&#xa;	at com.kms.katalon.core.common.CommonExecutor.accessTestCaseMainPhase(CommonExecutor.java:71)&#xa;	at com.kms.katalon.core.main.TestSuiteExecutor.accessTestSuiteMainPhase(TestSuiteExecutor.java:160)&#xa;	at com.kms.katalon.core.main.TestSuiteExecutor.execute(TestSuiteExecutor.java:107)&#xa;	at com.kms.katalon.core.main.TestCaseMain.startTestSuite(TestCaseMain.java:180)&#xa;	at TempTestSuite1746444279154.run(TempTestSuite1746444279154.groovy:35)&#xa;	at java.base/jdk.internal.reflect.NativeMethodAccessorImpl.invoke0(Native Method)&#xa;	at java.base/jdk.internal.reflect.NativeMethodAccessorImpl.invoke(NativeMethodAccessorImpl.java:77)&#xa;	at java.base/jdk.internal.reflect.DelegatingMethodAccessorImpl.invoke(DelegatingMethodAccessorImpl.java:43)&#xa;Caused by: org.openqa.selenium.WebDriverException: An unknown server-side error occurred while processing the command. Original error: 'GET /window/current/size' cannot be proxied to UiAutomator2 server because the instrumentation process is not running (probably crashed). Check the server log and/or the logcat output for more details&#xa;Build info: version: '4.22.0', revision: 'c5f3146703'&#xa;System info: os.name: 'Mac OS X', os.arch: 'aarch64', os.version: '15.4.1', java.version: '17.0.14'&#xa;Driver info: io.appium.java_client.android.AndroidDriver&#xa;Command: [c87fcdfa-5ef0-4d8d-bcdc-d2dde9bfebb4, getCurrentWindowSize {}]&#xa;Capabilities {appium:app: /Users/gv.vignesh/Downloads..., appium:appActivity: westgate_xamarin.android.Ma..., appium:appPackage: westgate_xamarin.android.debug, appium:autoGrantPermissions: true, appium:automationName: uiautomator2, appium:databaseEnabled: false, appium:desired: {app: /Users/gv.vignesh/Downloads..., autoGrantPermissions: true, automationName: uiautomator2, deviceId: , deviceName: emulator-5554 (sdk_gphone16..., fullReset: true, newCommandTimeout: 1800, noReset: false, platformName: ANDROID, platformVersion: 15, systemPort: 64348, udid: emulator-5554, uiautomator2ServerInstallTimeout: 0}, appium:deviceApiLevel: 35, appium:deviceId: , appium:deviceManufacturer: Google, appium:deviceModel: sdk_gphone16k_arm64, appium:deviceName: emulator-5554, appium:deviceScreenDensity: 420, appium:deviceScreenSize: 1080x2400, appium:deviceUDID: emulator-5554, appium:fullReset: true, appium:javascriptEnabled: true, appium:locationContextEnabled: false, appium:networkConnectionEnabled: true, appium:newCommandTimeout: 1800, appium:noReset: false, appium:pixelRatio: 2.625, appium:platformVersion: 15, appium:statBarHeight: 63, appium:systemPort: 64348, appium:takesScreenshot: true, appium:udid: emulator-5554, appium:uiautomator2ServerInstallTimeout: 0, appium:viewportRect: {height: 2337, left: 0, top: 63, width: 1080}, appium:warnings: {}, appium:webStorageEnabled: false, platformName: ANDROID}&#xa;Session ID: c87fcdfa-5ef0-4d8d-bcdc-d2dde9bfebb4&#xa;	at java.base/jdk.internal.reflect.NativeConstructorAccessorImpl.newInstance0(Native Method)&#xa;	at java.base/jdk.internal.reflect.NativeConstructorAccessorImpl.newInstance(NativeConstructorAccessorImpl.java:77)&#xa;	at java.base/jdk.internal.reflect.DelegatingConstructorAccessorImpl.newInstance(DelegatingConstructorAccessorImpl.java:45)&#xa;	at org.openqa.selenium.remote.ErrorCodec.decode(ErrorCodec.java:167)&#xa;	at org.openqa.selenium.remote.codec.w3c.W3CHttpResponseCodec.decode(W3CHttpResponseCodec.java:138)&#xa;	at org.openqa.selenium.remote.codec.w3c.W3CHttpResponseCodec.decode(W3CHttpResponseCodec.java:50)&#xa;	at org.openqa.selenium.remote.HttpCommandExecutor.execute(HttpCommandExecutor.java:190)&#xa;	at io.appium.java_client.remote.AppiumCommandExecutor.execute(AppiumCommandExecutor.java:237)&#xa;	at org.openqa.selenium.remote.RemoteWebDriver.execute(RemoteWebDriver.java:518)&#xa;	at org.openqa.selenium.remote.RemoteWebDriver.execute(RemoteWebDriver.java:591)&#xa;	at io.appium.java_client.AppiumDriver.execute(AppiumDriver.java:310)&#xa;	at org.openqa.selenium.remote.RemoteWebDriver$RemoteWebDriverOptions$RemoteWindow.getSize(RemoteWebDriver.java:1000)&#xa;	at org.openqa.selenium.WebDriver$Window$getSize.call(Unknown Source)&#xa;	at com.kms.katalon.core.mobile.keyword.internal.MobileAbstractKeyword.findElement(MobileAbstractKeyword.groovy:81)&#xa;	at jdk.internal.reflect.GeneratedMethodAccessor5.invoke(Unknown Source)&#xa;	at java.base/jdk.internal.reflect.DelegatingMethodAccessorImpl.invoke(DelegatingMethodAccessorImpl.java:43)&#xa;	at com.kms.katalon.core.mobile.keyword.builtin.SetTextKeyword$_setText_closure1.doCall(SetTextKeyword.groovy:50)&#xa;	at com.kms.katalon.core.mobile.keyword.builtin.SetTextKeyword$_setText_closure1.call(SetTextKeyword.groovy)&#xa;	at com.kms.katalon.core.mobile.keyword.internal.MobileKeywordMain.runKeyword(MobileKeywordMain.groovy:30)&#xa;	... 20 more&#xa;"/>
         <system-out><![CDATA[05-05-2025T17:22:33 - [TEST_CASE][FAILED] - Test Cases/Loyalty QR Code/C848_PlatinumTier_Verification: Test Cases/Loyalty QR Code/C848_PlatinumTier_Verification FAILED.
Reason:
com.kms.katalon.core.exception.StepFailedException: Failed to set text into element
	at com.kms.katalon.core.mobile.keyword.internal.MobileKeywordMain.stepFailed(MobileKeywordMain.groovy:64)
	at com.kms.katalon.core.mobile.keyword.internal.MobileKeywordMain.runKeyword(MobileKeywordMain.groovy:34)
	at com.kms.katalon.core.mobile.keyword.builtin.SetTextKeyword.setText(SetTextKeyword.groovy:62)
	at com.kms.katalon.core.mobile.keyword.builtin.SetTextKeyword.execute(SetTextKeyword.groovy:42)
	at com.kms.katalon.core.keyword.internal.KeywordExecutor.executeKeywordForPlatform(KeywordExecutor.groovy:74)
	at com.kms.katalon.core.mobile.keyword.MobileBuiltInKeywords.setText(MobileBuiltInKeywords.groovy:1278)
	at C848_PlatinumTier_Verification.run(C848_PlatinumTier_Verification:54)
	at com.kms.katalon.core.main.ScriptEngine.run(ScriptEngine.java:194)
	at com.kms.katalon.core.main.ScriptEngine.runScriptAsRawText(ScriptEngine.java:119)
	at com.kms.katalon.core.main.TestCaseExecutor.runScript(TestCaseExecutor.java:448)
	at com.kms.katalon.core.main.TestCaseExecutor.doExecute(TestCaseExecutor.java:439)
	at com.kms.katalon.core.main.TestCaseExecutor.processExecutionPhase(TestCaseExecutor.java:418)
	at com.kms.katalon.core.main.TestCaseExecutor.accessMainPhase(TestCaseExecutor.java:410)
	at com.kms.katalon.core.main.TestCaseExecutor.execute(TestCaseExecutor.java:285)
	at com.kms.katalon.core.common.CommonExecutor.accessTestCaseMainPhase(CommonExecutor.java:71)
	at com.kms.katalon.core.main.TestSuiteExecutor.accessTestSuiteMainPhase(TestSuiteExecutor.java:160)
	at com.kms.katalon.core.main.TestSuiteExecutor.execute(TestSuiteExecutor.java:107)
	at com.kms.katalon.core.main.TestCaseMain.startTestSuite(TestCaseMain.java:180)
	at TempTestSuite1746444279154.run(TempTestSuite1746444279154.groovy:35)
	at java.base/jdk.internal.reflect.NativeMethodAccessorImpl.invoke0(Native Method)
	at java.base/jdk.internal.reflect.NativeMethodAccessorImpl.invoke(NativeMethodAccessorImpl.java:77)
	at java.base/jdk.internal.reflect.DelegatingMethodAccessorImpl.invoke(DelegatingMethodAccessorImpl.java:43)
Caused by: org.openqa.selenium.WebDriverException: An unknown server-side error occurred while processing the command. Original error: 'GET /window/current/size' cannot be proxied to UiAutomator2 server because the instrumentation process is not running (probably crashed). Check the server log and/or the logcat output for more details
Build info: version: '4.22.0', revision: 'c5f3146703'
System info: os.name: 'Mac OS X', os.arch: 'aarch64', os.version: '15.4.1', java.version: '17.0.14'
Driver info: io.appium.java_client.android.AndroidDriver
Command: [c87fcdfa-5ef0-4d8d-bcdc-d2dde9bfebb4, getCurrentWindowSize {}]
Capabilities {appium:app: /Users/gv.vignesh/Downloads..., appium:appActivity: westgate_xamarin.android.Ma..., appium:appPackage: westgate_xamarin.android.debug, appium:autoGrantPermissions: true, appium:automationName: uiautomator2, appium:databaseEnabled: false, appium:desired: {app: /Users/gv.vignesh/Downloads..., autoGrantPermissions: true, automationName: uiautomator2, deviceId: , deviceName: emulator-5554 (sdk_gphone16..., fullReset: true, newCommandTimeout: 1800, noReset: false, platformName: ANDROID, platformVersion: 15, systemPort: 64348, udid: emulator-5554, uiautomator2ServerInstallTimeout: 0}, appium:deviceApiLevel: 35, appium:deviceId: , appium:deviceManufacturer: Google, appium:deviceModel: sdk_gphone16k_arm64, appium:deviceName: emulator-5554, appium:deviceScreenDensity: 420, appium:deviceScreenSize: 1080x2400, appium:deviceUDID: emulator-5554, appium:fullReset: true, appium:javascriptEnabled: true, appium:locationContextEnabled: false, appium:networkConnectionEnabled: true, appium:newCommandTimeout: 1800, appium:noReset: false, appium:pixelRatio: 2.625, appium:platformVersion: 15, appium:statBarHeight: 63, appium:systemPort: 64348, appium:takesScreenshot: true, appium:udid: emulator-5554, appium:uiautomator2ServerInstallTimeout: 0, appium:viewportRect: {height: 2337, left: 0, top: 63, width: 1080}, appium:warnings: {}, appium:webStorageEnabled: false, platformName: ANDROID}
Session ID: c87fcdfa-5ef0-4d8d-bcdc-d2dde9bfebb4
	at java.base/jdk.internal.reflect.NativeConstructorAccessorImpl.newInstance0(Native Method)
	at java.base/jdk.internal.reflect.NativeConstructorAccessorImpl.newInstance(NativeConstructorAccessorImpl.java:77)
	at java.base/jdk.internal.reflect.DelegatingConstructorAccessorImpl.newInstance(DelegatingConstructorAccessorImpl.java:45)
	at org.openqa.selenium.remote.ErrorCodec.decode(ErrorCodec.java:167)
	at org.openqa.selenium.remote.codec.w3c.W3CHttpResponseCodec.decode(W3CHttpResponseCodec.java:138)
	at org.openqa.selenium.remote.codec.w3c.W3CHttpResponseCodec.decode(W3CHttpResponseCodec.java:50)
	at org.openqa.selenium.remote.HttpCommandExecutor.execute(HttpCommandExecutor.java:190)
	at io.appium.java_client.remote.AppiumCommandExecutor.execute(AppiumCommandExecutor.java:237)
	at org.openqa.selenium.remote.RemoteWebDriver.execute(RemoteWebDriver.java:518)
	at org.openqa.selenium.remote.RemoteWebDriver.execute(RemoteWebDriver.java:591)
	at io.appium.java_client.AppiumDriver.execute(AppiumDriver.java:310)
	at org.openqa.selenium.remote.RemoteWebDriver$RemoteWebDriverOptions$RemoteWindow.getSize(RemoteWebDriver.java:1000)
	at org.openqa.selenium.WebDriver$Window$getSize.call(Unknown Source)
	at com.kms.katalon.core.mobile.keyword.internal.MobileAbstractKeyword.findElement(MobileAbstractKeyword.groovy:81)
	at jdk.internal.reflect.GeneratedMethodAccessor5.invoke(Unknown Source)
	at java.base/jdk.internal.reflect.DelegatingMethodAccessorImpl.invoke(DelegatingMethodAccessorImpl.java:43)
	at com.kms.katalon.core.mobile.keyword.builtin.SetTextKeyword$_setText_closure1.doCall(SetTextKeyword.groovy:50)
	at com.kms.katalon.core.mobile.keyword.builtin.SetTextKeyword$_setText_closure1.call(SetTextKeyword.groovy)
	at com.kms.katalon.core.mobile.keyword.internal.MobileKeywordMain.runKeyword(MobileKeywordMain.groovy:30)
	... 20 more


05-05-2025T17:22:33 - [TEST_STEP][PASSED] - startApplication("/Users/gv.vignesh/Downloads/app-debug-2.99.81.apk", true): Started application: '/Users/gv.vignesh/Downloads/app-debug-2.99.81.apk'

05-05-2025T17:22:33 - [MESSAGE][INFO] - Starting application: '/Users/gv.vignesh/Downloads/app-debug-2.99.81.apk'

05-05-2025T17:22:33 - [MESSAGE][INFO] - User set preference: ['uiautomator2ServerInstallTimeout', '0']

05-05-2025T17:22:33 - [MESSAGE][INFO] - User set preference: ['deviceId', '']

05-05-2025T17:22:33 - [MESSAGE][INFO] - Detected NodeJS location: "/opt/homebrew/Cellar/node/23.10.0_1/bin/node"

05-05-2025T17:22:33 - [MESSAGE][INFO] - PATH: /opt/homebrew/Cellar/node/23.10.0_1/bin:/opt/homebrew/bin:/usr/bin:/bin:/usr/sbin:/sbin:/Applications/Katalon Studio Enterprise.app/Contents/Eclipse/jre/Contents/Home/bin:/usr/local/bin/

05-05-2025T17:22:33 - [MESSAGE][INFO] - APPIUM_HOME: /Users/gv.vignesh/.appium

05-05-2025T17:22:33 - [MESSAGE][INFO] - appium outlog: /Users/gv.vignesh/Downloads/WGR-Android-Automation/Reports/20250505_165439/WOW Loyalty Program/20250505_165439/appium.log

05-05-2025T17:22:33 - [MESSAGE][INFO] - appium errlog: /Users/gv.vignesh/Downloads/WGR-Android-Automation/Reports/20250505_165439/WOW Loyalty Program/20250505_165439/appium_error.log

05-05-2025T17:22:34 - [MESSAGE][INFO] - Appium server started on port 64,349

05-05-2025T17:22:39 - [MESSAGE][PASSED] - Started application: '/Users/gv.vignesh/Downloads/app-debug-2.99.81.apk'

05-05-2025T17:22:39 - [TEST_STEP][PASSED] - delay(10): Delayed 10 second(s)

05-05-2025T17:22:49 - [MESSAGE][PASSED] - Delayed 10 second(s)

05-05-2025T17:22:49 - [TEST_STEP][PASSED] - tap(findTestObject("Object Repository/Platinum/android.widget.Button - Login or Sign Up"), 0): Tapped on element 'Object Repository/Platinum/android.widget.Button - Login or Sign Up'

05-05-2025T17:22:49 - [MESSAGE][WARNING] - Timeout '0' is invalid. Using default page load timeout: '30'

05-05-2025T17:22:49 - [MESSAGE][PASSED] - Tapped on element 'Object Repository/Platinum/android.widget.Button - Login or Sign Up'

05-05-2025T17:22:49 - [TEST_STEP][PASSED] - delay(10): Delayed 10 second(s)

05-05-2025T17:22:59 - [MESSAGE][PASSED] - Delayed 10 second(s)

05-05-2025T17:22:59 - [TEST_STEP][PASSED] - setText(findTestObject("Object Repository/Platinum/android.widget.EditText"), "wjack8120@aol.com", 0): Text 'wjack8120@aol.com' has been set to element 'Object Repository/Platinum/android.widget.EditText'

05-05-2025T17:22:59 - [MESSAGE][WARNING] - Timeout '0' is invalid. Using default page load timeout: '30'

05-05-2025T17:22:59 - [MESSAGE][PASSED] - Text 'wjack8120@aol.com' has been set to element 'Object Repository/Platinum/android.widget.EditText'

05-05-2025T17:22:59 - [TEST_STEP][PASSED] - hideKeyboard(): Keyboard is hidden

05-05-2025T17:23:01 - [MESSAGE][PASSED] - Keyboard is hidden

05-05-2025T17:23:01 - [TEST_STEP][PASSED] - delay(10): Delayed 10 second(s)

05-05-2025T17:23:11 - [MESSAGE][PASSED] - Delayed 10 second(s)

05-05-2025T17:23:11 - [TEST_STEP][PASSED] - tap(findTestObject("Object Repository/Platinum/android.widget.Button - Next"), 0): Tapped on element 'Object Repository/Platinum/android.widget.Button - Next'

05-05-2025T17:23:12 - [MESSAGE][WARNING] - Timeout '0' is invalid. Using default page load timeout: '30'

05-05-2025T17:23:12 - [MESSAGE][PASSED] - Tapped on element 'Object Repository/Platinum/android.widget.Button - Next'

05-05-2025T17:23:12 - [TEST_STEP][PASSED] - delay(40): Delayed 40 second(s)

05-05-2025T17:23:52 - [MESSAGE][PASSED] - Delayed 40 second(s)

05-05-2025T17:23:52 - [TEST_STEP][PASSED] - tap(findTestObject("Object Repository/Platinum/android.widget.Button - Accept All Cookies"), 0): Tapped on element 'Object Repository/Platinum/android.widget.Button - Accept All Cookies'

05-05-2025T17:23:52 - [MESSAGE][WARNING] - Timeout '0' is invalid. Using default page load timeout: '30'

05-05-2025T17:23:52 - [MESSAGE][PASSED] - Tapped on element 'Object Repository/Platinum/android.widget.Button - Accept All Cookies'

05-05-2025T17:23:52 - [TEST_STEP][PASSED] - delay(10): Delayed 10 second(s)

05-05-2025T17:24:02 - [MESSAGE][PASSED] - Delayed 10 second(s)

05-05-2025T17:24:02 - [TEST_STEP][FAILED] - setText(findTestObject("Object Repository/Platinum/android.widget.EditText (1)"), "wjack8120@aol.com", 0): Failed to set text into element (Root cause: com.kms.katalon.core.exception.StepFailedException: Failed to set text into element
	at com.kms.katalon.core.mobile.keyword.internal.MobileKeywordMain.stepFailed(MobileKeywordMain.groovy:64)
	at com.kms.katalon.core.mobile.keyword.internal.MobileKeywordMain.runKeyword(MobileKeywordMain.groovy:34)
	at com.kms.katalon.core.mobile.keyword.builtin.SetTextKeyword.setText(SetTextKeyword.groovy:62)
	at com.kms.katalon.core.mobile.keyword.builtin.SetTextKeyword.execute(SetTextKeyword.groovy:42)
	at com.kms.katalon.core.keyword.internal.KeywordExecutor.executeKeywordForPlatform(KeywordExecutor.groovy:74)
	at com.kms.katalon.core.mobile.keyword.MobileBuiltInKeywords.setText(MobileBuiltInKeywords.groovy:1278)
	at C848_PlatinumTier_Verification.run(C848_PlatinumTier_Verification:54)
	at com.kms.katalon.core.main.ScriptEngine.run(ScriptEngine.java:194)
	at com.kms.katalon.core.main.ScriptEngine.runScriptAsRawText(ScriptEngine.java:119)
	at com.kms.katalon.core.main.TestCaseExecutor.runScript(TestCaseExecutor.java:448)
	at com.kms.katalon.core.main.TestCaseExecutor.doExecute(TestCaseExecutor.java:439)
	at com.kms.katalon.core.main.TestCaseExecutor.processExecutionPhase(TestCaseExecutor.java:418)
	at com.kms.katalon.core.main.TestCaseExecutor.accessMainPhase(TestCaseExecutor.java:410)
	at com.kms.katalon.core.main.TestCaseExecutor.execute(TestCaseExecutor.java:285)
	at com.kms.katalon.core.common.CommonExecutor.accessTestCaseMainPhase(CommonExecutor.java:71)
	at com.kms.katalon.core.main.TestSuiteExecutor.accessTestSuiteMainPhase(TestSuiteExecutor.java:160)
	at com.kms.katalon.core.main.TestSuiteExecutor.execute(TestSuiteExecutor.java:107)
	at com.kms.katalon.core.main.TestCaseMain.startTestSuite(TestCaseMain.java:180)
	at TempTestSuite1746444279154.run(TempTestSuite1746444279154.groovy:35)
	at java.base/jdk.internal.reflect.NativeMethodAccessorImpl.invoke0(Native Method)
	at java.base/jdk.internal.reflect.NativeMethodAccessorImpl.invoke(NativeMethodAccessorImpl.java:77)
	at java.base/jdk.internal.reflect.DelegatingMethodAccessorImpl.invoke(DelegatingMethodAccessorImpl.java:43)
Caused by: org.openqa.selenium.WebDriverException: An unknown server-side error occurred while processing the command. Original error: 'GET /window/current/size' cannot be proxied to UiAutomator2 server because the instrumentation process is not running (probably crashed). Check the server log and/or the logcat output for more details
Build info: version: '4.22.0', revision: 'c5f3146703'
System info: os.name: 'Mac OS X', os.arch: 'aarch64', os.version: '15.4.1', java.version: '17.0.14'
Driver info: io.appium.java_client.android.AndroidDriver
Command: [c87fcdfa-5ef0-4d8d-bcdc-d2dde9bfebb4, getCurrentWindowSize {}]
Capabilities {appium:app: /Users/gv.vignesh/Downloads..., appium:appActivity: westgate_xamarin.android.Ma..., appium:appPackage: westgate_xamarin.android.debug, appium:autoGrantPermissions: true, appium:automationName: uiautomator2, appium:databaseEnabled: false, appium:desired: {app: /Users/gv.vignesh/Downloads..., autoGrantPermissions: true, automationName: uiautomator2, deviceId: , deviceName: emulator-5554 (sdk_gphone16..., fullReset: true, newCommandTimeout: 1800, noReset: false, platformName: ANDROID, platformVersion: 15, systemPort: 64348, udid: emulator-5554, uiautomator2ServerInstallTimeout: 0}, appium:deviceApiLevel: 35, appium:deviceId: , appium:deviceManufacturer: Google, appium:deviceModel: sdk_gphone16k_arm64, appium:deviceName: emulator-5554, appium:deviceScreenDensity: 420, appium:deviceScreenSize: 1080x2400, appium:deviceUDID: emulator-5554, appium:fullReset: true, appium:javascriptEnabled: true, appium:locationContextEnabled: false, appium:networkConnectionEnabled: true, appium:newCommandTimeout: 1800, appium:noReset: false, appium:pixelRatio: 2.625, appium:platformVersion: 15, appium:statBarHeight: 63, appium:systemPort: 64348, appium:takesScreenshot: true, appium:udid: emulator-5554, appium:uiautomator2ServerInstallTimeout: 0, appium:viewportRect: {height: 2337, left: 0, top: 63, width: 1080}, appium:warnings: {}, appium:webStorageEnabled: false, platformName: ANDROID}
Session ID: c87fcdfa-5ef0-4d8d-bcdc-d2dde9bfebb4
	at java.base/jdk.internal.reflect.NativeConstructorAccessorImpl.newInstance0(Native Method)
	at java.base/jdk.internal.reflect.NativeConstructorAccessorImpl.newInstance(NativeConstructorAccessorImpl.java:77)
	at java.base/jdk.internal.reflect.DelegatingConstructorAccessorImpl.newInstance(DelegatingConstructorAccessorImpl.java:45)
	at org.openqa.selenium.remote.ErrorCodec.decode(ErrorCodec.java:167)
	at org.openqa.selenium.remote.codec.w3c.W3CHttpResponseCodec.decode(W3CHttpResponseCodec.java:138)
	at org.openqa.selenium.remote.codec.w3c.W3CHttpResponseCodec.decode(W3CHttpResponseCodec.java:50)
	at org.openqa.selenium.remote.HttpCommandExecutor.execute(HttpCommandExecutor.java:190)
	at io.appium.java_client.remote.AppiumCommandExecutor.execute(AppiumCommandExecutor.java:237)
	at org.openqa.selenium.remote.RemoteWebDriver.execute(RemoteWebDriver.java:518)
	at org.openqa.selenium.remote.RemoteWebDriver.execute(RemoteWebDriver.java:591)
	at io.appium.java_client.AppiumDriver.execute(AppiumDriver.java:310)
	at org.openqa.selenium.remote.RemoteWebDriver$RemoteWebDriverOptions$RemoteWindow.getSize(RemoteWebDriver.java:1000)
	at org.openqa.selenium.WebDriver$Window$getSize.call(Unknown Source)
	at com.kms.katalon.core.mobile.keyword.internal.MobileAbstractKeyword.findElement(MobileAbstractKeyword.groovy:81)
	at jdk.internal.reflect.GeneratedMethodAccessor5.invoke(Unknown Source)
	at java.base/jdk.internal.reflect.DelegatingMethodAccessorImpl.invoke(DelegatingMethodAccessorImpl.java:43)
	at com.kms.katalon.core.mobile.keyword.builtin.SetTextKeyword$_setText_closure1.doCall(SetTextKeyword.groovy:50)
	at com.kms.katalon.core.mobile.keyword.builtin.SetTextKeyword$_setText_closure1.call(SetTextKeyword.groovy)
	at com.kms.katalon.core.mobile.keyword.internal.MobileKeywordMain.runKeyword(MobileKeywordMain.groovy:30)
	at com.kms.katalon.core.mobile.keyword.builtin.SetTextKeyword.setText(SetTextKeyword.groovy:62)
	at com.kms.katalon.core.mobile.keyword.builtin.SetTextKeyword.execute(SetTextKeyword.groovy:42)
	at com.kms.katalon.core.keyword.internal.KeywordExecutor.executeKeywordForPlatform(KeywordExecutor.groovy:74)
	at com.kms.katalon.core.mobile.keyword.MobileBuiltInKeywords.setText(MobileBuiltInKeywords.groovy:1278)
	at Script1746116876280.run(Script1746116876280.groovy:54)
	... 15 more
)

05-05-2025T17:24:02 - [MESSAGE][WARNING] - Timeout '0' is invalid. Using default page load timeout: '30'

05-05-2025T17:24:02 - [MESSAGE][WARNING] - Cannot take screenshot

05-05-2025T17:24:02 - [MESSAGE][FAILED] - Failed to set text into element (Root cause: com.kms.katalon.core.exception.StepFailedException: Failed to set text into element
	at com.kms.katalon.core.mobile.keyword.internal.MobileKeywordMain.stepFailed(MobileKeywordMain.groovy:64)
	at com.kms.katalon.core.mobile.keyword.internal.MobileKeywordMain.runKeyword(MobileKeywordMain.groovy:34)
	at com.kms.katalon.core.mobile.keyword.builtin.SetTextKeyword.setText(SetTextKeyword.groovy:62)
	at com.kms.katalon.core.mobile.keyword.builtin.SetTextKeyword.execute(SetTextKeyword.groovy:42)
	at com.kms.katalon.core.keyword.internal.KeywordExecutor.executeKeywordForPlatform(KeywordExecutor.groovy:74)
	at com.kms.katalon.core.mobile.keyword.MobileBuiltInKeywords.setText(MobileBuiltInKeywords.groovy:1278)
	at C848_PlatinumTier_Verification.run(C848_PlatinumTier_Verification:54)
	at com.kms.katalon.core.main.ScriptEngine.run(ScriptEngine.java:194)
	at com.kms.katalon.core.main.ScriptEngine.runScriptAsRawText(ScriptEngine.java:119)
	at com.kms.katalon.core.main.TestCaseExecutor.runScript(TestCaseExecutor.java:448)
	at com.kms.katalon.core.main.TestCaseExecutor.doExecute(TestCaseExecutor.java:439)
	at com.kms.katalon.core.main.TestCaseExecutor.processExecutionPhase(TestCaseExecutor.java:418)
	at com.kms.katalon.core.main.TestCaseExecutor.accessMainPhase(TestCaseExecutor.java:410)
	at com.kms.katalon.core.main.TestCaseExecutor.execute(TestCaseExecutor.java:285)
	at com.kms.katalon.core.common.CommonExecutor.accessTestCaseMainPhase(CommonExecutor.java:71)
	at com.kms.katalon.core.main.TestSuiteExecutor.accessTestSuiteMainPhase(TestSuiteExecutor.java:160)
	at com.kms.katalon.core.main.TestSuiteExecutor.execute(TestSuiteExecutor.java:107)
	at com.kms.katalon.core.main.TestCaseMain.startTestSuite(TestCaseMain.java:180)
	at TempTestSuite1746444279154.run(TempTestSuite1746444279154.groovy:35)
	at java.base/jdk.internal.reflect.NativeMethodAccessorImpl.invoke0(Native Method)
	at java.base/jdk.internal.reflect.NativeMethodAccessorImpl.invoke(NativeMethodAccessorImpl.java:77)
	at java.base/jdk.internal.reflect.DelegatingMethodAccessorImpl.invoke(DelegatingMethodAccessorImpl.java:43)
Caused by: org.openqa.selenium.WebDriverException: An unknown server-side error occurred while processing the command. Original error: 'GET /window/current/size' cannot be proxied to UiAutomator2 server because the instrumentation process is not running (probably crashed). Check the server log and/or the logcat output for more details
Build info: version: '4.22.0', revision: 'c5f3146703'
System info: os.name: 'Mac OS X', os.arch: 'aarch64', os.version: '15.4.1', java.version: '17.0.14'
Driver info: io.appium.java_client.android.AndroidDriver
Command: [c87fcdfa-5ef0-4d8d-bcdc-d2dde9bfebb4, getCurrentWindowSize {}]
Capabilities {appium:app: /Users/gv.vignesh/Downloads..., appium:appActivity: westgate_xamarin.android.Ma..., appium:appPackage: westgate_xamarin.android.debug, appium:autoGrantPermissions: true, appium:automationName: uiautomator2, appium:databaseEnabled: false, appium:desired: {app: /Users/gv.vignesh/Downloads..., autoGrantPermissions: true, automationName: uiautomator2, deviceId: , deviceName: emulator-5554 (sdk_gphone16..., fullReset: true, newCommandTimeout: 1800, noReset: false, platformName: ANDROID, platformVersion: 15, systemPort: 64348, udid: emulator-5554, uiautomator2ServerInstallTimeout: 0}, appium:deviceApiLevel: 35, appium:deviceId: , appium:deviceManufacturer: Google, appium:deviceModel: sdk_gphone16k_arm64, appium:deviceName: emulator-5554, appium:deviceScreenDensity: 420, appium:deviceScreenSize: 1080x2400, appium:deviceUDID: emulator-5554, appium:fullReset: true, appium:javascriptEnabled: true, appium:locationContextEnabled: false, appium:networkConnectionEnabled: true, appium:newCommandTimeout: 1800, appium:noReset: false, appium:pixelRatio: 2.625, appium:platformVersion: 15, appium:statBarHeight: 63, appium:systemPort: 64348, appium:takesScreenshot: true, appium:udid: emulator-5554, appium:uiautomator2ServerInstallTimeout: 0, appium:viewportRect: {height: 2337, left: 0, top: 63, width: 1080}, appium:warnings: {}, appium:webStorageEnabled: false, platformName: ANDROID}
Session ID: c87fcdfa-5ef0-4d8d-bcdc-d2dde9bfebb4
	at java.base/jdk.internal.reflect.NativeConstructorAccessorImpl.newInstance0(Native Method)
	at java.base/jdk.internal.reflect.NativeConstructorAccessorImpl.newInstance(NativeConstructorAccessorImpl.java:77)
	at java.base/jdk.internal.reflect.DelegatingConstructorAccessorImpl.newInstance(DelegatingConstructorAccessorImpl.java:45)
	at org.openqa.selenium.remote.ErrorCodec.decode(ErrorCodec.java:167)
	at org.openqa.selenium.remote.codec.w3c.W3CHttpResponseCodec.decode(W3CHttpResponseCodec.java:138)
	at org.openqa.selenium.remote.codec.w3c.W3CHttpResponseCodec.decode(W3CHttpResponseCodec.java:50)
	at org.openqa.selenium.remote.HttpCommandExecutor.execute(HttpCommandExecutor.java:190)
	at io.appium.java_client.remote.AppiumCommandExecutor.execute(AppiumCommandExecutor.java:237)
	at org.openqa.selenium.remote.RemoteWebDriver.execute(RemoteWebDriver.java:518)
	at org.openqa.selenium.remote.RemoteWebDriver.execute(RemoteWebDriver.java:591)
	at io.appium.java_client.AppiumDriver.execute(AppiumDriver.java:310)
	at org.openqa.selenium.remote.RemoteWebDriver$RemoteWebDriverOptions$RemoteWindow.getSize(RemoteWebDriver.java:1000)
	at org.openqa.selenium.WebDriver$Window$getSize.call(Unknown Source)
	at com.kms.katalon.core.mobile.keyword.internal.MobileAbstractKeyword.findElement(MobileAbstractKeyword.groovy:81)
	at jdk.internal.reflect.GeneratedMethodAccessor5.invoke(Unknown Source)
	at java.base/jdk.internal.reflect.DelegatingMethodAccessorImpl.invoke(DelegatingMethodAccessorImpl.java:43)
	at com.kms.katalon.core.mobile.keyword.builtin.SetTextKeyword$_setText_closure1.doCall(SetTextKeyword.groovy:50)
	at com.kms.katalon.core.mobile.keyword.builtin.SetTextKeyword$_setText_closure1.call(SetTextKeyword.groovy)
	at com.kms.katalon.core.mobile.keyword.internal.MobileKeywordMain.runKeyword(MobileKeywordMain.groovy:30)
	at com.kms.katalon.core.mobile.keyword.builtin.SetTextKeyword.setText(SetTextKeyword.groovy:62)
	at com.kms.katalon.core.mobile.keyword.builtin.SetTextKeyword.execute(SetTextKeyword.groovy:42)
	at com.kms.katalon.core.keyword.internal.KeywordExecutor.executeKeywordForPlatform(KeywordExecutor.groovy:74)
	at com.kms.katalon.core.mobile.keyword.MobileBuiltInKeywords.setText(MobileBuiltInKeywords.groovy:1278)
	at Script1746116876280.run(Script1746116876280.groovy:54)
	... 15 more
)]]></system-out>
         <system-err><![CDATA[05-05-2025T17:22:33 - [TEST_CASE][FAILED] - Test Cases/Loyalty QR Code/C848_PlatinumTier_Verification: Test Cases/Loyalty QR Code/C848_PlatinumTier_Verification FAILED.
Reason:
com.kms.katalon.core.exception.StepFailedException: Failed to set text into element
	at com.kms.katalon.core.mobile.keyword.internal.MobileKeywordMain.stepFailed(MobileKeywordMain.groovy:64)
	at com.kms.katalon.core.mobile.keyword.internal.MobileKeywordMain.runKeyword(MobileKeywordMain.groovy:34)
	at com.kms.katalon.core.mobile.keyword.builtin.SetTextKeyword.setText(SetTextKeyword.groovy:62)
	at com.kms.katalon.core.mobile.keyword.builtin.SetTextKeyword.execute(SetTextKeyword.groovy:42)
	at com.kms.katalon.core.keyword.internal.KeywordExecutor.executeKeywordForPlatform(KeywordExecutor.groovy:74)
	at com.kms.katalon.core.mobile.keyword.MobileBuiltInKeywords.setText(MobileBuiltInKeywords.groovy:1278)
	at C848_PlatinumTier_Verification.run(C848_PlatinumTier_Verification:54)
	at com.kms.katalon.core.main.ScriptEngine.run(ScriptEngine.java:194)
	at com.kms.katalon.core.main.ScriptEngine.runScriptAsRawText(ScriptEngine.java:119)
	at com.kms.katalon.core.main.TestCaseExecutor.runScript(TestCaseExecutor.java:448)
	at com.kms.katalon.core.main.TestCaseExecutor.doExecute(TestCaseExecutor.java:439)
	at com.kms.katalon.core.main.TestCaseExecutor.processExecutionPhase(TestCaseExecutor.java:418)
	at com.kms.katalon.core.main.TestCaseExecutor.accessMainPhase(TestCaseExecutor.java:410)
	at com.kms.katalon.core.main.TestCaseExecutor.execute(TestCaseExecutor.java:285)
	at com.kms.katalon.core.common.CommonExecutor.accessTestCaseMainPhase(CommonExecutor.java:71)
	at com.kms.katalon.core.main.TestSuiteExecutor.accessTestSuiteMainPhase(TestSuiteExecutor.java:160)
	at com.kms.katalon.core.main.TestSuiteExecutor.execute(TestSuiteExecutor.java:107)
	at com.kms.katalon.core.main.TestCaseMain.startTestSuite(TestCaseMain.java:180)
	at TempTestSuite1746444279154.run(TempTestSuite1746444279154.groovy:35)
	at java.base/jdk.internal.reflect.NativeMethodAccessorImpl.invoke0(Native Method)
	at java.base/jdk.internal.reflect.NativeMethodAccessorImpl.invoke(NativeMethodAccessorImpl.java:77)
	at java.base/jdk.internal.reflect.DelegatingMethodAccessorImpl.invoke(DelegatingMethodAccessorImpl.java:43)
Caused by: org.openqa.selenium.WebDriverException: An unknown server-side error occurred while processing the command. Original error: 'GET /window/current/size' cannot be proxied to UiAutomator2 server because the instrumentation process is not running (probably crashed). Check the server log and/or the logcat output for more details
Build info: version: '4.22.0', revision: 'c5f3146703'
System info: os.name: 'Mac OS X', os.arch: 'aarch64', os.version: '15.4.1', java.version: '17.0.14'
Driver info: io.appium.java_client.android.AndroidDriver
Command: [c87fcdfa-5ef0-4d8d-bcdc-d2dde9bfebb4, getCurrentWindowSize {}]
Capabilities {appium:app: /Users/gv.vignesh/Downloads..., appium:appActivity: westgate_xamarin.android.Ma..., appium:appPackage: westgate_xamarin.android.debug, appium:autoGrantPermissions: true, appium:automationName: uiautomator2, appium:databaseEnabled: false, appium:desired: {app: /Users/gv.vignesh/Downloads..., autoGrantPermissions: true, automationName: uiautomator2, deviceId: , deviceName: emulator-5554 (sdk_gphone16..., fullReset: true, newCommandTimeout: 1800, noReset: false, platformName: ANDROID, platformVersion: 15, systemPort: 64348, udid: emulator-5554, uiautomator2ServerInstallTimeout: 0}, appium:deviceApiLevel: 35, appium:deviceId: , appium:deviceManufacturer: Google, appium:deviceModel: sdk_gphone16k_arm64, appium:deviceName: emulator-5554, appium:deviceScreenDensity: 420, appium:deviceScreenSize: 1080x2400, appium:deviceUDID: emulator-5554, appium:fullReset: true, appium:javascriptEnabled: true, appium:locationContextEnabled: false, appium:networkConnectionEnabled: true, appium:newCommandTimeout: 1800, appium:noReset: false, appium:pixelRatio: 2.625, appium:platformVersion: 15, appium:statBarHeight: 63, appium:systemPort: 64348, appium:takesScreenshot: true, appium:udid: emulator-5554, appium:uiautomator2ServerInstallTimeout: 0, appium:viewportRect: {height: 2337, left: 0, top: 63, width: 1080}, appium:warnings: {}, appium:webStorageEnabled: false, platformName: ANDROID}
Session ID: c87fcdfa-5ef0-4d8d-bcdc-d2dde9bfebb4
	at java.base/jdk.internal.reflect.NativeConstructorAccessorImpl.newInstance0(Native Method)
	at java.base/jdk.internal.reflect.NativeConstructorAccessorImpl.newInstance(NativeConstructorAccessorImpl.java:77)
	at java.base/jdk.internal.reflect.DelegatingConstructorAccessorImpl.newInstance(DelegatingConstructorAccessorImpl.java:45)
	at org.openqa.selenium.remote.ErrorCodec.decode(ErrorCodec.java:167)
	at org.openqa.selenium.remote.codec.w3c.W3CHttpResponseCodec.decode(W3CHttpResponseCodec.java:138)
	at org.openqa.selenium.remote.codec.w3c.W3CHttpResponseCodec.decode(W3CHttpResponseCodec.java:50)
	at org.openqa.selenium.remote.HttpCommandExecutor.execute(HttpCommandExecutor.java:190)
	at io.appium.java_client.remote.AppiumCommandExecutor.execute(AppiumCommandExecutor.java:237)
	at org.openqa.selenium.remote.RemoteWebDriver.execute(RemoteWebDriver.java:518)
	at org.openqa.selenium.remote.RemoteWebDriver.execute(RemoteWebDriver.java:591)
	at io.appium.java_client.AppiumDriver.execute(AppiumDriver.java:310)
	at org.openqa.selenium.remote.RemoteWebDriver$RemoteWebDriverOptions$RemoteWindow.getSize(RemoteWebDriver.java:1000)
	at org.openqa.selenium.WebDriver$Window$getSize.call(Unknown Source)
	at com.kms.katalon.core.mobile.keyword.internal.MobileAbstractKeyword.findElement(MobileAbstractKeyword.groovy:81)
	at jdk.internal.reflect.GeneratedMethodAccessor5.invoke(Unknown Source)
	at java.base/jdk.internal.reflect.DelegatingMethodAccessorImpl.invoke(DelegatingMethodAccessorImpl.java:43)
	at com.kms.katalon.core.mobile.keyword.builtin.SetTextKeyword$_setText_closure1.doCall(SetTextKeyword.groovy:50)
	at com.kms.katalon.core.mobile.keyword.builtin.SetTextKeyword$_setText_closure1.call(SetTextKeyword.groovy)
	at com.kms.katalon.core.mobile.keyword.internal.MobileKeywordMain.runKeyword(MobileKeywordMain.groovy:30)
	... 20 more]]></system-err>
      </testcase>
      <testcase name="Test Cases/Loyalty QR Code/C849_EliteTier_Verification" time="160.118" classname="Test Cases/Loyalty QR Code/C849_EliteTier_Verification" status="PASSED">
         <system-out><![CDATA[05-05-2025T17:24:02 - [TEST_CASE][PASSED] - Test Cases/Loyalty QR Code/C849_EliteTier_Verification: Test Cases/Loyalty QR Code/C849_EliteTier_Verification

05-05-2025T17:24:02 - [TEST_STEP][PASSED] - startApplication("/Users/gv.vignesh/Downloads/app-debug-2.99.81.apk", true): Started application: '/Users/gv.vignesh/Downloads/app-debug-2.99.81.apk'

05-05-2025T17:24:02 - [MESSAGE][INFO] - Starting application: '/Users/gv.vignesh/Downloads/app-debug-2.99.81.apk'

05-05-2025T17:24:02 - [MESSAGE][INFO] - User set preference: ['uiautomator2ServerInstallTimeout', '0']

05-05-2025T17:24:02 - [MESSAGE][INFO] - User set preference: ['deviceId', '']

05-05-2025T17:24:06 - [MESSAGE][PASSED] - Started application: '/Users/gv.vignesh/Downloads/app-debug-2.99.81.apk'

05-05-2025T17:24:06 - [TEST_STEP][PASSED] - delay(10): Delayed 10 second(s)

05-05-2025T17:24:16 - [MESSAGE][PASSED] - Delayed 10 second(s)

05-05-2025T17:24:16 - [TEST_STEP][PASSED] - tap(findTestObject("Object Repository/EliteTier/android.widget.Button - Login or Sign Up"), 0): Tapped on element 'Object Repository/EliteTier/android.widget.Button - Login or Sign Up'

05-05-2025T17:24:16 - [MESSAGE][WARNING] - Timeout '0' is invalid. Using default page load timeout: '30'

05-05-2025T17:24:16 - [MESSAGE][PASSED] - Tapped on element 'Object Repository/EliteTier/android.widget.Button - Login or Sign Up'

05-05-2025T17:24:16 - [TEST_STEP][PASSED] - delay(10): Delayed 10 second(s)

05-05-2025T17:24:26 - [MESSAGE][PASSED] - Delayed 10 second(s)

05-05-2025T17:24:26 - [TEST_STEP][PASSED] - setText(findTestObject("Object Repository/EliteTier/android.widget.EditText"), "curtis@combs.net", 0): Text 'curtis@combs.net' has been set to element 'Object Repository/EliteTier/android.widget.EditText'

05-05-2025T17:24:26 - [MESSAGE][WARNING] - Timeout '0' is invalid. Using default page load timeout: '30'

05-05-2025T17:24:26 - [MESSAGE][PASSED] - Text 'curtis@combs.net' has been set to element 'Object Repository/EliteTier/android.widget.EditText'

05-05-2025T17:24:26 - [TEST_STEP][PASSED] - hideKeyboard(): Keyboard is hidden

05-05-2025T17:24:29 - [MESSAGE][PASSED] - Keyboard is hidden

05-05-2025T17:24:29 - [TEST_STEP][PASSED] - delay(10): Delayed 10 second(s)

05-05-2025T17:24:39 - [MESSAGE][PASSED] - Delayed 10 second(s)

05-05-2025T17:24:39 - [TEST_STEP][PASSED] - tap(findTestObject("Object Repository/EliteTier/android.widget.Button - Next"), 0): Tapped on element 'Object Repository/EliteTier/android.widget.Button - Next'

05-05-2025T17:24:39 - [MESSAGE][WARNING] - Timeout '0' is invalid. Using default page load timeout: '30'

05-05-2025T17:24:39 - [MESSAGE][PASSED] - Tapped on element 'Object Repository/EliteTier/android.widget.Button - Next'

05-05-2025T17:24:39 - [TEST_STEP][PASSED] - delay(40): Delayed 40 second(s)

05-05-2025T17:25:19 - [MESSAGE][PASSED] - Delayed 40 second(s)

05-05-2025T17:25:19 - [TEST_STEP][PASSED] - tap(findTestObject("Object Repository/EliteTier/android.widget.Button - Accept All Cookies"), 0): Tapped on element 'Object Repository/EliteTier/android.widget.Button - Accept All Cookies'

05-05-2025T17:25:19 - [MESSAGE][WARNING] - Timeout '0' is invalid. Using default page load timeout: '30'

05-05-2025T17:25:19 - [MESSAGE][PASSED] - Tapped on element 'Object Repository/EliteTier/android.widget.Button - Accept All Cookies'

05-05-2025T17:25:19 - [TEST_STEP][PASSED] - delay(5): Delayed 5 second(s)

05-05-2025T17:25:24 - [MESSAGE][PASSED] - Delayed 5 second(s)

05-05-2025T17:25:24 - [TEST_STEP][PASSED] - setText(findTestObject("Object Repository/EliteTier/android.widget.EditText (1)"), "curtis@combs.net", 0): Text 'curtis@combs.net' has been set to element 'Object Repository/EliteTier/android.widget.EditText (1)'

05-05-2025T17:25:24 - [MESSAGE][WARNING] - Timeout '0' is invalid. Using default page load timeout: '30'

05-05-2025T17:25:25 - [MESSAGE][PASSED] - Text 'curtis@combs.net' has been set to element 'Object Repository/EliteTier/android.widget.EditText (1)'

05-05-2025T17:25:25 - [TEST_STEP][PASSED] - hideKeyboard(): Keyboard is hidden

05-05-2025T17:25:27 - [MESSAGE][PASSED] - Keyboard is hidden

05-05-2025T17:25:27 - [TEST_STEP][PASSED] - delay(5): Delayed 5 second(s)

05-05-2025T17:25:32 - [MESSAGE][PASSED] - Delayed 5 second(s)

05-05-2025T17:25:32 - [TEST_STEP][PASSED] - setText(findTestObject("Object Repository/EliteTier/android.widget.EditText (2)"), "password", 0): Text 'password' has been set to element 'Object Repository/EliteTier/android.widget.EditText (2)'

05-05-2025T17:25:32 - [MESSAGE][WARNING] - Timeout '0' is invalid. Using default page load timeout: '30'

05-05-2025T17:25:32 - [MESSAGE][PASSED] - Text 'password' has been set to element 'Object Repository/EliteTier/android.widget.EditText (2)'

05-05-2025T17:25:32 - [TEST_STEP][PASSED] - hideKeyboard(): Keyboard is hidden

05-05-2025T17:25:34 - [MESSAGE][PASSED] - Keyboard is hidden

05-05-2025T17:25:34 - [TEST_STEP][PASSED] - delay(5): Delayed 5 second(s)

05-05-2025T17:25:39 - [MESSAGE][PASSED] - Delayed 5 second(s)

05-05-2025T17:25:39 - [TEST_STEP][PASSED] - tap(findTestObject("Object Repository/EliteTier/android.widget.Button - LOGIN"), 0): Tapped on element 'Object Repository/EliteTier/android.widget.Button - LOGIN'

05-05-2025T17:25:39 - [MESSAGE][WARNING] - Timeout '0' is invalid. Using default page load timeout: '30'

05-05-2025T17:25:39 - [MESSAGE][PASSED] - Tapped on element 'Object Repository/EliteTier/android.widget.Button - LOGIN'

05-05-2025T17:25:39 - [TEST_STEP][PASSED] - delay(20): Delayed 20 second(s)

05-05-2025T17:25:59 - [MESSAGE][PASSED] - Delayed 20 second(s)

05-05-2025T17:25:59 - [TEST_STEP][PASSED] - assert verifyElementExist(findTestObject("Object Repository/EliteTier/android.widget.TextView - WOW Loyalty"), 0): Element 'Object Repository/EliteTier/android.widget.TextView - WOW Loyalty' is exist

05-05-2025T17:25:59 - [MESSAGE][WARNING] - Timeout '0' is invalid. Using default page load timeout: '30'

05-05-2025T17:25:59 - [MESSAGE][PASSED] - Element 'Object Repository/EliteTier/android.widget.TextView - WOW Loyalty' is exist

05-05-2025T17:25:59 - [TEST_STEP][PASSED] - assert verifyElementExist(findTestObject("Object Repository/EliteTier/android.widget.TextView - Elite Tier"), 0): Element 'Object Repository/EliteTier/android.widget.TextView - Elite Tier' is exist

05-05-2025T17:25:59 - [MESSAGE][WARNING] - Timeout '0' is invalid. Using default page load timeout: '30'

05-05-2025T17:25:59 - [MESSAGE][PASSED] - Element 'Object Repository/EliteTier/android.widget.TextView - Elite Tier' is exist

05-05-2025T17:25:59 - [TEST_STEP][PASSED] - tap(findTestObject("Object Repository/EliteTier/android.view.View - My Stay"), 0): Tapped on element 'Object Repository/EliteTier/android.view.View - My Stay'

05-05-2025T17:25:59 - [MESSAGE][WARNING] - Timeout '0' is invalid. Using default page load timeout: '30'

05-05-2025T17:25:59 - [MESSAGE][PASSED] - Tapped on element 'Object Repository/EliteTier/android.view.View - My Stay'

05-05-2025T17:25:59 - [TEST_STEP][PASSED] - delay(20): Delayed 20 second(s)

05-05-2025T17:26:19 - [MESSAGE][PASSED] - Delayed 20 second(s)

05-05-2025T17:26:19 - [TEST_STEP][PASSED] - assert verifyElementExist(findTestObject("Object Repository/EliteTier/android.widget.TextView - WOW Loyalty"), 0): Element 'Object Repository/EliteTier/android.widget.TextView - WOW Loyalty' is exist

05-05-2025T17:26:19 - [MESSAGE][WARNING] - Timeout '0' is invalid. Using default page load timeout: '30'

05-05-2025T17:26:20 - [MESSAGE][PASSED] - Element 'Object Repository/EliteTier/android.widget.TextView - WOW Loyalty' is exist

05-05-2025T17:26:20 - [TEST_STEP][PASSED] - assert verifyElementExist(findTestObject("Object Repository/EliteTier/android.widget.TextView - Elite Tier"), 0): Element 'Object Repository/EliteTier/android.widget.TextView - Elite Tier' is exist

05-05-2025T17:26:20 - [MESSAGE][WARNING] - Timeout '0' is invalid. Using default page load timeout: '30'

05-05-2025T17:26:20 - [MESSAGE][PASSED] - Element 'Object Repository/EliteTier/android.widget.TextView - Elite Tier' is exist

05-05-2025T17:26:20 - [TEST_STEP][PASSED] - tap(findTestObject("Object Repository/EliteTier/android.view.View - My Account"), 0): Tapped on element 'Object Repository/EliteTier/android.view.View - My Account'

05-05-2025T17:26:20 - [MESSAGE][WARNING] - Timeout '0' is invalid. Using default page load timeout: '30'

05-05-2025T17:26:20 - [MESSAGE][PASSED] - Tapped on element 'Object Repository/EliteTier/android.view.View - My Account'

05-05-2025T17:26:20 - [TEST_STEP][PASSED] - delay(20): Delayed 20 second(s)

05-05-2025T17:26:40 - [MESSAGE][PASSED] - Delayed 20 second(s)

05-05-2025T17:26:40 - [TEST_STEP][PASSED] - assert verifyElementExist(findTestObject("Object Repository/EliteTier/android.widget.TextView - WOW Loyalty"), 0): Element 'Object Repository/EliteTier/android.widget.TextView - WOW Loyalty' is exist

05-05-2025T17:26:40 - [MESSAGE][WARNING] - Timeout '0' is invalid. Using default page load timeout: '30'

05-05-2025T17:26:40 - [MESSAGE][PASSED] - Element 'Object Repository/EliteTier/android.widget.TextView - WOW Loyalty' is exist

05-05-2025T17:26:40 - [TEST_STEP][PASSED] - assert verifyElementExist(findTestObject("Object Repository/EliteTier/android.widget.TextView - Elite Tier"), 0): Element 'Object Repository/EliteTier/android.widget.TextView - Elite Tier' is exist

05-05-2025T17:26:40 - [MESSAGE][WARNING] - Timeout '0' is invalid. Using default page load timeout: '30'

05-05-2025T17:26:40 - [MESSAGE][PASSED] - Element 'Object Repository/EliteTier/android.widget.TextView - Elite Tier' is exist

05-05-2025T17:26:40 - [TEST_STEP][PASSED] - closeApplication(): Close app successfully

05-05-2025T17:26:42 - [MESSAGE][PASSED] - Close app successfully]]></system-out>
         <system-err><![CDATA[]]></system-err>
      </testcase>
      <testcase name="Test Cases/Loyalty QR Code/WRMA-552_Loyalty_QR_Loading" time="2.063" classname="Test Cases/Loyalty QR Code/WRMA-552_Loyalty_QR_Loading" status="FAILED">
         <failure type="FAILED" message="Test Cases/Loyalty QR Code/WRMA-552_Loyalty_QR_Loading FAILED.&#xa;Reason:&#xa;com.kms.katalon.core.exception.StepFailedException: Unable to start application: '/Users/gv.vignesh/Downloads/app-debug-2.99.75.apk'&#xa;	at com.kms.katalon.core.mobile.keyword.internal.MobileKeywordMain.stepFailed(MobileKeywordMain.groovy:64)&#xa;	at com.kms.katalon.core.mobile.keyword.internal.MobileKeywordMain.runKeyword(MobileKeywordMain.groovy:34)&#xa;	at com.kms.katalon.core.mobile.keyword.builtin.StartApplicationKeyword.startApplication(StartApplicationKeyword.groovy:91)&#xa;	at com.kms.katalon.core.mobile.keyword.builtin.StartApplicationKeyword.execute(StartApplicationKeyword.groovy:48)&#xa;	at com.kms.katalon.core.keyword.internal.KeywordExecutor.executeKeywordForPlatform(KeywordExecutor.groovy:74)&#xa;	at com.kms.katalon.core.mobile.keyword.MobileBuiltInKeywords.startApplication(MobileBuiltInKeywords.groovy:49)&#xa;	at WRMA-552_Loyalty_QR_Loading.run(WRMA-552_Loyalty_QR_Loading:21)&#xa;	at com.kms.katalon.core.main.ScriptEngine.run(ScriptEngine.java:194)&#xa;	at com.kms.katalon.core.main.ScriptEngine.runScriptAsRawText(ScriptEngine.java:119)&#xa;	at com.kms.katalon.core.main.TestCaseExecutor.runScript(TestCaseExecutor.java:448)&#xa;	at com.kms.katalon.core.main.TestCaseExecutor.doExecute(TestCaseExecutor.java:439)&#xa;	at com.kms.katalon.core.main.TestCaseExecutor.processExecutionPhase(TestCaseExecutor.java:418)&#xa;	at com.kms.katalon.core.main.TestCaseExecutor.accessMainPhase(TestCaseExecutor.java:410)&#xa;	at com.kms.katalon.core.main.TestCaseExecutor.execute(TestCaseExecutor.java:285)&#xa;	at com.kms.katalon.core.common.CommonExecutor.accessTestCaseMainPhase(CommonExecutor.java:71)&#xa;	at com.kms.katalon.core.main.TestSuiteExecutor.accessTestSuiteMainPhase(TestSuiteExecutor.java:160)&#xa;	at com.kms.katalon.core.main.TestSuiteExecutor.execute(TestSuiteExecutor.java:107)&#xa;	at com.kms.katalon.core.main.TestCaseMain.startTestSuite(TestCaseMain.java:180)&#xa;	at TempTestSuite1746444279154.run(TempTestSuite1746444279154.groovy:35)&#xa;	at java.base/jdk.internal.reflect.NativeMethodAccessorImpl.invoke0(Native Method)&#xa;	at java.base/jdk.internal.reflect.NativeMethodAccessorImpl.invoke(NativeMethodAccessorImpl.java:77)&#xa;	at java.base/jdk.internal.reflect.DelegatingMethodAccessorImpl.invoke(DelegatingMethodAccessorImpl.java:43)&#xa;Caused by: org.openqa.selenium.SessionNotCreatedException: Could not start a new session. Response code 500. Message: An unknown server-side error occurred while processing the command. Original error: The application at '/Users/gv.vignesh/Downloads/app-debug-2.99.75.apk' does not exist or is not accessible &#xa;Host info: host: '**********', ip: '**********'&#xa;Build info: version: '4.22.0', revision: 'c5f3146703'&#xa;System info: os.name: 'Mac OS X', os.arch: 'aarch64', os.version: '15.4.1', java.version: '17.0.14'&#xa;Driver info: io.appium.java_client.android.AndroidDriver&#xa;Command: [null, newSession {capabilities=[Capabilities {appium:app: /Users/gv.vignesh/Downloads..., appium:autoGrantPermissions: true, appium:automationName: uiautomator2, appium:deviceId: , appium:deviceName: emulator-5554 (sdk_gphone16..., appium:fullReset: true, appium:newCommandTimeout: 1800, appium:noReset: false, appium:platformName: ANDROID, appium:platformVersion: 15, appium:systemPort: 65264, appium:udid: emulator-5554, appium:uiautomator2ServerInstallTimeout: 0.0, platformName: ANDROID}]}]&#xa;Capabilities {appium:app: /Users/gv.vignesh/Downloads..., appium:autoGrantPermissions: true, appium:automationName: uiautomator2, appium:deviceId: , appium:deviceName: emulator-5554 (sdk_gphone16..., appium:fullReset: true, appium:newCommandTimeout: 1800, appium:noReset: false, appium:platformName: ANDROID, appium:platformVersion: 15, appium:systemPort: 65264, appium:udid: emulator-5554, appium:uiautomator2ServerInstallTimeout: 0.0, platformName: ANDROID}&#xa;	at org.openqa.selenium.remote.ProtocolHandshake.createSession(ProtocolHandshake.java:114)&#xa;	at org.openqa.selenium.remote.ProtocolHandshake.createSession(ProtocolHandshake.java:75)&#xa;	at org.openqa.selenium.remote.ProtocolHandshake.createSession(ProtocolHandshake.java:61)&#xa;	at io.appium.java_client.remote.AppiumCommandExecutor.createSession(AppiumCommandExecutor.java:176)&#xa;	at io.appium.java_client.remote.AppiumCommandExecutor.execute(AppiumCommandExecutor.java:237)&#xa;	at org.openqa.selenium.remote.RemoteWebDriver.execute(RemoteWebDriver.java:518)&#xa;	at io.appium.java_client.AppiumDriver.startSession(AppiumDriver.java:270)&#xa;	at org.openqa.selenium.remote.RemoteWebDriver.&lt;init>(RemoteWebDriver.java:161)&#xa;	at io.appium.java_client.AppiumDriver.&lt;init>(AppiumDriver.java:91)&#xa;	at io.appium.java_client.android.AndroidDriver.&lt;init>(AndroidDriver.java:99)&#xa;	at com.kms.katalon.core.appium.driver.AppiumDriverManager.createMobileDriver(AppiumDriverManager.java:574)&#xa;	at com.kms.katalon.core.appium.driver.AppiumDriverManager.createMobileDriver(AppiumDriverManager.java:551)&#xa;	at com.kms.katalon.core.mobile.keyword.internal.MobileDriverFactory.startLocalMobileDriver(MobileDriverFactory.java:597)&#xa;	at com.kms.katalon.core.mobile.keyword.internal.MobileDriverFactory.startMobileDriver(MobileDriverFactory.java:510)&#xa;	at com.kms.katalon.core.mobile.keyword.builtin.StartApplicationKeyword$_startApplication_closure1.doCall(StartApplicationKeyword.groovy:89)&#xa;	at com.kms.katalon.core.mobile.keyword.builtin.StartApplicationKeyword$_startApplication_closure1.call(StartApplicationKeyword.groovy)&#xa;	at com.kms.katalon.core.mobile.keyword.internal.MobileKeywordMain.runKeyword(MobileKeywordMain.groovy:30)&#xa;	... 20 more&#xa;"/>
         <system-out><![CDATA[05-05-2025T17:26:42 - [TEST_CASE][FAILED] - Test Cases/Loyalty QR Code/WRMA-552_Loyalty_QR_Loading: Test Cases/Loyalty QR Code/WRMA-552_Loyalty_QR_Loading FAILED.
Reason:
com.kms.katalon.core.exception.StepFailedException: Unable to start application: '/Users/gv.vignesh/Downloads/app-debug-2.99.75.apk'
	at com.kms.katalon.core.mobile.keyword.internal.MobileKeywordMain.stepFailed(MobileKeywordMain.groovy:64)
	at com.kms.katalon.core.mobile.keyword.internal.MobileKeywordMain.runKeyword(MobileKeywordMain.groovy:34)
	at com.kms.katalon.core.mobile.keyword.builtin.StartApplicationKeyword.startApplication(StartApplicationKeyword.groovy:91)
	at com.kms.katalon.core.mobile.keyword.builtin.StartApplicationKeyword.execute(StartApplicationKeyword.groovy:48)
	at com.kms.katalon.core.keyword.internal.KeywordExecutor.executeKeywordForPlatform(KeywordExecutor.groovy:74)
	at com.kms.katalon.core.mobile.keyword.MobileBuiltInKeywords.startApplication(MobileBuiltInKeywords.groovy:49)
	at WRMA-552_Loyalty_QR_Loading.run(WRMA-552_Loyalty_QR_Loading:21)
	at com.kms.katalon.core.main.ScriptEngine.run(ScriptEngine.java:194)
	at com.kms.katalon.core.main.ScriptEngine.runScriptAsRawText(ScriptEngine.java:119)
	at com.kms.katalon.core.main.TestCaseExecutor.runScript(TestCaseExecutor.java:448)
	at com.kms.katalon.core.main.TestCaseExecutor.doExecute(TestCaseExecutor.java:439)
	at com.kms.katalon.core.main.TestCaseExecutor.processExecutionPhase(TestCaseExecutor.java:418)
	at com.kms.katalon.core.main.TestCaseExecutor.accessMainPhase(TestCaseExecutor.java:410)
	at com.kms.katalon.core.main.TestCaseExecutor.execute(TestCaseExecutor.java:285)
	at com.kms.katalon.core.common.CommonExecutor.accessTestCaseMainPhase(CommonExecutor.java:71)
	at com.kms.katalon.core.main.TestSuiteExecutor.accessTestSuiteMainPhase(TestSuiteExecutor.java:160)
	at com.kms.katalon.core.main.TestSuiteExecutor.execute(TestSuiteExecutor.java:107)
	at com.kms.katalon.core.main.TestCaseMain.startTestSuite(TestCaseMain.java:180)
	at TempTestSuite1746444279154.run(TempTestSuite1746444279154.groovy:35)
	at java.base/jdk.internal.reflect.NativeMethodAccessorImpl.invoke0(Native Method)
	at java.base/jdk.internal.reflect.NativeMethodAccessorImpl.invoke(NativeMethodAccessorImpl.java:77)
	at java.base/jdk.internal.reflect.DelegatingMethodAccessorImpl.invoke(DelegatingMethodAccessorImpl.java:43)
Caused by: org.openqa.selenium.SessionNotCreatedException: Could not start a new session. Response code 500. Message: An unknown server-side error occurred while processing the command. Original error: The application at '/Users/gv.vignesh/Downloads/app-debug-2.99.75.apk' does not exist or is not accessible 
Host info: host: '**********', ip: '**********'
Build info: version: '4.22.0', revision: 'c5f3146703'
System info: os.name: 'Mac OS X', os.arch: 'aarch64', os.version: '15.4.1', java.version: '17.0.14'
Driver info: io.appium.java_client.android.AndroidDriver
Command: [null, newSession {capabilities=[Capabilities {appium:app: /Users/gv.vignesh/Downloads..., appium:autoGrantPermissions: true, appium:automationName: uiautomator2, appium:deviceId: , appium:deviceName: emulator-5554 (sdk_gphone16..., appium:fullReset: true, appium:newCommandTimeout: 1800, appium:noReset: false, appium:platformName: ANDROID, appium:platformVersion: 15, appium:systemPort: 65264, appium:udid: emulator-5554, appium:uiautomator2ServerInstallTimeout: 0.0, platformName: ANDROID}]}]
Capabilities {appium:app: /Users/gv.vignesh/Downloads..., appium:autoGrantPermissions: true, appium:automationName: uiautomator2, appium:deviceId: , appium:deviceName: emulator-5554 (sdk_gphone16..., appium:fullReset: true, appium:newCommandTimeout: 1800, appium:noReset: false, appium:platformName: ANDROID, appium:platformVersion: 15, appium:systemPort: 65264, appium:udid: emulator-5554, appium:uiautomator2ServerInstallTimeout: 0.0, platformName: ANDROID}
	at org.openqa.selenium.remote.ProtocolHandshake.createSession(ProtocolHandshake.java:114)
	at org.openqa.selenium.remote.ProtocolHandshake.createSession(ProtocolHandshake.java:75)
	at org.openqa.selenium.remote.ProtocolHandshake.createSession(ProtocolHandshake.java:61)
	at io.appium.java_client.remote.AppiumCommandExecutor.createSession(AppiumCommandExecutor.java:176)
	at io.appium.java_client.remote.AppiumCommandExecutor.execute(AppiumCommandExecutor.java:237)
	at org.openqa.selenium.remote.RemoteWebDriver.execute(RemoteWebDriver.java:518)
	at io.appium.java_client.AppiumDriver.startSession(AppiumDriver.java:270)
	at org.openqa.selenium.remote.RemoteWebDriver.<init>(RemoteWebDriver.java:161)
	at io.appium.java_client.AppiumDriver.<init>(AppiumDriver.java:91)
	at io.appium.java_client.android.AndroidDriver.<init>(AndroidDriver.java:99)
	at com.kms.katalon.core.appium.driver.AppiumDriverManager.createMobileDriver(AppiumDriverManager.java:574)
	at com.kms.katalon.core.appium.driver.AppiumDriverManager.createMobileDriver(AppiumDriverManager.java:551)
	at com.kms.katalon.core.mobile.keyword.internal.MobileDriverFactory.startLocalMobileDriver(MobileDriverFactory.java:597)
	at com.kms.katalon.core.mobile.keyword.internal.MobileDriverFactory.startMobileDriver(MobileDriverFactory.java:510)
	at com.kms.katalon.core.mobile.keyword.builtin.StartApplicationKeyword$_startApplication_closure1.doCall(StartApplicationKeyword.groovy:89)
	at com.kms.katalon.core.mobile.keyword.builtin.StartApplicationKeyword$_startApplication_closure1.call(StartApplicationKeyword.groovy)
	at com.kms.katalon.core.mobile.keyword.internal.MobileKeywordMain.runKeyword(MobileKeywordMain.groovy:30)
	... 20 more


05-05-2025T17:26:42 - [TEST_STEP][FAILED] - startApplication("/Users/gv.vignesh/Downloads/app-debug-2.99.75.apk", true): Unable to start application: '/Users/gv.vignesh/Downloads/app-debug-2.99.75.apk' (Root cause: com.kms.katalon.core.exception.StepFailedException: Unable to start application: '/Users/gv.vignesh/Downloads/app-debug-2.99.75.apk'
	at com.kms.katalon.core.mobile.keyword.internal.MobileKeywordMain.stepFailed(MobileKeywordMain.groovy:64)
	at com.kms.katalon.core.mobile.keyword.internal.MobileKeywordMain.runKeyword(MobileKeywordMain.groovy:34)
	at com.kms.katalon.core.mobile.keyword.builtin.StartApplicationKeyword.startApplication(StartApplicationKeyword.groovy:91)
	at com.kms.katalon.core.mobile.keyword.builtin.StartApplicationKeyword.execute(StartApplicationKeyword.groovy:48)
	at com.kms.katalon.core.keyword.internal.KeywordExecutor.executeKeywordForPlatform(KeywordExecutor.groovy:74)
	at com.kms.katalon.core.mobile.keyword.MobileBuiltInKeywords.startApplication(MobileBuiltInKeywords.groovy:49)
	at WRMA-552_Loyalty_QR_Loading.run(WRMA-552_Loyalty_QR_Loading:21)
	at com.kms.katalon.core.main.ScriptEngine.run(ScriptEngine.java:194)
	at com.kms.katalon.core.main.ScriptEngine.runScriptAsRawText(ScriptEngine.java:119)
	at com.kms.katalon.core.main.TestCaseExecutor.runScript(TestCaseExecutor.java:448)
	at com.kms.katalon.core.main.TestCaseExecutor.doExecute(TestCaseExecutor.java:439)
	at com.kms.katalon.core.main.TestCaseExecutor.processExecutionPhase(TestCaseExecutor.java:418)
	at com.kms.katalon.core.main.TestCaseExecutor.accessMainPhase(TestCaseExecutor.java:410)
	at com.kms.katalon.core.main.TestCaseExecutor.execute(TestCaseExecutor.java:285)
	at com.kms.katalon.core.common.CommonExecutor.accessTestCaseMainPhase(CommonExecutor.java:71)
	at com.kms.katalon.core.main.TestSuiteExecutor.accessTestSuiteMainPhase(TestSuiteExecutor.java:160)
	at com.kms.katalon.core.main.TestSuiteExecutor.execute(TestSuiteExecutor.java:107)
	at com.kms.katalon.core.main.TestCaseMain.startTestSuite(TestCaseMain.java:180)
	at TempTestSuite1746444279154.run(TempTestSuite1746444279154.groovy:35)
	at java.base/jdk.internal.reflect.NativeMethodAccessorImpl.invoke0(Native Method)
	at java.base/jdk.internal.reflect.NativeMethodAccessorImpl.invoke(NativeMethodAccessorImpl.java:77)
	at java.base/jdk.internal.reflect.DelegatingMethodAccessorImpl.invoke(DelegatingMethodAccessorImpl.java:43)
Caused by: org.openqa.selenium.SessionNotCreatedException: Could not start a new session. Response code 500. Message: An unknown server-side error occurred while processing the command. Original error: The application at '/Users/gv.vignesh/Downloads/app-debug-2.99.75.apk' does not exist or is not accessible 
Host info: host: '**********', ip: '**********'
Build info: version: '4.22.0', revision: 'c5f3146703'
System info: os.name: 'Mac OS X', os.arch: 'aarch64', os.version: '15.4.1', java.version: '17.0.14'
Driver info: io.appium.java_client.android.AndroidDriver
Command: [null, newSession {capabilities=[Capabilities {appium:app: /Users/gv.vignesh/Downloads..., appium:autoGrantPermissions: true, appium:automationName: uiautomator2, appium:deviceId: , appium:deviceName: emulator-5554 (sdk_gphone16..., appium:fullReset: true, appium:newCommandTimeout: 1800, appium:noReset: false, appium:platformName: ANDROID, appium:platformVersion: 15, appium:systemPort: 65264, appium:udid: emulator-5554, appium:uiautomator2ServerInstallTimeout: 0.0, platformName: ANDROID}]}]
Capabilities {appium:app: /Users/gv.vignesh/Downloads..., appium:autoGrantPermissions: true, appium:automationName: uiautomator2, appium:deviceId: , appium:deviceName: emulator-5554 (sdk_gphone16..., appium:fullReset: true, appium:newCommandTimeout: 1800, appium:noReset: false, appium:platformName: ANDROID, appium:platformVersion: 15, appium:systemPort: 65264, appium:udid: emulator-5554, appium:uiautomator2ServerInstallTimeout: 0.0, platformName: ANDROID}
	at org.openqa.selenium.remote.ProtocolHandshake.createSession(ProtocolHandshake.java:114)
	at org.openqa.selenium.remote.ProtocolHandshake.createSession(ProtocolHandshake.java:75)
	at org.openqa.selenium.remote.ProtocolHandshake.createSession(ProtocolHandshake.java:61)
	at io.appium.java_client.remote.AppiumCommandExecutor.createSession(AppiumCommandExecutor.java:176)
	at io.appium.java_client.remote.AppiumCommandExecutor.execute(AppiumCommandExecutor.java:237)
	at org.openqa.selenium.remote.RemoteWebDriver.execute(RemoteWebDriver.java:518)
	at io.appium.java_client.AppiumDriver.startSession(AppiumDriver.java:270)
	at org.openqa.selenium.remote.RemoteWebDriver.<init>(RemoteWebDriver.java:161)
	at io.appium.java_client.AppiumDriver.<init>(AppiumDriver.java:91)
	at io.appium.java_client.android.AndroidDriver.<init>(AndroidDriver.java:99)
	at com.kms.katalon.core.appium.driver.AppiumDriverManager.createMobileDriver(AppiumDriverManager.java:574)
	at com.kms.katalon.core.appium.driver.AppiumDriverManager.createMobileDriver(AppiumDriverManager.java:551)
	at com.kms.katalon.core.mobile.keyword.internal.MobileDriverFactory.startLocalMobileDriver(MobileDriverFactory.java:597)
	at com.kms.katalon.core.mobile.keyword.internal.MobileDriverFactory.startMobileDriver(MobileDriverFactory.java:510)
	at com.kms.katalon.core.mobile.keyword.builtin.StartApplicationKeyword$_startApplication_closure1.doCall(StartApplicationKeyword.groovy:89)
	at com.kms.katalon.core.mobile.keyword.builtin.StartApplicationKeyword$_startApplication_closure1.call(StartApplicationKeyword.groovy)
	at com.kms.katalon.core.mobile.keyword.internal.MobileKeywordMain.runKeyword(MobileKeywordMain.groovy:30)
	at com.kms.katalon.core.mobile.keyword.builtin.StartApplicationKeyword.startApplication(StartApplicationKeyword.groovy:91)
	at com.kms.katalon.core.mobile.keyword.builtin.StartApplicationKeyword.execute(StartApplicationKeyword.groovy:48)
	at com.kms.katalon.core.keyword.internal.KeywordExecutor.executeKeywordForPlatform(KeywordExecutor.groovy:74)
	at com.kms.katalon.core.mobile.keyword.MobileBuiltInKeywords.startApplication(MobileBuiltInKeywords.groovy:49)
	at Script1745918733776.run(Script1745918733776.groovy:21)
	... 15 more
)

05-05-2025T17:26:42 - [MESSAGE][INFO] - Starting application: '/Users/gv.vignesh/Downloads/app-debug-2.99.75.apk'

05-05-2025T17:26:42 - [MESSAGE][INFO] - User set preference: ['uiautomator2ServerInstallTimeout', '0']

05-05-2025T17:26:42 - [MESSAGE][INFO] - User set preference: ['deviceId', '']

05-05-2025T17:26:42 - [MESSAGE][INFO] - Detected NodeJS location: "/opt/homebrew/Cellar/node/23.10.0_1/bin/node"

05-05-2025T17:26:42 - [MESSAGE][INFO] - PATH: /opt/homebrew/Cellar/node/23.10.0_1/bin:/opt/homebrew/bin:/usr/bin:/bin:/usr/sbin:/sbin:/Applications/Katalon Studio Enterprise.app/Contents/Eclipse/jre/Contents/Home/bin:/usr/local/bin/

05-05-2025T17:26:42 - [MESSAGE][INFO] - APPIUM_HOME: /Users/gv.vignesh/.appium

05-05-2025T17:26:42 - [MESSAGE][INFO] - appium outlog: /Users/gv.vignesh/Downloads/WGR-Android-Automation/Reports/20250505_165439/WOW Loyalty Program/20250505_165439/appium.log

05-05-2025T17:26:42 - [MESSAGE][INFO] - appium errlog: /Users/gv.vignesh/Downloads/WGR-Android-Automation/Reports/20250505_165439/WOW Loyalty Program/20250505_165439/appium_error.log

05-05-2025T17:26:44 - [MESSAGE][INFO] - Appium server started on port 65,265

05-05-2025T17:26:44 - [MESSAGE][FAILED] - Unable to start application: '/Users/gv.vignesh/Downloads/app-debug-2.99.75.apk' (Root cause: com.kms.katalon.core.exception.StepFailedException: Unable to start application: '/Users/gv.vignesh/Downloads/app-debug-2.99.75.apk'
	at com.kms.katalon.core.mobile.keyword.internal.MobileKeywordMain.stepFailed(MobileKeywordMain.groovy:64)
	at com.kms.katalon.core.mobile.keyword.internal.MobileKeywordMain.runKeyword(MobileKeywordMain.groovy:34)
	at com.kms.katalon.core.mobile.keyword.builtin.StartApplicationKeyword.startApplication(StartApplicationKeyword.groovy:91)
	at com.kms.katalon.core.mobile.keyword.builtin.StartApplicationKeyword.execute(StartApplicationKeyword.groovy:48)
	at com.kms.katalon.core.keyword.internal.KeywordExecutor.executeKeywordForPlatform(KeywordExecutor.groovy:74)
	at com.kms.katalon.core.mobile.keyword.MobileBuiltInKeywords.startApplication(MobileBuiltInKeywords.groovy:49)
	at WRMA-552_Loyalty_QR_Loading.run(WRMA-552_Loyalty_QR_Loading:21)
	at com.kms.katalon.core.main.ScriptEngine.run(ScriptEngine.java:194)
	at com.kms.katalon.core.main.ScriptEngine.runScriptAsRawText(ScriptEngine.java:119)
	at com.kms.katalon.core.main.TestCaseExecutor.runScript(TestCaseExecutor.java:448)
	at com.kms.katalon.core.main.TestCaseExecutor.doExecute(TestCaseExecutor.java:439)
	at com.kms.katalon.core.main.TestCaseExecutor.processExecutionPhase(TestCaseExecutor.java:418)
	at com.kms.katalon.core.main.TestCaseExecutor.accessMainPhase(TestCaseExecutor.java:410)
	at com.kms.katalon.core.main.TestCaseExecutor.execute(TestCaseExecutor.java:285)
	at com.kms.katalon.core.common.CommonExecutor.accessTestCaseMainPhase(CommonExecutor.java:71)
	at com.kms.katalon.core.main.TestSuiteExecutor.accessTestSuiteMainPhase(TestSuiteExecutor.java:160)
	at com.kms.katalon.core.main.TestSuiteExecutor.execute(TestSuiteExecutor.java:107)
	at com.kms.katalon.core.main.TestCaseMain.startTestSuite(TestCaseMain.java:180)
	at TempTestSuite1746444279154.run(TempTestSuite1746444279154.groovy:35)
	at java.base/jdk.internal.reflect.NativeMethodAccessorImpl.invoke0(Native Method)
	at java.base/jdk.internal.reflect.NativeMethodAccessorImpl.invoke(NativeMethodAccessorImpl.java:77)
	at java.base/jdk.internal.reflect.DelegatingMethodAccessorImpl.invoke(DelegatingMethodAccessorImpl.java:43)
Caused by: org.openqa.selenium.SessionNotCreatedException: Could not start a new session. Response code 500. Message: An unknown server-side error occurred while processing the command. Original error: The application at '/Users/gv.vignesh/Downloads/app-debug-2.99.75.apk' does not exist or is not accessible 
Host info: host: '**********', ip: '**********'
Build info: version: '4.22.0', revision: 'c5f3146703'
System info: os.name: 'Mac OS X', os.arch: 'aarch64', os.version: '15.4.1', java.version: '17.0.14'
Driver info: io.appium.java_client.android.AndroidDriver
Command: [null, newSession {capabilities=[Capabilities {appium:app: /Users/gv.vignesh/Downloads..., appium:autoGrantPermissions: true, appium:automationName: uiautomator2, appium:deviceId: , appium:deviceName: emulator-5554 (sdk_gphone16..., appium:fullReset: true, appium:newCommandTimeout: 1800, appium:noReset: false, appium:platformName: ANDROID, appium:platformVersion: 15, appium:systemPort: 65264, appium:udid: emulator-5554, appium:uiautomator2ServerInstallTimeout: 0.0, platformName: ANDROID}]}]
Capabilities {appium:app: /Users/gv.vignesh/Downloads..., appium:autoGrantPermissions: true, appium:automationName: uiautomator2, appium:deviceId: , appium:deviceName: emulator-5554 (sdk_gphone16..., appium:fullReset: true, appium:newCommandTimeout: 1800, appium:noReset: false, appium:platformName: ANDROID, appium:platformVersion: 15, appium:systemPort: 65264, appium:udid: emulator-5554, appium:uiautomator2ServerInstallTimeout: 0.0, platformName: ANDROID}
	at org.openqa.selenium.remote.ProtocolHandshake.createSession(ProtocolHandshake.java:114)
	at org.openqa.selenium.remote.ProtocolHandshake.createSession(ProtocolHandshake.java:75)
	at org.openqa.selenium.remote.ProtocolHandshake.createSession(ProtocolHandshake.java:61)
	at io.appium.java_client.remote.AppiumCommandExecutor.createSession(AppiumCommandExecutor.java:176)
	at io.appium.java_client.remote.AppiumCommandExecutor.execute(AppiumCommandExecutor.java:237)
	at org.openqa.selenium.remote.RemoteWebDriver.execute(RemoteWebDriver.java:518)
	at io.appium.java_client.AppiumDriver.startSession(AppiumDriver.java:270)
	at org.openqa.selenium.remote.RemoteWebDriver.<init>(RemoteWebDriver.java:161)
	at io.appium.java_client.AppiumDriver.<init>(AppiumDriver.java:91)
	at io.appium.java_client.android.AndroidDriver.<init>(AndroidDriver.java:99)
	at com.kms.katalon.core.appium.driver.AppiumDriverManager.createMobileDriver(AppiumDriverManager.java:574)
	at com.kms.katalon.core.appium.driver.AppiumDriverManager.createMobileDriver(AppiumDriverManager.java:551)
	at com.kms.katalon.core.mobile.keyword.internal.MobileDriverFactory.startLocalMobileDriver(MobileDriverFactory.java:597)
	at com.kms.katalon.core.mobile.keyword.internal.MobileDriverFactory.startMobileDriver(MobileDriverFactory.java:510)
	at com.kms.katalon.core.mobile.keyword.builtin.StartApplicationKeyword$_startApplication_closure1.doCall(StartApplicationKeyword.groovy:89)
	at com.kms.katalon.core.mobile.keyword.builtin.StartApplicationKeyword$_startApplication_closure1.call(StartApplicationKeyword.groovy)
	at com.kms.katalon.core.mobile.keyword.internal.MobileKeywordMain.runKeyword(MobileKeywordMain.groovy:30)
	at com.kms.katalon.core.mobile.keyword.builtin.StartApplicationKeyword.startApplication(StartApplicationKeyword.groovy:91)
	at com.kms.katalon.core.mobile.keyword.builtin.StartApplicationKeyword.execute(StartApplicationKeyword.groovy:48)
	at com.kms.katalon.core.keyword.internal.KeywordExecutor.executeKeywordForPlatform(KeywordExecutor.groovy:74)
	at com.kms.katalon.core.mobile.keyword.MobileBuiltInKeywords.startApplication(MobileBuiltInKeywords.groovy:49)
	at Script1745918733776.run(Script1745918733776.groovy:21)
	... 15 more
)]]></system-out>
         <system-err><![CDATA[05-05-2025T17:26:42 - [TEST_CASE][FAILED] - Test Cases/Loyalty QR Code/WRMA-552_Loyalty_QR_Loading: Test Cases/Loyalty QR Code/WRMA-552_Loyalty_QR_Loading FAILED.
Reason:
com.kms.katalon.core.exception.StepFailedException: Unable to start application: '/Users/gv.vignesh/Downloads/app-debug-2.99.75.apk'
	at com.kms.katalon.core.mobile.keyword.internal.MobileKeywordMain.stepFailed(MobileKeywordMain.groovy:64)
	at com.kms.katalon.core.mobile.keyword.internal.MobileKeywordMain.runKeyword(MobileKeywordMain.groovy:34)
	at com.kms.katalon.core.mobile.keyword.builtin.StartApplicationKeyword.startApplication(StartApplicationKeyword.groovy:91)
	at com.kms.katalon.core.mobile.keyword.builtin.StartApplicationKeyword.execute(StartApplicationKeyword.groovy:48)
	at com.kms.katalon.core.keyword.internal.KeywordExecutor.executeKeywordForPlatform(KeywordExecutor.groovy:74)
	at com.kms.katalon.core.mobile.keyword.MobileBuiltInKeywords.startApplication(MobileBuiltInKeywords.groovy:49)
	at WRMA-552_Loyalty_QR_Loading.run(WRMA-552_Loyalty_QR_Loading:21)
	at com.kms.katalon.core.main.ScriptEngine.run(ScriptEngine.java:194)
	at com.kms.katalon.core.main.ScriptEngine.runScriptAsRawText(ScriptEngine.java:119)
	at com.kms.katalon.core.main.TestCaseExecutor.runScript(TestCaseExecutor.java:448)
	at com.kms.katalon.core.main.TestCaseExecutor.doExecute(TestCaseExecutor.java:439)
	at com.kms.katalon.core.main.TestCaseExecutor.processExecutionPhase(TestCaseExecutor.java:418)
	at com.kms.katalon.core.main.TestCaseExecutor.accessMainPhase(TestCaseExecutor.java:410)
	at com.kms.katalon.core.main.TestCaseExecutor.execute(TestCaseExecutor.java:285)
	at com.kms.katalon.core.common.CommonExecutor.accessTestCaseMainPhase(CommonExecutor.java:71)
	at com.kms.katalon.core.main.TestSuiteExecutor.accessTestSuiteMainPhase(TestSuiteExecutor.java:160)
	at com.kms.katalon.core.main.TestSuiteExecutor.execute(TestSuiteExecutor.java:107)
	at com.kms.katalon.core.main.TestCaseMain.startTestSuite(TestCaseMain.java:180)
	at TempTestSuite1746444279154.run(TempTestSuite1746444279154.groovy:35)
	at java.base/jdk.internal.reflect.NativeMethodAccessorImpl.invoke0(Native Method)
	at java.base/jdk.internal.reflect.NativeMethodAccessorImpl.invoke(NativeMethodAccessorImpl.java:77)
	at java.base/jdk.internal.reflect.DelegatingMethodAccessorImpl.invoke(DelegatingMethodAccessorImpl.java:43)
Caused by: org.openqa.selenium.SessionNotCreatedException: Could not start a new session. Response code 500. Message: An unknown server-side error occurred while processing the command. Original error: The application at '/Users/gv.vignesh/Downloads/app-debug-2.99.75.apk' does not exist or is not accessible 
Host info: host: '**********', ip: '**********'
Build info: version: '4.22.0', revision: 'c5f3146703'
System info: os.name: 'Mac OS X', os.arch: 'aarch64', os.version: '15.4.1', java.version: '17.0.14'
Driver info: io.appium.java_client.android.AndroidDriver
Command: [null, newSession {capabilities=[Capabilities {appium:app: /Users/gv.vignesh/Downloads..., appium:autoGrantPermissions: true, appium:automationName: uiautomator2, appium:deviceId: , appium:deviceName: emulator-5554 (sdk_gphone16..., appium:fullReset: true, appium:newCommandTimeout: 1800, appium:noReset: false, appium:platformName: ANDROID, appium:platformVersion: 15, appium:systemPort: 65264, appium:udid: emulator-5554, appium:uiautomator2ServerInstallTimeout: 0.0, platformName: ANDROID}]}]
Capabilities {appium:app: /Users/gv.vignesh/Downloads..., appium:autoGrantPermissions: true, appium:automationName: uiautomator2, appium:deviceId: , appium:deviceName: emulator-5554 (sdk_gphone16..., appium:fullReset: true, appium:newCommandTimeout: 1800, appium:noReset: false, appium:platformName: ANDROID, appium:platformVersion: 15, appium:systemPort: 65264, appium:udid: emulator-5554, appium:uiautomator2ServerInstallTimeout: 0.0, platformName: ANDROID}
	at org.openqa.selenium.remote.ProtocolHandshake.createSession(ProtocolHandshake.java:114)
	at org.openqa.selenium.remote.ProtocolHandshake.createSession(ProtocolHandshake.java:75)
	at org.openqa.selenium.remote.ProtocolHandshake.createSession(ProtocolHandshake.java:61)
	at io.appium.java_client.remote.AppiumCommandExecutor.createSession(AppiumCommandExecutor.java:176)
	at io.appium.java_client.remote.AppiumCommandExecutor.execute(AppiumCommandExecutor.java:237)
	at org.openqa.selenium.remote.RemoteWebDriver.execute(RemoteWebDriver.java:518)
	at io.appium.java_client.AppiumDriver.startSession(AppiumDriver.java:270)
	at org.openqa.selenium.remote.RemoteWebDriver.<init>(RemoteWebDriver.java:161)
	at io.appium.java_client.AppiumDriver.<init>(AppiumDriver.java:91)
	at io.appium.java_client.android.AndroidDriver.<init>(AndroidDriver.java:99)
	at com.kms.katalon.core.appium.driver.AppiumDriverManager.createMobileDriver(AppiumDriverManager.java:574)
	at com.kms.katalon.core.appium.driver.AppiumDriverManager.createMobileDriver(AppiumDriverManager.java:551)
	at com.kms.katalon.core.mobile.keyword.internal.MobileDriverFactory.startLocalMobileDriver(MobileDriverFactory.java:597)
	at com.kms.katalon.core.mobile.keyword.internal.MobileDriverFactory.startMobileDriver(MobileDriverFactory.java:510)
	at com.kms.katalon.core.mobile.keyword.builtin.StartApplicationKeyword$_startApplication_closure1.doCall(StartApplicationKeyword.groovy:89)
	at com.kms.katalon.core.mobile.keyword.builtin.StartApplicationKeyword$_startApplication_closure1.call(StartApplicationKeyword.groovy)
	at com.kms.katalon.core.mobile.keyword.internal.MobileKeywordMain.runKeyword(MobileKeywordMain.groovy:30)
	... 20 more]]></system-err>
      </testcase>
      <system-out><![CDATA[05-05-2025T16:54:44 - [TEST_SUITE][FAILED] - WOW Loyalty Program: Test Cases/Loyalty QR Code/C840_C855_PresidentClub_Verification FAILED.
Reason:
com.kms.katalon.core.exception.StepFailedException: Failed to check for element 'Object Repository/PRClub/android.widget.TextView - Presidents Club' exist
	at com.kms.katalon.core.mobile.keyword.internal.MobileKeywordMain.stepFailed(MobileKeywordMain.groovy:64)
	at com.kms.katalon.core.mobile.keyword.internal.MobileKeywordMain.runKeyword(MobileKeywordMain.groovy:34)
	at com.kms.katalon.core.mobile.keyword.builtin.VerifyElementExistKeyword.verifyElementExist(VerifyElementExistKeyword.groovy:51)
	at com.kms.katalon.core.mobile.keyword.builtin.VerifyElementExistKeyword.execute(VerifyElementExistKeyword.groovy:35)
	at com.kms.katalon.core.keyword.internal.KeywordExecutor.executeKeywordForPlatform(KeywordExecutor.groovy:74)
	at com.kms.katalon.core.mobile.keyword.MobileBuiltInKeywords.verifyElementExist(MobileBuiltInKeywords.groovy:1726)
	at C840_C855_PresidentClub_Verification.run(C840_C855_PresidentClub_Verification:84)
	at com.kms.katalon.core.main.ScriptEngine.run(ScriptEngine.java:194)
	at com.kms.katalon.core.main.ScriptEngine.runScriptAsRawText(ScriptEngine.java:119)
	at com.kms.katalon.core.main.TestCaseExecutor.runScript(TestCaseExecutor.java:448)
	at com.kms.katalon.core.main.TestCaseExecutor.doExecute(TestCaseExecutor.java:439)
	at com.kms.katalon.core.main.TestCaseExecutor.processExecutionPhase(TestCaseExecutor.java:418)
	at com.kms.katalon.core.main.TestCaseExecutor.accessMainPhase(TestCaseExecutor.java:410)
	at com.kms.katalon.core.main.TestCaseExecutor.execute(TestCaseExecutor.java:285)
	at com.kms.katalon.core.common.CommonExecutor.accessTestCaseMainPhase(CommonExecutor.java:71)
	at com.kms.katalon.core.main.TestSuiteExecutor.accessTestSuiteMainPhase(TestSuiteExecutor.java:160)
	at com.kms.katalon.core.main.TestSuiteExecutor.execute(TestSuiteExecutor.java:107)
	at com.kms.katalon.core.main.TestCaseMain.startTestSuite(TestCaseMain.java:180)
	at TempTestSuite1746444279154.run(TempTestSuite1746444279154.groovy:35)
	at java.base/jdk.internal.reflect.NativeMethodAccessorImpl.invoke0(Native Method)
	at java.base/jdk.internal.reflect.NativeMethodAccessorImpl.invoke(NativeMethodAccessorImpl.java:77)
	at java.base/jdk.internal.reflect.DelegatingMethodAccessorImpl.invoke(DelegatingMethodAccessorImpl.java:43)
Caused by: com.kms.katalon.core.exception.StepFailedException: Element 'Object Repository/PRClub/android.widget.TextView - Presidents Club' not found
	at com.kms.katalon.core.mobile.keyword.internal.MobileKeywordMain.stepFailed(MobileKeywordMain.groovy:64)
	at com.kms.katalon.core.mobile.keyword.builtin.VerifyElementExistKeyword$_verifyElementExist_closure1.doCall(VerifyElementExistKeyword.groovy:48)
	at com.kms.katalon.core.mobile.keyword.builtin.VerifyElementExistKeyword$_verifyElementExist_closure1.call(VerifyElementExistKeyword.groovy)
	at com.kms.katalon.core.mobile.keyword.internal.MobileKeywordMain.runKeyword(MobileKeywordMain.groovy:30)
	... 20 more]]></system-out>
      <system-err><![CDATA[05-05-2025T16:54:44 - [TEST_SUITE][FAILED] - WOW Loyalty Program: Test Cases/Loyalty QR Code/C840_C855_PresidentClub_Verification FAILED.
Reason:
com.kms.katalon.core.exception.StepFailedException: Failed to check for element 'Object Repository/PRClub/android.widget.TextView - Presidents Club' exist
	at com.kms.katalon.core.mobile.keyword.internal.MobileKeywordMain.stepFailed(MobileKeywordMain.groovy:64)
	at com.kms.katalon.core.mobile.keyword.internal.MobileKeywordMain.runKeyword(MobileKeywordMain.groovy:34)
	at com.kms.katalon.core.mobile.keyword.builtin.VerifyElementExistKeyword.verifyElementExist(VerifyElementExistKeyword.groovy:51)
	at com.kms.katalon.core.mobile.keyword.builtin.VerifyElementExistKeyword.execute(VerifyElementExistKeyword.groovy:35)
	at com.kms.katalon.core.keyword.internal.KeywordExecutor.executeKeywordForPlatform(KeywordExecutor.groovy:74)
	at com.kms.katalon.core.mobile.keyword.MobileBuiltInKeywords.verifyElementExist(MobileBuiltInKeywords.groovy:1726)
	at C840_C855_PresidentClub_Verification.run(C840_C855_PresidentClub_Verification:84)
	at com.kms.katalon.core.main.ScriptEngine.run(ScriptEngine.java:194)
	at com.kms.katalon.core.main.ScriptEngine.runScriptAsRawText(ScriptEngine.java:119)
	at com.kms.katalon.core.main.TestCaseExecutor.runScript(TestCaseExecutor.java:448)
	at com.kms.katalon.core.main.TestCaseExecutor.doExecute(TestCaseExecutor.java:439)
	at com.kms.katalon.core.main.TestCaseExecutor.processExecutionPhase(TestCaseExecutor.java:418)
	at com.kms.katalon.core.main.TestCaseExecutor.accessMainPhase(TestCaseExecutor.java:410)
	at com.kms.katalon.core.main.TestCaseExecutor.execute(TestCaseExecutor.java:285)
	at com.kms.katalon.core.common.CommonExecutor.accessTestCaseMainPhase(CommonExecutor.java:71)
	at com.kms.katalon.core.main.TestSuiteExecutor.accessTestSuiteMainPhase(TestSuiteExecutor.java:160)
	at com.kms.katalon.core.main.TestSuiteExecutor.execute(TestSuiteExecutor.java:107)
	at com.kms.katalon.core.main.TestCaseMain.startTestSuite(TestCaseMain.java:180)
	at TempTestSuite1746444279154.run(TempTestSuite1746444279154.groovy:35)
	at java.base/jdk.internal.reflect.NativeMethodAccessorImpl.invoke0(Native Method)
	at java.base/jdk.internal.reflect.NativeMethodAccessorImpl.invoke(NativeMethodAccessorImpl.java:77)
	at java.base/jdk.internal.reflect.DelegatingMethodAccessorImpl.invoke(DelegatingMethodAccessorImpl.java:43)
Caused by: com.kms.katalon.core.exception.StepFailedException: Element 'Object Repository/PRClub/android.widget.TextView - Presidents Club' not found
	at com.kms.katalon.core.mobile.keyword.internal.MobileKeywordMain.stepFailed(MobileKeywordMain.groovy:64)
	at com.kms.katalon.core.mobile.keyword.builtin.VerifyElementExistKeyword$_verifyElementExist_closure1.doCall(VerifyElementExistKeyword.groovy:48)
	at com.kms.katalon.core.mobile.keyword.builtin.VerifyElementExistKeyword$_verifyElementExist_closure1.call(VerifyElementExistKeyword.groovy)
	at com.kms.katalon.core.mobile.keyword.internal.MobileKeywordMain.runKeyword(MobileKeywordMain.groovy:30)
	... 20 more]]></system-err>
   </testsuite>
</testsuites>
