<?xml version="1.0" encoding="UTF-8"?>
<testsuites name="Sprint-4" time="587.396" tests="3" failures="0" errors="0">
   <testsuite name="Sprint-4" tests="3" failures="0" errors="0" time="587.396" skipped="0" timestamp="25-04-2025T12:50:27" hostname="**********" id="Test Suites/Sprint-4">
      <properties>
         <property name="deviceName" value="samsung SM-A146B (Android 14)"/>
         <property name="devicePlatform" value="Android"/>
         <property name="logFolder" value="/Users/gv.vignesh/Downloads/WGR-Android-Automation/Reports/20250425_125023/Sprint-4/20250425_125023"/>
         <property name="logFiles" value="/Users/gv.vignesh/Downloads/WGR-Android-Automation/Reports/20250425_125023/Sprint-4/20250425_125023/execution0.log, /Users/gv.vignesh/Downloads/WGR-Android-Automation/Reports/20250425_125023/Sprint-4/20250425_125023/appium_error.log, /Users/gv.vignesh/Downloads/WGR-Android-Automation/Reports/20250425_125023/Sprint-4/20250425_125023/appium.log"/>
         <property name="attachments" value=""/>
         <property name="hostName" value="**********"/>
         <property name="os" value="Mac OS X 64bit"/>
         <property name="appiumServerStatus" value="{&quot;value&quot;:{&quot;ready&quot;:true,&quot;message&quot;:&quot;The server is ready to accept new connections&quot;,&quot;build&quot;:{&quot;version&quot;:&quot;2.17.1&quot;,&quot;git-sha&quot;:&quot;12a3d4a6f1eedf483855716b989d828443438f79&quot;,&quot;built&quot;:&quot;2025-04-22 15:18:47 +0000&quot;}}}"/>
         <property name="katalonVersion" value="10.1.1.0"/>
         <property name="deviceOS" value="Android"/>
         <property name="appiumVersion" value="2.17.1"/>
         <property name="deviceModel" value="SM-A146B"/>
         <property name="hostAddress" value="**********"/>
         <property name="deviceManufacturer" value="samsung"/>
         <property name="deviceId" value="adb-RZCW811B2MK-cCoIXY._adb-tls-connect._tcp"/>
         <property name="deviceName" value="samsung SM-A146B (Android 14)"/>
         <property name="deviceOSVersion" value="14"/>
      </properties>
      <testcase name="Test Cases/Home Page/C753_LoggeOutState_Verification" time="135.098" classname="Test Cases/Home Page/C753_LoggeOutState_Verification" status="PASSED">
         <system-out><![CDATA[25-04-2025T12:52:05 - [TEST_CASE][PASSED] - Test Cases/Home Page/C753_LoggeOutState_Verification: Test Cases/Home Page/C753_LoggeOutState_Verification

25-04-2025T12:52:05 - [TEST_STEP][PASSED] - startApplication("/Users/gv.vignesh/Downloads/app-debug (2.99.69).apk", true): Started application: '/Users/gv.vignesh/Downloads/app-debug (2.99.69).apk'

25-04-2025T12:52:05 - [MESSAGE][INFO] - Starting application: '/Users/gv.vignesh/Downloads/app-debug (2.99.69).apk'

25-04-2025T12:52:05 - [MESSAGE][INFO] - User set preference: ['uiautomator2ServerInstallTimeout', '0']

25-04-2025T12:52:05 - [MESSAGE][INFO] - User set preference: ['deviceId', '']

25-04-2025T12:53:20 - [MESSAGE][PASSED] - Started application: '/Users/gv.vignesh/Downloads/app-debug (2.99.69).apk'

25-04-2025T12:53:20 - [TEST_STEP][PASSED] - delay(10): Delayed 10 second(s)

25-04-2025T12:53:30 - [MESSAGE][PASSED] - Delayed 10 second(s)

25-04-2025T12:53:30 - [TEST_STEP][PASSED] - tap(findTestObject("Object Repository/Carousel/android.widget.TextView - Home"), 0): Tapped on element 'Object Repository/Carousel/android.widget.TextView - Home'

25-04-2025T12:53:30 - [MESSAGE][WARNING] - Timeout '0' is invalid. Using default page load timeout: '30'

25-04-2025T12:53:32 - [MESSAGE][PASSED] - Tapped on element 'Object Repository/Carousel/android.widget.TextView - Home'

25-04-2025T12:53:32 - [TEST_STEP][PASSED] - delay(15): Delayed 15 second(s)

25-04-2025T12:53:47 - [MESSAGE][PASSED] - Delayed 15 second(s)

25-04-2025T12:53:47 - [TEST_STEP][PASSED] - assert verifyElementExist(findTestObject("Object Repository/Carousel/android.widget.TextView"), 0): Element 'Object Repository/Carousel/android.widget.TextView' is exist

25-04-2025T12:53:47 - [MESSAGE][WARNING] - Timeout '0' is invalid. Using default page load timeout: '30'

25-04-2025T12:53:47 - [MESSAGE][PASSED] - Element 'Object Repository/Carousel/android.widget.TextView' is exist

25-04-2025T12:53:47 - [TEST_STEP][PASSED] - swipe(800, 500, 100, 500): Swiped from 800,500 to 100,500

25-04-2025T12:53:49 - [MESSAGE][PASSED] - Swiped from 800,500 to 100,500

25-04-2025T12:53:49 - [TEST_STEP][PASSED] - delay(10): Delayed 10 second(s)

25-04-2025T12:53:59 - [MESSAGE][PASSED] - Delayed 10 second(s)

25-04-2025T12:53:59 - [TEST_STEP][PASSED] - scrollToText("recommended"): Scrolling to text 'recommended' successfully

25-04-2025T12:54:04 - [MESSAGE][PASSED] - Scrolling to text 'recommended' successfully

25-04-2025T12:54:04 - [TEST_STEP][PASSED] - delay(10): Delayed 10 second(s)

25-04-2025T12:54:14 - [MESSAGE][PASSED] - Delayed 10 second(s)

25-04-2025T12:54:14 - [TEST_STEP][PASSED] - assert verifyElementExist(findTestObject("Object Repository/Carousel/android.widget.TextView - Login Now"), 0): Element 'Object Repository/Carousel/android.widget.TextView - Login Now' is exist

25-04-2025T12:54:14 - [MESSAGE][WARNING] - Timeout '0' is invalid. Using default page load timeout: '30'

25-04-2025T12:54:15 - [MESSAGE][PASSED] - Element 'Object Repository/Carousel/android.widget.TextView - Login Now' is exist

25-04-2025T12:54:15 - [TEST_STEP][PASSED] - assert verifyElementExist(findTestObject("Object Repository/Carousel/android.widget.TextView - Book a Rental"), 0): Element 'Object Repository/Carousel/android.widget.TextView - Book a Rental' is exist

25-04-2025T12:54:15 - [MESSAGE][WARNING] - Timeout '0' is invalid. Using default page load timeout: '30'

25-04-2025T12:54:15 - [MESSAGE][PASSED] - Element 'Object Repository/Carousel/android.widget.TextView - Book a Rental' is exist

25-04-2025T12:54:15 - [TEST_STEP][PASSED] - assert verifyElementExist(findTestObject("Object Repository/Carousel/android.widget.TextView - RECOMMENDED FOR YOU"), 0): Element 'Object Repository/Carousel/android.widget.TextView - RECOMMENDED FOR YOU' is exist

25-04-2025T12:54:15 - [MESSAGE][WARNING] - Timeout '0' is invalid. Using default page load timeout: '30'

25-04-2025T12:54:15 - [MESSAGE][PASSED] - Element 'Object Repository/Carousel/android.widget.TextView - RECOMMENDED FOR YOU' is exist

25-04-2025T12:54:15 - [TEST_STEP][PASSED] - assert verifyElementExist(findTestObject("Object Repository/Carousel/android.widget.TextView - Home"), 0): Element 'Object Repository/Carousel/android.widget.TextView - Home' is exist

25-04-2025T12:54:15 - [MESSAGE][WARNING] - Timeout '0' is invalid. Using default page load timeout: '30'

25-04-2025T12:54:16 - [MESSAGE][PASSED] - Element 'Object Repository/Carousel/android.widget.TextView - Home' is exist

25-04-2025T12:54:16 - [TEST_STEP][PASSED] - assert verifyElementExist(findTestObject("Object Repository/Carousel/android.widget.TextView - My Account"), 0): Element 'Object Repository/Carousel/android.widget.TextView - My Account' is exist

25-04-2025T12:54:16 - [MESSAGE][WARNING] - Timeout '0' is invalid. Using default page load timeout: '30'

25-04-2025T12:54:16 - [MESSAGE][PASSED] - Element 'Object Repository/Carousel/android.widget.TextView - My Account' is exist

25-04-2025T12:54:16 - [TEST_STEP][PASSED] - closeApplication(): Close app successfully

25-04-2025T12:54:20 - [MESSAGE][PASSED] - Close app successfully]]></system-out>
         <system-err><![CDATA[]]></system-err>
      </testcase>
      <testcase name="Test Cases/Home Page/C765_WRMA-342_Homepage_Verification_logged in" time="252.749" classname="Test Cases/Home Page/C765_WRMA-342_Homepage_Verification_logged in" status="PASSED">
         <system-out><![CDATA[25-04-2025T12:54:20 - [TEST_CASE][PASSED] - Test Cases/Home Page/C765_WRMA-342_Homepage_Verification_logged in: Test Cases/Home Page/C765_WRMA-342_Homepage_Verification_logged in

25-04-2025T12:54:20 - [TEST_STEP][PASSED] - startApplication("/Users/gv.vignesh/Downloads/app-debug (2.99.69).apk", true): Started application: '/Users/gv.vignesh/Downloads/app-debug (2.99.69).apk'

25-04-2025T12:54:20 - [MESSAGE][INFO] - Starting application: '/Users/gv.vignesh/Downloads/app-debug (2.99.69).apk'

25-04-2025T12:54:20 - [MESSAGE][INFO] - User set preference: ['uiautomator2ServerInstallTimeout', '0']

25-04-2025T12:54:20 - [MESSAGE][INFO] - User set preference: ['deviceId', '']

25-04-2025T12:54:20 - [MESSAGE][INFO] - Detected NodeJS location: "/opt/homebrew/Cellar/node/23.10.0_1/bin/node"

25-04-2025T12:54:20 - [MESSAGE][INFO] - PATH: /opt/homebrew/Cellar/node/23.10.0_1/bin:/opt/homebrew/bin:/usr/bin:/bin:/usr/sbin:/sbin:/Applications/Katalon Studio Enterprise.app/Contents/Eclipse/jre/Contents/Home/bin:/usr/local/bin/

25-04-2025T12:54:20 - [MESSAGE][INFO] - APPIUM_HOME: /Users/gv.vignesh/.appium

25-04-2025T12:54:20 - [MESSAGE][INFO] - appium outlog: /Users/gv.vignesh/Downloads/WGR-Android-Automation/Reports/20250425_125023/Sprint-4/20250425_125023/appium.log

25-04-2025T12:54:20 - [MESSAGE][INFO] - appium errlog: /Users/gv.vignesh/Downloads/WGR-Android-Automation/Reports/20250425_125023/Sprint-4/20250425_125023/appium_error.log

25-04-2025T12:54:21 - [MESSAGE][INFO] - Appium server started on port 55,956

25-04-2025T12:55:26 - [MESSAGE][PASSED] - Started application: '/Users/gv.vignesh/Downloads/app-debug (2.99.69).apk'

25-04-2025T12:55:26 - [TEST_STEP][PASSED] - delay(10): Delayed 10 second(s)

25-04-2025T12:55:36 - [MESSAGE][PASSED] - Delayed 10 second(s)

25-04-2025T12:55:36 - [TEST_STEP][PASSED] - tap(findTestObject("Object Repository/Repo/MyStay/android.widget.Button - Login or Sign Up (1)"), 0): Tapped on element 'Object Repository/Repo/MyStay/android.widget.Button - Login or Sign Up (1)'

25-04-2025T12:55:36 - [MESSAGE][WARNING] - Timeout '0' is invalid. Using default page load timeout: '30'

25-04-2025T12:55:38 - [MESSAGE][PASSED] - Tapped on element 'Object Repository/Repo/MyStay/android.widget.Button - Login or Sign Up (1)'

25-04-2025T12:55:38 - [TEST_STEP][PASSED] - delay(10): Delayed 10 second(s)

25-04-2025T12:55:48 - [MESSAGE][PASSED] - Delayed 10 second(s)

25-04-2025T12:55:48 - [TEST_STEP][PASSED] - setText(findTestObject("Object Repository/Repo/MyStay/android.widget.EditText (3)"), "0425201TM@WG.COM", 0): Text '0425201TM@WG.COM' has been set to element 'Object Repository/Repo/MyStay/android.widget.EditText (3)'

25-04-2025T12:55:48 - [MESSAGE][WARNING] - Timeout '0' is invalid. Using default page load timeout: '30'

25-04-2025T12:55:49 - [MESSAGE][PASSED] - Text '0425201TM@WG.COM' has been set to element 'Object Repository/Repo/MyStay/android.widget.EditText (3)'

25-04-2025T12:55:49 - [TEST_STEP][PASSED] - hideKeyboard(): Keyboard is hidden

25-04-2025T12:55:51 - [MESSAGE][PASSED] - Keyboard is hidden

25-04-2025T12:55:51 - [TEST_STEP][PASSED] - delay(10): Delayed 10 second(s)

25-04-2025T12:56:01 - [MESSAGE][PASSED] - Delayed 10 second(s)

25-04-2025T12:56:01 - [TEST_STEP][PASSED] - tap(findTestObject("Object Repository/Repo/MyStay/android.widget.Button - Next (1)"), 0): Tapped on element 'Object Repository/Repo/MyStay/android.widget.Button - Next (1)'

25-04-2025T12:56:01 - [MESSAGE][WARNING] - Timeout '0' is invalid. Using default page load timeout: '30'

25-04-2025T12:56:01 - [MESSAGE][PASSED] - Tapped on element 'Object Repository/Repo/MyStay/android.widget.Button - Next (1)'

25-04-2025T12:56:01 - [TEST_STEP][PASSED] - delay(10): Delayed 10 second(s)

25-04-2025T12:56:11 - [MESSAGE][PASSED] - Delayed 10 second(s)

25-04-2025T12:56:11 - [TEST_STEP][PASSED] - delay(30): Delayed 30 second(s)

25-04-2025T12:56:41 - [MESSAGE][PASSED] - Delayed 30 second(s)

25-04-2025T12:56:41 - [TEST_STEP][PASSED] - setText(findTestObject("Object Repository/Repo/SignUpNewUser/android.widget.EditText (24)"), "0425201TM@WG.COM", 0): Text '0425201TM@WG.COM' has been set to element 'Object Repository/Repo/SignUpNewUser/android.widget.EditText (24)'

25-04-2025T12:56:41 - [MESSAGE][WARNING] - Timeout '0' is invalid. Using default page load timeout: '30'

25-04-2025T12:56:42 - [MESSAGE][PASSED] - Text '0425201TM@WG.COM' has been set to element 'Object Repository/Repo/SignUpNewUser/android.widget.EditText (24)'

25-04-2025T12:56:42 - [TEST_STEP][PASSED] - hideKeyboard(): Keyboard is hidden

25-04-2025T12:56:43 - [MESSAGE][PASSED] - Keyboard is hidden

25-04-2025T12:56:43 - [TEST_STEP][PASSED] - delay(20): Delayed 20 second(s)

25-04-2025T12:57:03 - [MESSAGE][PASSED] - Delayed 20 second(s)

25-04-2025T12:57:03 - [TEST_STEP][PASSED] - setText(findTestObject("Object Repository/Repo/SignUpNewUser/android.widget.EditText (25)"), "password", 0): Text 'password' has been set to element 'Object Repository/Repo/SignUpNewUser/android.widget.EditText (25)'

25-04-2025T12:57:03 - [MESSAGE][WARNING] - Timeout '0' is invalid. Using default page load timeout: '30'

25-04-2025T12:57:04 - [MESSAGE][PASSED] - Text 'password' has been set to element 'Object Repository/Repo/SignUpNewUser/android.widget.EditText (25)'

25-04-2025T12:57:04 - [TEST_STEP][PASSED] - hideKeyboard(): Keyboard is hidden

25-04-2025T12:57:05 - [MESSAGE][PASSED] - Keyboard is hidden

25-04-2025T12:57:05 - [TEST_STEP][PASSED] - delay(20): Delayed 20 second(s)

25-04-2025T12:57:25 - [MESSAGE][PASSED] - Delayed 20 second(s)

25-04-2025T12:57:25 - [TEST_STEP][PASSED] - tap(findTestObject("Object Repository/Repo/SignUpNewUser/android.widget.Button - LOGIN"), 0): Tapped on element 'Object Repository/Repo/SignUpNewUser/android.widget.Button - LOGIN'

25-04-2025T12:57:25 - [MESSAGE][WARNING] - Timeout '0' is invalid. Using default page load timeout: '30'

25-04-2025T12:57:25 - [MESSAGE][PASSED] - Tapped on element 'Object Repository/Repo/SignUpNewUser/android.widget.Button - LOGIN'

25-04-2025T12:57:25 - [TEST_STEP][PASSED] - delay(20): Delayed 20 second(s)

25-04-2025T12:57:45 - [MESSAGE][PASSED] - Delayed 20 second(s)

25-04-2025T12:57:45 - [TEST_STEP][PASSED] - tap(findTestObject("Object Repository/Carousel/android.widget.TextView - Home"), 0): Tapped on element 'Object Repository/Carousel/android.widget.TextView - Home'

25-04-2025T12:57:45 - [MESSAGE][WARNING] - Timeout '0' is invalid. Using default page load timeout: '30'

25-04-2025T12:57:46 - [MESSAGE][PASSED] - Tapped on element 'Object Repository/Carousel/android.widget.TextView - Home'

25-04-2025T12:57:46 - [TEST_STEP][PASSED] - delay(15): Delayed 15 second(s)

25-04-2025T12:58:01 - [MESSAGE][PASSED] - Delayed 15 second(s)

25-04-2025T12:58:01 - [TEST_STEP][PASSED] - assert verifyElementExist(findTestObject("Object Repository/Carousel/android.widget.TextView"), 0): Element 'Object Repository/Carousel/android.widget.TextView' is exist

25-04-2025T12:58:01 - [MESSAGE][WARNING] - Timeout '0' is invalid. Using default page load timeout: '30'

25-04-2025T12:58:01 - [MESSAGE][PASSED] - Element 'Object Repository/Carousel/android.widget.TextView' is exist

25-04-2025T12:58:01 - [TEST_STEP][PASSED] - swipe(800, 500, 100, 500): Swiped from 800,500 to 100,500

25-04-2025T12:58:02 - [MESSAGE][PASSED] - Swiped from 800,500 to 100,500

25-04-2025T12:58:02 - [TEST_STEP][PASSED] - delay(10): Delayed 10 second(s)

25-04-2025T12:58:12 - [MESSAGE][PASSED] - Delayed 10 second(s)

25-04-2025T12:58:12 - [TEST_STEP][PASSED] - scrollToText("recommended"): Scrolling to text 'recommended' successfully

25-04-2025T12:58:18 - [MESSAGE][PASSED] - Scrolling to text 'recommended' successfully

25-04-2025T12:58:18 - [TEST_STEP][PASSED] - delay(10): Delayed 10 second(s)

25-04-2025T12:58:28 - [MESSAGE][PASSED] - Delayed 10 second(s)

25-04-2025T12:58:28 - [TEST_STEP][PASSED] - assert verifyElementExist(findTestObject("Object Repository/Carousel/android.widget.TextView - Book a Rental"), 0): Element 'Object Repository/Carousel/android.widget.TextView - Book a Rental' is exist

25-04-2025T12:58:28 - [MESSAGE][WARNING] - Timeout '0' is invalid. Using default page load timeout: '30'

25-04-2025T12:58:28 - [MESSAGE][PASSED] - Element 'Object Repository/Carousel/android.widget.TextView - Book a Rental' is exist

25-04-2025T12:58:28 - [TEST_STEP][PASSED] - assert verifyElementExist(findTestObject("Object Repository/Carousel/android.widget.TextView - RECOMMENDED FOR YOU"), 0): Element 'Object Repository/Carousel/android.widget.TextView - RECOMMENDED FOR YOU' is exist

25-04-2025T12:58:28 - [MESSAGE][WARNING] - Timeout '0' is invalid. Using default page load timeout: '30'

25-04-2025T12:58:28 - [MESSAGE][PASSED] - Element 'Object Repository/Carousel/android.widget.TextView - RECOMMENDED FOR YOU' is exist

25-04-2025T12:58:28 - [TEST_STEP][PASSED] - assert verifyElementExist(findTestObject("Object Repository/Carousel/android.widget.TextView - Home"), 0): Element 'Object Repository/Carousel/android.widget.TextView - Home' is exist

25-04-2025T12:58:28 - [MESSAGE][WARNING] - Timeout '0' is invalid. Using default page load timeout: '30'

25-04-2025T12:58:29 - [MESSAGE][PASSED] - Element 'Object Repository/Carousel/android.widget.TextView - Home' is exist

25-04-2025T12:58:29 - [TEST_STEP][PASSED] - assert verifyElementExist(findTestObject("Object Repository/Carousel/android.widget.TextView - My Account"), 0): Element 'Object Repository/Carousel/android.widget.TextView - My Account' is exist

25-04-2025T12:58:29 - [MESSAGE][WARNING] - Timeout '0' is invalid. Using default page load timeout: '30'

25-04-2025T12:58:29 - [MESSAGE][PASSED] - Element 'Object Repository/Carousel/android.widget.TextView - My Account' is exist

25-04-2025T12:58:29 - [TEST_STEP][PASSED] - closeApplication(): Close app successfully

25-04-2025T12:58:32 - [MESSAGE][PASSED] - Close app successfully]]></system-out>
         <system-err><![CDATA[]]></system-err>
      </testcase>
      <testcase name="Test Cases/Home Page/C754_HomepageFunctionality" time="102.265" classname="Test Cases/Home Page/C754_HomepageFunctionality" status="PASSED">
         <system-out><![CDATA[25-04-2025T12:58:32 - [TEST_CASE][PASSED] - Test Cases/Home Page/C754_HomepageFunctionality: Test Cases/Home Page/C754_HomepageFunctionality

25-04-2025T12:58:32 - [TEST_STEP][PASSED] - startApplication("/Users/gv.vignesh/Downloads/app-debug (2.99.69).apk", true): Started application: '/Users/gv.vignesh/Downloads/app-debug (2.99.69).apk'

25-04-2025T12:58:32 - [MESSAGE][INFO] - Starting application: '/Users/gv.vignesh/Downloads/app-debug (2.99.69).apk'

25-04-2025T12:58:32 - [MESSAGE][INFO] - User set preference: ['uiautomator2ServerInstallTimeout', '0']

25-04-2025T12:58:32 - [MESSAGE][INFO] - User set preference: ['deviceId', '']

25-04-2025T12:58:33 - [MESSAGE][INFO] - Detected NodeJS location: "/opt/homebrew/Cellar/node/23.10.0_1/bin/node"

25-04-2025T12:58:33 - [MESSAGE][INFO] - PATH: /opt/homebrew/Cellar/node/23.10.0_1/bin:/opt/homebrew/bin:/usr/bin:/bin:/usr/sbin:/sbin:/Applications/Katalon Studio Enterprise.app/Contents/Eclipse/jre/Contents/Home/bin:/usr/local/bin/

25-04-2025T12:58:33 - [MESSAGE][INFO] - APPIUM_HOME: /Users/gv.vignesh/.appium

25-04-2025T12:58:33 - [MESSAGE][INFO] - appium outlog: /Users/gv.vignesh/Downloads/WGR-Android-Automation/Reports/20250425_125023/Sprint-4/20250425_125023/appium.log

25-04-2025T12:58:33 - [MESSAGE][INFO] - appium errlog: /Users/gv.vignesh/Downloads/WGR-Android-Automation/Reports/20250425_125023/Sprint-4/20250425_125023/appium_error.log

25-04-2025T12:58:34 - [MESSAGE][INFO] - Appium server started on port 56,293

25-04-2025T12:59:33 - [MESSAGE][PASSED] - Started application: '/Users/gv.vignesh/Downloads/app-debug (2.99.69).apk'

25-04-2025T12:59:33 - [TEST_STEP][PASSED] - delay(10): Delayed 10 second(s)

25-04-2025T12:59:43 - [MESSAGE][PASSED] - Delayed 10 second(s)

25-04-2025T12:59:43 - [TEST_STEP][PASSED] - tap(findTestObject("Object Repository/Carousel/android.widget.TextView - Home"), 0): Tapped on element 'Object Repository/Carousel/android.widget.TextView - Home'

25-04-2025T12:59:43 - [MESSAGE][WARNING] - Timeout '0' is invalid. Using default page load timeout: '30'

25-04-2025T12:59:44 - [MESSAGE][PASSED] - Tapped on element 'Object Repository/Carousel/android.widget.TextView - Home'

25-04-2025T12:59:44 - [TEST_STEP][PASSED] - delay(15): Delayed 15 second(s)

25-04-2025T12:59:59 - [MESSAGE][PASSED] - Delayed 15 second(s)

25-04-2025T12:59:59 - [TEST_STEP][PASSED] - tap(findTestObject("Object Repository/Carousel/android.widget.TextView (1)"), 0): Tapped on element 'Object Repository/Carousel/android.widget.TextView (1)'

25-04-2025T12:59:59 - [MESSAGE][WARNING] - Timeout '0' is invalid. Using default page load timeout: '30'

25-04-2025T13:00:00 - [MESSAGE][PASSED] - Tapped on element 'Object Repository/Carousel/android.widget.TextView (1)'

25-04-2025T13:00:00 - [TEST_STEP][PASSED] - delay(10): Delayed 10 second(s)

25-04-2025T13:00:10 - [MESSAGE][PASSED] - Delayed 10 second(s)

25-04-2025T13:00:10 - [TEST_STEP][PASSED] - assert verifyElementExist(findTestObject("Object Repository/Carousel/android.widget.TextView - App Test Image Article"), 0): Element 'Object Repository/Carousel/android.widget.TextView - App Test Image Article' is exist

25-04-2025T13:00:10 - [MESSAGE][WARNING] - Timeout '0' is invalid. Using default page load timeout: '30'

25-04-2025T13:00:10 - [MESSAGE][PASSED] - Element 'Object Repository/Carousel/android.widget.TextView - App Test Image Article' is exist

25-04-2025T13:00:10 - [TEST_STEP][PASSED] - assert verifyElementExist(findTestObject("Object Repository/Carousel/android.widget.TextView - App Test Image Article (1)"), 0): Element 'Object Repository/Carousel/android.widget.TextView - App Test Image Article (1)' is exist

25-04-2025T13:00:10 - [MESSAGE][WARNING] - Timeout '0' is invalid. Using default page load timeout: '30'

25-04-2025T13:00:10 - [MESSAGE][PASSED] - Element 'Object Repository/Carousel/android.widget.TextView - App Test Image Article (1)' is exist

25-04-2025T13:00:10 - [TEST_STEP][PASSED] - closeApplication(): Close app successfully

25-04-2025T13:00:15 - [MESSAGE][PASSED] - Close app successfully]]></system-out>
         <system-err><![CDATA[]]></system-err>
      </testcase>
      <system-out><![CDATA[25-04-2025T12:50:27 - [TEST_SUITE][FAILED] - Sprint-4: Test Cases/Home Page/C753_LoggeOutState_Verification FAILED.
Reason:
com.kms.katalon.core.exception.StepFailedException: Unable to start application: '/Users/gv.vignesh/Downloads/app-debug (2.99.69).apk'
	at com.kms.katalon.core.mobile.keyword.internal.MobileKeywordMain.stepFailed(MobileKeywordMain.groovy:64)
	at com.kms.katalon.core.mobile.keyword.internal.MobileKeywordMain.runKeyword(MobileKeywordMain.groovy:34)
	at com.kms.katalon.core.mobile.keyword.builtin.StartApplicationKeyword.startApplication(StartApplicationKeyword.groovy:91)
	at com.kms.katalon.core.mobile.keyword.builtin.StartApplicationKeyword.execute(StartApplicationKeyword.groovy:48)
	at com.kms.katalon.core.keyword.internal.KeywordExecutor.executeKeywordForPlatform(KeywordExecutor.groovy:74)
	at com.kms.katalon.core.mobile.keyword.MobileBuiltInKeywords.startApplication(MobileBuiltInKeywords.groovy:49)
	at C753_LoggeOutState_Verification.run(C753_LoggeOutState_Verification:7)
	at com.kms.katalon.core.main.ScriptEngine.run(ScriptEngine.java:194)
	at com.kms.katalon.core.main.ScriptEngine.runScriptAsRawText(ScriptEngine.java:119)
	at com.kms.katalon.core.main.TestCaseExecutor.runScript(TestCaseExecutor.java:448)
	at com.kms.katalon.core.main.TestCaseExecutor.doExecute(TestCaseExecutor.java:439)
	at com.kms.katalon.core.main.TestCaseExecutor.processExecutionPhase(TestCaseExecutor.java:418)
	at com.kms.katalon.core.main.TestCaseExecutor.accessMainPhase(TestCaseExecutor.java:410)
	at com.kms.katalon.core.main.TestCaseExecutor.execute(TestCaseExecutor.java:285)
	at com.kms.katalon.core.common.CommonExecutor.accessTestCaseMainPhase(CommonExecutor.java:71)
	at com.kms.katalon.core.main.TestSuiteExecutor.accessTestSuiteMainPhase(TestSuiteExecutor.java:160)
	at com.kms.katalon.core.main.TestSuiteExecutor.execute(TestSuiteExecutor.java:107)
	at com.kms.katalon.core.main.TestCaseMain.startTestSuite(TestCaseMain.java:180)
	at TempTestSuite1745565623826.run(TempTestSuite1745565623826.groovy:35)
	at java.base/jdk.internal.reflect.NativeMethodAccessorImpl.invoke0(Native Method)
	at java.base/jdk.internal.reflect.NativeMethodAccessorImpl.invoke(NativeMethodAccessorImpl.java:77)
	at java.base/jdk.internal.reflect.DelegatingMethodAccessorImpl.invoke(DelegatingMethodAccessorImpl.java:43)
Caused by: org.openqa.selenium.SessionNotCreatedException: Could not start a new session. Response code 500. Message: An unknown server-side error occurred while processing the command. Original error: Error executing adbExec. Original error: 'Command '/Users/gv.vignesh/.katalon/tools/android_sdk/platform-tools/adb -P 5037 -s adb-RZCW811B2MK-cCoIXY._adb-tls-connect._tcp install -r -g '/Users/gv.vignesh/Downloads/app-debug (2.99.69).apk'' timed out after 90000ms'. Try to increase the 90000ms adb execution timeout represented by 'androidInstallTimeout' capability 
Host info: host: '**********', ip: '**********'
Build info: version: '4.22.0', revision: 'c5f3146703'
System info: os.name: 'Mac OS X', os.arch: 'aarch64', os.version: '15.4.1', java.version: '17.0.14'
Driver info: io.appium.java_client.android.AndroidDriver
Command: [null, newSession {capabilities=[Capabilities {appium:app: /Users/gv.vignesh/Downloads..., appium:autoGrantPermissions: true, appium:automationName: uiautomator2, appium:deviceId: , appium:deviceName: samsung SM-A146B (Android 14), appium:fullReset: true, appium:newCommandTimeout: 1800, appium:noReset: false, appium:platformName: ANDROID, appium:platformVersion: 14, appium:systemPort: 55602, appium:udid: adb-RZCW811B2MK-cCoIXY._adb..., appium:uiautomator2ServerInstallTimeout: 0.0, platformName: ANDROID}]}]
Capabilities {appium:app: /Users/gv.vignesh/Downloads..., appium:autoGrantPermissions: true, appium:automationName: uiautomator2, appium:deviceId: , appium:deviceName: samsung SM-A146B (Android 14), appium:fullReset: true, appium:newCommandTimeout: 1800, appium:noReset: false, appium:platformName: ANDROID, appium:platformVersion: 14, appium:systemPort: 55602, appium:udid: adb-RZCW811B2MK-cCoIXY._adb..., appium:uiautomator2ServerInstallTimeout: 0.0, platformName: ANDROID}
	at org.openqa.selenium.remote.ProtocolHandshake.createSession(ProtocolHandshake.java:114)
	at org.openqa.selenium.remote.ProtocolHandshake.createSession(ProtocolHandshake.java:75)
	at org.openqa.selenium.remote.ProtocolHandshake.createSession(ProtocolHandshake.java:61)
	at io.appium.java_client.remote.AppiumCommandExecutor.createSession(AppiumCommandExecutor.java:176)
	at io.appium.java_client.remote.AppiumCommandExecutor.execute(AppiumCommandExecutor.java:237)
	at org.openqa.selenium.remote.RemoteWebDriver.execute(RemoteWebDriver.java:518)
	at io.appium.java_client.AppiumDriver.startSession(AppiumDriver.java:270)
	at org.openqa.selenium.remote.RemoteWebDriver.<init>(RemoteWebDriver.java:161)
	at io.appium.java_client.AppiumDriver.<init>(AppiumDriver.java:91)
	at io.appium.java_client.android.AndroidDriver.<init>(AndroidDriver.java:99)
	at com.kms.katalon.core.appium.driver.AppiumDriverManager.createMobileDriver(AppiumDriverManager.java:574)
	at com.kms.katalon.core.appium.driver.AppiumDriverManager.createMobileDriver(AppiumDriverManager.java:551)
	at com.kms.katalon.core.mobile.keyword.internal.MobileDriverFactory.startLocalMobileDriver(MobileDriverFactory.java:597)
	at com.kms.katalon.core.mobile.keyword.internal.MobileDriverFactory.startMobileDriver(MobileDriverFactory.java:510)
	at com.kms.katalon.core.mobile.keyword.builtin.StartApplicationKeyword$_startApplication_closure1.doCall(StartApplicationKeyword.groovy:89)
	at com.kms.katalon.core.mobile.keyword.builtin.StartApplicationKeyword$_startApplication_closure1.call(StartApplicationKeyword.groovy)
	at com.kms.katalon.core.mobile.keyword.internal.MobileKeywordMain.runKeyword(MobileKeywordMain.groovy:30)
	... 20 more]]></system-out>
      <system-err><![CDATA[25-04-2025T12:50:27 - [TEST_SUITE][FAILED] - Sprint-4: Test Cases/Home Page/C753_LoggeOutState_Verification FAILED.
Reason:
com.kms.katalon.core.exception.StepFailedException: Unable to start application: '/Users/gv.vignesh/Downloads/app-debug (2.99.69).apk'
	at com.kms.katalon.core.mobile.keyword.internal.MobileKeywordMain.stepFailed(MobileKeywordMain.groovy:64)
	at com.kms.katalon.core.mobile.keyword.internal.MobileKeywordMain.runKeyword(MobileKeywordMain.groovy:34)
	at com.kms.katalon.core.mobile.keyword.builtin.StartApplicationKeyword.startApplication(StartApplicationKeyword.groovy:91)
	at com.kms.katalon.core.mobile.keyword.builtin.StartApplicationKeyword.execute(StartApplicationKeyword.groovy:48)
	at com.kms.katalon.core.keyword.internal.KeywordExecutor.executeKeywordForPlatform(KeywordExecutor.groovy:74)
	at com.kms.katalon.core.mobile.keyword.MobileBuiltInKeywords.startApplication(MobileBuiltInKeywords.groovy:49)
	at C753_LoggeOutState_Verification.run(C753_LoggeOutState_Verification:7)
	at com.kms.katalon.core.main.ScriptEngine.run(ScriptEngine.java:194)
	at com.kms.katalon.core.main.ScriptEngine.runScriptAsRawText(ScriptEngine.java:119)
	at com.kms.katalon.core.main.TestCaseExecutor.runScript(TestCaseExecutor.java:448)
	at com.kms.katalon.core.main.TestCaseExecutor.doExecute(TestCaseExecutor.java:439)
	at com.kms.katalon.core.main.TestCaseExecutor.processExecutionPhase(TestCaseExecutor.java:418)
	at com.kms.katalon.core.main.TestCaseExecutor.accessMainPhase(TestCaseExecutor.java:410)
	at com.kms.katalon.core.main.TestCaseExecutor.execute(TestCaseExecutor.java:285)
	at com.kms.katalon.core.common.CommonExecutor.accessTestCaseMainPhase(CommonExecutor.java:71)
	at com.kms.katalon.core.main.TestSuiteExecutor.accessTestSuiteMainPhase(TestSuiteExecutor.java:160)
	at com.kms.katalon.core.main.TestSuiteExecutor.execute(TestSuiteExecutor.java:107)
	at com.kms.katalon.core.main.TestCaseMain.startTestSuite(TestCaseMain.java:180)
	at TempTestSuite1745565623826.run(TempTestSuite1745565623826.groovy:35)
	at java.base/jdk.internal.reflect.NativeMethodAccessorImpl.invoke0(Native Method)
	at java.base/jdk.internal.reflect.NativeMethodAccessorImpl.invoke(NativeMethodAccessorImpl.java:77)
	at java.base/jdk.internal.reflect.DelegatingMethodAccessorImpl.invoke(DelegatingMethodAccessorImpl.java:43)
Caused by: org.openqa.selenium.SessionNotCreatedException: Could not start a new session. Response code 500. Message: An unknown server-side error occurred while processing the command. Original error: Error executing adbExec. Original error: 'Command '/Users/gv.vignesh/.katalon/tools/android_sdk/platform-tools/adb -P 5037 -s adb-RZCW811B2MK-cCoIXY._adb-tls-connect._tcp install -r -g '/Users/gv.vignesh/Downloads/app-debug (2.99.69).apk'' timed out after 90000ms'. Try to increase the 90000ms adb execution timeout represented by 'androidInstallTimeout' capability 
Host info: host: '**********', ip: '**********'
Build info: version: '4.22.0', revision: 'c5f3146703'
System info: os.name: 'Mac OS X', os.arch: 'aarch64', os.version: '15.4.1', java.version: '17.0.14'
Driver info: io.appium.java_client.android.AndroidDriver
Command: [null, newSession {capabilities=[Capabilities {appium:app: /Users/gv.vignesh/Downloads..., appium:autoGrantPermissions: true, appium:automationName: uiautomator2, appium:deviceId: , appium:deviceName: samsung SM-A146B (Android 14), appium:fullReset: true, appium:newCommandTimeout: 1800, appium:noReset: false, appium:platformName: ANDROID, appium:platformVersion: 14, appium:systemPort: 55602, appium:udid: adb-RZCW811B2MK-cCoIXY._adb..., appium:uiautomator2ServerInstallTimeout: 0.0, platformName: ANDROID}]}]
Capabilities {appium:app: /Users/gv.vignesh/Downloads..., appium:autoGrantPermissions: true, appium:automationName: uiautomator2, appium:deviceId: , appium:deviceName: samsung SM-A146B (Android 14), appium:fullReset: true, appium:newCommandTimeout: 1800, appium:noReset: false, appium:platformName: ANDROID, appium:platformVersion: 14, appium:systemPort: 55602, appium:udid: adb-RZCW811B2MK-cCoIXY._adb..., appium:uiautomator2ServerInstallTimeout: 0.0, platformName: ANDROID}
	at org.openqa.selenium.remote.ProtocolHandshake.createSession(ProtocolHandshake.java:114)
	at org.openqa.selenium.remote.ProtocolHandshake.createSession(ProtocolHandshake.java:75)
	at org.openqa.selenium.remote.ProtocolHandshake.createSession(ProtocolHandshake.java:61)
	at io.appium.java_client.remote.AppiumCommandExecutor.createSession(AppiumCommandExecutor.java:176)
	at io.appium.java_client.remote.AppiumCommandExecutor.execute(AppiumCommandExecutor.java:237)
	at org.openqa.selenium.remote.RemoteWebDriver.execute(RemoteWebDriver.java:518)
	at io.appium.java_client.AppiumDriver.startSession(AppiumDriver.java:270)
	at org.openqa.selenium.remote.RemoteWebDriver.<init>(RemoteWebDriver.java:161)
	at io.appium.java_client.AppiumDriver.<init>(AppiumDriver.java:91)
	at io.appium.java_client.android.AndroidDriver.<init>(AndroidDriver.java:99)
	at com.kms.katalon.core.appium.driver.AppiumDriverManager.createMobileDriver(AppiumDriverManager.java:574)
	at com.kms.katalon.core.appium.driver.AppiumDriverManager.createMobileDriver(AppiumDriverManager.java:551)
	at com.kms.katalon.core.mobile.keyword.internal.MobileDriverFactory.startLocalMobileDriver(MobileDriverFactory.java:597)
	at com.kms.katalon.core.mobile.keyword.internal.MobileDriverFactory.startMobileDriver(MobileDriverFactory.java:510)
	at com.kms.katalon.core.mobile.keyword.builtin.StartApplicationKeyword$_startApplication_closure1.doCall(StartApplicationKeyword.groovy:89)
	at com.kms.katalon.core.mobile.keyword.builtin.StartApplicationKeyword$_startApplication_closure1.call(StartApplicationKeyword.groovy)
	at com.kms.katalon.core.mobile.keyword.internal.MobileKeywordMain.runKeyword(MobileKeywordMain.groovy:30)
	... 20 more]]></system-err>
   </testsuite>
</testsuites>
